DEBUG [main] - ==>  Preparing: SELECT count(0) FROM scott.emp WHERE (Job LIKE ? AND Sal = ?)
DEBUG [main] - ==>  Preparing: SELECT count(0) FROM scott.emp WHERE (Job LIKE ? AND Sal = ?)
DEBUG [main] - ==> Parameters: %Manager%(String), 5000(Long)
DEBUG [main] - ==> Parameters: %Manager%(String), 5000(Long)
TRACE [main] - <==    Columns: COUNT(0)
TRACE [main] - <==    Columns: COUNT(0)
TRACE [main] - <==        Row: 1
TRACE [main] - <==        Row: 1
DEBUG [main] - <==      Total: 1
DEBUG [main] - <==      Total: 1
DEBUG [main] - ==>  Preparing: SELECT * FROM ( SELECT TMP_PAGE.*, ROWNUM PAGEHELPER_ROW_ID FROM ( SELECT empno,ename,job,mgr,hiredate,sal,comm,deptno FROM scott.emp WHERE (Job LIKE ? AND Sal = ?) ORDER BY empno ASC ) TMP_PAGE) WHERE PAGEHELPER_ROW_ID <= ? AND PAGEHELPER_ROW_ID > ?
DEBUG [main] - ==>  Preparing: SELECT * FROM ( SELECT TMP_PAGE.*, ROWNUM PAGEHELPER_ROW_ID FROM ( SELECT empno,ename,job,mgr,hiredate,sal,comm,deptno FROM scott.emp WHERE (Job LIKE ? AND Sal = ?) ORDER BY empno ASC ) TMP_PAGE) WHERE PAGEHELPER_ROW_ID <= ? AND PAGEHELPER_ROW_ID > ?
DEBUG [main] - ==> Parameters: %Manager%(String), 5000(Long), 15(Long), 0(Long)
DEBUG [main] - ==> Parameters: %Manager%(String), 5000(Long), 15(Long), 0(Long)
TRACE [main] - <==    Columns: EMPNO, ENAME, JOB, MGR, HIREDATE, SAL, COMM, DEPTNO, PAGEHELPER_ROW_ID
TRACE [main] - <==    Columns: EMPNO, ENAME, JOB, MGR, HIREDATE, SAL, COMM, DEPTNO, PAGEHELPER_ROW_ID
TRACE [main] - <==        Row: 1, John Doe, Manager, null, 2023-10-01 00:00:00, 5000, null, 10, 1
TRACE [main] - <==        Row: 1, John Doe, Manager, null, 2023-10-01 00:00:00, 5000, null, 10, 1
DEBUG [main] - <==      Total: 1
DEBUG [main] - <==      Total: 1
