DEBUG [http-nio-8080-exec-9] - ==>  Preparing: SELECT count(0) FROM scott.emp
DEBUG [http-nio-8080-exec-9] - ==>  Preparing: SELECT count(0) FROM scott.emp
DEBUG [http-nio-8080-exec-9] - ==> Parameters: 
DEBUG [http-nio-8080-exec-9] - ==> Parameters: 
TRACE [http-nio-8080-exec-9] - <==    Columns: COUNT(0)
TRACE [http-nio-8080-exec-9] - <==    Columns: COUNT(0)
TRACE [http-nio-8080-exec-9] - <==        Row: 5097
TRACE [http-nio-8080-exec-9] - <==        Row: 5097
DEBUG [http-nio-8080-exec-9] - <==      Total: 1
DEBUG [http-nio-8080-exec-9] - <==      Total: 1
DEBUG [http-nio-8080-exec-9] - ==>  Preparing: SELECT * FROM ( SELECT TMP_PAGE.*, ROWNUM PAGEHELPER_ROW_ID FROM ( SELECT empno,ename,job,mgr,hiredate,sal,comm,deptno FROM scott.emp ORDER BY empno ASC ) TMP_PAGE) WHERE PAGEHELPER_ROW_ID <= ? AND PAGEHELPER_ROW_ID > ?
DEBUG [http-nio-8080-exec-9] - ==>  Preparing: SELECT * FROM ( SELECT TMP_PAGE.*, ROWNUM PAGEHELPER_ROW_ID FROM ( SELECT empno,ename,job,mgr,hiredate,sal,comm,deptno FROM scott.emp ORDER BY empno ASC ) TMP_PAGE) WHERE PAGEHELPER_ROW_ID <= ? AND PAGEHELPER_ROW_ID > ?
DEBUG [http-nio-8080-exec-9] - ==> Parameters: 15(Long), 0(Long)
DEBUG [http-nio-8080-exec-9] - ==> Parameters: 15(Long), 0(Long)
TRACE [http-nio-8080-exec-9] - <==    Columns: EMPNO, ENAME, JOB, MGR, HIREDATE, SAL, COMM, DEPTNO, PAGEHELPER_ROW_ID
TRACE [http-nio-8080-exec-9] - <==    Columns: EMPNO, ENAME, JOB, MGR, HIREDATE, SAL, COMM, DEPTNO, PAGEHELPER_ROW_ID
TRACE [http-nio-8080-exec-9] - <==        Row: 1, King Down, Manager, 1, 2024-10-01 00:00:00, 5000, null, 10, 1
TRACE [http-nio-8080-exec-9] - <==        Row: 1, King Down, Manager, 1, 2024-10-01 00:00:00, 5000, null, 10, 1
TRACE [http-nio-8080-exec-9] - <==        Row: 2, Prince Fly, Analyst, 1, 2023-09-15 00:00:00, 4000, 300, 20, 2
TRACE [http-nio-8080-exec-9] - <==        Row: 2, Prince Fly, Analyst, 1, 2023-09-15 00:00:00, 4000, 300, 20, 2
TRACE [http-nio-8080-exec-9] - <==        Row: 3, Bob Johnsn, Clerk, 2, 2023-08-20 00:00:00, 2500, null, 30, 3
TRACE [http-nio-8080-exec-9] - <==        Row: 3, Bob Johnsn, Clerk, 2, 2023-08-20 00:00:00, 2500, null, 30, 3
TRACE [http-nio-8080-exec-9] - <==        Row: 4, Ali Brown, Manager, null, 2023-07-10 00:00:00, 5500, null, 10, 4
TRACE [http-nio-8080-exec-9] - <==        Row: 4, Ali Brown, Manager, null, 2023-07-10 00:00:00, 5500, null, 10, 4
TRACE [http-nio-8080-exec-9] - <==        Row: 5, Ella Davis, Analyst, 4, 2023-06-05 00:00:00, 4200, 200, 20, 5
TRACE [http-nio-8080-exec-9] - <==        Row: 5, Ella Davis, Analyst, 4, 2023-06-05 00:00:00, 4200, 200, 20, 5
TRACE [http-nio-8080-exec-9] - <==        Row: 6, David Lee, Clerk, 4, 2023-05-15 00:00:00, 2700, null, 30, 6
TRACE [http-nio-8080-exec-9] - <==        Row: 6, David Lee, Clerk, 4, 2023-05-15 00:00:00, 2700, null, 30, 6
TRACE [http-nio-8080-exec-9] - <==        Row: 7, Sar Wilsn, Manager, null, 2023-04-20 00:00:00, 5200, null, 10, 7
TRACE [http-nio-8080-exec-9] - <==        Row: 7, Sar Wilsn, Manager, null, 2023-04-20 00:00:00, 5200, null, 10, 7
TRACE [http-nio-8080-exec-9] - <==        Row: 8, Michl Wite, Analyst, 7, 2023-03-10 00:00:00, 4300, 150, 20, 8
TRACE [http-nio-8080-exec-9] - <==        Row: 8, Michl Wite, Analyst, 7, 2023-03-10 00:00:00, 4300, 150, 20, 8
TRACE [http-nio-8080-exec-9] - <==        Row: 9, Oliv Josn, Clerk, 7, 2023-02-25 00:00:00, 2600, null, 30, 9
TRACE [http-nio-8080-exec-9] - <==        Row: 9, Oliv Josn, Clerk, 7, 2023-02-25 00:00:00, 2600, null, 30, 9
TRACE [http-nio-8080-exec-9] - <==        Row: 10, Rbert, Manager, null, 2023-01-15 00:00:00, 5100, null, 10, 10
TRACE [http-nio-8080-exec-9] - <==        Row: 10, Rbert, Manager, null, 2023-01-15 00:00:00, 5100, null, 10, 10
TRACE [http-nio-8080-exec-9] - <==        Row: 11, Shia, Analyst, 10, 2022-12-10 00:00:00, 4100, 100, 20, 11
TRACE [http-nio-8080-exec-9] - <==        Row: 11, Shia, Analyst, 10, 2022-12-10 00:00:00, 4100, 100, 20, 11
TRACE [http-nio-8080-exec-9] - <==        Row: 12, Wilm Davis, Clerk, 10, 2022-11-05 00:00:00, 2800, null, 30, 12
TRACE [http-nio-8080-exec-9] - <==        Row: 12, Wilm Davis, Clerk, 10, 2022-11-05 00:00:00, 2800, null, 30, 12
TRACE [http-nio-8080-exec-9] - <==        Row: 13, Emma, Manager, null, 2022-10-20 00:00:00, 5300, null, 10, 13
TRACE [http-nio-8080-exec-9] - <==        Row: 13, Emma, Manager, null, 2022-10-20 00:00:00, 5300, null, 10, 13
TRACE [http-nio-8080-exec-9] - <==        Row: 14, dfualt, new, 1, 2023-10-19 00:00:00, 1000, 10, 20, 14
TRACE [http-nio-8080-exec-9] - <==        Row: 14, dfualt, new, 1, 2023-10-19 00:00:00, 1000, 10, 20, 14
TRACE [http-nio-8080-exec-9] - <==        Row: 15, Barbara, new, 5, 2023-10-19 00:00:00, 1000, 10, 20, 15
TRACE [http-nio-8080-exec-9] - <==        Row: 15, Barbara, new, 5, 2023-10-19 00:00:00, 1000, 10, 20, 15
DEBUG [http-nio-8080-exec-9] - <==      Total: 15
DEBUG [http-nio-8080-exec-9] - <==      Total: 15
DEBUG [http-nio-8080-exec-10] - ==>  Preparing: SELECT count(0) FROM scott.emp
DEBUG [http-nio-8080-exec-10] - ==>  Preparing: SELECT count(0) FROM scott.emp
DEBUG [http-nio-8080-exec-10] - ==> Parameters: 
DEBUG [http-nio-8080-exec-10] - ==> Parameters: 
TRACE [http-nio-8080-exec-10] - <==    Columns: COUNT(0)
TRACE [http-nio-8080-exec-10] - <==    Columns: COUNT(0)
TRACE [http-nio-8080-exec-10] - <==        Row: 5097
TRACE [http-nio-8080-exec-10] - <==        Row: 5097
DEBUG [http-nio-8080-exec-10] - <==      Total: 1
DEBUG [http-nio-8080-exec-10] - <==      Total: 1
DEBUG [http-nio-8080-exec-10] - ==>  Preparing: SELECT * FROM ( SELECT TMP_PAGE.*, ROWNUM PAGEHELPER_ROW_ID FROM ( SELECT empno,ename,job,mgr,hiredate,sal,comm,deptno FROM scott.emp ORDER BY empno ASC ) TMP_PAGE) WHERE PAGEHELPER_ROW_ID <= ? AND PAGEHELPER_ROW_ID > ?
DEBUG [http-nio-8080-exec-10] - ==>  Preparing: SELECT * FROM ( SELECT TMP_PAGE.*, ROWNUM PAGEHELPER_ROW_ID FROM ( SELECT empno,ename,job,mgr,hiredate,sal,comm,deptno FROM scott.emp ORDER BY empno ASC ) TMP_PAGE) WHERE PAGEHELPER_ROW_ID <= ? AND PAGEHELPER_ROW_ID > ?
DEBUG [http-nio-8080-exec-10] - ==> Parameters: 30(Long), 15(Long)
DEBUG [http-nio-8080-exec-10] - ==> Parameters: 30(Long), 15(Long)
TRACE [http-nio-8080-exec-10] - <==    Columns: EMPNO, ENAME, JOB, MGR, HIREDATE, SAL, COMM, DEPTNO, PAGEHELPER_ROW_ID
TRACE [http-nio-8080-exec-10] - <==    Columns: EMPNO, ENAME, JOB, MGR, HIREDATE, SAL, COMM, DEPTNO, PAGEHELPER_ROW_ID
TRACE [http-nio-8080-exec-10] - <==        Row: 16, defualt, new, 1, 2023-10-19 07:24:35, 1000, 10, 20, 16
TRACE [http-nio-8080-exec-10] - <==        Row: 16, defualt, new, 1, 2023-10-19 07:24:35, 1000, 10, 20, 16
TRACE [http-nio-8080-exec-10] - <==        Row: 17, defualt, new, 1, 2023-10-19 07:24:35, 1000, 10, 20, 17
TRACE [http-nio-8080-exec-10] - <==        Row: 17, defualt, new, 1, 2023-10-19 07:24:35, 1000, 10, 20, 17
TRACE [http-nio-8080-exec-10] - <==        Row: 21, defualt, new, 1, 2023-10-19 07:24:35, 1000, 10, 20, 18
TRACE [http-nio-8080-exec-10] - <==        Row: 21, defualt, new, 1, 2023-10-19 07:24:35, 1000, 10, 20, 18
TRACE [http-nio-8080-exec-10] - <==        Row: 22, defualt, new, 1, 2023-10-19 07:24:35, 1000, 10, 20, 19
TRACE [http-nio-8080-exec-10] - <==        Row: 22, defualt, new, 1, 2023-10-19 07:24:35, 1000, 10, 20, 19
TRACE [http-nio-8080-exec-10] - <==        Row: 23, defualt, new, 1, 2023-10-19 07:24:35, 1000, 10, 20, 20
TRACE [http-nio-8080-exec-10] - <==        Row: 23, defualt, new, 1, 2023-10-19 07:24:35, 1000, 10, 20, 20
TRACE [http-nio-8080-exec-10] - <==        Row: 24, defualt, new, 1, 2023-10-19 07:24:35, 1000, 10, 20, 21
TRACE [http-nio-8080-exec-10] - <==        Row: 24, defualt, new, 1, 2023-10-19 07:24:35, 1000, 10, 20, 21
TRACE [http-nio-8080-exec-10] - <==        Row: 25, defualt, new, 1, 2023-10-19 07:24:35, 1000, 10, 20, 22
TRACE [http-nio-8080-exec-10] - <==        Row: 25, defualt, new, 1, 2023-10-19 07:24:35, 1000, 10, 20, 22
TRACE [http-nio-8080-exec-10] - <==        Row: 26, defualt, new, 1, 2023-10-19 07:24:35, 1000, 10, 20, 23
TRACE [http-nio-8080-exec-10] - <==        Row: 26, defualt, new, 1, 2023-10-19 07:24:35, 1000, 10, 20, 23
TRACE [http-nio-8080-exec-10] - <==        Row: 27, defualt, new, 1, 2023-10-19 07:24:35, 1000, 10, 20, 24
TRACE [http-nio-8080-exec-10] - <==        Row: 27, defualt, new, 1, 2023-10-19 07:24:35, 1000, 10, 20, 24
TRACE [http-nio-8080-exec-10] - <==        Row: 28, defualt, new, 1, 2023-10-19 07:24:35, 1000, 10, 20, 25
TRACE [http-nio-8080-exec-10] - <==        Row: 28, defualt, new, 1, 2023-10-19 07:24:35, 1000, 10, 20, 25
TRACE [http-nio-8080-exec-10] - <==        Row: 29, defualt, new, 1, 2023-10-19 07:24:35, 1000, 10, 20, 26
TRACE [http-nio-8080-exec-10] - <==        Row: 29, defualt, new, 1, 2023-10-19 07:24:35, 1000, 10, 20, 26
TRACE [http-nio-8080-exec-10] - <==        Row: 30, defualt, new, 1, 2023-10-19 07:24:35, 1000, 10, 20, 27
TRACE [http-nio-8080-exec-10] - <==        Row: 30, defualt, new, 1, 2023-10-19 07:24:35, 1000, 10, 20, 27
TRACE [http-nio-8080-exec-10] - <==        Row: 31, defualt, new, 1, 2023-10-19 07:24:35, 1000, 10, 20, 28
TRACE [http-nio-8080-exec-10] - <==        Row: 31, defualt, new, 1, 2023-10-19 07:24:35, 1000, 10, 20, 28
TRACE [http-nio-8080-exec-10] - <==        Row: 32, defualt, new, 1, 2023-10-19 07:24:35, 1000, 10, 20, 29
TRACE [http-nio-8080-exec-10] - <==        Row: 32, defualt, new, 1, 2023-10-19 07:24:35, 1000, 10, 20, 29
TRACE [http-nio-8080-exec-10] - <==        Row: 33, defualt, new, 1, 2023-10-19 07:24:35, 1000, 10, 20, 30
TRACE [http-nio-8080-exec-10] - <==        Row: 33, defualt, new, 1, 2023-10-19 07:24:35, 1000, 10, 20, 30
DEBUG [http-nio-8080-exec-10] - <==      Total: 15
DEBUG [http-nio-8080-exec-10] - <==      Total: 15
DEBUG [http-nio-8080-exec-1] - ==>  Preparing: SELECT count(0) FROM scott.emp
DEBUG [http-nio-8080-exec-1] - ==>  Preparing: SELECT count(0) FROM scott.emp
DEBUG [http-nio-8080-exec-1] - ==> Parameters: 
DEBUG [http-nio-8080-exec-1] - ==> Parameters: 
TRACE [http-nio-8080-exec-1] - <==    Columns: COUNT(0)
TRACE [http-nio-8080-exec-1] - <==    Columns: COUNT(0)
TRACE [http-nio-8080-exec-1] - <==        Row: 5097
TRACE [http-nio-8080-exec-1] - <==        Row: 5097
DEBUG [http-nio-8080-exec-1] - <==      Total: 1
DEBUG [http-nio-8080-exec-1] - <==      Total: 1
DEBUG [http-nio-8080-exec-1] - ==>  Preparing: SELECT * FROM ( SELECT TMP_PAGE.*, ROWNUM PAGEHELPER_ROW_ID FROM ( SELECT empno,ename,job,mgr,hiredate,sal,comm,deptno FROM scott.emp ORDER BY empno ASC ) TMP_PAGE) WHERE PAGEHELPER_ROW_ID <= ? AND PAGEHELPER_ROW_ID > ?
DEBUG [http-nio-8080-exec-1] - ==>  Preparing: SELECT * FROM ( SELECT TMP_PAGE.*, ROWNUM PAGEHELPER_ROW_ID FROM ( SELECT empno,ename,job,mgr,hiredate,sal,comm,deptno FROM scott.emp ORDER BY empno ASC ) TMP_PAGE) WHERE PAGEHELPER_ROW_ID <= ? AND PAGEHELPER_ROW_ID > ?
DEBUG [http-nio-8080-exec-1] - ==> Parameters: 45(Long), 30(Long)
DEBUG [http-nio-8080-exec-1] - ==> Parameters: 45(Long), 30(Long)
TRACE [http-nio-8080-exec-1] - <==    Columns: EMPNO, ENAME, JOB, MGR, HIREDATE, SAL, COMM, DEPTNO, PAGEHELPER_ROW_ID
TRACE [http-nio-8080-exec-1] - <==    Columns: EMPNO, ENAME, JOB, MGR, HIREDATE, SAL, COMM, DEPTNO, PAGEHELPER_ROW_ID
TRACE [http-nio-8080-exec-1] - <==        Row: 34, defualt, new, 1, 2023-10-19 07:24:35, 1000, 10, 20, 31
TRACE [http-nio-8080-exec-1] - <==        Row: 34, defualt, new, 1, 2023-10-19 07:24:35, 1000, 10, 20, 31
TRACE [http-nio-8080-exec-1] - <==        Row: 35, defualt, new, 1, 2023-10-19 07:24:35, 1000, 10, 20, 32
TRACE [http-nio-8080-exec-1] - <==        Row: 35, defualt, new, 1, 2023-10-19 07:24:35, 1000, 10, 20, 32
TRACE [http-nio-8080-exec-1] - <==        Row: 36, defualt, new, 1, 2023-10-19 07:24:35, 1000, 10, 20, 33
TRACE [http-nio-8080-exec-1] - <==        Row: 36, defualt, new, 1, 2023-10-19 07:24:35, 1000, 10, 20, 33
TRACE [http-nio-8080-exec-1] - <==        Row: 37, defualt, new, 1, 2023-10-19 07:24:35, 1000, 10, 20, 34
TRACE [http-nio-8080-exec-1] - <==        Row: 37, defualt, new, 1, 2023-10-19 07:24:35, 1000, 10, 20, 34
TRACE [http-nio-8080-exec-1] - <==        Row: 38, defualt, new, 1, 2023-10-19 07:24:35, 1000, 10, 20, 35
TRACE [http-nio-8080-exec-1] - <==        Row: 38, defualt, new, 1, 2023-10-19 07:24:35, 1000, 10, 20, 35
TRACE [http-nio-8080-exec-1] - <==        Row: 39, defualt, new, 1, 2023-10-19 07:24:35, 1000, 10, 20, 36
TRACE [http-nio-8080-exec-1] - <==        Row: 39, defualt, new, 1, 2023-10-19 07:24:35, 1000, 10, 20, 36
TRACE [http-nio-8080-exec-1] - <==        Row: 40, defualt, new, 1, 2023-10-19 07:24:35, 1000, 10, 20, 37
TRACE [http-nio-8080-exec-1] - <==        Row: 40, defualt, new, 1, 2023-10-19 07:24:35, 1000, 10, 20, 37
TRACE [http-nio-8080-exec-1] - <==        Row: 41, defualt, new, 1, 2023-10-19 07:24:35, 1000, 10, 20, 38
TRACE [http-nio-8080-exec-1] - <==        Row: 41, defualt, new, 1, 2023-10-19 07:24:35, 1000, 10, 20, 38
TRACE [http-nio-8080-exec-1] - <==        Row: 42, defualt, new, 1, 2023-10-19 07:24:35, 1000, 10, 20, 39
TRACE [http-nio-8080-exec-1] - <==        Row: 42, defualt, new, 1, 2023-10-19 07:24:35, 1000, 10, 20, 39
TRACE [http-nio-8080-exec-1] - <==        Row: 43, defualt, new, 1, 2023-10-19 07:24:35, 1000, 10, 20, 40
TRACE [http-nio-8080-exec-1] - <==        Row: 43, defualt, new, 1, 2023-10-19 07:24:35, 1000, 10, 20, 40
TRACE [http-nio-8080-exec-1] - <==        Row: 44, defualt, new, 1, 2023-10-19 07:24:35, 1000, 10, 20, 41
TRACE [http-nio-8080-exec-1] - <==        Row: 44, defualt, new, 1, 2023-10-19 07:24:35, 1000, 10, 20, 41
TRACE [http-nio-8080-exec-1] - <==        Row: 45, defualt, new, 1, 2023-10-19 07:24:35, 1000, 10, 20, 42
TRACE [http-nio-8080-exec-1] - <==        Row: 45, defualt, new, 1, 2023-10-19 07:24:35, 1000, 10, 20, 42
TRACE [http-nio-8080-exec-1] - <==        Row: 46, defualt, new, 1, 2023-10-19 07:24:35, 1000, 10, 20, 43
TRACE [http-nio-8080-exec-1] - <==        Row: 46, defualt, new, 1, 2023-10-19 07:24:35, 1000, 10, 20, 43
TRACE [http-nio-8080-exec-1] - <==        Row: 47, defualt, new, 1, 2023-10-19 07:24:35, 1000, 10, 20, 44
TRACE [http-nio-8080-exec-1] - <==        Row: 47, defualt, new, 1, 2023-10-19 07:24:35, 1000, 10, 20, 44
TRACE [http-nio-8080-exec-1] - <==        Row: 48, defualt, new, 1, 2023-10-19 07:24:35, 1000, 10, 20, 45
TRACE [http-nio-8080-exec-1] - <==        Row: 48, defualt, new, 1, 2023-10-19 07:24:35, 1000, 10, 20, 45
DEBUG [http-nio-8080-exec-1] - <==      Total: 15
DEBUG [http-nio-8080-exec-1] - <==      Total: 15
DEBUG [http-nio-8080-exec-2] - ==>  Preparing: SELECT count(0) FROM scott.emp
DEBUG [http-nio-8080-exec-2] - ==>  Preparing: SELECT count(0) FROM scott.emp
DEBUG [http-nio-8080-exec-2] - ==> Parameters: 
DEBUG [http-nio-8080-exec-2] - ==> Parameters: 
TRACE [http-nio-8080-exec-2] - <==    Columns: COUNT(0)
TRACE [http-nio-8080-exec-2] - <==    Columns: COUNT(0)
TRACE [http-nio-8080-exec-2] - <==        Row: 5097
TRACE [http-nio-8080-exec-2] - <==        Row: 5097
DEBUG [http-nio-8080-exec-2] - <==      Total: 1
DEBUG [http-nio-8080-exec-2] - <==      Total: 1
DEBUG [http-nio-8080-exec-2] - ==>  Preparing: SELECT * FROM ( SELECT TMP_PAGE.*, ROWNUM PAGEHELPER_ROW_ID FROM ( SELECT empno,ename,job,mgr,hiredate,sal,comm,deptno FROM scott.emp ORDER BY empno ASC ) TMP_PAGE) WHERE PAGEHELPER_ROW_ID <= ? AND PAGEHELPER_ROW_ID > ?
DEBUG [http-nio-8080-exec-2] - ==>  Preparing: SELECT * FROM ( SELECT TMP_PAGE.*, ROWNUM PAGEHELPER_ROW_ID FROM ( SELECT empno,ename,job,mgr,hiredate,sal,comm,deptno FROM scott.emp ORDER BY empno ASC ) TMP_PAGE) WHERE PAGEHELPER_ROW_ID <= ? AND PAGEHELPER_ROW_ID > ?
DEBUG [http-nio-8080-exec-2] - ==> Parameters: 30(Long), 15(Long)
DEBUG [http-nio-8080-exec-2] - ==> Parameters: 30(Long), 15(Long)
TRACE [http-nio-8080-exec-2] - <==    Columns: EMPNO, ENAME, JOB, MGR, HIREDATE, SAL, COMM, DEPTNO, PAGEHELPER_ROW_ID
TRACE [http-nio-8080-exec-2] - <==    Columns: EMPNO, ENAME, JOB, MGR, HIREDATE, SAL, COMM, DEPTNO, PAGEHELPER_ROW_ID
TRACE [http-nio-8080-exec-2] - <==        Row: 16, defualt, new, 1, 2023-10-19 07:24:35, 1000, 10, 20, 16
TRACE [http-nio-8080-exec-2] - <==        Row: 16, defualt, new, 1, 2023-10-19 07:24:35, 1000, 10, 20, 16
TRACE [http-nio-8080-exec-2] - <==        Row: 17, defualt, new, 1, 2023-10-19 07:24:35, 1000, 10, 20, 17
TRACE [http-nio-8080-exec-2] - <==        Row: 17, defualt, new, 1, 2023-10-19 07:24:35, 1000, 10, 20, 17
TRACE [http-nio-8080-exec-2] - <==        Row: 21, defualt, new, 1, 2023-10-19 07:24:35, 1000, 10, 20, 18
TRACE [http-nio-8080-exec-2] - <==        Row: 21, defualt, new, 1, 2023-10-19 07:24:35, 1000, 10, 20, 18
TRACE [http-nio-8080-exec-2] - <==        Row: 22, defualt, new, 1, 2023-10-19 07:24:35, 1000, 10, 20, 19
TRACE [http-nio-8080-exec-2] - <==        Row: 22, defualt, new, 1, 2023-10-19 07:24:35, 1000, 10, 20, 19
TRACE [http-nio-8080-exec-2] - <==        Row: 23, defualt, new, 1, 2023-10-19 07:24:35, 1000, 10, 20, 20
TRACE [http-nio-8080-exec-2] - <==        Row: 23, defualt, new, 1, 2023-10-19 07:24:35, 1000, 10, 20, 20
TRACE [http-nio-8080-exec-2] - <==        Row: 24, defualt, new, 1, 2023-10-19 07:24:35, 1000, 10, 20, 21
TRACE [http-nio-8080-exec-2] - <==        Row: 24, defualt, new, 1, 2023-10-19 07:24:35, 1000, 10, 20, 21
TRACE [http-nio-8080-exec-2] - <==        Row: 25, defualt, new, 1, 2023-10-19 07:24:35, 1000, 10, 20, 22
TRACE [http-nio-8080-exec-2] - <==        Row: 25, defualt, new, 1, 2023-10-19 07:24:35, 1000, 10, 20, 22
TRACE [http-nio-8080-exec-2] - <==        Row: 26, defualt, new, 1, 2023-10-19 07:24:35, 1000, 10, 20, 23
TRACE [http-nio-8080-exec-2] - <==        Row: 26, defualt, new, 1, 2023-10-19 07:24:35, 1000, 10, 20, 23
TRACE [http-nio-8080-exec-2] - <==        Row: 27, defualt, new, 1, 2023-10-19 07:24:35, 1000, 10, 20, 24
TRACE [http-nio-8080-exec-2] - <==        Row: 27, defualt, new, 1, 2023-10-19 07:24:35, 1000, 10, 20, 24
TRACE [http-nio-8080-exec-2] - <==        Row: 28, defualt, new, 1, 2023-10-19 07:24:35, 1000, 10, 20, 25
TRACE [http-nio-8080-exec-2] - <==        Row: 28, defualt, new, 1, 2023-10-19 07:24:35, 1000, 10, 20, 25
TRACE [http-nio-8080-exec-2] - <==        Row: 29, defualt, new, 1, 2023-10-19 07:24:35, 1000, 10, 20, 26
TRACE [http-nio-8080-exec-2] - <==        Row: 29, defualt, new, 1, 2023-10-19 07:24:35, 1000, 10, 20, 26
TRACE [http-nio-8080-exec-2] - <==        Row: 30, defualt, new, 1, 2023-10-19 07:24:35, 1000, 10, 20, 27
TRACE [http-nio-8080-exec-2] - <==        Row: 30, defualt, new, 1, 2023-10-19 07:24:35, 1000, 10, 20, 27
TRACE [http-nio-8080-exec-2] - <==        Row: 31, defualt, new, 1, 2023-10-19 07:24:35, 1000, 10, 20, 28
TRACE [http-nio-8080-exec-2] - <==        Row: 31, defualt, new, 1, 2023-10-19 07:24:35, 1000, 10, 20, 28
TRACE [http-nio-8080-exec-2] - <==        Row: 32, defualt, new, 1, 2023-10-19 07:24:35, 1000, 10, 20, 29
TRACE [http-nio-8080-exec-2] - <==        Row: 32, defualt, new, 1, 2023-10-19 07:24:35, 1000, 10, 20, 29
TRACE [http-nio-8080-exec-2] - <==        Row: 33, defualt, new, 1, 2023-10-19 07:24:35, 1000, 10, 20, 30
TRACE [http-nio-8080-exec-2] - <==        Row: 33, defualt, new, 1, 2023-10-19 07:24:35, 1000, 10, 20, 30
DEBUG [http-nio-8080-exec-2] - <==      Total: 15
DEBUG [http-nio-8080-exec-2] - <==      Total: 15
