DEBUG [http-nio-8080-exec-8] - ==>  Preparing: SELECT count(0) FROM scott.emp WHERE (Sal = ? AND Job LIKE ? AND Ename LIKE ?)
DEBUG [http-nio-8080-exec-8] - ==>  Preparing: SELECT count(0) FROM scott.emp WHERE (Sal = ? AND Job LIKE ? AND Ename LIKE ?)
DEBUG [http-nio-8080-exec-8] - ==> Parameters: 5000(Long), %Manager%(String), %de%(String)
DEBUG [http-nio-8080-exec-8] - ==> Parameters: 5000(Long), %Manager%(String), %de%(String)
TRACE [http-nio-8080-exec-8] - <==    Columns: COUNT(0)
TRACE [http-nio-8080-exec-8] - <==    Columns: COUNT(0)
TRACE [http-nio-8080-exec-8] - <==        Row: 0
TRACE [http-nio-8080-exec-8] - <==        Row: 0
DEBUG [http-nio-8080-exec-8] - <==      Total: 1
DEBUG [http-nio-8080-exec-8] - <==      Total: 1
DEBUG [main] - ==>  Preparing: SELECT count(0) FROM scott.emp WHERE (Job LIKE ? AND Sal = ?)
DEBUG [main] - ==>  Preparing: SELECT count(0) FROM scott.emp WHERE (Job LIKE ? AND Sal = ?)
DEBUG [main] - ==> Parameters: %Manager%(String), 5000(Long)
DEBUG [main] - ==> Parameters: %Manager%(String), 5000(Long)
TRACE [main] - <==    Columns: COUNT(0)
TRACE [main] - <==    Columns: COUNT(0)
TRACE [main] - <==        Row: 1
TRACE [main] - <==        Row: 1
DEBUG [main] - <==      Total: 1
DEBUG [main] - <==      Total: 1
DEBUG [main] - ==>  Preparing: SELECT * FROM ( SELECT TMP_PAGE.*, ROWNUM PAGEHELPER_ROW_ID FROM ( SELECT empno,ename,job,mgr,hiredate,sal,comm,deptno FROM scott.emp WHERE (Job LIKE ? AND Sal = ?) ORDER BY empno ASC ) TMP_PAGE) WHERE PAGEHELPER_ROW_ID <= ? AND PAGEHELPER_ROW_ID > ?
DEBUG [main] - ==>  Preparing: SELECT * FROM ( SELECT TMP_PAGE.*, ROWNUM PAGEHELPER_ROW_ID FROM ( SELECT empno,ename,job,mgr,hiredate,sal,comm,deptno FROM scott.emp WHERE (Job LIKE ? AND Sal = ?) ORDER BY empno ASC ) TMP_PAGE) WHERE PAGEHELPER_ROW_ID <= ? AND PAGEHELPER_ROW_ID > ?
DEBUG [main] - ==> Parameters: %Manager%(String), 5000(Long), 15(Long), 0(Long)
DEBUG [main] - ==> Parameters: %Manager%(String), 5000(Long), 15(Long), 0(Long)
TRACE [main] - <==    Columns: EMPNO, ENAME, JOB, MGR, HIREDATE, SAL, COMM, DEPTNO, PAGEHELPER_ROW_ID
TRACE [main] - <==    Columns: EMPNO, ENAME, JOB, MGR, HIREDATE, SAL, COMM, DEPTNO, PAGEHELPER_ROW_ID
TRACE [main] - <==        Row: 1, John Doe, Manager, null, 2023-10-01 00:00:00, 5000, null, 10, 1
TRACE [main] - <==        Row: 1, John Doe, Manager, null, 2023-10-01 00:00:00, 5000, null, 10, 1
DEBUG [main] - <==      Total: 1
DEBUG [main] - <==      Total: 1
DEBUG [main] - ==>  Preparing: SELECT count(0) FROM scott.emp WHERE (Job LIKE ? AND Sal = ?)
DEBUG [main] - ==>  Preparing: SELECT count(0) FROM scott.emp WHERE (Job LIKE ? AND Sal = ?)
DEBUG [main] - ==> Parameters: %new%(String), 1000(Long)
DEBUG [main] - ==> Parameters: %new%(String), 1000(Long)
TRACE [main] - <==    Columns: COUNT(0)
TRACE [main] - <==    Columns: COUNT(0)
TRACE [main] - <==        Row: 5087
TRACE [main] - <==        Row: 5087
DEBUG [main] - <==      Total: 1
DEBUG [main] - <==      Total: 1
DEBUG [main] - ==>  Preparing: SELECT * FROM ( SELECT TMP_PAGE.*, ROWNUM PAGEHELPER_ROW_ID FROM ( SELECT empno,ename,job,mgr,hiredate,sal,comm,deptno FROM scott.emp WHERE (Job LIKE ? AND Sal = ?) ORDER BY empno ASC ) TMP_PAGE) WHERE PAGEHELPER_ROW_ID <= ? AND PAGEHELPER_ROW_ID > ?
DEBUG [main] - ==>  Preparing: SELECT * FROM ( SELECT TMP_PAGE.*, ROWNUM PAGEHELPER_ROW_ID FROM ( SELECT empno,ename,job,mgr,hiredate,sal,comm,deptno FROM scott.emp WHERE (Job LIKE ? AND Sal = ?) ORDER BY empno ASC ) TMP_PAGE) WHERE PAGEHELPER_ROW_ID <= ? AND PAGEHELPER_ROW_ID > ?
DEBUG [main] - ==> Parameters: %new%(String), 1000(Long), 15(Long), 0(Long)
DEBUG [main] - ==> Parameters: %new%(String), 1000(Long), 15(Long), 0(Long)
TRACE [main] - <==    Columns: EMPNO, ENAME, JOB, MGR, HIREDATE, SAL, COMM, DEPTNO, PAGEHELPER_ROW_ID
TRACE [main] - <==    Columns: EMPNO, ENAME, JOB, MGR, HIREDATE, SAL, COMM, DEPTNO, PAGEHELPER_ROW_ID
TRACE [main] - <==        Row: 14, defualt, new, 1, 2023-10-19 07:24:35, 1000, 10, 20, 1
TRACE [main] - <==        Row: 14, defualt, new, 1, 2023-10-19 07:24:35, 1000, 10, 20, 1
TRACE [main] - <==        Row: 15, defualt, new, 1, 2023-10-19 07:24:35, 1000, 10, 20, 2
TRACE [main] - <==        Row: 15, defualt, new, 1, 2023-10-19 07:24:35, 1000, 10, 20, 2
TRACE [main] - <==        Row: 16, defualt, new, 1, 2023-10-19 07:24:35, 1000, 10, 20, 3
TRACE [main] - <==        Row: 16, defualt, new, 1, 2023-10-19 07:24:35, 1000, 10, 20, 3
TRACE [main] - <==        Row: 17, defualt, new, 1, 2023-10-19 07:24:35, 1000, 10, 20, 4
TRACE [main] - <==        Row: 17, defualt, new, 1, 2023-10-19 07:24:35, 1000, 10, 20, 4
TRACE [main] - <==        Row: 18, defualt, new, 1, 2023-10-19 07:24:35, 1000, 10, 20, 5
TRACE [main] - <==        Row: 18, defualt, new, 1, 2023-10-19 07:24:35, 1000, 10, 20, 5
TRACE [main] - <==        Row: 19, defualt, new, 1, 2023-10-19 07:24:35, 1000, 10, 20, 6
TRACE [main] - <==        Row: 19, defualt, new, 1, 2023-10-19 07:24:35, 1000, 10, 20, 6
TRACE [main] - <==        Row: 20, defualt, new, 1, 2023-10-19 07:24:35, 1000, 10, 20, 7
TRACE [main] - <==        Row: 20, defualt, new, 1, 2023-10-19 07:24:35, 1000, 10, 20, 7
TRACE [main] - <==        Row: 21, defualt, new, 1, 2023-10-19 07:24:35, 1000, 10, 20, 8
TRACE [main] - <==        Row: 21, defualt, new, 1, 2023-10-19 07:24:35, 1000, 10, 20, 8
TRACE [main] - <==        Row: 22, defualt, new, 1, 2023-10-19 07:24:35, 1000, 10, 20, 9
TRACE [main] - <==        Row: 22, defualt, new, 1, 2023-10-19 07:24:35, 1000, 10, 20, 9
TRACE [main] - <==        Row: 23, defualt, new, 1, 2023-10-19 07:24:35, 1000, 10, 20, 10
TRACE [main] - <==        Row: 23, defualt, new, 1, 2023-10-19 07:24:35, 1000, 10, 20, 10
TRACE [main] - <==        Row: 24, defualt, new, 1, 2023-10-19 07:24:35, 1000, 10, 20, 11
TRACE [main] - <==        Row: 24, defualt, new, 1, 2023-10-19 07:24:35, 1000, 10, 20, 11
TRACE [main] - <==        Row: 25, defualt, new, 1, 2023-10-19 07:24:35, 1000, 10, 20, 12
TRACE [main] - <==        Row: 25, defualt, new, 1, 2023-10-19 07:24:35, 1000, 10, 20, 12
TRACE [main] - <==        Row: 26, defualt, new, 1, 2023-10-19 07:24:35, 1000, 10, 20, 13
TRACE [main] - <==        Row: 26, defualt, new, 1, 2023-10-19 07:24:35, 1000, 10, 20, 13
TRACE [main] - <==        Row: 27, defualt, new, 1, 2023-10-19 07:24:35, 1000, 10, 20, 14
TRACE [main] - <==        Row: 27, defualt, new, 1, 2023-10-19 07:24:35, 1000, 10, 20, 14
TRACE [main] - <==        Row: 28, defualt, new, 1, 2023-10-19 07:24:35, 1000, 10, 20, 15
TRACE [main] - <==        Row: 28, defualt, new, 1, 2023-10-19 07:24:35, 1000, 10, 20, 15
DEBUG [main] - <==      Total: 15
DEBUG [main] - <==      Total: 15
