DEBUG [http-nio-8080-exec-5] - ==>  Preparing: SELECT count(0) FROM scott.emp
DEBUG [http-nio-8080-exec-5] - ==>  Preparing: SELECT count(0) FROM scott.emp
DEBUG [http-nio-8080-exec-5] - ==> Parameters: 
DEBUG [http-nio-8080-exec-5] - ==> Parameters: 
TRACE [http-nio-8080-exec-5] - <==    Columns: COUNT(0)
TRACE [http-nio-8080-exec-5] - <==    Columns: COUNT(0)
TRACE [http-nio-8080-exec-5] - <==        Row: 5099
TRACE [http-nio-8080-exec-5] - <==        Row: 5099
DEBUG [http-nio-8080-exec-5] - <==      Total: 1
DEBUG [http-nio-8080-exec-5] - <==      Total: 1
DEBUG [http-nio-8080-exec-5] - ==>  Preparing: SELECT * FROM ( SELECT TMP_PAGE.*, ROWNUM PAGEHELPER_ROW_ID FROM ( SELECT empno,ename,job,mgr,hiredate,sal,comm,deptno FROM scott.emp ORDER BY empno ASC ) TMP_PAGE) WHERE PAGEHELPER_ROW_ID <= ? AND PAGEHELPER_ROW_ID > ?
DEBUG [http-nio-8080-exec-5] - ==>  Preparing: SELECT * FROM ( SELECT TMP_PAGE.*, ROWNUM PAGEHELPER_ROW_ID FROM ( SELECT empno,ename,job,mgr,hiredate,sal,comm,deptno FROM scott.emp ORDER BY empno ASC ) TMP_PAGE) WHERE PAGEHELPER_ROW_ID <= ? AND PAGEHELPER_ROW_ID > ?
DEBUG [http-nio-8080-exec-5] - ==> Parameters: 30(Long), 15(Long)
DEBUG [http-nio-8080-exec-5] - ==> Parameters: 30(Long), 15(Long)
TRACE [http-nio-8080-exec-5] - <==    Columns: EMPNO, ENAME, JOB, MGR, HIREDATE, SAL, COMM, DEPTNO, PAGEHELPER_ROW_ID
TRACE [http-nio-8080-exec-5] - <==    Columns: EMPNO, ENAME, JOB, MGR, HIREDATE, SAL, COMM, DEPTNO, PAGEHELPER_ROW_ID
TRACE [http-nio-8080-exec-5] - <==        Row: 16, defualt, new, 1, 2023-10-19 07:24:35, 1000, 10, 20, 16
TRACE [http-nio-8080-exec-5] - <==        Row: 16, defualt, new, 1, 2023-10-19 07:24:35, 1000, 10, 20, 16
TRACE [http-nio-8080-exec-5] - <==        Row: 17, defualt, new, 1, 2023-10-19 07:24:35, 1000, 10, 20, 17
TRACE [http-nio-8080-exec-5] - <==        Row: 17, defualt, new, 1, 2023-10-19 07:24:35, 1000, 10, 20, 17
TRACE [http-nio-8080-exec-5] - <==        Row: 19, defualt, new, 1, 2023-10-19 07:24:35, 1000, 10, 20, 18
TRACE [http-nio-8080-exec-5] - <==        Row: 19, defualt, new, 1, 2023-10-19 07:24:35, 1000, 10, 20, 18
TRACE [http-nio-8080-exec-5] - <==        Row: 20, defualt, new, 1, 2023-10-19 07:24:35, 1000, 10, 20, 19
TRACE [http-nio-8080-exec-5] - <==        Row: 20, defualt, new, 1, 2023-10-19 07:24:35, 1000, 10, 20, 19
TRACE [http-nio-8080-exec-5] - <==        Row: 21, defualt, new, 1, 2023-10-19 07:24:35, 1000, 10, 20, 20
TRACE [http-nio-8080-exec-5] - <==        Row: 21, defualt, new, 1, 2023-10-19 07:24:35, 1000, 10, 20, 20
TRACE [http-nio-8080-exec-5] - <==        Row: 22, defualt, new, 1, 2023-10-19 07:24:35, 1000, 10, 20, 21
TRACE [http-nio-8080-exec-5] - <==        Row: 22, defualt, new, 1, 2023-10-19 07:24:35, 1000, 10, 20, 21
TRACE [http-nio-8080-exec-5] - <==        Row: 23, defualt, new, 1, 2023-10-19 07:24:35, 1000, 10, 20, 22
TRACE [http-nio-8080-exec-5] - <==        Row: 23, defualt, new, 1, 2023-10-19 07:24:35, 1000, 10, 20, 22
TRACE [http-nio-8080-exec-5] - <==        Row: 24, defualt, new, 1, 2023-10-19 07:24:35, 1000, 10, 20, 23
TRACE [http-nio-8080-exec-5] - <==        Row: 24, defualt, new, 1, 2023-10-19 07:24:35, 1000, 10, 20, 23
TRACE [http-nio-8080-exec-5] - <==        Row: 25, defualt, new, 1, 2023-10-19 07:24:35, 1000, 10, 20, 24
TRACE [http-nio-8080-exec-5] - <==        Row: 25, defualt, new, 1, 2023-10-19 07:24:35, 1000, 10, 20, 24
TRACE [http-nio-8080-exec-5] - <==        Row: 26, defualt, new, 1, 2023-10-19 07:24:35, 1000, 10, 20, 25
TRACE [http-nio-8080-exec-5] - <==        Row: 26, defualt, new, 1, 2023-10-19 07:24:35, 1000, 10, 20, 25
TRACE [http-nio-8080-exec-5] - <==        Row: 27, defualt, new, 1, 2023-10-19 07:24:35, 1000, 10, 20, 26
TRACE [http-nio-8080-exec-5] - <==        Row: 27, defualt, new, 1, 2023-10-19 07:24:35, 1000, 10, 20, 26
TRACE [http-nio-8080-exec-5] - <==        Row: 28, defualt, new, 1, 2023-10-19 07:24:35, 1000, 10, 20, 27
TRACE [http-nio-8080-exec-5] - <==        Row: 28, defualt, new, 1, 2023-10-19 07:24:35, 1000, 10, 20, 27
TRACE [http-nio-8080-exec-5] - <==        Row: 29, defualt, new, 1, 2023-10-19 07:24:35, 1000, 10, 20, 28
TRACE [http-nio-8080-exec-5] - <==        Row: 29, defualt, new, 1, 2023-10-19 07:24:35, 1000, 10, 20, 28
TRACE [http-nio-8080-exec-5] - <==        Row: 30, defualt, new, 1, 2023-10-19 07:24:35, 1000, 10, 20, 29
TRACE [http-nio-8080-exec-5] - <==        Row: 30, defualt, new, 1, 2023-10-19 07:24:35, 1000, 10, 20, 29
TRACE [http-nio-8080-exec-5] - <==        Row: 31, defualt, new, 1, 2023-10-19 07:24:35, 1000, 10, 20, 30
TRACE [http-nio-8080-exec-5] - <==        Row: 31, defualt, new, 1, 2023-10-19 07:24:35, 1000, 10, 20, 30
DEBUG [http-nio-8080-exec-5] - <==      Total: 15
DEBUG [http-nio-8080-exec-5] - <==      Total: 15
DEBUG [http-nio-8080-exec-6] - ==>  Preparing: DELETE FROM scott.emp WHERE empno=?
DEBUG [http-nio-8080-exec-6] - ==>  Preparing: DELETE FROM scott.emp WHERE empno=?
DEBUG [http-nio-8080-exec-6] - ==> Parameters: 19(Integer)
DEBUG [http-nio-8080-exec-6] - ==> Parameters: 19(Integer)
DEBUG [http-nio-8080-exec-6] - <==    Updates: 1
DEBUG [http-nio-8080-exec-6] - <==    Updates: 1
DEBUG [http-nio-8080-exec-7] - ==>  Preparing: DELETE FROM scott.emp WHERE empno=?
DEBUG [http-nio-8080-exec-7] - ==>  Preparing: DELETE FROM scott.emp WHERE empno=?
DEBUG [http-nio-8080-exec-7] - ==> Parameters: 19(Integer)
DEBUG [http-nio-8080-exec-7] - ==> Parameters: 19(Integer)
DEBUG [http-nio-8080-exec-7] - <==    Updates: 0
DEBUG [http-nio-8080-exec-7] - <==    Updates: 0
DEBUG [http-nio-8080-exec-8] - ==>  Preparing: DELETE FROM scott.emp WHERE empno=?
DEBUG [http-nio-8080-exec-8] - ==>  Preparing: DELETE FROM scott.emp WHERE empno=?
DEBUG [http-nio-8080-exec-8] - ==> Parameters: 19(Integer)
DEBUG [http-nio-8080-exec-8] - ==> Parameters: 19(Integer)
DEBUG [http-nio-8080-exec-8] - <==    Updates: 0
DEBUG [http-nio-8080-exec-8] - <==    Updates: 0
DEBUG [http-nio-8080-exec-9] - ==>  Preparing: DELETE FROM scott.emp WHERE empno=?
DEBUG [http-nio-8080-exec-9] - ==>  Preparing: DELETE FROM scott.emp WHERE empno=?
DEBUG [http-nio-8080-exec-9] - ==> Parameters: 19(Integer)
DEBUG [http-nio-8080-exec-9] - ==> Parameters: 19(Integer)
DEBUG [http-nio-8080-exec-9] - <==    Updates: 0
DEBUG [http-nio-8080-exec-9] - <==    Updates: 0
DEBUG [http-nio-8080-exec-3] - ==>  Preparing: DELETE FROM scott.emp WHERE empno=?
DEBUG [http-nio-8080-exec-3] - ==>  Preparing: DELETE FROM scott.emp WHERE empno=?
DEBUG [http-nio-8080-exec-3] - ==> Parameters: 19(Integer)
DEBUG [http-nio-8080-exec-3] - ==> Parameters: 19(Integer)
DEBUG [http-nio-8080-exec-3] - <==    Updates: 0
DEBUG [http-nio-8080-exec-3] - <==    Updates: 0
