DEBUG [http-nio-8080-exec-10] - ==>  Preparing: SELECT count(0) FROM scott.emp WHERE (Sal = ? AND Ename LIKE ?)
DEBUG [http-nio-8080-exec-10] - ==>  Preparing: SELECT count(0) FROM scott.emp WHERE (Sal = ? AND Ename LIKE ?)
DEBUG [http-nio-8080-exec-10] - ==> Parameters: 1000(Long), %de%(String)
DEBUG [http-nio-8080-exec-10] - ==> Parameters: 1000(Long), %de%(String)
TRACE [http-nio-8080-exec-10] - <==    Columns: COUNT(0)
TRACE [http-nio-8080-exec-10] - <==    Columns: COUNT(0)
TRACE [http-nio-8080-exec-10] - <==        Row: 5087
TRACE [http-nio-8080-exec-10] - <==        Row: 5087
DEBUG [http-nio-8080-exec-10] - <==      Total: 1
DEBUG [http-nio-8080-exec-10] - <==      Total: 1
DEBUG [http-nio-8080-exec-10] - ==>  Preparing: SELECT * FROM ( SELECT TMP_PAGE.*, ROWNUM PAGEHELPER_ROW_ID FROM ( SELECT empno,ename,job,mgr,hiredate,sal,comm,deptno FROM scott.emp WHERE (Sal = ? AND Ename LIKE ?) ORDER BY empno ASC ) TMP_PAGE) WHERE PAGEHELPER_ROW_ID <= ? AND PAGEHELPER_ROW_ID > ?
DEBUG [http-nio-8080-exec-10] - ==>  Preparing: SELECT * FROM ( SELECT TMP_PAGE.*, ROWNUM PAGEHELPER_ROW_ID FROM ( SELECT empno,ename,job,mgr,hiredate,sal,comm,deptno FROM scott.emp WHERE (Sal = ? AND Ename LIKE ?) ORDER BY empno ASC ) TMP_PAGE) WHERE PAGEHELPER_ROW_ID <= ? AND PAGEHELPER_ROW_ID > ?
DEBUG [http-nio-8080-exec-10] - ==> Parameters: 1000(Long), %de%(String), 15(Long), 0(Long)
DEBUG [http-nio-8080-exec-10] - ==> Parameters: 1000(Long), %de%(String), 15(Long), 0(Long)
TRACE [http-nio-8080-exec-10] - <==    Columns: EMPNO, ENAME, JOB, MGR, HIREDATE, SAL, COMM, DEPTNO, PAGEHELPER_ROW_ID
TRACE [http-nio-8080-exec-10] - <==    Columns: EMPNO, ENAME, JOB, MGR, HIREDATE, SAL, COMM, DEPTNO, PAGEHELPER_ROW_ID
TRACE [http-nio-8080-exec-10] - <==        Row: 14, defualt, new, 1, 2023-10-19 07:24:35, 1000, 10, 20, 1
TRACE [http-nio-8080-exec-10] - <==        Row: 14, defualt, new, 1, 2023-10-19 07:24:35, 1000, 10, 20, 1
TRACE [http-nio-8080-exec-10] - <==        Row: 15, defualt, new, 1, 2023-10-19 07:24:35, 1000, 10, 20, 2
TRACE [http-nio-8080-exec-10] - <==        Row: 15, defualt, new, 1, 2023-10-19 07:24:35, 1000, 10, 20, 2
TRACE [http-nio-8080-exec-10] - <==        Row: 16, defualt, new, 1, 2023-10-19 07:24:35, 1000, 10, 20, 3
TRACE [http-nio-8080-exec-10] - <==        Row: 16, defualt, new, 1, 2023-10-19 07:24:35, 1000, 10, 20, 3
TRACE [http-nio-8080-exec-10] - <==        Row: 17, defualt, new, 1, 2023-10-19 07:24:35, 1000, 10, 20, 4
TRACE [http-nio-8080-exec-10] - <==        Row: 17, defualt, new, 1, 2023-10-19 07:24:35, 1000, 10, 20, 4
TRACE [http-nio-8080-exec-10] - <==        Row: 18, defualt, new, 1, 2023-10-19 07:24:35, 1000, 10, 20, 5
TRACE [http-nio-8080-exec-10] - <==        Row: 18, defualt, new, 1, 2023-10-19 07:24:35, 1000, 10, 20, 5
TRACE [http-nio-8080-exec-10] - <==        Row: 19, defualt, new, 1, 2023-10-19 07:24:35, 1000, 10, 20, 6
TRACE [http-nio-8080-exec-10] - <==        Row: 19, defualt, new, 1, 2023-10-19 07:24:35, 1000, 10, 20, 6
TRACE [http-nio-8080-exec-10] - <==        Row: 20, defualt, new, 1, 2023-10-19 07:24:35, 1000, 10, 20, 7
TRACE [http-nio-8080-exec-10] - <==        Row: 20, defualt, new, 1, 2023-10-19 07:24:35, 1000, 10, 20, 7
TRACE [http-nio-8080-exec-10] - <==        Row: 21, defualt, new, 1, 2023-10-19 07:24:35, 1000, 10, 20, 8
TRACE [http-nio-8080-exec-10] - <==        Row: 21, defualt, new, 1, 2023-10-19 07:24:35, 1000, 10, 20, 8
TRACE [http-nio-8080-exec-10] - <==        Row: 22, defualt, new, 1, 2023-10-19 07:24:35, 1000, 10, 20, 9
TRACE [http-nio-8080-exec-10] - <==        Row: 22, defualt, new, 1, 2023-10-19 07:24:35, 1000, 10, 20, 9
TRACE [http-nio-8080-exec-10] - <==        Row: 23, defualt, new, 1, 2023-10-19 07:24:35, 1000, 10, 20, 10
TRACE [http-nio-8080-exec-10] - <==        Row: 23, defualt, new, 1, 2023-10-19 07:24:35, 1000, 10, 20, 10
TRACE [http-nio-8080-exec-10] - <==        Row: 24, defualt, new, 1, 2023-10-19 07:24:35, 1000, 10, 20, 11
TRACE [http-nio-8080-exec-10] - <==        Row: 24, defualt, new, 1, 2023-10-19 07:24:35, 1000, 10, 20, 11
TRACE [http-nio-8080-exec-10] - <==        Row: 25, defualt, new, 1, 2023-10-19 07:24:35, 1000, 10, 20, 12
TRACE [http-nio-8080-exec-10] - <==        Row: 25, defualt, new, 1, 2023-10-19 07:24:35, 1000, 10, 20, 12
TRACE [http-nio-8080-exec-10] - <==        Row: 26, defualt, new, 1, 2023-10-19 07:24:35, 1000, 10, 20, 13
TRACE [http-nio-8080-exec-10] - <==        Row: 26, defualt, new, 1, 2023-10-19 07:24:35, 1000, 10, 20, 13
TRACE [http-nio-8080-exec-10] - <==        Row: 27, defualt, new, 1, 2023-10-19 07:24:35, 1000, 10, 20, 14
TRACE [http-nio-8080-exec-10] - <==        Row: 27, defualt, new, 1, 2023-10-19 07:24:35, 1000, 10, 20, 14
TRACE [http-nio-8080-exec-10] - <==        Row: 28, defualt, new, 1, 2023-10-19 07:24:35, 1000, 10, 20, 15
TRACE [http-nio-8080-exec-10] - <==        Row: 28, defualt, new, 1, 2023-10-19 07:24:35, 1000, 10, 20, 15
DEBUG [http-nio-8080-exec-10] - <==      Total: 15
DEBUG [http-nio-8080-exec-10] - <==      Total: 15
DEBUG [http-nio-8080-exec-1] - ==>  Preparing: SELECT count(0) FROM scott.emp WHERE (Sal = ? AND Ename LIKE ?)
DEBUG [http-nio-8080-exec-1] - ==>  Preparing: SELECT count(0) FROM scott.emp WHERE (Sal = ? AND Ename LIKE ?)
DEBUG [http-nio-8080-exec-1] - ==> Parameters: 1000(Long), %de%(String)
DEBUG [http-nio-8080-exec-1] - ==> Parameters: 1000(Long), %de%(String)
TRACE [http-nio-8080-exec-1] - <==    Columns: COUNT(0)
TRACE [http-nio-8080-exec-1] - <==    Columns: COUNT(0)
TRACE [http-nio-8080-exec-1] - <==        Row: 5087
TRACE [http-nio-8080-exec-1] - <==        Row: 5087
DEBUG [http-nio-8080-exec-1] - <==      Total: 1
DEBUG [http-nio-8080-exec-1] - <==      Total: 1
DEBUG [http-nio-8080-exec-1] - ==>  Preparing: SELECT * FROM ( SELECT TMP_PAGE.*, ROWNUM PAGEHELPER_ROW_ID FROM ( SELECT empno,ename,job,mgr,hiredate,sal,comm,deptno FROM scott.emp WHERE (Sal = ? AND Ename LIKE ?) ORDER BY empno ASC ) TMP_PAGE) WHERE PAGEHELPER_ROW_ID <= ? AND PAGEHELPER_ROW_ID > ?
DEBUG [http-nio-8080-exec-1] - ==>  Preparing: SELECT * FROM ( SELECT TMP_PAGE.*, ROWNUM PAGEHELPER_ROW_ID FROM ( SELECT empno,ename,job,mgr,hiredate,sal,comm,deptno FROM scott.emp WHERE (Sal = ? AND Ename LIKE ?) ORDER BY empno ASC ) TMP_PAGE) WHERE PAGEHELPER_ROW_ID <= ? AND PAGEHELPER_ROW_ID > ?
DEBUG [http-nio-8080-exec-1] - ==> Parameters: 1000(Long), %de%(String), 30(Long), 15(Long)
DEBUG [http-nio-8080-exec-1] - ==> Parameters: 1000(Long), %de%(String), 30(Long), 15(Long)
TRACE [http-nio-8080-exec-1] - <==    Columns: EMPNO, ENAME, JOB, MGR, HIREDATE, SAL, COMM, DEPTNO, PAGEHELPER_ROW_ID
TRACE [http-nio-8080-exec-1] - <==    Columns: EMPNO, ENAME, JOB, MGR, HIREDATE, SAL, COMM, DEPTNO, PAGEHELPER_ROW_ID
TRACE [http-nio-8080-exec-1] - <==        Row: 29, defualt, new, 1, 2023-10-19 07:24:35, 1000, 10, 20, 16
TRACE [http-nio-8080-exec-1] - <==        Row: 29, defualt, new, 1, 2023-10-19 07:24:35, 1000, 10, 20, 16
TRACE [http-nio-8080-exec-1] - <==        Row: 30, defualt, new, 1, 2023-10-19 07:24:35, 1000, 10, 20, 17
TRACE [http-nio-8080-exec-1] - <==        Row: 30, defualt, new, 1, 2023-10-19 07:24:35, 1000, 10, 20, 17
TRACE [http-nio-8080-exec-1] - <==        Row: 31, defualt, new, 1, 2023-10-19 07:24:35, 1000, 10, 20, 18
TRACE [http-nio-8080-exec-1] - <==        Row: 31, defualt, new, 1, 2023-10-19 07:24:35, 1000, 10, 20, 18
TRACE [http-nio-8080-exec-1] - <==        Row: 32, defualt, new, 1, 2023-10-19 07:24:35, 1000, 10, 20, 19
TRACE [http-nio-8080-exec-1] - <==        Row: 32, defualt, new, 1, 2023-10-19 07:24:35, 1000, 10, 20, 19
TRACE [http-nio-8080-exec-1] - <==        Row: 33, defualt, new, 1, 2023-10-19 07:24:35, 1000, 10, 20, 20
TRACE [http-nio-8080-exec-1] - <==        Row: 33, defualt, new, 1, 2023-10-19 07:24:35, 1000, 10, 20, 20
TRACE [http-nio-8080-exec-1] - <==        Row: 34, defualt, new, 1, 2023-10-19 07:24:35, 1000, 10, 20, 21
TRACE [http-nio-8080-exec-1] - <==        Row: 34, defualt, new, 1, 2023-10-19 07:24:35, 1000, 10, 20, 21
TRACE [http-nio-8080-exec-1] - <==        Row: 35, defualt, new, 1, 2023-10-19 07:24:35, 1000, 10, 20, 22
TRACE [http-nio-8080-exec-1] - <==        Row: 35, defualt, new, 1, 2023-10-19 07:24:35, 1000, 10, 20, 22
TRACE [http-nio-8080-exec-1] - <==        Row: 36, defualt, new, 1, 2023-10-19 07:24:35, 1000, 10, 20, 23
TRACE [http-nio-8080-exec-1] - <==        Row: 36, defualt, new, 1, 2023-10-19 07:24:35, 1000, 10, 20, 23
TRACE [http-nio-8080-exec-1] - <==        Row: 37, defualt, new, 1, 2023-10-19 07:24:35, 1000, 10, 20, 24
TRACE [http-nio-8080-exec-1] - <==        Row: 37, defualt, new, 1, 2023-10-19 07:24:35, 1000, 10, 20, 24
TRACE [http-nio-8080-exec-1] - <==        Row: 38, defualt, new, 1, 2023-10-19 07:24:35, 1000, 10, 20, 25
TRACE [http-nio-8080-exec-1] - <==        Row: 38, defualt, new, 1, 2023-10-19 07:24:35, 1000, 10, 20, 25
TRACE [http-nio-8080-exec-1] - <==        Row: 39, defualt, new, 1, 2023-10-19 07:24:35, 1000, 10, 20, 26
TRACE [http-nio-8080-exec-1] - <==        Row: 39, defualt, new, 1, 2023-10-19 07:24:35, 1000, 10, 20, 26
TRACE [http-nio-8080-exec-1] - <==        Row: 40, defualt, new, 1, 2023-10-19 07:24:35, 1000, 10, 20, 27
TRACE [http-nio-8080-exec-1] - <==        Row: 40, defualt, new, 1, 2023-10-19 07:24:35, 1000, 10, 20, 27
TRACE [http-nio-8080-exec-1] - <==        Row: 41, defualt, new, 1, 2023-10-19 07:24:35, 1000, 10, 20, 28
TRACE [http-nio-8080-exec-1] - <==        Row: 41, defualt, new, 1, 2023-10-19 07:24:35, 1000, 10, 20, 28
TRACE [http-nio-8080-exec-1] - <==        Row: 42, defualt, new, 1, 2023-10-19 07:24:35, 1000, 10, 20, 29
TRACE [http-nio-8080-exec-1] - <==        Row: 42, defualt, new, 1, 2023-10-19 07:24:35, 1000, 10, 20, 29
TRACE [http-nio-8080-exec-1] - <==        Row: 43, defualt, new, 1, 2023-10-19 07:24:35, 1000, 10, 20, 30
TRACE [http-nio-8080-exec-1] - <==        Row: 43, defualt, new, 1, 2023-10-19 07:24:35, 1000, 10, 20, 30
DEBUG [http-nio-8080-exec-1] - <==      Total: 15
DEBUG [http-nio-8080-exec-1] - <==      Total: 15
DEBUG [http-nio-8080-exec-2] - ==>  Preparing: SELECT count(0) FROM scott.emp WHERE (Sal = ? AND Ename LIKE ?)
DEBUG [http-nio-8080-exec-2] - ==>  Preparing: SELECT count(0) FROM scott.emp WHERE (Sal = ? AND Ename LIKE ?)
DEBUG [http-nio-8080-exec-2] - ==> Parameters: 1000(Long), %de%(String)
DEBUG [http-nio-8080-exec-2] - ==> Parameters: 1000(Long), %de%(String)
TRACE [http-nio-8080-exec-2] - <==    Columns: COUNT(0)
TRACE [http-nio-8080-exec-2] - <==    Columns: COUNT(0)
TRACE [http-nio-8080-exec-2] - <==        Row: 5087
TRACE [http-nio-8080-exec-2] - <==        Row: 5087
DEBUG [http-nio-8080-exec-2] - <==      Total: 1
DEBUG [http-nio-8080-exec-2] - <==      Total: 1
DEBUG [http-nio-8080-exec-2] - ==>  Preparing: SELECT * FROM ( SELECT TMP_PAGE.*, ROWNUM PAGEHELPER_ROW_ID FROM ( SELECT empno,ename,job,mgr,hiredate,sal,comm,deptno FROM scott.emp WHERE (Sal = ? AND Ename LIKE ?) ORDER BY empno ASC ) TMP_PAGE) WHERE PAGEHELPER_ROW_ID <= ? AND PAGEHELPER_ROW_ID > ?
DEBUG [http-nio-8080-exec-2] - ==>  Preparing: SELECT * FROM ( SELECT TMP_PAGE.*, ROWNUM PAGEHELPER_ROW_ID FROM ( SELECT empno,ename,job,mgr,hiredate,sal,comm,deptno FROM scott.emp WHERE (Sal = ? AND Ename LIKE ?) ORDER BY empno ASC ) TMP_PAGE) WHERE PAGEHELPER_ROW_ID <= ? AND PAGEHELPER_ROW_ID > ?
DEBUG [http-nio-8080-exec-2] - ==> Parameters: 1000(Long), %de%(String), 45(Long), 30(Long)
DEBUG [http-nio-8080-exec-2] - ==> Parameters: 1000(Long), %de%(String), 45(Long), 30(Long)
TRACE [http-nio-8080-exec-2] - <==    Columns: EMPNO, ENAME, JOB, MGR, HIREDATE, SAL, COMM, DEPTNO, PAGEHELPER_ROW_ID
TRACE [http-nio-8080-exec-2] - <==    Columns: EMPNO, ENAME, JOB, MGR, HIREDATE, SAL, COMM, DEPTNO, PAGEHELPER_ROW_ID
TRACE [http-nio-8080-exec-2] - <==        Row: 44, defualt, new, 1, 2023-10-19 07:24:35, 1000, 10, 20, 31
TRACE [http-nio-8080-exec-2] - <==        Row: 44, defualt, new, 1, 2023-10-19 07:24:35, 1000, 10, 20, 31
TRACE [http-nio-8080-exec-2] - <==        Row: 45, defualt, new, 1, 2023-10-19 07:24:35, 1000, 10, 20, 32
TRACE [http-nio-8080-exec-2] - <==        Row: 45, defualt, new, 1, 2023-10-19 07:24:35, 1000, 10, 20, 32
TRACE [http-nio-8080-exec-2] - <==        Row: 46, defualt, new, 1, 2023-10-19 07:24:35, 1000, 10, 20, 33
TRACE [http-nio-8080-exec-2] - <==        Row: 46, defualt, new, 1, 2023-10-19 07:24:35, 1000, 10, 20, 33
TRACE [http-nio-8080-exec-2] - <==        Row: 47, defualt, new, 1, 2023-10-19 07:24:35, 1000, 10, 20, 34
TRACE [http-nio-8080-exec-2] - <==        Row: 47, defualt, new, 1, 2023-10-19 07:24:35, 1000, 10, 20, 34
TRACE [http-nio-8080-exec-2] - <==        Row: 48, defualt, new, 1, 2023-10-19 07:24:35, 1000, 10, 20, 35
TRACE [http-nio-8080-exec-2] - <==        Row: 48, defualt, new, 1, 2023-10-19 07:24:35, 1000, 10, 20, 35
TRACE [http-nio-8080-exec-2] - <==        Row: 49, defualt, new, 1, 2023-10-19 07:24:35, 1000, 10, 20, 36
TRACE [http-nio-8080-exec-2] - <==        Row: 49, defualt, new, 1, 2023-10-19 07:24:35, 1000, 10, 20, 36
TRACE [http-nio-8080-exec-2] - <==        Row: 50, defualt, new, 1, 2023-10-19 07:24:35, 1000, 10, 20, 37
TRACE [http-nio-8080-exec-2] - <==        Row: 50, defualt, new, 1, 2023-10-19 07:24:35, 1000, 10, 20, 37
TRACE [http-nio-8080-exec-2] - <==        Row: 51, defualt, new, 1, 2023-10-19 07:24:35, 1000, 10, 20, 38
TRACE [http-nio-8080-exec-2] - <==        Row: 51, defualt, new, 1, 2023-10-19 07:24:35, 1000, 10, 20, 38
TRACE [http-nio-8080-exec-2] - <==        Row: 52, defualt, new, 1, 2023-10-19 07:24:35, 1000, 10, 20, 39
TRACE [http-nio-8080-exec-2] - <==        Row: 52, defualt, new, 1, 2023-10-19 07:24:35, 1000, 10, 20, 39
TRACE [http-nio-8080-exec-2] - <==        Row: 53, defualt, new, 1, 2023-10-19 07:24:35, 1000, 10, 20, 40
TRACE [http-nio-8080-exec-2] - <==        Row: 53, defualt, new, 1, 2023-10-19 07:24:35, 1000, 10, 20, 40
TRACE [http-nio-8080-exec-2] - <==        Row: 54, defualt, new, 1, 2023-10-19 07:24:35, 1000, 10, 20, 41
TRACE [http-nio-8080-exec-2] - <==        Row: 54, defualt, new, 1, 2023-10-19 07:24:35, 1000, 10, 20, 41
TRACE [http-nio-8080-exec-2] - <==        Row: 55, defualt, new, 1, 2023-10-19 07:24:35, 1000, 10, 20, 42
TRACE [http-nio-8080-exec-2] - <==        Row: 55, defualt, new, 1, 2023-10-19 07:24:35, 1000, 10, 20, 42
TRACE [http-nio-8080-exec-2] - <==        Row: 56, defualt, new, 1, 2023-10-19 07:24:35, 1000, 10, 20, 43
TRACE [http-nio-8080-exec-2] - <==        Row: 56, defualt, new, 1, 2023-10-19 07:24:35, 1000, 10, 20, 43
TRACE [http-nio-8080-exec-2] - <==        Row: 57, defualt, new, 1, 2023-10-19 07:24:35, 1000, 10, 20, 44
TRACE [http-nio-8080-exec-2] - <==        Row: 57, defualt, new, 1, 2023-10-19 07:24:35, 1000, 10, 20, 44
TRACE [http-nio-8080-exec-2] - <==        Row: 58, defualt, new, 1, 2023-10-19 07:24:35, 1000, 10, 20, 45
TRACE [http-nio-8080-exec-2] - <==        Row: 58, defualt, new, 1, 2023-10-19 07:24:35, 1000, 10, 20, 45
DEBUG [http-nio-8080-exec-2] - <==      Total: 15
DEBUG [http-nio-8080-exec-2] - <==      Total: 15
DEBUG [http-nio-8080-exec-3] - ==>  Preparing: SELECT count(0) FROM scott.emp WHERE (Sal = ? AND Ename LIKE ?)
DEBUG [http-nio-8080-exec-3] - ==>  Preparing: SELECT count(0) FROM scott.emp WHERE (Sal = ? AND Ename LIKE ?)
DEBUG [http-nio-8080-exec-3] - ==> Parameters: 1000(Long), %de%(String)
DEBUG [http-nio-8080-exec-3] - ==> Parameters: 1000(Long), %de%(String)
TRACE [http-nio-8080-exec-3] - <==    Columns: COUNT(0)
TRACE [http-nio-8080-exec-3] - <==    Columns: COUNT(0)
TRACE [http-nio-8080-exec-3] - <==        Row: 5087
TRACE [http-nio-8080-exec-3] - <==        Row: 5087
DEBUG [http-nio-8080-exec-3] - <==      Total: 1
DEBUG [http-nio-8080-exec-3] - <==      Total: 1
DEBUG [http-nio-8080-exec-3] - ==>  Preparing: SELECT * FROM ( SELECT TMP_PAGE.*, ROWNUM PAGEHELPER_ROW_ID FROM ( SELECT empno,ename,job,mgr,hiredate,sal,comm,deptno FROM scott.emp WHERE (Sal = ? AND Ename LIKE ?) ORDER BY empno ASC ) TMP_PAGE) WHERE PAGEHELPER_ROW_ID <= ? AND PAGEHELPER_ROW_ID > ?
DEBUG [http-nio-8080-exec-3] - ==>  Preparing: SELECT * FROM ( SELECT TMP_PAGE.*, ROWNUM PAGEHELPER_ROW_ID FROM ( SELECT empno,ename,job,mgr,hiredate,sal,comm,deptno FROM scott.emp WHERE (Sal = ? AND Ename LIKE ?) ORDER BY empno ASC ) TMP_PAGE) WHERE PAGEHELPER_ROW_ID <= ? AND PAGEHELPER_ROW_ID > ?
DEBUG [http-nio-8080-exec-3] - ==> Parameters: 1000(Long), %de%(String), 30(Long), 15(Long)
DEBUG [http-nio-8080-exec-3] - ==> Parameters: 1000(Long), %de%(String), 30(Long), 15(Long)
TRACE [http-nio-8080-exec-3] - <==    Columns: EMPNO, ENAME, JOB, MGR, HIREDATE, SAL, COMM, DEPTNO, PAGEHELPER_ROW_ID
TRACE [http-nio-8080-exec-3] - <==    Columns: EMPNO, ENAME, JOB, MGR, HIREDATE, SAL, COMM, DEPTNO, PAGEHELPER_ROW_ID
TRACE [http-nio-8080-exec-3] - <==        Row: 29, defualt, new, 1, 2023-10-19 07:24:35, 1000, 10, 20, 16
TRACE [http-nio-8080-exec-3] - <==        Row: 29, defualt, new, 1, 2023-10-19 07:24:35, 1000, 10, 20, 16
TRACE [http-nio-8080-exec-3] - <==        Row: 30, defualt, new, 1, 2023-10-19 07:24:35, 1000, 10, 20, 17
TRACE [http-nio-8080-exec-3] - <==        Row: 30, defualt, new, 1, 2023-10-19 07:24:35, 1000, 10, 20, 17
TRACE [http-nio-8080-exec-3] - <==        Row: 31, defualt, new, 1, 2023-10-19 07:24:35, 1000, 10, 20, 18
TRACE [http-nio-8080-exec-3] - <==        Row: 31, defualt, new, 1, 2023-10-19 07:24:35, 1000, 10, 20, 18
TRACE [http-nio-8080-exec-3] - <==        Row: 32, defualt, new, 1, 2023-10-19 07:24:35, 1000, 10, 20, 19
TRACE [http-nio-8080-exec-3] - <==        Row: 32, defualt, new, 1, 2023-10-19 07:24:35, 1000, 10, 20, 19
TRACE [http-nio-8080-exec-3] - <==        Row: 33, defualt, new, 1, 2023-10-19 07:24:35, 1000, 10, 20, 20
TRACE [http-nio-8080-exec-3] - <==        Row: 33, defualt, new, 1, 2023-10-19 07:24:35, 1000, 10, 20, 20
TRACE [http-nio-8080-exec-3] - <==        Row: 34, defualt, new, 1, 2023-10-19 07:24:35, 1000, 10, 20, 21
TRACE [http-nio-8080-exec-3] - <==        Row: 34, defualt, new, 1, 2023-10-19 07:24:35, 1000, 10, 20, 21
TRACE [http-nio-8080-exec-3] - <==        Row: 35, defualt, new, 1, 2023-10-19 07:24:35, 1000, 10, 20, 22
TRACE [http-nio-8080-exec-3] - <==        Row: 35, defualt, new, 1, 2023-10-19 07:24:35, 1000, 10, 20, 22
TRACE [http-nio-8080-exec-3] - <==        Row: 36, defualt, new, 1, 2023-10-19 07:24:35, 1000, 10, 20, 23
TRACE [http-nio-8080-exec-3] - <==        Row: 36, defualt, new, 1, 2023-10-19 07:24:35, 1000, 10, 20, 23
TRACE [http-nio-8080-exec-3] - <==        Row: 37, defualt, new, 1, 2023-10-19 07:24:35, 1000, 10, 20, 24
TRACE [http-nio-8080-exec-3] - <==        Row: 37, defualt, new, 1, 2023-10-19 07:24:35, 1000, 10, 20, 24
TRACE [http-nio-8080-exec-3] - <==        Row: 38, defualt, new, 1, 2023-10-19 07:24:35, 1000, 10, 20, 25
TRACE [http-nio-8080-exec-3] - <==        Row: 38, defualt, new, 1, 2023-10-19 07:24:35, 1000, 10, 20, 25
TRACE [http-nio-8080-exec-3] - <==        Row: 39, defualt, new, 1, 2023-10-19 07:24:35, 1000, 10, 20, 26
TRACE [http-nio-8080-exec-3] - <==        Row: 39, defualt, new, 1, 2023-10-19 07:24:35, 1000, 10, 20, 26
TRACE [http-nio-8080-exec-3] - <==        Row: 40, defualt, new, 1, 2023-10-19 07:24:35, 1000, 10, 20, 27
TRACE [http-nio-8080-exec-3] - <==        Row: 40, defualt, new, 1, 2023-10-19 07:24:35, 1000, 10, 20, 27
TRACE [http-nio-8080-exec-3] - <==        Row: 41, defualt, new, 1, 2023-10-19 07:24:35, 1000, 10, 20, 28
TRACE [http-nio-8080-exec-3] - <==        Row: 41, defualt, new, 1, 2023-10-19 07:24:35, 1000, 10, 20, 28
TRACE [http-nio-8080-exec-3] - <==        Row: 42, defualt, new, 1, 2023-10-19 07:24:35, 1000, 10, 20, 29
TRACE [http-nio-8080-exec-3] - <==        Row: 42, defualt, new, 1, 2023-10-19 07:24:35, 1000, 10, 20, 29
TRACE [http-nio-8080-exec-3] - <==        Row: 43, defualt, new, 1, 2023-10-19 07:24:35, 1000, 10, 20, 30
TRACE [http-nio-8080-exec-3] - <==        Row: 43, defualt, new, 1, 2023-10-19 07:24:35, 1000, 10, 20, 30
DEBUG [http-nio-8080-exec-3] - <==      Total: 15
DEBUG [http-nio-8080-exec-3] - <==      Total: 15
DEBUG [http-nio-8080-exec-4] - ==>  Preparing: SELECT count(0) FROM scott.emp WHERE (Sal = ? AND Ename LIKE ?)
DEBUG [http-nio-8080-exec-4] - ==>  Preparing: SELECT count(0) FROM scott.emp WHERE (Sal = ? AND Ename LIKE ?)
DEBUG [http-nio-8080-exec-4] - ==> Parameters: 1000(Long), %de%(String)
DEBUG [http-nio-8080-exec-4] - ==> Parameters: 1000(Long), %de%(String)
TRACE [http-nio-8080-exec-4] - <==    Columns: COUNT(0)
TRACE [http-nio-8080-exec-4] - <==    Columns: COUNT(0)
TRACE [http-nio-8080-exec-4] - <==        Row: 5087
TRACE [http-nio-8080-exec-4] - <==        Row: 5087
DEBUG [http-nio-8080-exec-4] - <==      Total: 1
DEBUG [http-nio-8080-exec-4] - <==      Total: 1
DEBUG [http-nio-8080-exec-4] - ==>  Preparing: SELECT * FROM ( SELECT TMP_PAGE.*, ROWNUM PAGEHELPER_ROW_ID FROM ( SELECT empno,ename,job,mgr,hiredate,sal,comm,deptno FROM scott.emp WHERE (Sal = ? AND Ename LIKE ?) ORDER BY empno ASC ) TMP_PAGE) WHERE PAGEHELPER_ROW_ID <= ? AND PAGEHELPER_ROW_ID > ?
DEBUG [http-nio-8080-exec-4] - ==>  Preparing: SELECT * FROM ( SELECT TMP_PAGE.*, ROWNUM PAGEHELPER_ROW_ID FROM ( SELECT empno,ename,job,mgr,hiredate,sal,comm,deptno FROM scott.emp WHERE (Sal = ? AND Ename LIKE ?) ORDER BY empno ASC ) TMP_PAGE) WHERE PAGEHELPER_ROW_ID <= ? AND PAGEHELPER_ROW_ID > ?
DEBUG [http-nio-8080-exec-4] - ==> Parameters: 1000(Long), %de%(String), 15(Long), 0(Long)
DEBUG [http-nio-8080-exec-4] - ==> Parameters: 1000(Long), %de%(String), 15(Long), 0(Long)
TRACE [http-nio-8080-exec-4] - <==    Columns: EMPNO, ENAME, JOB, MGR, HIREDATE, SAL, COMM, DEPTNO, PAGEHELPER_ROW_ID
TRACE [http-nio-8080-exec-4] - <==    Columns: EMPNO, ENAME, JOB, MGR, HIREDATE, SAL, COMM, DEPTNO, PAGEHELPER_ROW_ID
TRACE [http-nio-8080-exec-4] - <==        Row: 14, defualt, new, 1, 2023-10-19 07:24:35, 1000, 10, 20, 1
TRACE [http-nio-8080-exec-4] - <==        Row: 14, defualt, new, 1, 2023-10-19 07:24:35, 1000, 10, 20, 1
TRACE [http-nio-8080-exec-4] - <==        Row: 15, defualt, new, 1, 2023-10-19 07:24:35, 1000, 10, 20, 2
TRACE [http-nio-8080-exec-4] - <==        Row: 15, defualt, new, 1, 2023-10-19 07:24:35, 1000, 10, 20, 2
TRACE [http-nio-8080-exec-4] - <==        Row: 16, defualt, new, 1, 2023-10-19 07:24:35, 1000, 10, 20, 3
TRACE [http-nio-8080-exec-4] - <==        Row: 16, defualt, new, 1, 2023-10-19 07:24:35, 1000, 10, 20, 3
TRACE [http-nio-8080-exec-4] - <==        Row: 17, defualt, new, 1, 2023-10-19 07:24:35, 1000, 10, 20, 4
TRACE [http-nio-8080-exec-4] - <==        Row: 17, defualt, new, 1, 2023-10-19 07:24:35, 1000, 10, 20, 4
TRACE [http-nio-8080-exec-4] - <==        Row: 18, defualt, new, 1, 2023-10-19 07:24:35, 1000, 10, 20, 5
TRACE [http-nio-8080-exec-4] - <==        Row: 18, defualt, new, 1, 2023-10-19 07:24:35, 1000, 10, 20, 5
TRACE [http-nio-8080-exec-4] - <==        Row: 19, defualt, new, 1, 2023-10-19 07:24:35, 1000, 10, 20, 6
TRACE [http-nio-8080-exec-4] - <==        Row: 19, defualt, new, 1, 2023-10-19 07:24:35, 1000, 10, 20, 6
TRACE [http-nio-8080-exec-4] - <==        Row: 20, defualt, new, 1, 2023-10-19 07:24:35, 1000, 10, 20, 7
TRACE [http-nio-8080-exec-4] - <==        Row: 20, defualt, new, 1, 2023-10-19 07:24:35, 1000, 10, 20, 7
TRACE [http-nio-8080-exec-4] - <==        Row: 21, defualt, new, 1, 2023-10-19 07:24:35, 1000, 10, 20, 8
TRACE [http-nio-8080-exec-4] - <==        Row: 21, defualt, new, 1, 2023-10-19 07:24:35, 1000, 10, 20, 8
TRACE [http-nio-8080-exec-4] - <==        Row: 22, defualt, new, 1, 2023-10-19 07:24:35, 1000, 10, 20, 9
TRACE [http-nio-8080-exec-4] - <==        Row: 22, defualt, new, 1, 2023-10-19 07:24:35, 1000, 10, 20, 9
TRACE [http-nio-8080-exec-4] - <==        Row: 23, defualt, new, 1, 2023-10-19 07:24:35, 1000, 10, 20, 10
TRACE [http-nio-8080-exec-4] - <==        Row: 23, defualt, new, 1, 2023-10-19 07:24:35, 1000, 10, 20, 10
TRACE [http-nio-8080-exec-4] - <==        Row: 24, defualt, new, 1, 2023-10-19 07:24:35, 1000, 10, 20, 11
TRACE [http-nio-8080-exec-4] - <==        Row: 24, defualt, new, 1, 2023-10-19 07:24:35, 1000, 10, 20, 11
TRACE [http-nio-8080-exec-4] - <==        Row: 25, defualt, new, 1, 2023-10-19 07:24:35, 1000, 10, 20, 12
TRACE [http-nio-8080-exec-4] - <==        Row: 25, defualt, new, 1, 2023-10-19 07:24:35, 1000, 10, 20, 12
TRACE [http-nio-8080-exec-4] - <==        Row: 26, defualt, new, 1, 2023-10-19 07:24:35, 1000, 10, 20, 13
TRACE [http-nio-8080-exec-4] - <==        Row: 26, defualt, new, 1, 2023-10-19 07:24:35, 1000, 10, 20, 13
TRACE [http-nio-8080-exec-4] - <==        Row: 27, defualt, new, 1, 2023-10-19 07:24:35, 1000, 10, 20, 14
TRACE [http-nio-8080-exec-4] - <==        Row: 27, defualt, new, 1, 2023-10-19 07:24:35, 1000, 10, 20, 14
TRACE [http-nio-8080-exec-4] - <==        Row: 28, defualt, new, 1, 2023-10-19 07:24:35, 1000, 10, 20, 15
TRACE [http-nio-8080-exec-4] - <==        Row: 28, defualt, new, 1, 2023-10-19 07:24:35, 1000, 10, 20, 15
DEBUG [http-nio-8080-exec-4] - <==      Total: 15
DEBUG [http-nio-8080-exec-4] - <==      Total: 15
DEBUG [http-nio-8080-exec-5] - ==>  Preparing: SELECT count(0) FROM scott.emp WHERE (Sal = ? AND Ename LIKE ?)
DEBUG [http-nio-8080-exec-5] - ==>  Preparing: SELECT count(0) FROM scott.emp WHERE (Sal = ? AND Ename LIKE ?)
DEBUG [http-nio-8080-exec-5] - ==> Parameters: 1000(Long), %de%(String)
DEBUG [http-nio-8080-exec-5] - ==> Parameters: 1000(Long), %de%(String)
TRACE [http-nio-8080-exec-5] - <==    Columns: COUNT(0)
TRACE [http-nio-8080-exec-5] - <==    Columns: COUNT(0)
TRACE [http-nio-8080-exec-5] - <==        Row: 5087
TRACE [http-nio-8080-exec-5] - <==        Row: 5087
DEBUG [http-nio-8080-exec-5] - <==      Total: 1
DEBUG [http-nio-8080-exec-5] - <==      Total: 1
DEBUG [http-nio-8080-exec-5] - ==>  Preparing: SELECT * FROM ( SELECT TMP_PAGE.*, ROWNUM PAGEHELPER_ROW_ID FROM ( SELECT empno,ename,job,mgr,hiredate,sal,comm,deptno FROM scott.emp WHERE (Sal = ? AND Ename LIKE ?) ORDER BY empno ASC ) TMP_PAGE) WHERE PAGEHELPER_ROW_ID <= ? AND PAGEHELPER_ROW_ID > ?
DEBUG [http-nio-8080-exec-5] - ==>  Preparing: SELECT * FROM ( SELECT TMP_PAGE.*, ROWNUM PAGEHELPER_ROW_ID FROM ( SELECT empno,ename,job,mgr,hiredate,sal,comm,deptno FROM scott.emp WHERE (Sal = ? AND Ename LIKE ?) ORDER BY empno ASC ) TMP_PAGE) WHERE PAGEHELPER_ROW_ID <= ? AND PAGEHELPER_ROW_ID > ?
DEBUG [http-nio-8080-exec-5] - ==> Parameters: 1000(Long), %de%(String), 30(Long), 15(Long)
DEBUG [http-nio-8080-exec-5] - ==> Parameters: 1000(Long), %de%(String), 30(Long), 15(Long)
TRACE [http-nio-8080-exec-5] - <==    Columns: EMPNO, ENAME, JOB, MGR, HIREDATE, SAL, COMM, DEPTNO, PAGEHELPER_ROW_ID
TRACE [http-nio-8080-exec-5] - <==    Columns: EMPNO, ENAME, JOB, MGR, HIREDATE, SAL, COMM, DEPTNO, PAGEHELPER_ROW_ID
TRACE [http-nio-8080-exec-5] - <==        Row: 29, defualt, new, 1, 2023-10-19 07:24:35, 1000, 10, 20, 16
TRACE [http-nio-8080-exec-5] - <==        Row: 29, defualt, new, 1, 2023-10-19 07:24:35, 1000, 10, 20, 16
TRACE [http-nio-8080-exec-5] - <==        Row: 30, defualt, new, 1, 2023-10-19 07:24:35, 1000, 10, 20, 17
TRACE [http-nio-8080-exec-5] - <==        Row: 30, defualt, new, 1, 2023-10-19 07:24:35, 1000, 10, 20, 17
TRACE [http-nio-8080-exec-5] - <==        Row: 31, defualt, new, 1, 2023-10-19 07:24:35, 1000, 10, 20, 18
TRACE [http-nio-8080-exec-5] - <==        Row: 31, defualt, new, 1, 2023-10-19 07:24:35, 1000, 10, 20, 18
TRACE [http-nio-8080-exec-5] - <==        Row: 32, defualt, new, 1, 2023-10-19 07:24:35, 1000, 10, 20, 19
TRACE [http-nio-8080-exec-5] - <==        Row: 32, defualt, new, 1, 2023-10-19 07:24:35, 1000, 10, 20, 19
TRACE [http-nio-8080-exec-5] - <==        Row: 33, defualt, new, 1, 2023-10-19 07:24:35, 1000, 10, 20, 20
TRACE [http-nio-8080-exec-5] - <==        Row: 33, defualt, new, 1, 2023-10-19 07:24:35, 1000, 10, 20, 20
TRACE [http-nio-8080-exec-5] - <==        Row: 34, defualt, new, 1, 2023-10-19 07:24:35, 1000, 10, 20, 21
TRACE [http-nio-8080-exec-5] - <==        Row: 34, defualt, new, 1, 2023-10-19 07:24:35, 1000, 10, 20, 21
TRACE [http-nio-8080-exec-5] - <==        Row: 35, defualt, new, 1, 2023-10-19 07:24:35, 1000, 10, 20, 22
TRACE [http-nio-8080-exec-5] - <==        Row: 35, defualt, new, 1, 2023-10-19 07:24:35, 1000, 10, 20, 22
TRACE [http-nio-8080-exec-5] - <==        Row: 36, defualt, new, 1, 2023-10-19 07:24:35, 1000, 10, 20, 23
TRACE [http-nio-8080-exec-5] - <==        Row: 36, defualt, new, 1, 2023-10-19 07:24:35, 1000, 10, 20, 23
TRACE [http-nio-8080-exec-5] - <==        Row: 37, defualt, new, 1, 2023-10-19 07:24:35, 1000, 10, 20, 24
TRACE [http-nio-8080-exec-5] - <==        Row: 37, defualt, new, 1, 2023-10-19 07:24:35, 1000, 10, 20, 24
TRACE [http-nio-8080-exec-5] - <==        Row: 38, defualt, new, 1, 2023-10-19 07:24:35, 1000, 10, 20, 25
TRACE [http-nio-8080-exec-5] - <==        Row: 38, defualt, new, 1, 2023-10-19 07:24:35, 1000, 10, 20, 25
TRACE [http-nio-8080-exec-5] - <==        Row: 39, defualt, new, 1, 2023-10-19 07:24:35, 1000, 10, 20, 26
TRACE [http-nio-8080-exec-5] - <==        Row: 39, defualt, new, 1, 2023-10-19 07:24:35, 1000, 10, 20, 26
TRACE [http-nio-8080-exec-5] - <==        Row: 40, defualt, new, 1, 2023-10-19 07:24:35, 1000, 10, 20, 27
TRACE [http-nio-8080-exec-5] - <==        Row: 40, defualt, new, 1, 2023-10-19 07:24:35, 1000, 10, 20, 27
TRACE [http-nio-8080-exec-5] - <==        Row: 41, defualt, new, 1, 2023-10-19 07:24:35, 1000, 10, 20, 28
TRACE [http-nio-8080-exec-5] - <==        Row: 41, defualt, new, 1, 2023-10-19 07:24:35, 1000, 10, 20, 28
TRACE [http-nio-8080-exec-5] - <==        Row: 42, defualt, new, 1, 2023-10-19 07:24:35, 1000, 10, 20, 29
TRACE [http-nio-8080-exec-5] - <==        Row: 42, defualt, new, 1, 2023-10-19 07:24:35, 1000, 10, 20, 29
TRACE [http-nio-8080-exec-5] - <==        Row: 43, defualt, new, 1, 2023-10-19 07:24:35, 1000, 10, 20, 30
TRACE [http-nio-8080-exec-5] - <==        Row: 43, defualt, new, 1, 2023-10-19 07:24:35, 1000, 10, 20, 30
DEBUG [http-nio-8080-exec-5] - <==      Total: 15
DEBUG [http-nio-8080-exec-5] - <==      Total: 15
DEBUG [http-nio-8080-exec-6] - ==>  Preparing: SELECT count(0) FROM scott.emp WHERE (Sal = ? AND Ename LIKE ?)
DEBUG [http-nio-8080-exec-6] - ==>  Preparing: SELECT count(0) FROM scott.emp WHERE (Sal = ? AND Ename LIKE ?)
DEBUG [http-nio-8080-exec-6] - ==> Parameters: 1000(Long), %de%(String)
DEBUG [http-nio-8080-exec-6] - ==> Parameters: 1000(Long), %de%(String)
TRACE [http-nio-8080-exec-6] - <==    Columns: COUNT(0)
TRACE [http-nio-8080-exec-6] - <==    Columns: COUNT(0)
TRACE [http-nio-8080-exec-6] - <==        Row: 5087
TRACE [http-nio-8080-exec-6] - <==        Row: 5087
DEBUG [http-nio-8080-exec-6] - <==      Total: 1
DEBUG [http-nio-8080-exec-6] - <==      Total: 1
DEBUG [http-nio-8080-exec-6] - ==>  Preparing: SELECT * FROM ( SELECT TMP_PAGE.*, ROWNUM PAGEHELPER_ROW_ID FROM ( SELECT empno,ename,job,mgr,hiredate,sal,comm,deptno FROM scott.emp WHERE (Sal = ? AND Ename LIKE ?) ORDER BY empno ASC ) TMP_PAGE) WHERE PAGEHELPER_ROW_ID <= ? AND PAGEHELPER_ROW_ID > ?
DEBUG [http-nio-8080-exec-6] - ==>  Preparing: SELECT * FROM ( SELECT TMP_PAGE.*, ROWNUM PAGEHELPER_ROW_ID FROM ( SELECT empno,ename,job,mgr,hiredate,sal,comm,deptno FROM scott.emp WHERE (Sal = ? AND Ename LIKE ?) ORDER BY empno ASC ) TMP_PAGE) WHERE PAGEHELPER_ROW_ID <= ? AND PAGEHELPER_ROW_ID > ?
DEBUG [http-nio-8080-exec-6] - ==> Parameters: 1000(Long), %de%(String), 5100(Long), 5085(Long)
DEBUG [http-nio-8080-exec-6] - ==> Parameters: 1000(Long), %de%(String), 5100(Long), 5085(Long)
TRACE [http-nio-8080-exec-6] - <==    Columns: EMPNO, ENAME, JOB, MGR, HIREDATE, SAL, COMM, DEPTNO, PAGEHELPER_ROW_ID
TRACE [http-nio-8080-exec-6] - <==    Columns: EMPNO, ENAME, JOB, MGR, HIREDATE, SAL, COMM, DEPTNO, PAGEHELPER_ROW_ID
TRACE [http-nio-8080-exec-6] - <==        Row: 5099, default, new, 1, 2023-10-23 18:19:43, 1000, 100, 20, 5086
TRACE [http-nio-8080-exec-6] - <==        Row: 5099, default, new, 1, 2023-10-23 18:19:43, 1000, 100, 20, 5086
TRACE [http-nio-8080-exec-6] - <==        Row: 5100, default, new, 1, 2023-10-23 18:19:43, 1000, 100, 20, 5087
TRACE [http-nio-8080-exec-6] - <==        Row: 5100, default, new, 1, 2023-10-23 18:19:43, 1000, 100, 20, 5087
DEBUG [http-nio-8080-exec-6] - <==      Total: 2
DEBUG [http-nio-8080-exec-6] - <==      Total: 2
DEBUG [http-nio-8080-exec-7] - ==>  Preparing: SELECT count(0) FROM scott.emp WHERE (Sal = ? AND Ename LIKE ?)
DEBUG [http-nio-8080-exec-7] - ==>  Preparing: SELECT count(0) FROM scott.emp WHERE (Sal = ? AND Ename LIKE ?)
DEBUG [http-nio-8080-exec-7] - ==> Parameters: 1000(Long), %de%(String)
DEBUG [http-nio-8080-exec-7] - ==> Parameters: 1000(Long), %de%(String)
TRACE [http-nio-8080-exec-7] - <==    Columns: COUNT(0)
TRACE [http-nio-8080-exec-7] - <==    Columns: COUNT(0)
TRACE [http-nio-8080-exec-7] - <==        Row: 5087
TRACE [http-nio-8080-exec-7] - <==        Row: 5087
DEBUG [http-nio-8080-exec-7] - <==      Total: 1
DEBUG [http-nio-8080-exec-7] - <==      Total: 1
DEBUG [http-nio-8080-exec-7] - ==>  Preparing: SELECT * FROM ( SELECT TMP_PAGE.*, ROWNUM PAGEHELPER_ROW_ID FROM ( SELECT empno,ename,job,mgr,hiredate,sal,comm,deptno FROM scott.emp WHERE (Sal = ? AND Ename LIKE ?) ORDER BY empno ASC ) TMP_PAGE) WHERE PAGEHELPER_ROW_ID <= ? AND PAGEHELPER_ROW_ID > ?
DEBUG [http-nio-8080-exec-7] - ==>  Preparing: SELECT * FROM ( SELECT TMP_PAGE.*, ROWNUM PAGEHELPER_ROW_ID FROM ( SELECT empno,ename,job,mgr,hiredate,sal,comm,deptno FROM scott.emp WHERE (Sal = ? AND Ename LIKE ?) ORDER BY empno ASC ) TMP_PAGE) WHERE PAGEHELPER_ROW_ID <= ? AND PAGEHELPER_ROW_ID > ?
DEBUG [http-nio-8080-exec-7] - ==> Parameters: 1000(Long), %de%(String), 15(Long), 0(Long)
DEBUG [http-nio-8080-exec-7] - ==> Parameters: 1000(Long), %de%(String), 15(Long), 0(Long)
TRACE [http-nio-8080-exec-7] - <==    Columns: EMPNO, ENAME, JOB, MGR, HIREDATE, SAL, COMM, DEPTNO, PAGEHELPER_ROW_ID
TRACE [http-nio-8080-exec-7] - <==    Columns: EMPNO, ENAME, JOB, MGR, HIREDATE, SAL, COMM, DEPTNO, PAGEHELPER_ROW_ID
TRACE [http-nio-8080-exec-7] - <==        Row: 14, defualt, new, 1, 2023-10-19 07:24:35, 1000, 10, 20, 1
TRACE [http-nio-8080-exec-7] - <==        Row: 14, defualt, new, 1, 2023-10-19 07:24:35, 1000, 10, 20, 1
TRACE [http-nio-8080-exec-7] - <==        Row: 15, defualt, new, 1, 2023-10-19 07:24:35, 1000, 10, 20, 2
TRACE [http-nio-8080-exec-7] - <==        Row: 15, defualt, new, 1, 2023-10-19 07:24:35, 1000, 10, 20, 2
TRACE [http-nio-8080-exec-7] - <==        Row: 16, defualt, new, 1, 2023-10-19 07:24:35, 1000, 10, 20, 3
TRACE [http-nio-8080-exec-7] - <==        Row: 16, defualt, new, 1, 2023-10-19 07:24:35, 1000, 10, 20, 3
TRACE [http-nio-8080-exec-7] - <==        Row: 17, defualt, new, 1, 2023-10-19 07:24:35, 1000, 10, 20, 4
TRACE [http-nio-8080-exec-7] - <==        Row: 17, defualt, new, 1, 2023-10-19 07:24:35, 1000, 10, 20, 4
TRACE [http-nio-8080-exec-7] - <==        Row: 18, defualt, new, 1, 2023-10-19 07:24:35, 1000, 10, 20, 5
TRACE [http-nio-8080-exec-7] - <==        Row: 18, defualt, new, 1, 2023-10-19 07:24:35, 1000, 10, 20, 5
TRACE [http-nio-8080-exec-7] - <==        Row: 19, defualt, new, 1, 2023-10-19 07:24:35, 1000, 10, 20, 6
TRACE [http-nio-8080-exec-7] - <==        Row: 19, defualt, new, 1, 2023-10-19 07:24:35, 1000, 10, 20, 6
TRACE [http-nio-8080-exec-7] - <==        Row: 20, defualt, new, 1, 2023-10-19 07:24:35, 1000, 10, 20, 7
TRACE [http-nio-8080-exec-7] - <==        Row: 20, defualt, new, 1, 2023-10-19 07:24:35, 1000, 10, 20, 7
TRACE [http-nio-8080-exec-7] - <==        Row: 21, defualt, new, 1, 2023-10-19 07:24:35, 1000, 10, 20, 8
TRACE [http-nio-8080-exec-7] - <==        Row: 21, defualt, new, 1, 2023-10-19 07:24:35, 1000, 10, 20, 8
TRACE [http-nio-8080-exec-7] - <==        Row: 22, defualt, new, 1, 2023-10-19 07:24:35, 1000, 10, 20, 9
TRACE [http-nio-8080-exec-7] - <==        Row: 22, defualt, new, 1, 2023-10-19 07:24:35, 1000, 10, 20, 9
TRACE [http-nio-8080-exec-7] - <==        Row: 23, defualt, new, 1, 2023-10-19 07:24:35, 1000, 10, 20, 10
TRACE [http-nio-8080-exec-7] - <==        Row: 23, defualt, new, 1, 2023-10-19 07:24:35, 1000, 10, 20, 10
TRACE [http-nio-8080-exec-7] - <==        Row: 24, defualt, new, 1, 2023-10-19 07:24:35, 1000, 10, 20, 11
TRACE [http-nio-8080-exec-7] - <==        Row: 24, defualt, new, 1, 2023-10-19 07:24:35, 1000, 10, 20, 11
TRACE [http-nio-8080-exec-7] - <==        Row: 25, defualt, new, 1, 2023-10-19 07:24:35, 1000, 10, 20, 12
TRACE [http-nio-8080-exec-7] - <==        Row: 25, defualt, new, 1, 2023-10-19 07:24:35, 1000, 10, 20, 12
TRACE [http-nio-8080-exec-7] - <==        Row: 26, defualt, new, 1, 2023-10-19 07:24:35, 1000, 10, 20, 13
TRACE [http-nio-8080-exec-7] - <==        Row: 26, defualt, new, 1, 2023-10-19 07:24:35, 1000, 10, 20, 13
TRACE [http-nio-8080-exec-7] - <==        Row: 27, defualt, new, 1, 2023-10-19 07:24:35, 1000, 10, 20, 14
TRACE [http-nio-8080-exec-7] - <==        Row: 27, defualt, new, 1, 2023-10-19 07:24:35, 1000, 10, 20, 14
TRACE [http-nio-8080-exec-7] - <==        Row: 28, defualt, new, 1, 2023-10-19 07:24:35, 1000, 10, 20, 15
TRACE [http-nio-8080-exec-7] - <==        Row: 28, defualt, new, 1, 2023-10-19 07:24:35, 1000, 10, 20, 15
DEBUG [http-nio-8080-exec-7] - <==      Total: 15
DEBUG [http-nio-8080-exec-7] - <==      Total: 15
