DEBUG [http-nio-8080-exec-8] - ==>  Preparing: UPDATE scott.emp SET ename=?, job=?, mgr=?, hiredate=?, sal=?, comm=?, deptno=? WHERE empno=?
DEBUG [http-nio-8080-exec-8] - ==>  Preparing: UPDATE scott.emp SET ename=?, job=?, mgr=?, hiredate=?, sal=?, comm=?, deptno=? WHERE empno=?
DEBUG [http-nio-8080-exec-8] - ==> Parameters: Jane Smith(String), Analyst(String), 1(Integer), 2023-09-15 00:00:00.0(Timestamp), 4000(Long), 300(Long), 20(Integer), 2(Integer)
DEBUG [http-nio-8080-exec-8] - ==> Parameters: Jane Smith(String), Analyst(String), 1(Integer), 2023-09-15 00:00:00.0(Timestamp), 4000(Long), 300(Long), 20(Integer), 2(Integer)
DEBUG [http-nio-8080-exec-8] - <==    Updates: 1
DEBUG [http-nio-8080-exec-8] - <==    Updates: 1
DEBUG [http-nio-8080-exec-9] - ==>  Preparing: UPDATE scott.emp SET ename=?, job=?, mgr=?, hiredate=?, sal=?, comm=?, deptno=? WHERE empno=?
DEBUG [http-nio-8080-exec-9] - ==>  Preparing: UPDATE scott.emp SET ename=?, job=?, mgr=?, hiredate=?, sal=?, comm=?, deptno=? WHERE empno=?
DEBUG [http-nio-8080-exec-9] - ==> Parameters: Jane Smith(String), Analyst(String), 1(Integer), 2023-09-15 00:00:00.0(Timestamp), 4000(Long), 300(Long), 20(Integer), 2(Integer)
DEBUG [http-nio-8080-exec-9] - ==> Parameters: Jane Smith(String), Analyst(String), 1(Integer), 2023-09-15 00:00:00.0(Timestamp), 4000(Long), 300(Long), 20(Integer), 2(Integer)
DEBUG [http-nio-8080-exec-9] - <==    Updates: 1
DEBUG [http-nio-8080-exec-9] - <==    Updates: 1
DEBUG [http-nio-8080-exec-10] - ==>  Preparing: UPDATE scott.emp SET ename=?, job=?, mgr=?, hiredate=?, sal=?, comm=?, deptno=? WHERE empno=?
DEBUG [http-nio-8080-exec-10] - ==>  Preparing: UPDATE scott.emp SET ename=?, job=?, mgr=?, hiredate=?, sal=?, comm=?, deptno=? WHERE empno=?
DEBUG [http-nio-8080-exec-10] - ==> Parameters: Jane Smith(String), Analyst(String), 1(Integer), 2023-09-15 00:00:00.0(Timestamp), 4000(Long), 300(Long), 20(Integer), 2(Integer)
DEBUG [http-nio-8080-exec-10] - ==> Parameters: Jane Smith(String), Analyst(String), 1(Integer), 2023-09-15 00:00:00.0(Timestamp), 4000(Long), 300(Long), 20(Integer), 2(Integer)
DEBUG [http-nio-8080-exec-10] - <==    Updates: 1
DEBUG [http-nio-8080-exec-10] - <==    Updates: 1
DEBUG [http-nio-8080-exec-2] - ==>  Preparing: SELECT empno,ename,job,mgr,hiredate,sal,comm,deptno FROM scott.emp WHERE empno=?
DEBUG [http-nio-8080-exec-2] - ==>  Preparing: SELECT empno,ename,job,mgr,hiredate,sal,comm,deptno FROM scott.emp WHERE empno=?
DEBUG [http-nio-8080-exec-2] - ==> Parameters: 1(Integer)
DEBUG [http-nio-8080-exec-2] - ==> Parameters: 1(Integer)
TRACE [http-nio-8080-exec-2] - <==    Columns: EMPNO, ENAME, JOB, MGR, HIREDATE, SAL, COMM, DEPTNO
TRACE [http-nio-8080-exec-2] - <==    Columns: EMPNO, ENAME, JOB, MGR, HIREDATE, SAL, COMM, DEPTNO
TRACE [http-nio-8080-exec-2] - <==        Row: 1, King Down, Manager, null, 2023-10-01 00:00:00, 5000, null, 10
TRACE [http-nio-8080-exec-2] - <==        Row: 1, King Down, Manager, null, 2023-10-01 00:00:00, 5000, null, 10
DEBUG [http-nio-8080-exec-2] - <==      Total: 1
DEBUG [http-nio-8080-exec-2] - <==      Total: 1
DEBUG [http-nio-8080-exec-3] - ==>  Preparing: UPDATE scott.emp SET ename=?, job=?, hiredate=?, sal=?, deptno=? WHERE empno=?
DEBUG [http-nio-8080-exec-3] - ==>  Preparing: UPDATE scott.emp SET ename=?, job=?, hiredate=?, sal=?, deptno=? WHERE empno=?
DEBUG [http-nio-8080-exec-3] - ==> Parameters: King Down(String), Manager(String), 2023-10-01 00:00:00.0(Timestamp), 5000(Long), 10(Integer), 1(Integer)
DEBUG [http-nio-8080-exec-3] - ==> Parameters: King Down(String), Manager(String), 2023-10-01 00:00:00.0(Timestamp), 5000(Long), 10(Integer), 1(Integer)
DEBUG [http-nio-8080-exec-3] - <==    Updates: 1
DEBUG [http-nio-8080-exec-3] - <==    Updates: 1
DEBUG [http-nio-8080-exec-5] - ==>  Preparing: SELECT empno,ename,job,mgr,hiredate,sal,comm,deptno FROM scott.emp WHERE empno=?
DEBUG [http-nio-8080-exec-5] - ==>  Preparing: SELECT empno,ename,job,mgr,hiredate,sal,comm,deptno FROM scott.emp WHERE empno=?
DEBUG [http-nio-8080-exec-5] - ==> Parameters: 2(Integer)
DEBUG [http-nio-8080-exec-5] - ==> Parameters: 2(Integer)
TRACE [http-nio-8080-exec-5] - <==    Columns: EMPNO, ENAME, JOB, MGR, HIREDATE, SAL, COMM, DEPTNO
TRACE [http-nio-8080-exec-5] - <==    Columns: EMPNO, ENAME, JOB, MGR, HIREDATE, SAL, COMM, DEPTNO
TRACE [http-nio-8080-exec-5] - <==        Row: 2, Jane Smith, Analyst, 1, 2023-09-15 00:00:00, 4000, 300, 20
TRACE [http-nio-8080-exec-5] - <==        Row: 2, Jane Smith, Analyst, 1, 2023-09-15 00:00:00, 4000, 300, 20
DEBUG [http-nio-8080-exec-5] - <==      Total: 1
DEBUG [http-nio-8080-exec-5] - <==      Total: 1
