DEBUG [http-nio-8080-exec-6] - ==>  Preparing: SELECT empno,ename,job,mgr,hiredate,sal,comm,deptno FROM scott.emp WHERE empno=?
DEBUG [http-nio-8080-exec-6] - ==>  Preparing: SELECT empno,ename,job,mgr,hiredate,sal,comm,deptno FROM scott.emp WHERE empno=?
DEBUG [http-nio-8080-exec-6] - ==> Parameters: 1(Integer)
DEBUG [http-nio-8080-exec-6] - ==> Parameters: 1(Integer)
TRACE [http-nio-8080-exec-6] - <==    Columns: EMPNO, ENAME, JOB, MGR, HIREDATE, SAL, COMM, DEPTNO
TRACE [http-nio-8080-exec-6] - <==    Columns: EMPNO, ENAME, JOB, MGR, HIREDATE, SAL, COMM, DEPTNO
TRACE [http-nio-8080-exec-6] - <==        Row: 1, King Down, Manager, null, 2023-10-01 00:00:00, 5000, null, 10
TRACE [http-nio-8080-exec-6] - <==        Row: 1, King Down, Manager, null, 2023-10-01 00:00:00, 5000, null, 10
DEBUG [http-nio-8080-exec-6] - <==      Total: 1
DEBUG [http-nio-8080-exec-6] - <==      Total: 1
DEBUG [http-nio-8080-exec-8] - ==>  Preparing: SELECT empno,ename,job,mgr,hiredate,sal,comm,deptno FROM scott.emp WHERE empno=?
DEBUG [http-nio-8080-exec-8] - ==>  Preparing: SELECT empno,ename,job,mgr,hiredate,sal,comm,deptno FROM scott.emp WHERE empno=?
DEBUG [http-nio-8080-exec-8] - ==> Parameters: 2(Integer)
DEBUG [http-nio-8080-exec-8] - ==> Parameters: 2(Integer)
TRACE [http-nio-8080-exec-8] - <==    Columns: EMPNO, ENAME, JOB, MGR, HIREDATE, SAL, COMM, DEPTNO
TRACE [http-nio-8080-exec-8] - <==    Columns: EMPNO, ENAME, JOB, MGR, HIREDATE, SAL, COMM, DEPTNO
TRACE [http-nio-8080-exec-8] - <==        Row: 2, Jane Smith, Analyst, 1, 2023-09-15 00:00:00, 4000, 300, 20
TRACE [http-nio-8080-exec-8] - <==        Row: 2, Jane Smith, Analyst, 1, 2023-09-15 00:00:00, 4000, 300, 20
DEBUG [http-nio-8080-exec-8] - <==      Total: 1
DEBUG [http-nio-8080-exec-8] - <==      Total: 1
