DEBUG [http-nio-8080-exec-6] - ==>  Preparing: SELECT empno,ename,job,mgr,hiredate,sal,comm,deptno FROM scott.emp WHERE empno=?
DEBUG [http-nio-8080-exec-6] - ==>  Preparing: SELECT empno,ename,job,mgr,hiredate,sal,comm,deptno FROM scott.emp WHERE empno=?
DEBUG [http-nio-8080-exec-6] - ==> Parameters: 1(Integer)
DEBUG [http-nio-8080-exec-6] - ==> Parameters: 1(Integer)
TRACE [http-nio-8080-exec-6] - <==    Columns: EMPNO, ENAME, JOB, MGR, HIREDATE, SAL, COMM, DEPTNO
TRACE [http-nio-8080-exec-6] - <==    Columns: EMPNO, ENAME, JOB, MGR, HIREDATE, SAL, COMM, DEPTNO
TRACE [http-nio-8080-exec-6] - <==        Row: 1, King Down, Manager, 1, 2024-10-01 00:00:00, 5000, null, 11
TRACE [http-nio-8080-exec-6] - <==        Row: 1, King Down, Manager, 1, 2024-10-01 00:00:00, 5000, null, 11
DEBUG [http-nio-8080-exec-6] - <==      Total: 1
DEBUG [http-nio-8080-exec-6] - <==      Total: 1
DEBUG [http-nio-8080-exec-7] - ==>  Preparing: SELECT empno,ename,job,mgr,hiredate,sal,comm,deptno FROM scott.emp WHERE empno=?
DEBUG [http-nio-8080-exec-7] - ==>  Preparing: SELECT empno,ename,job,mgr,hiredate,sal,comm,deptno FROM scott.emp WHERE empno=?
DEBUG [http-nio-8080-exec-7] - ==> Parameters: 1(Integer)
DEBUG [http-nio-8080-exec-7] - ==> Parameters: 1(Integer)
TRACE [http-nio-8080-exec-7] - <==    Columns: EMPNO, ENAME, JOB, MGR, HIREDATE, SAL, COMM, DEPTNO
TRACE [http-nio-8080-exec-7] - <==    Columns: EMPNO, ENAME, JOB, MGR, HIREDATE, SAL, COMM, DEPTNO
TRACE [http-nio-8080-exec-7] - <==        Row: 1, King Down, Manager, 1, 2024-10-01 00:00:00, 5000, null, 11
TRACE [http-nio-8080-exec-7] - <==        Row: 1, King Down, Manager, 1, 2024-10-01 00:00:00, 5000, null, 11
DEBUG [http-nio-8080-exec-7] - <==      Total: 1
DEBUG [http-nio-8080-exec-7] - <==      Total: 1
