DEBUG [http-nio-8080-exec-4] - ==>  Preparing: SELECT count(0) FROM scott.emp WHERE (Sal LIKE ? AND Ename LIKE ? AND Comm LIKE ?)
DEBUG [http-nio-8080-exec-4] - ==>  Preparing: SELECT count(0) FROM scott.emp WHERE (Sal LIKE ? AND Ename LIKE ? AND Comm LIKE ?)
DEBUG [http-nio-8080-exec-4] - ==> Parameters: %1000%(String), %de%(String), %100%(String)
DEBUG [http-nio-8080-exec-4] - ==> Parameters: %1000%(String), %de%(String), %100%(String)
TRACE [http-nio-8080-exec-4] - <==    Columns: COUNT(0)
TRACE [http-nio-8080-exec-4] - <==    Columns: COUNT(0)
TRACE [http-nio-8080-exec-4] - <==        Row: 5000
TRACE [http-nio-8080-exec-4] - <==        Row: 5000
DEBUG [http-nio-8080-exec-4] - <==      Total: 1
DEBUG [http-nio-8080-exec-4] - <==      Total: 1
DEBUG [http-nio-8080-exec-4] - ==>  Preparing: SELECT * FROM ( SELECT TMP_PAGE.*, ROWNUM PAGEHELPER_ROW_ID FROM ( SELECT empno,ename,job,mgr,hiredate,sal,comm,deptno FROM scott.emp WHERE (Sal LIKE ? AND Ename LIKE ? AND Comm LIKE ?) ) TMP_PAGE) WHERE PAGEHELPER_ROW_ID <= ? AND PAGEHELPER_ROW_ID > ?
DEBUG [http-nio-8080-exec-4] - ==>  Preparing: SELECT * FROM ( SELECT TMP_PAGE.*, ROWNUM PAGEHELPER_ROW_ID FROM ( SELECT empno,ename,job,mgr,hiredate,sal,comm,deptno FROM scott.emp WHERE (Sal LIKE ? AND Ename LIKE ? AND Comm LIKE ?) ) TMP_PAGE) WHERE PAGEHELPER_ROW_ID <= ? AND PAGEHELPER_ROW_ID > ?
DEBUG [http-nio-8080-exec-4] - ==> Parameters: %1000%(String), %de%(String), %100%(String), 15(Long), 0(Long)
DEBUG [http-nio-8080-exec-4] - ==> Parameters: %1000%(String), %de%(String), %100%(String), 15(Long), 0(Long)
TRACE [http-nio-8080-exec-4] - <==    Columns: EMPNO, ENAME, JOB, MGR, HIREDATE, SAL, COMM, DEPTNO, PAGEHELPER_ROW_ID
TRACE [http-nio-8080-exec-4] - <==    Columns: EMPNO, ENAME, JOB, MGR, HIREDATE, SAL, COMM, DEPTNO, PAGEHELPER_ROW_ID
TRACE [http-nio-8080-exec-4] - <==        Row: 4618, default, new, 1, 2023-10-23 18:19:43, 1000, 100, 20, 1
TRACE [http-nio-8080-exec-4] - <==        Row: 4618, default, new, 1, 2023-10-23 18:19:43, 1000, 100, 20, 1
TRACE [http-nio-8080-exec-4] - <==        Row: 4619, default, new, 1, 2023-10-23 18:19:43, 1000, 100, 20, 2
TRACE [http-nio-8080-exec-4] - <==        Row: 4619, default, new, 1, 2023-10-23 18:19:43, 1000, 100, 20, 2
TRACE [http-nio-8080-exec-4] - <==        Row: 4620, default, new, 1, 2023-10-23 18:19:43, 1000, 100, 20, 3
TRACE [http-nio-8080-exec-4] - <==        Row: 4620, default, new, 1, 2023-10-23 18:19:43, 1000, 100, 20, 3
TRACE [http-nio-8080-exec-4] - <==        Row: 4621, default, new, 1, 2023-10-23 18:19:43, 1000, 100, 20, 4
TRACE [http-nio-8080-exec-4] - <==        Row: 4621, default, new, 1, 2023-10-23 18:19:43, 1000, 100, 20, 4
TRACE [http-nio-8080-exec-4] - <==        Row: 4622, default, new, 1, 2023-10-23 18:19:43, 1000, 100, 20, 5
TRACE [http-nio-8080-exec-4] - <==        Row: 4622, default, new, 1, 2023-10-23 18:19:43, 1000, 100, 20, 5
TRACE [http-nio-8080-exec-4] - <==        Row: 4623, default, new, 1, 2023-10-23 18:19:43, 1000, 100, 20, 6
TRACE [http-nio-8080-exec-4] - <==        Row: 4623, default, new, 1, 2023-10-23 18:19:43, 1000, 100, 20, 6
TRACE [http-nio-8080-exec-4] - <==        Row: 4624, default, new, 1, 2023-10-23 18:19:43, 1000, 100, 20, 7
TRACE [http-nio-8080-exec-4] - <==        Row: 4624, default, new, 1, 2023-10-23 18:19:43, 1000, 100, 20, 7
TRACE [http-nio-8080-exec-4] - <==        Row: 4625, default, new, 1, 2023-10-23 18:19:43, 1000, 100, 20, 8
TRACE [http-nio-8080-exec-4] - <==        Row: 4625, default, new, 1, 2023-10-23 18:19:43, 1000, 100, 20, 8
TRACE [http-nio-8080-exec-4] - <==        Row: 4626, default, new, 1, 2023-10-23 18:19:43, 1000, 100, 20, 9
TRACE [http-nio-8080-exec-4] - <==        Row: 4626, default, new, 1, 2023-10-23 18:19:43, 1000, 100, 20, 9
TRACE [http-nio-8080-exec-4] - <==        Row: 4627, default, new, 1, 2023-10-23 18:19:43, 1000, 100, 20, 10
TRACE [http-nio-8080-exec-4] - <==        Row: 4627, default, new, 1, 2023-10-23 18:19:43, 1000, 100, 20, 10
TRACE [http-nio-8080-exec-4] - <==        Row: 4628, default, new, 1, 2023-10-23 18:19:43, 1000, 100, 20, 11
TRACE [http-nio-8080-exec-4] - <==        Row: 4628, default, new, 1, 2023-10-23 18:19:43, 1000, 100, 20, 11
TRACE [http-nio-8080-exec-4] - <==        Row: 4629, default, new, 1, 2023-10-23 18:19:43, 1000, 100, 20, 12
TRACE [http-nio-8080-exec-4] - <==        Row: 4629, default, new, 1, 2023-10-23 18:19:43, 1000, 100, 20, 12
TRACE [http-nio-8080-exec-4] - <==        Row: 4630, default, new, 1, 2023-10-23 18:19:43, 1000, 100, 20, 13
TRACE [http-nio-8080-exec-4] - <==        Row: 4630, default, new, 1, 2023-10-23 18:19:43, 1000, 100, 20, 13
TRACE [http-nio-8080-exec-4] - <==        Row: 4631, default, new, 1, 2023-10-23 18:19:43, 1000, 100, 20, 14
TRACE [http-nio-8080-exec-4] - <==        Row: 4631, default, new, 1, 2023-10-23 18:19:43, 1000, 100, 20, 14
TRACE [http-nio-8080-exec-4] - <==        Row: 4632, default, new, 1, 2023-10-23 18:19:43, 1000, 100, 20, 15
TRACE [http-nio-8080-exec-4] - <==        Row: 4632, default, new, 1, 2023-10-23 18:19:43, 1000, 100, 20, 15
DEBUG [http-nio-8080-exec-4] - <==      Total: 15
DEBUG [http-nio-8080-exec-4] - <==      Total: 15
DEBUG [main] - ==>  Preparing: SELECT count(0) FROM scott.emp
DEBUG [main] - ==>  Preparing: SELECT count(0) FROM scott.emp
DEBUG [main] - ==> Parameters: 
DEBUG [main] - ==> Parameters: 
TRACE [main] - <==    Columns: COUNT(0)
TRACE [main] - <==    Columns: COUNT(0)
TRACE [main] - <==        Row: 5100
TRACE [main] - <==        Row: 5100
DEBUG [main] - <==      Total: 1
DEBUG [main] - <==      Total: 1
DEBUG [main] - ==>  Preparing: SELECT * FROM ( SELECT TMP_PAGE.*, ROWNUM PAGEHELPER_ROW_ID FROM ( SELECT empno,ename,job,mgr,hiredate,sal,comm,deptno FROM scott.emp ) TMP_PAGE) WHERE PAGEHELPER_ROW_ID <= ? AND PAGEHELPER_ROW_ID > ?
DEBUG [main] - ==>  Preparing: SELECT * FROM ( SELECT TMP_PAGE.*, ROWNUM PAGEHELPER_ROW_ID FROM ( SELECT empno,ename,job,mgr,hiredate,sal,comm,deptno FROM scott.emp ) TMP_PAGE) WHERE PAGEHELPER_ROW_ID <= ? AND PAGEHELPER_ROW_ID > ?
DEBUG [main] - ==> Parameters: 15(Long), 0(Long)
DEBUG [main] - ==> Parameters: 15(Long), 0(Long)
TRACE [main] - <==    Columns: EMPNO, ENAME, JOB, MGR, HIREDATE, SAL, COMM, DEPTNO, PAGEHELPER_ROW_ID
TRACE [main] - <==    Columns: EMPNO, ENAME, JOB, MGR, HIREDATE, SAL, COMM, DEPTNO, PAGEHELPER_ROW_ID
TRACE [main] - <==        Row: 4618, default, new, 1, 2023-10-23 18:19:43, 1000, 100, 20, 1
TRACE [main] - <==        Row: 4618, default, new, 1, 2023-10-23 18:19:43, 1000, 100, 20, 1
TRACE [main] - <==        Row: 4619, default, new, 1, 2023-10-23 18:19:43, 1000, 100, 20, 2
TRACE [main] - <==        Row: 4619, default, new, 1, 2023-10-23 18:19:43, 1000, 100, 20, 2
TRACE [main] - <==        Row: 4620, default, new, 1, 2023-10-23 18:19:43, 1000, 100, 20, 3
TRACE [main] - <==        Row: 4620, default, new, 1, 2023-10-23 18:19:43, 1000, 100, 20, 3
TRACE [main] - <==        Row: 4621, default, new, 1, 2023-10-23 18:19:43, 1000, 100, 20, 4
TRACE [main] - <==        Row: 4621, default, new, 1, 2023-10-23 18:19:43, 1000, 100, 20, 4
TRACE [main] - <==        Row: 4622, default, new, 1, 2023-10-23 18:19:43, 1000, 100, 20, 5
TRACE [main] - <==        Row: 4622, default, new, 1, 2023-10-23 18:19:43, 1000, 100, 20, 5
TRACE [main] - <==        Row: 4623, default, new, 1, 2023-10-23 18:19:43, 1000, 100, 20, 6
TRACE [main] - <==        Row: 4623, default, new, 1, 2023-10-23 18:19:43, 1000, 100, 20, 6
TRACE [main] - <==        Row: 4624, default, new, 1, 2023-10-23 18:19:43, 1000, 100, 20, 7
TRACE [main] - <==        Row: 4624, default, new, 1, 2023-10-23 18:19:43, 1000, 100, 20, 7
TRACE [main] - <==        Row: 4625, default, new, 1, 2023-10-23 18:19:43, 1000, 100, 20, 8
TRACE [main] - <==        Row: 4625, default, new, 1, 2023-10-23 18:19:43, 1000, 100, 20, 8
TRACE [main] - <==        Row: 4626, default, new, 1, 2023-10-23 18:19:43, 1000, 100, 20, 9
TRACE [main] - <==        Row: 4626, default, new, 1, 2023-10-23 18:19:43, 1000, 100, 20, 9
TRACE [main] - <==        Row: 4627, default, new, 1, 2023-10-23 18:19:43, 1000, 100, 20, 10
TRACE [main] - <==        Row: 4627, default, new, 1, 2023-10-23 18:19:43, 1000, 100, 20, 10
TRACE [main] - <==        Row: 4628, default, new, 1, 2023-10-23 18:19:43, 1000, 100, 20, 11
TRACE [main] - <==        Row: 4628, default, new, 1, 2023-10-23 18:19:43, 1000, 100, 20, 11
TRACE [main] - <==        Row: 4629, default, new, 1, 2023-10-23 18:19:43, 1000, 100, 20, 12
TRACE [main] - <==        Row: 4629, default, new, 1, 2023-10-23 18:19:43, 1000, 100, 20, 12
TRACE [main] - <==        Row: 4630, default, new, 1, 2023-10-23 18:19:43, 1000, 100, 20, 13
TRACE [main] - <==        Row: 4630, default, new, 1, 2023-10-23 18:19:43, 1000, 100, 20, 13
TRACE [main] - <==        Row: 4631, default, new, 1, 2023-10-23 18:19:43, 1000, 100, 20, 14
TRACE [main] - <==        Row: 4631, default, new, 1, 2023-10-23 18:19:43, 1000, 100, 20, 14
TRACE [main] - <==        Row: 4632, default, new, 1, 2023-10-23 18:19:43, 1000, 100, 20, 15
TRACE [main] - <==        Row: 4632, default, new, 1, 2023-10-23 18:19:43, 1000, 100, 20, 15
DEBUG [main] - <==      Total: 15
DEBUG [main] - <==      Total: 15
DEBUG [main] - ==>  Preparing: SELECT count(0) FROM scott.emp
DEBUG [main] - ==>  Preparing: SELECT count(0) FROM scott.emp
DEBUG [main] - ==> Parameters: 
DEBUG [main] - ==> Parameters: 
TRACE [main] - <==    Columns: COUNT(0)
TRACE [main] - <==    Columns: COUNT(0)
TRACE [main] - <==        Row: 5100
TRACE [main] - <==        Row: 5100
DEBUG [main] - <==      Total: 1
DEBUG [main] - <==      Total: 1
DEBUG [main] - ==>  Preparing: SELECT * FROM ( SELECT TMP_PAGE.*, ROWNUM PAGEHELPER_ROW_ID FROM ( SELECT empno,ename,job,mgr,hiredate,sal,comm,deptno FROM scott.emp ) TMP_PAGE) WHERE PAGEHELPER_ROW_ID <= ? AND PAGEHELPER_ROW_ID > ?
DEBUG [main] - ==>  Preparing: SELECT * FROM ( SELECT TMP_PAGE.*, ROWNUM PAGEHELPER_ROW_ID FROM ( SELECT empno,ename,job,mgr,hiredate,sal,comm,deptno FROM scott.emp ) TMP_PAGE) WHERE PAGEHELPER_ROW_ID <= ? AND PAGEHELPER_ROW_ID > ?
DEBUG [main] - ==> Parameters: 15(Long), 0(Long)
DEBUG [main] - ==> Parameters: 15(Long), 0(Long)
TRACE [main] - <==    Columns: EMPNO, ENAME, JOB, MGR, HIREDATE, SAL, COMM, DEPTNO, PAGEHELPER_ROW_ID
TRACE [main] - <==    Columns: EMPNO, ENAME, JOB, MGR, HIREDATE, SAL, COMM, DEPTNO, PAGEHELPER_ROW_ID
TRACE [main] - <==        Row: 4618, default, new, 1, 2023-10-23 18:19:43, 1000, 100, 20, 1
TRACE [main] - <==        Row: 4618, default, new, 1, 2023-10-23 18:19:43, 1000, 100, 20, 1
TRACE [main] - <==        Row: 4619, default, new, 1, 2023-10-23 18:19:43, 1000, 100, 20, 2
TRACE [main] - <==        Row: 4619, default, new, 1, 2023-10-23 18:19:43, 1000, 100, 20, 2
TRACE [main] - <==        Row: 4620, default, new, 1, 2023-10-23 18:19:43, 1000, 100, 20, 3
TRACE [main] - <==        Row: 4620, default, new, 1, 2023-10-23 18:19:43, 1000, 100, 20, 3
TRACE [main] - <==        Row: 4621, default, new, 1, 2023-10-23 18:19:43, 1000, 100, 20, 4
TRACE [main] - <==        Row: 4621, default, new, 1, 2023-10-23 18:19:43, 1000, 100, 20, 4
TRACE [main] - <==        Row: 4622, default, new, 1, 2023-10-23 18:19:43, 1000, 100, 20, 5
TRACE [main] - <==        Row: 4622, default, new, 1, 2023-10-23 18:19:43, 1000, 100, 20, 5
TRACE [main] - <==        Row: 4623, default, new, 1, 2023-10-23 18:19:43, 1000, 100, 20, 6
TRACE [main] - <==        Row: 4623, default, new, 1, 2023-10-23 18:19:43, 1000, 100, 20, 6
TRACE [main] - <==        Row: 4624, default, new, 1, 2023-10-23 18:19:43, 1000, 100, 20, 7
TRACE [main] - <==        Row: 4624, default, new, 1, 2023-10-23 18:19:43, 1000, 100, 20, 7
TRACE [main] - <==        Row: 4625, default, new, 1, 2023-10-23 18:19:43, 1000, 100, 20, 8
TRACE [main] - <==        Row: 4625, default, new, 1, 2023-10-23 18:19:43, 1000, 100, 20, 8
TRACE [main] - <==        Row: 4626, default, new, 1, 2023-10-23 18:19:43, 1000, 100, 20, 9
TRACE [main] - <==        Row: 4626, default, new, 1, 2023-10-23 18:19:43, 1000, 100, 20, 9
TRACE [main] - <==        Row: 4627, default, new, 1, 2023-10-23 18:19:43, 1000, 100, 20, 10
TRACE [main] - <==        Row: 4627, default, new, 1, 2023-10-23 18:19:43, 1000, 100, 20, 10
TRACE [main] - <==        Row: 4628, default, new, 1, 2023-10-23 18:19:43, 1000, 100, 20, 11
TRACE [main] - <==        Row: 4628, default, new, 1, 2023-10-23 18:19:43, 1000, 100, 20, 11
TRACE [main] - <==        Row: 4629, default, new, 1, 2023-10-23 18:19:43, 1000, 100, 20, 12
TRACE [main] - <==        Row: 4629, default, new, 1, 2023-10-23 18:19:43, 1000, 100, 20, 12
TRACE [main] - <==        Row: 4630, default, new, 1, 2023-10-23 18:19:43, 1000, 100, 20, 13
TRACE [main] - <==        Row: 4630, default, new, 1, 2023-10-23 18:19:43, 1000, 100, 20, 13
TRACE [main] - <==        Row: 4631, default, new, 1, 2023-10-23 18:19:43, 1000, 100, 20, 14
TRACE [main] - <==        Row: 4631, default, new, 1, 2023-10-23 18:19:43, 1000, 100, 20, 14
TRACE [main] - <==        Row: 4632, default, new, 1, 2023-10-23 18:19:43, 1000, 100, 20, 15
TRACE [main] - <==        Row: 4632, default, new, 1, 2023-10-23 18:19:43, 1000, 100, 20, 15
DEBUG [main] - <==      Total: 15
DEBUG [main] - <==      Total: 15
DEBUG [main] - ==>  Preparing: SELECT count(0) FROM scott.emp
DEBUG [main] - ==>  Preparing: SELECT count(0) FROM scott.emp
DEBUG [main] - ==> Parameters: 
DEBUG [main] - ==> Parameters: 
TRACE [main] - <==    Columns: COUNT(0)
TRACE [main] - <==    Columns: COUNT(0)
TRACE [main] - <==        Row: 5100
TRACE [main] - <==        Row: 5100
DEBUG [main] - <==      Total: 1
DEBUG [main] - <==      Total: 1
DEBUG [main] - ==>  Preparing: SELECT * FROM ( SELECT TMP_PAGE.*, ROWNUM PAGEHELPER_ROW_ID FROM ( SELECT empno,ename,job,mgr,hiredate,sal,comm,deptno FROM scott.emp ) TMP_PAGE) WHERE PAGEHELPER_ROW_ID <= ? AND PAGEHELPER_ROW_ID > ?
DEBUG [main] - ==>  Preparing: SELECT * FROM ( SELECT TMP_PAGE.*, ROWNUM PAGEHELPER_ROW_ID FROM ( SELECT empno,ename,job,mgr,hiredate,sal,comm,deptno FROM scott.emp ) TMP_PAGE) WHERE PAGEHELPER_ROW_ID <= ? AND PAGEHELPER_ROW_ID > ?
DEBUG [main] - ==> Parameters: 15(Long), 0(Long)
DEBUG [main] - ==> Parameters: 15(Long), 0(Long)
TRACE [main] - <==    Columns: EMPNO, ENAME, JOB, MGR, HIREDATE, SAL, COMM, DEPTNO, PAGEHELPER_ROW_ID
TRACE [main] - <==    Columns: EMPNO, ENAME, JOB, MGR, HIREDATE, SAL, COMM, DEPTNO, PAGEHELPER_ROW_ID
TRACE [main] - <==        Row: 4618, default, new, 1, 2023-10-23 18:19:43, 1000, 100, 20, 1
TRACE [main] - <==        Row: 4618, default, new, 1, 2023-10-23 18:19:43, 1000, 100, 20, 1
TRACE [main] - <==        Row: 4619, default, new, 1, 2023-10-23 18:19:43, 1000, 100, 20, 2
TRACE [main] - <==        Row: 4619, default, new, 1, 2023-10-23 18:19:43, 1000, 100, 20, 2
TRACE [main] - <==        Row: 4620, default, new, 1, 2023-10-23 18:19:43, 1000, 100, 20, 3
TRACE [main] - <==        Row: 4620, default, new, 1, 2023-10-23 18:19:43, 1000, 100, 20, 3
TRACE [main] - <==        Row: 4621, default, new, 1, 2023-10-23 18:19:43, 1000, 100, 20, 4
TRACE [main] - <==        Row: 4621, default, new, 1, 2023-10-23 18:19:43, 1000, 100, 20, 4
TRACE [main] - <==        Row: 4622, default, new, 1, 2023-10-23 18:19:43, 1000, 100, 20, 5
TRACE [main] - <==        Row: 4622, default, new, 1, 2023-10-23 18:19:43, 1000, 100, 20, 5
TRACE [main] - <==        Row: 4623, default, new, 1, 2023-10-23 18:19:43, 1000, 100, 20, 6
TRACE [main] - <==        Row: 4623, default, new, 1, 2023-10-23 18:19:43, 1000, 100, 20, 6
TRACE [main] - <==        Row: 4624, default, new, 1, 2023-10-23 18:19:43, 1000, 100, 20, 7
TRACE [main] - <==        Row: 4624, default, new, 1, 2023-10-23 18:19:43, 1000, 100, 20, 7
TRACE [main] - <==        Row: 4625, default, new, 1, 2023-10-23 18:19:43, 1000, 100, 20, 8
TRACE [main] - <==        Row: 4625, default, new, 1, 2023-10-23 18:19:43, 1000, 100, 20, 8
TRACE [main] - <==        Row: 4626, default, new, 1, 2023-10-23 18:19:43, 1000, 100, 20, 9
TRACE [main] - <==        Row: 4626, default, new, 1, 2023-10-23 18:19:43, 1000, 100, 20, 9
TRACE [main] - <==        Row: 4627, default, new, 1, 2023-10-23 18:19:43, 1000, 100, 20, 10
TRACE [main] - <==        Row: 4627, default, new, 1, 2023-10-23 18:19:43, 1000, 100, 20, 10
TRACE [main] - <==        Row: 4628, default, new, 1, 2023-10-23 18:19:43, 1000, 100, 20, 11
TRACE [main] - <==        Row: 4628, default, new, 1, 2023-10-23 18:19:43, 1000, 100, 20, 11
TRACE [main] - <==        Row: 4629, default, new, 1, 2023-10-23 18:19:43, 1000, 100, 20, 12
TRACE [main] - <==        Row: 4629, default, new, 1, 2023-10-23 18:19:43, 1000, 100, 20, 12
TRACE [main] - <==        Row: 4630, default, new, 1, 2023-10-23 18:19:43, 1000, 100, 20, 13
TRACE [main] - <==        Row: 4630, default, new, 1, 2023-10-23 18:19:43, 1000, 100, 20, 13
TRACE [main] - <==        Row: 4631, default, new, 1, 2023-10-23 18:19:43, 1000, 100, 20, 14
TRACE [main] - <==        Row: 4631, default, new, 1, 2023-10-23 18:19:43, 1000, 100, 20, 14
TRACE [main] - <==        Row: 4632, default, new, 1, 2023-10-23 18:19:43, 1000, 100, 20, 15
TRACE [main] - <==        Row: 4632, default, new, 1, 2023-10-23 18:19:43, 1000, 100, 20, 15
DEBUG [main] - <==      Total: 15
DEBUG [main] - <==      Total: 15
DEBUG [main] - ==>  Preparing: SELECT count(0) FROM scott.emp
DEBUG [main] - ==>  Preparing: SELECT count(0) FROM scott.emp
DEBUG [main] - ==> Parameters: 
DEBUG [main] - ==> Parameters: 
TRACE [main] - <==    Columns: COUNT(0)
TRACE [main] - <==    Columns: COUNT(0)
TRACE [main] - <==        Row: 5100
TRACE [main] - <==        Row: 5100
DEBUG [main] - <==      Total: 1
DEBUG [main] - <==      Total: 1
DEBUG [main] - ==>  Preparing: SELECT * FROM ( SELECT TMP_PAGE.*, ROWNUM PAGEHELPER_ROW_ID FROM ( SELECT empno,ename,job,mgr,hiredate,sal,comm,deptno FROM scott.emp ) TMP_PAGE) WHERE PAGEHELPER_ROW_ID <= ? AND PAGEHELPER_ROW_ID > ?
DEBUG [main] - ==>  Preparing: SELECT * FROM ( SELECT TMP_PAGE.*, ROWNUM PAGEHELPER_ROW_ID FROM ( SELECT empno,ename,job,mgr,hiredate,sal,comm,deptno FROM scott.emp ) TMP_PAGE) WHERE PAGEHELPER_ROW_ID <= ? AND PAGEHELPER_ROW_ID > ?
DEBUG [main] - ==> Parameters: 15(Long), 0(Long)
DEBUG [main] - ==> Parameters: 15(Long), 0(Long)
TRACE [main] - <==    Columns: EMPNO, ENAME, JOB, MGR, HIREDATE, SAL, COMM, DEPTNO, PAGEHELPER_ROW_ID
TRACE [main] - <==    Columns: EMPNO, ENAME, JOB, MGR, HIREDATE, SAL, COMM, DEPTNO, PAGEHELPER_ROW_ID
TRACE [main] - <==        Row: 4618, default, new, 1, 2023-10-23 18:19:43, 1000, 100, 20, 1
TRACE [main] - <==        Row: 4618, default, new, 1, 2023-10-23 18:19:43, 1000, 100, 20, 1
TRACE [main] - <==        Row: 4619, default, new, 1, 2023-10-23 18:19:43, 1000, 100, 20, 2
TRACE [main] - <==        Row: 4619, default, new, 1, 2023-10-23 18:19:43, 1000, 100, 20, 2
TRACE [main] - <==        Row: 4620, default, new, 1, 2023-10-23 18:19:43, 1000, 100, 20, 3
TRACE [main] - <==        Row: 4620, default, new, 1, 2023-10-23 18:19:43, 1000, 100, 20, 3
TRACE [main] - <==        Row: 4621, default, new, 1, 2023-10-23 18:19:43, 1000, 100, 20, 4
TRACE [main] - <==        Row: 4621, default, new, 1, 2023-10-23 18:19:43, 1000, 100, 20, 4
TRACE [main] - <==        Row: 4622, default, new, 1, 2023-10-23 18:19:43, 1000, 100, 20, 5
TRACE [main] - <==        Row: 4622, default, new, 1, 2023-10-23 18:19:43, 1000, 100, 20, 5
TRACE [main] - <==        Row: 4623, default, new, 1, 2023-10-23 18:19:43, 1000, 100, 20, 6
TRACE [main] - <==        Row: 4623, default, new, 1, 2023-10-23 18:19:43, 1000, 100, 20, 6
TRACE [main] - <==        Row: 4624, default, new, 1, 2023-10-23 18:19:43, 1000, 100, 20, 7
TRACE [main] - <==        Row: 4624, default, new, 1, 2023-10-23 18:19:43, 1000, 100, 20, 7
TRACE [main] - <==        Row: 4625, default, new, 1, 2023-10-23 18:19:43, 1000, 100, 20, 8
TRACE [main] - <==        Row: 4625, default, new, 1, 2023-10-23 18:19:43, 1000, 100, 20, 8
TRACE [main] - <==        Row: 4626, default, new, 1, 2023-10-23 18:19:43, 1000, 100, 20, 9
TRACE [main] - <==        Row: 4626, default, new, 1, 2023-10-23 18:19:43, 1000, 100, 20, 9
TRACE [main] - <==        Row: 4627, default, new, 1, 2023-10-23 18:19:43, 1000, 100, 20, 10
TRACE [main] - <==        Row: 4627, default, new, 1, 2023-10-23 18:19:43, 1000, 100, 20, 10
TRACE [main] - <==        Row: 4628, default, new, 1, 2023-10-23 18:19:43, 1000, 100, 20, 11
TRACE [main] - <==        Row: 4628, default, new, 1, 2023-10-23 18:19:43, 1000, 100, 20, 11
TRACE [main] - <==        Row: 4629, default, new, 1, 2023-10-23 18:19:43, 1000, 100, 20, 12
TRACE [main] - <==        Row: 4629, default, new, 1, 2023-10-23 18:19:43, 1000, 100, 20, 12
TRACE [main] - <==        Row: 4630, default, new, 1, 2023-10-23 18:19:43, 1000, 100, 20, 13
TRACE [main] - <==        Row: 4630, default, new, 1, 2023-10-23 18:19:43, 1000, 100, 20, 13
TRACE [main] - <==        Row: 4631, default, new, 1, 2023-10-23 18:19:43, 1000, 100, 20, 14
TRACE [main] - <==        Row: 4631, default, new, 1, 2023-10-23 18:19:43, 1000, 100, 20, 14
TRACE [main] - <==        Row: 4632, default, new, 1, 2023-10-23 18:19:43, 1000, 100, 20, 15
TRACE [main] - <==        Row: 4632, default, new, 1, 2023-10-23 18:19:43, 1000, 100, 20, 15
DEBUG [main] - <==      Total: 15
DEBUG [main] - <==      Total: 15
DEBUG [main] - ==>  Preparing: SELECT count(0) FROM scott.emp
DEBUG [main] - ==>  Preparing: SELECT count(0) FROM scott.emp
DEBUG [main] - ==> Parameters: 
DEBUG [main] - ==> Parameters: 
TRACE [main] - <==    Columns: COUNT(0)
TRACE [main] - <==    Columns: COUNT(0)
TRACE [main] - <==        Row: 5100
TRACE [main] - <==        Row: 5100
DEBUG [main] - <==      Total: 1
DEBUG [main] - <==      Total: 1
DEBUG [main] - ==>  Preparing: SELECT * FROM ( SELECT TMP_PAGE.*, ROWNUM PAGEHELPER_ROW_ID FROM ( SELECT empno,ename,job,mgr,hiredate,sal,comm,deptno FROM scott.emp ) TMP_PAGE) WHERE PAGEHELPER_ROW_ID <= ? AND PAGEHELPER_ROW_ID > ?
DEBUG [main] - ==>  Preparing: SELECT * FROM ( SELECT TMP_PAGE.*, ROWNUM PAGEHELPER_ROW_ID FROM ( SELECT empno,ename,job,mgr,hiredate,sal,comm,deptno FROM scott.emp ) TMP_PAGE) WHERE PAGEHELPER_ROW_ID <= ? AND PAGEHELPER_ROW_ID > ?
DEBUG [main] - ==> Parameters: 15(Long), 0(Long)
DEBUG [main] - ==> Parameters: 15(Long), 0(Long)
TRACE [main] - <==    Columns: EMPNO, ENAME, JOB, MGR, HIREDATE, SAL, COMM, DEPTNO, PAGEHELPER_ROW_ID
TRACE [main] - <==    Columns: EMPNO, ENAME, JOB, MGR, HIREDATE, SAL, COMM, DEPTNO, PAGEHELPER_ROW_ID
TRACE [main] - <==        Row: 4618, default, new, 1, 2023-10-23 18:19:43, 1000, 100, 20, 1
TRACE [main] - <==        Row: 4618, default, new, 1, 2023-10-23 18:19:43, 1000, 100, 20, 1
TRACE [main] - <==        Row: 4619, default, new, 1, 2023-10-23 18:19:43, 1000, 100, 20, 2
TRACE [main] - <==        Row: 4619, default, new, 1, 2023-10-23 18:19:43, 1000, 100, 20, 2
TRACE [main] - <==        Row: 4620, default, new, 1, 2023-10-23 18:19:43, 1000, 100, 20, 3
TRACE [main] - <==        Row: 4620, default, new, 1, 2023-10-23 18:19:43, 1000, 100, 20, 3
TRACE [main] - <==        Row: 4621, default, new, 1, 2023-10-23 18:19:43, 1000, 100, 20, 4
TRACE [main] - <==        Row: 4621, default, new, 1, 2023-10-23 18:19:43, 1000, 100, 20, 4
TRACE [main] - <==        Row: 4622, default, new, 1, 2023-10-23 18:19:43, 1000, 100, 20, 5
TRACE [main] - <==        Row: 4622, default, new, 1, 2023-10-23 18:19:43, 1000, 100, 20, 5
TRACE [main] - <==        Row: 4623, default, new, 1, 2023-10-23 18:19:43, 1000, 100, 20, 6
TRACE [main] - <==        Row: 4623, default, new, 1, 2023-10-23 18:19:43, 1000, 100, 20, 6
TRACE [main] - <==        Row: 4624, default, new, 1, 2023-10-23 18:19:43, 1000, 100, 20, 7
TRACE [main] - <==        Row: 4624, default, new, 1, 2023-10-23 18:19:43, 1000, 100, 20, 7
TRACE [main] - <==        Row: 4625, default, new, 1, 2023-10-23 18:19:43, 1000, 100, 20, 8
TRACE [main] - <==        Row: 4625, default, new, 1, 2023-10-23 18:19:43, 1000, 100, 20, 8
TRACE [main] - <==        Row: 4626, default, new, 1, 2023-10-23 18:19:43, 1000, 100, 20, 9
TRACE [main] - <==        Row: 4626, default, new, 1, 2023-10-23 18:19:43, 1000, 100, 20, 9
TRACE [main] - <==        Row: 4627, default, new, 1, 2023-10-23 18:19:43, 1000, 100, 20, 10
TRACE [main] - <==        Row: 4627, default, new, 1, 2023-10-23 18:19:43, 1000, 100, 20, 10
TRACE [main] - <==        Row: 4628, default, new, 1, 2023-10-23 18:19:43, 1000, 100, 20, 11
TRACE [main] - <==        Row: 4628, default, new, 1, 2023-10-23 18:19:43, 1000, 100, 20, 11
TRACE [main] - <==        Row: 4629, default, new, 1, 2023-10-23 18:19:43, 1000, 100, 20, 12
TRACE [main] - <==        Row: 4629, default, new, 1, 2023-10-23 18:19:43, 1000, 100, 20, 12
TRACE [main] - <==        Row: 4630, default, new, 1, 2023-10-23 18:19:43, 1000, 100, 20, 13
TRACE [main] - <==        Row: 4630, default, new, 1, 2023-10-23 18:19:43, 1000, 100, 20, 13
TRACE [main] - <==        Row: 4631, default, new, 1, 2023-10-23 18:19:43, 1000, 100, 20, 14
TRACE [main] - <==        Row: 4631, default, new, 1, 2023-10-23 18:19:43, 1000, 100, 20, 14
TRACE [main] - <==        Row: 4632, default, new, 1, 2023-10-23 18:19:43, 1000, 100, 20, 15
TRACE [main] - <==        Row: 4632, default, new, 1, 2023-10-23 18:19:43, 1000, 100, 20, 15
DEBUG [main] - <==      Total: 15
DEBUG [main] - <==      Total: 15
DEBUG [main] - ==>  Preparing: SELECT count(0) FROM scott.emp
DEBUG [main] - ==>  Preparing: SELECT count(0) FROM scott.emp
DEBUG [main] - ==> Parameters: 
DEBUG [main] - ==> Parameters: 
TRACE [main] - <==    Columns: COUNT(0)
TRACE [main] - <==    Columns: COUNT(0)
TRACE [main] - <==        Row: 5100
TRACE [main] - <==        Row: 5100
DEBUG [main] - <==      Total: 1
DEBUG [main] - <==      Total: 1
DEBUG [main] - ==>  Preparing: SELECT * FROM ( SELECT TMP_PAGE.*, ROWNUM PAGEHELPER_ROW_ID FROM ( SELECT empno,ename,job,mgr,hiredate,sal,comm,deptno FROM scott.emp ) TMP_PAGE) WHERE PAGEHELPER_ROW_ID <= ? AND PAGEHELPER_ROW_ID > ?
DEBUG [main] - ==>  Preparing: SELECT * FROM ( SELECT TMP_PAGE.*, ROWNUM PAGEHELPER_ROW_ID FROM ( SELECT empno,ename,job,mgr,hiredate,sal,comm,deptno FROM scott.emp ) TMP_PAGE) WHERE PAGEHELPER_ROW_ID <= ? AND PAGEHELPER_ROW_ID > ?
DEBUG [main] - ==> Parameters: 15(Long), 0(Long)
DEBUG [main] - ==> Parameters: 15(Long), 0(Long)
TRACE [main] - <==    Columns: EMPNO, ENAME, JOB, MGR, HIREDATE, SAL, COMM, DEPTNO, PAGEHELPER_ROW_ID
TRACE [main] - <==    Columns: EMPNO, ENAME, JOB, MGR, HIREDATE, SAL, COMM, DEPTNO, PAGEHELPER_ROW_ID
TRACE [main] - <==        Row: 4618, default, new, 1, 2023-10-23 18:19:43, 1000, 100, 20, 1
TRACE [main] - <==        Row: 4618, default, new, 1, 2023-10-23 18:19:43, 1000, 100, 20, 1
TRACE [main] - <==        Row: 4619, default, new, 1, 2023-10-23 18:19:43, 1000, 100, 20, 2
TRACE [main] - <==        Row: 4619, default, new, 1, 2023-10-23 18:19:43, 1000, 100, 20, 2
TRACE [main] - <==        Row: 4620, default, new, 1, 2023-10-23 18:19:43, 1000, 100, 20, 3
TRACE [main] - <==        Row: 4620, default, new, 1, 2023-10-23 18:19:43, 1000, 100, 20, 3
TRACE [main] - <==        Row: 4621, default, new, 1, 2023-10-23 18:19:43, 1000, 100, 20, 4
TRACE [main] - <==        Row: 4621, default, new, 1, 2023-10-23 18:19:43, 1000, 100, 20, 4
TRACE [main] - <==        Row: 4622, default, new, 1, 2023-10-23 18:19:43, 1000, 100, 20, 5
TRACE [main] - <==        Row: 4622, default, new, 1, 2023-10-23 18:19:43, 1000, 100, 20, 5
TRACE [main] - <==        Row: 4623, default, new, 1, 2023-10-23 18:19:43, 1000, 100, 20, 6
TRACE [main] - <==        Row: 4623, default, new, 1, 2023-10-23 18:19:43, 1000, 100, 20, 6
TRACE [main] - <==        Row: 4624, default, new, 1, 2023-10-23 18:19:43, 1000, 100, 20, 7
TRACE [main] - <==        Row: 4624, default, new, 1, 2023-10-23 18:19:43, 1000, 100, 20, 7
TRACE [main] - <==        Row: 4625, default, new, 1, 2023-10-23 18:19:43, 1000, 100, 20, 8
TRACE [main] - <==        Row: 4625, default, new, 1, 2023-10-23 18:19:43, 1000, 100, 20, 8
TRACE [main] - <==        Row: 4626, default, new, 1, 2023-10-23 18:19:43, 1000, 100, 20, 9
TRACE [main] - <==        Row: 4626, default, new, 1, 2023-10-23 18:19:43, 1000, 100, 20, 9
TRACE [main] - <==        Row: 4627, default, new, 1, 2023-10-23 18:19:43, 1000, 100, 20, 10
TRACE [main] - <==        Row: 4627, default, new, 1, 2023-10-23 18:19:43, 1000, 100, 20, 10
TRACE [main] - <==        Row: 4628, default, new, 1, 2023-10-23 18:19:43, 1000, 100, 20, 11
TRACE [main] - <==        Row: 4628, default, new, 1, 2023-10-23 18:19:43, 1000, 100, 20, 11
TRACE [main] - <==        Row: 4629, default, new, 1, 2023-10-23 18:19:43, 1000, 100, 20, 12
TRACE [main] - <==        Row: 4629, default, new, 1, 2023-10-23 18:19:43, 1000, 100, 20, 12
TRACE [main] - <==        Row: 4630, default, new, 1, 2023-10-23 18:19:43, 1000, 100, 20, 13
TRACE [main] - <==        Row: 4630, default, new, 1, 2023-10-23 18:19:43, 1000, 100, 20, 13
TRACE [main] - <==        Row: 4631, default, new, 1, 2023-10-23 18:19:43, 1000, 100, 20, 14
TRACE [main] - <==        Row: 4631, default, new, 1, 2023-10-23 18:19:43, 1000, 100, 20, 14
TRACE [main] - <==        Row: 4632, default, new, 1, 2023-10-23 18:19:43, 1000, 100, 20, 15
TRACE [main] - <==        Row: 4632, default, new, 1, 2023-10-23 18:19:43, 1000, 100, 20, 15
DEBUG [main] - <==      Total: 15
DEBUG [main] - <==      Total: 15
DEBUG [main] - ==>  Preparing: SELECT count(0) FROM scott.emp
DEBUG [main] - ==>  Preparing: SELECT count(0) FROM scott.emp
DEBUG [main] - ==> Parameters: 
DEBUG [main] - ==> Parameters: 
TRACE [main] - <==    Columns: COUNT(0)
TRACE [main] - <==    Columns: COUNT(0)
TRACE [main] - <==        Row: 5100
TRACE [main] - <==        Row: 5100
DEBUG [main] - <==      Total: 1
DEBUG [main] - <==      Total: 1
DEBUG [main] - ==>  Preparing: SELECT * FROM ( SELECT TMP_PAGE.*, ROWNUM PAGEHELPER_ROW_ID FROM ( SELECT empno,ename,job,mgr,hiredate,sal,comm,deptno FROM scott.emp ) TMP_PAGE) WHERE PAGEHELPER_ROW_ID <= ? AND PAGEHELPER_ROW_ID > ?
DEBUG [main] - ==>  Preparing: SELECT * FROM ( SELECT TMP_PAGE.*, ROWNUM PAGEHELPER_ROW_ID FROM ( SELECT empno,ename,job,mgr,hiredate,sal,comm,deptno FROM scott.emp ) TMP_PAGE) WHERE PAGEHELPER_ROW_ID <= ? AND PAGEHELPER_ROW_ID > ?
DEBUG [main] - ==> Parameters: 15(Long), 0(Long)
DEBUG [main] - ==> Parameters: 15(Long), 0(Long)
TRACE [main] - <==    Columns: EMPNO, ENAME, JOB, MGR, HIREDATE, SAL, COMM, DEPTNO, PAGEHELPER_ROW_ID
TRACE [main] - <==    Columns: EMPNO, ENAME, JOB, MGR, HIREDATE, SAL, COMM, DEPTNO, PAGEHELPER_ROW_ID
TRACE [main] - <==        Row: 4618, default, new, 1, 2023-10-23 18:19:43, 1000, 100, 20, 1
TRACE [main] - <==        Row: 4618, default, new, 1, 2023-10-23 18:19:43, 1000, 100, 20, 1
TRACE [main] - <==        Row: 4619, default, new, 1, 2023-10-23 18:19:43, 1000, 100, 20, 2
TRACE [main] - <==        Row: 4619, default, new, 1, 2023-10-23 18:19:43, 1000, 100, 20, 2
TRACE [main] - <==        Row: 4620, default, new, 1, 2023-10-23 18:19:43, 1000, 100, 20, 3
TRACE [main] - <==        Row: 4620, default, new, 1, 2023-10-23 18:19:43, 1000, 100, 20, 3
TRACE [main] - <==        Row: 4621, default, new, 1, 2023-10-23 18:19:43, 1000, 100, 20, 4
TRACE [main] - <==        Row: 4621, default, new, 1, 2023-10-23 18:19:43, 1000, 100, 20, 4
TRACE [main] - <==        Row: 4622, default, new, 1, 2023-10-23 18:19:43, 1000, 100, 20, 5
TRACE [main] - <==        Row: 4622, default, new, 1, 2023-10-23 18:19:43, 1000, 100, 20, 5
TRACE [main] - <==        Row: 4623, default, new, 1, 2023-10-23 18:19:43, 1000, 100, 20, 6
TRACE [main] - <==        Row: 4623, default, new, 1, 2023-10-23 18:19:43, 1000, 100, 20, 6
TRACE [main] - <==        Row: 4624, default, new, 1, 2023-10-23 18:19:43, 1000, 100, 20, 7
TRACE [main] - <==        Row: 4624, default, new, 1, 2023-10-23 18:19:43, 1000, 100, 20, 7
TRACE [main] - <==        Row: 4625, default, new, 1, 2023-10-23 18:19:43, 1000, 100, 20, 8
TRACE [main] - <==        Row: 4625, default, new, 1, 2023-10-23 18:19:43, 1000, 100, 20, 8
TRACE [main] - <==        Row: 4626, default, new, 1, 2023-10-23 18:19:43, 1000, 100, 20, 9
TRACE [main] - <==        Row: 4626, default, new, 1, 2023-10-23 18:19:43, 1000, 100, 20, 9
TRACE [main] - <==        Row: 4627, default, new, 1, 2023-10-23 18:19:43, 1000, 100, 20, 10
TRACE [main] - <==        Row: 4627, default, new, 1, 2023-10-23 18:19:43, 1000, 100, 20, 10
TRACE [main] - <==        Row: 4628, default, new, 1, 2023-10-23 18:19:43, 1000, 100, 20, 11
TRACE [main] - <==        Row: 4628, default, new, 1, 2023-10-23 18:19:43, 1000, 100, 20, 11
TRACE [main] - <==        Row: 4629, default, new, 1, 2023-10-23 18:19:43, 1000, 100, 20, 12
TRACE [main] - <==        Row: 4629, default, new, 1, 2023-10-23 18:19:43, 1000, 100, 20, 12
TRACE [main] - <==        Row: 4630, default, new, 1, 2023-10-23 18:19:43, 1000, 100, 20, 13
TRACE [main] - <==        Row: 4630, default, new, 1, 2023-10-23 18:19:43, 1000, 100, 20, 13
TRACE [main] - <==        Row: 4631, default, new, 1, 2023-10-23 18:19:43, 1000, 100, 20, 14
TRACE [main] - <==        Row: 4631, default, new, 1, 2023-10-23 18:19:43, 1000, 100, 20, 14
TRACE [main] - <==        Row: 4632, default, new, 1, 2023-10-23 18:19:43, 1000, 100, 20, 15
TRACE [main] - <==        Row: 4632, default, new, 1, 2023-10-23 18:19:43, 1000, 100, 20, 15
DEBUG [main] - <==      Total: 15
DEBUG [main] - <==      Total: 15
DEBUG [main] - ==>  Preparing: SELECT count(0) FROM scott.emp
DEBUG [main] - ==>  Preparing: SELECT count(0) FROM scott.emp
DEBUG [main] - ==> Parameters: 
DEBUG [main] - ==> Parameters: 
TRACE [main] - <==    Columns: COUNT(0)
TRACE [main] - <==    Columns: COUNT(0)
TRACE [main] - <==        Row: 5100
TRACE [main] - <==        Row: 5100
DEBUG [main] - <==      Total: 1
DEBUG [main] - <==      Total: 1
DEBUG [main] - ==>  Preparing: SELECT * FROM ( SELECT TMP_PAGE.*, ROWNUM PAGEHELPER_ROW_ID FROM ( SELECT empno,ename,job,mgr,hiredate,sal,comm,deptno FROM scott.emp ) TMP_PAGE) WHERE PAGEHELPER_ROW_ID <= ? AND PAGEHELPER_ROW_ID > ?
DEBUG [main] - ==>  Preparing: SELECT * FROM ( SELECT TMP_PAGE.*, ROWNUM PAGEHELPER_ROW_ID FROM ( SELECT empno,ename,job,mgr,hiredate,sal,comm,deptno FROM scott.emp ) TMP_PAGE) WHERE PAGEHELPER_ROW_ID <= ? AND PAGEHELPER_ROW_ID > ?
DEBUG [main] - ==> Parameters: 15(Long), 0(Long)
DEBUG [main] - ==> Parameters: 15(Long), 0(Long)
TRACE [main] - <==    Columns: EMPNO, ENAME, JOB, MGR, HIREDATE, SAL, COMM, DEPTNO, PAGEHELPER_ROW_ID
TRACE [main] - <==    Columns: EMPNO, ENAME, JOB, MGR, HIREDATE, SAL, COMM, DEPTNO, PAGEHELPER_ROW_ID
TRACE [main] - <==        Row: 4618, default, new, 1, 2023-10-23 18:19:43, 1000, 100, 20, 1
TRACE [main] - <==        Row: 4618, default, new, 1, 2023-10-23 18:19:43, 1000, 100, 20, 1
TRACE [main] - <==        Row: 4619, default, new, 1, 2023-10-23 18:19:43, 1000, 100, 20, 2
TRACE [main] - <==        Row: 4619, default, new, 1, 2023-10-23 18:19:43, 1000, 100, 20, 2
TRACE [main] - <==        Row: 4620, default, new, 1, 2023-10-23 18:19:43, 1000, 100, 20, 3
TRACE [main] - <==        Row: 4620, default, new, 1, 2023-10-23 18:19:43, 1000, 100, 20, 3
TRACE [main] - <==        Row: 4621, default, new, 1, 2023-10-23 18:19:43, 1000, 100, 20, 4
TRACE [main] - <==        Row: 4621, default, new, 1, 2023-10-23 18:19:43, 1000, 100, 20, 4
TRACE [main] - <==        Row: 4622, default, new, 1, 2023-10-23 18:19:43, 1000, 100, 20, 5
TRACE [main] - <==        Row: 4622, default, new, 1, 2023-10-23 18:19:43, 1000, 100, 20, 5
TRACE [main] - <==        Row: 4623, default, new, 1, 2023-10-23 18:19:43, 1000, 100, 20, 6
TRACE [main] - <==        Row: 4623, default, new, 1, 2023-10-23 18:19:43, 1000, 100, 20, 6
TRACE [main] - <==        Row: 4624, default, new, 1, 2023-10-23 18:19:43, 1000, 100, 20, 7
TRACE [main] - <==        Row: 4624, default, new, 1, 2023-10-23 18:19:43, 1000, 100, 20, 7
TRACE [main] - <==        Row: 4625, default, new, 1, 2023-10-23 18:19:43, 1000, 100, 20, 8
TRACE [main] - <==        Row: 4625, default, new, 1, 2023-10-23 18:19:43, 1000, 100, 20, 8
TRACE [main] - <==        Row: 4626, default, new, 1, 2023-10-23 18:19:43, 1000, 100, 20, 9
TRACE [main] - <==        Row: 4626, default, new, 1, 2023-10-23 18:19:43, 1000, 100, 20, 9
TRACE [main] - <==        Row: 4627, default, new, 1, 2023-10-23 18:19:43, 1000, 100, 20, 10
TRACE [main] - <==        Row: 4627, default, new, 1, 2023-10-23 18:19:43, 1000, 100, 20, 10
TRACE [main] - <==        Row: 4628, default, new, 1, 2023-10-23 18:19:43, 1000, 100, 20, 11
TRACE [main] - <==        Row: 4628, default, new, 1, 2023-10-23 18:19:43, 1000, 100, 20, 11
TRACE [main] - <==        Row: 4629, default, new, 1, 2023-10-23 18:19:43, 1000, 100, 20, 12
TRACE [main] - <==        Row: 4629, default, new, 1, 2023-10-23 18:19:43, 1000, 100, 20, 12
TRACE [main] - <==        Row: 4630, default, new, 1, 2023-10-23 18:19:43, 1000, 100, 20, 13
TRACE [main] - <==        Row: 4630, default, new, 1, 2023-10-23 18:19:43, 1000, 100, 20, 13
TRACE [main] - <==        Row: 4631, default, new, 1, 2023-10-23 18:19:43, 1000, 100, 20, 14
TRACE [main] - <==        Row: 4631, default, new, 1, 2023-10-23 18:19:43, 1000, 100, 20, 14
TRACE [main] - <==        Row: 4632, default, new, 1, 2023-10-23 18:19:43, 1000, 100, 20, 15
TRACE [main] - <==        Row: 4632, default, new, 1, 2023-10-23 18:19:43, 1000, 100, 20, 15
DEBUG [main] - <==      Total: 15
DEBUG [main] - <==      Total: 15
DEBUG [main] - ==>  Preparing: SELECT count(0) FROM scott.emp
DEBUG [main] - ==>  Preparing: SELECT count(0) FROM scott.emp
DEBUG [main] - ==> Parameters: 
DEBUG [main] - ==> Parameters: 
TRACE [main] - <==    Columns: COUNT(0)
TRACE [main] - <==    Columns: COUNT(0)
TRACE [main] - <==        Row: 5100
TRACE [main] - <==        Row: 5100
DEBUG [main] - <==      Total: 1
DEBUG [main] - <==      Total: 1
DEBUG [main] - ==>  Preparing: SELECT * FROM ( SELECT TMP_PAGE.*, ROWNUM PAGEHELPER_ROW_ID FROM ( SELECT empno,ename,job,mgr,hiredate,sal,comm,deptno FROM scott.emp ) TMP_PAGE) WHERE PAGEHELPER_ROW_ID <= ? AND PAGEHELPER_ROW_ID > ?
DEBUG [main] - ==>  Preparing: SELECT * FROM ( SELECT TMP_PAGE.*, ROWNUM PAGEHELPER_ROW_ID FROM ( SELECT empno,ename,job,mgr,hiredate,sal,comm,deptno FROM scott.emp ) TMP_PAGE) WHERE PAGEHELPER_ROW_ID <= ? AND PAGEHELPER_ROW_ID > ?
DEBUG [main] - ==> Parameters: 15(Long), 0(Long)
DEBUG [main] - ==> Parameters: 15(Long), 0(Long)
TRACE [main] - <==    Columns: EMPNO, ENAME, JOB, MGR, HIREDATE, SAL, COMM, DEPTNO, PAGEHELPER_ROW_ID
TRACE [main] - <==    Columns: EMPNO, ENAME, JOB, MGR, HIREDATE, SAL, COMM, DEPTNO, PAGEHELPER_ROW_ID
TRACE [main] - <==        Row: 4618, default, new, 1, 2023-10-23 18:19:43, 1000, 100, 20, 1
TRACE [main] - <==        Row: 4618, default, new, 1, 2023-10-23 18:19:43, 1000, 100, 20, 1
TRACE [main] - <==        Row: 4619, default, new, 1, 2023-10-23 18:19:43, 1000, 100, 20, 2
TRACE [main] - <==        Row: 4619, default, new, 1, 2023-10-23 18:19:43, 1000, 100, 20, 2
TRACE [main] - <==        Row: 4620, default, new, 1, 2023-10-23 18:19:43, 1000, 100, 20, 3
TRACE [main] - <==        Row: 4620, default, new, 1, 2023-10-23 18:19:43, 1000, 100, 20, 3
TRACE [main] - <==        Row: 4621, default, new, 1, 2023-10-23 18:19:43, 1000, 100, 20, 4
TRACE [main] - <==        Row: 4621, default, new, 1, 2023-10-23 18:19:43, 1000, 100, 20, 4
TRACE [main] - <==        Row: 4622, default, new, 1, 2023-10-23 18:19:43, 1000, 100, 20, 5
TRACE [main] - <==        Row: 4622, default, new, 1, 2023-10-23 18:19:43, 1000, 100, 20, 5
TRACE [main] - <==        Row: 4623, default, new, 1, 2023-10-23 18:19:43, 1000, 100, 20, 6
TRACE [main] - <==        Row: 4623, default, new, 1, 2023-10-23 18:19:43, 1000, 100, 20, 6
TRACE [main] - <==        Row: 4624, default, new, 1, 2023-10-23 18:19:43, 1000, 100, 20, 7
TRACE [main] - <==        Row: 4624, default, new, 1, 2023-10-23 18:19:43, 1000, 100, 20, 7
TRACE [main] - <==        Row: 4625, default, new, 1, 2023-10-23 18:19:43, 1000, 100, 20, 8
TRACE [main] - <==        Row: 4625, default, new, 1, 2023-10-23 18:19:43, 1000, 100, 20, 8
TRACE [main] - <==        Row: 4626, default, new, 1, 2023-10-23 18:19:43, 1000, 100, 20, 9
TRACE [main] - <==        Row: 4626, default, new, 1, 2023-10-23 18:19:43, 1000, 100, 20, 9
TRACE [main] - <==        Row: 4627, default, new, 1, 2023-10-23 18:19:43, 1000, 100, 20, 10
TRACE [main] - <==        Row: 4627, default, new, 1, 2023-10-23 18:19:43, 1000, 100, 20, 10
TRACE [main] - <==        Row: 4628, default, new, 1, 2023-10-23 18:19:43, 1000, 100, 20, 11
TRACE [main] - <==        Row: 4628, default, new, 1, 2023-10-23 18:19:43, 1000, 100, 20, 11
TRACE [main] - <==        Row: 4629, default, new, 1, 2023-10-23 18:19:43, 1000, 100, 20, 12
TRACE [main] - <==        Row: 4629, default, new, 1, 2023-10-23 18:19:43, 1000, 100, 20, 12
TRACE [main] - <==        Row: 4630, default, new, 1, 2023-10-23 18:19:43, 1000, 100, 20, 13
TRACE [main] - <==        Row: 4630, default, new, 1, 2023-10-23 18:19:43, 1000, 100, 20, 13
TRACE [main] - <==        Row: 4631, default, new, 1, 2023-10-23 18:19:43, 1000, 100, 20, 14
TRACE [main] - <==        Row: 4631, default, new, 1, 2023-10-23 18:19:43, 1000, 100, 20, 14
TRACE [main] - <==        Row: 4632, default, new, 1, 2023-10-23 18:19:43, 1000, 100, 20, 15
TRACE [main] - <==        Row: 4632, default, new, 1, 2023-10-23 18:19:43, 1000, 100, 20, 15
DEBUG [main] - <==      Total: 15
DEBUG [main] - <==      Total: 15
DEBUG [main] - ==>  Preparing: SELECT count(0) FROM scott.emp
DEBUG [main] - ==>  Preparing: SELECT count(0) FROM scott.emp
DEBUG [main] - ==> Parameters: 
DEBUG [main] - ==> Parameters: 
TRACE [main] - <==    Columns: COUNT(0)
TRACE [main] - <==    Columns: COUNT(0)
TRACE [main] - <==        Row: 5100
TRACE [main] - <==        Row: 5100
DEBUG [main] - <==      Total: 1
DEBUG [main] - <==      Total: 1
DEBUG [main] - ==>  Preparing: SELECT * FROM ( SELECT TMP_PAGE.*, ROWNUM PAGEHELPER_ROW_ID FROM ( SELECT empno,ename,job,mgr,hiredate,sal,comm,deptno FROM scott.emp ) TMP_PAGE) WHERE PAGEHELPER_ROW_ID <= ? AND PAGEHELPER_ROW_ID > ?
DEBUG [main] - ==>  Preparing: SELECT * FROM ( SELECT TMP_PAGE.*, ROWNUM PAGEHELPER_ROW_ID FROM ( SELECT empno,ename,job,mgr,hiredate,sal,comm,deptno FROM scott.emp ) TMP_PAGE) WHERE PAGEHELPER_ROW_ID <= ? AND PAGEHELPER_ROW_ID > ?
DEBUG [main] - ==> Parameters: 15(Long), 0(Long)
DEBUG [main] - ==> Parameters: 15(Long), 0(Long)
TRACE [main] - <==    Columns: EMPNO, ENAME, JOB, MGR, HIREDATE, SAL, COMM, DEPTNO, PAGEHELPER_ROW_ID
TRACE [main] - <==    Columns: EMPNO, ENAME, JOB, MGR, HIREDATE, SAL, COMM, DEPTNO, PAGEHELPER_ROW_ID
TRACE [main] - <==        Row: 4618, default, new, 1, 2023-10-23 18:19:43, 1000, 100, 20, 1
TRACE [main] - <==        Row: 4618, default, new, 1, 2023-10-23 18:19:43, 1000, 100, 20, 1
TRACE [main] - <==        Row: 4619, default, new, 1, 2023-10-23 18:19:43, 1000, 100, 20, 2
TRACE [main] - <==        Row: 4619, default, new, 1, 2023-10-23 18:19:43, 1000, 100, 20, 2
TRACE [main] - <==        Row: 4620, default, new, 1, 2023-10-23 18:19:43, 1000, 100, 20, 3
TRACE [main] - <==        Row: 4620, default, new, 1, 2023-10-23 18:19:43, 1000, 100, 20, 3
TRACE [main] - <==        Row: 4621, default, new, 1, 2023-10-23 18:19:43, 1000, 100, 20, 4
TRACE [main] - <==        Row: 4621, default, new, 1, 2023-10-23 18:19:43, 1000, 100, 20, 4
TRACE [main] - <==        Row: 4622, default, new, 1, 2023-10-23 18:19:43, 1000, 100, 20, 5
TRACE [main] - <==        Row: 4622, default, new, 1, 2023-10-23 18:19:43, 1000, 100, 20, 5
TRACE [main] - <==        Row: 4623, default, new, 1, 2023-10-23 18:19:43, 1000, 100, 20, 6
TRACE [main] - <==        Row: 4623, default, new, 1, 2023-10-23 18:19:43, 1000, 100, 20, 6
TRACE [main] - <==        Row: 4624, default, new, 1, 2023-10-23 18:19:43, 1000, 100, 20, 7
TRACE [main] - <==        Row: 4624, default, new, 1, 2023-10-23 18:19:43, 1000, 100, 20, 7
TRACE [main] - <==        Row: 4625, default, new, 1, 2023-10-23 18:19:43, 1000, 100, 20, 8
TRACE [main] - <==        Row: 4625, default, new, 1, 2023-10-23 18:19:43, 1000, 100, 20, 8
TRACE [main] - <==        Row: 4626, default, new, 1, 2023-10-23 18:19:43, 1000, 100, 20, 9
TRACE [main] - <==        Row: 4626, default, new, 1, 2023-10-23 18:19:43, 1000, 100, 20, 9
TRACE [main] - <==        Row: 4627, default, new, 1, 2023-10-23 18:19:43, 1000, 100, 20, 10
TRACE [main] - <==        Row: 4627, default, new, 1, 2023-10-23 18:19:43, 1000, 100, 20, 10
TRACE [main] - <==        Row: 4628, default, new, 1, 2023-10-23 18:19:43, 1000, 100, 20, 11
TRACE [main] - <==        Row: 4628, default, new, 1, 2023-10-23 18:19:43, 1000, 100, 20, 11
TRACE [main] - <==        Row: 4629, default, new, 1, 2023-10-23 18:19:43, 1000, 100, 20, 12
TRACE [main] - <==        Row: 4629, default, new, 1, 2023-10-23 18:19:43, 1000, 100, 20, 12
TRACE [main] - <==        Row: 4630, default, new, 1, 2023-10-23 18:19:43, 1000, 100, 20, 13
TRACE [main] - <==        Row: 4630, default, new, 1, 2023-10-23 18:19:43, 1000, 100, 20, 13
TRACE [main] - <==        Row: 4631, default, new, 1, 2023-10-23 18:19:43, 1000, 100, 20, 14
TRACE [main] - <==        Row: 4631, default, new, 1, 2023-10-23 18:19:43, 1000, 100, 20, 14
TRACE [main] - <==        Row: 4632, default, new, 1, 2023-10-23 18:19:43, 1000, 100, 20, 15
TRACE [main] - <==        Row: 4632, default, new, 1, 2023-10-23 18:19:43, 1000, 100, 20, 15
DEBUG [main] - <==      Total: 15
DEBUG [main] - <==      Total: 15
DEBUG [main] - ==>  Preparing: SELECT count(0) FROM scott.emp
DEBUG [main] - ==>  Preparing: SELECT count(0) FROM scott.emp
DEBUG [main] - ==> Parameters: 
DEBUG [main] - ==> Parameters: 
TRACE [main] - <==    Columns: COUNT(0)
TRACE [main] - <==    Columns: COUNT(0)
TRACE [main] - <==        Row: 5100
TRACE [main] - <==        Row: 5100
DEBUG [main] - <==      Total: 1
DEBUG [main] - <==      Total: 1
DEBUG [main] - ==>  Preparing: SELECT * FROM ( SELECT TMP_PAGE.*, ROWNUM PAGEHELPER_ROW_ID FROM ( SELECT empno,ename,job,mgr,hiredate,sal,comm,deptno FROM scott.emp ) TMP_PAGE) WHERE PAGEHELPER_ROW_ID <= ? AND PAGEHELPER_ROW_ID > ?
DEBUG [main] - ==>  Preparing: SELECT * FROM ( SELECT TMP_PAGE.*, ROWNUM PAGEHELPER_ROW_ID FROM ( SELECT empno,ename,job,mgr,hiredate,sal,comm,deptno FROM scott.emp ) TMP_PAGE) WHERE PAGEHELPER_ROW_ID <= ? AND PAGEHELPER_ROW_ID > ?
DEBUG [main] - ==> Parameters: 15(Long), 0(Long)
DEBUG [main] - ==> Parameters: 15(Long), 0(Long)
TRACE [main] - <==    Columns: EMPNO, ENAME, JOB, MGR, HIREDATE, SAL, COMM, DEPTNO, PAGEHELPER_ROW_ID
TRACE [main] - <==    Columns: EMPNO, ENAME, JOB, MGR, HIREDATE, SAL, COMM, DEPTNO, PAGEHELPER_ROW_ID
TRACE [main] - <==        Row: 4618, default, new, 1, 2023-10-23 18:19:43, 1000, 100, 20, 1
TRACE [main] - <==        Row: 4618, default, new, 1, 2023-10-23 18:19:43, 1000, 100, 20, 1
TRACE [main] - <==        Row: 4619, default, new, 1, 2023-10-23 18:19:43, 1000, 100, 20, 2
TRACE [main] - <==        Row: 4619, default, new, 1, 2023-10-23 18:19:43, 1000, 100, 20, 2
TRACE [main] - <==        Row: 4620, default, new, 1, 2023-10-23 18:19:43, 1000, 100, 20, 3
TRACE [main] - <==        Row: 4620, default, new, 1, 2023-10-23 18:19:43, 1000, 100, 20, 3
TRACE [main] - <==        Row: 4621, default, new, 1, 2023-10-23 18:19:43, 1000, 100, 20, 4
TRACE [main] - <==        Row: 4621, default, new, 1, 2023-10-23 18:19:43, 1000, 100, 20, 4
TRACE [main] - <==        Row: 4622, default, new, 1, 2023-10-23 18:19:43, 1000, 100, 20, 5
TRACE [main] - <==        Row: 4622, default, new, 1, 2023-10-23 18:19:43, 1000, 100, 20, 5
TRACE [main] - <==        Row: 4623, default, new, 1, 2023-10-23 18:19:43, 1000, 100, 20, 6
TRACE [main] - <==        Row: 4623, default, new, 1, 2023-10-23 18:19:43, 1000, 100, 20, 6
TRACE [main] - <==        Row: 4624, default, new, 1, 2023-10-23 18:19:43, 1000, 100, 20, 7
TRACE [main] - <==        Row: 4624, default, new, 1, 2023-10-23 18:19:43, 1000, 100, 20, 7
TRACE [main] - <==        Row: 4625, default, new, 1, 2023-10-23 18:19:43, 1000, 100, 20, 8
TRACE [main] - <==        Row: 4625, default, new, 1, 2023-10-23 18:19:43, 1000, 100, 20, 8
TRACE [main] - <==        Row: 4626, default, new, 1, 2023-10-23 18:19:43, 1000, 100, 20, 9
TRACE [main] - <==        Row: 4626, default, new, 1, 2023-10-23 18:19:43, 1000, 100, 20, 9
TRACE [main] - <==        Row: 4627, default, new, 1, 2023-10-23 18:19:43, 1000, 100, 20, 10
TRACE [main] - <==        Row: 4627, default, new, 1, 2023-10-23 18:19:43, 1000, 100, 20, 10
TRACE [main] - <==        Row: 4628, default, new, 1, 2023-10-23 18:19:43, 1000, 100, 20, 11
TRACE [main] - <==        Row: 4628, default, new, 1, 2023-10-23 18:19:43, 1000, 100, 20, 11
TRACE [main] - <==        Row: 4629, default, new, 1, 2023-10-23 18:19:43, 1000, 100, 20, 12
TRACE [main] - <==        Row: 4629, default, new, 1, 2023-10-23 18:19:43, 1000, 100, 20, 12
TRACE [main] - <==        Row: 4630, default, new, 1, 2023-10-23 18:19:43, 1000, 100, 20, 13
TRACE [main] - <==        Row: 4630, default, new, 1, 2023-10-23 18:19:43, 1000, 100, 20, 13
TRACE [main] - <==        Row: 4631, default, new, 1, 2023-10-23 18:19:43, 1000, 100, 20, 14
TRACE [main] - <==        Row: 4631, default, new, 1, 2023-10-23 18:19:43, 1000, 100, 20, 14
TRACE [main] - <==        Row: 4632, default, new, 1, 2023-10-23 18:19:43, 1000, 100, 20, 15
TRACE [main] - <==        Row: 4632, default, new, 1, 2023-10-23 18:19:43, 1000, 100, 20, 15
DEBUG [main] - <==      Total: 15
DEBUG [main] - <==      Total: 15
DEBUG [main] - ==>  Preparing: SELECT count(0) FROM scott.emp
DEBUG [main] - ==>  Preparing: SELECT count(0) FROM scott.emp
DEBUG [main] - ==> Parameters: 
DEBUG [main] - ==> Parameters: 
TRACE [main] - <==    Columns: COUNT(0)
TRACE [main] - <==    Columns: COUNT(0)
TRACE [main] - <==        Row: 5100
TRACE [main] - <==        Row: 5100
DEBUG [main] - <==      Total: 1
DEBUG [main] - <==      Total: 1
DEBUG [main] - ==>  Preparing: SELECT * FROM ( SELECT TMP_PAGE.*, ROWNUM PAGEHELPER_ROW_ID FROM ( SELECT empno,ename,job,mgr,hiredate,sal,comm,deptno FROM scott.emp ) TMP_PAGE) WHERE PAGEHELPER_ROW_ID <= ? AND PAGEHELPER_ROW_ID > ?
DEBUG [main] - ==>  Preparing: SELECT * FROM ( SELECT TMP_PAGE.*, ROWNUM PAGEHELPER_ROW_ID FROM ( SELECT empno,ename,job,mgr,hiredate,sal,comm,deptno FROM scott.emp ) TMP_PAGE) WHERE PAGEHELPER_ROW_ID <= ? AND PAGEHELPER_ROW_ID > ?
DEBUG [main] - ==> Parameters: 15(Long), 0(Long)
DEBUG [main] - ==> Parameters: 15(Long), 0(Long)
TRACE [main] - <==    Columns: EMPNO, ENAME, JOB, MGR, HIREDATE, SAL, COMM, DEPTNO, PAGEHELPER_ROW_ID
TRACE [main] - <==    Columns: EMPNO, ENAME, JOB, MGR, HIREDATE, SAL, COMM, DEPTNO, PAGEHELPER_ROW_ID
TRACE [main] - <==        Row: 4618, default, new, 1, 2023-10-23 18:19:43, 1000, 100, 20, 1
TRACE [main] - <==        Row: 4618, default, new, 1, 2023-10-23 18:19:43, 1000, 100, 20, 1
TRACE [main] - <==        Row: 4619, default, new, 1, 2023-10-23 18:19:43, 1000, 100, 20, 2
TRACE [main] - <==        Row: 4619, default, new, 1, 2023-10-23 18:19:43, 1000, 100, 20, 2
TRACE [main] - <==        Row: 4620, default, new, 1, 2023-10-23 18:19:43, 1000, 100, 20, 3
TRACE [main] - <==        Row: 4620, default, new, 1, 2023-10-23 18:19:43, 1000, 100, 20, 3
TRACE [main] - <==        Row: 4621, default, new, 1, 2023-10-23 18:19:43, 1000, 100, 20, 4
TRACE [main] - <==        Row: 4621, default, new, 1, 2023-10-23 18:19:43, 1000, 100, 20, 4
TRACE [main] - <==        Row: 4622, default, new, 1, 2023-10-23 18:19:43, 1000, 100, 20, 5
TRACE [main] - <==        Row: 4622, default, new, 1, 2023-10-23 18:19:43, 1000, 100, 20, 5
TRACE [main] - <==        Row: 4623, default, new, 1, 2023-10-23 18:19:43, 1000, 100, 20, 6
TRACE [main] - <==        Row: 4623, default, new, 1, 2023-10-23 18:19:43, 1000, 100, 20, 6
TRACE [main] - <==        Row: 4624, default, new, 1, 2023-10-23 18:19:43, 1000, 100, 20, 7
TRACE [main] - <==        Row: 4624, default, new, 1, 2023-10-23 18:19:43, 1000, 100, 20, 7
TRACE [main] - <==        Row: 4625, default, new, 1, 2023-10-23 18:19:43, 1000, 100, 20, 8
TRACE [main] - <==        Row: 4625, default, new, 1, 2023-10-23 18:19:43, 1000, 100, 20, 8
TRACE [main] - <==        Row: 4626, default, new, 1, 2023-10-23 18:19:43, 1000, 100, 20, 9
TRACE [main] - <==        Row: 4626, default, new, 1, 2023-10-23 18:19:43, 1000, 100, 20, 9
TRACE [main] - <==        Row: 4627, default, new, 1, 2023-10-23 18:19:43, 1000, 100, 20, 10
TRACE [main] - <==        Row: 4627, default, new, 1, 2023-10-23 18:19:43, 1000, 100, 20, 10
TRACE [main] - <==        Row: 4628, default, new, 1, 2023-10-23 18:19:43, 1000, 100, 20, 11
TRACE [main] - <==        Row: 4628, default, new, 1, 2023-10-23 18:19:43, 1000, 100, 20, 11
TRACE [main] - <==        Row: 4629, default, new, 1, 2023-10-23 18:19:43, 1000, 100, 20, 12
TRACE [main] - <==        Row: 4629, default, new, 1, 2023-10-23 18:19:43, 1000, 100, 20, 12
TRACE [main] - <==        Row: 4630, default, new, 1, 2023-10-23 18:19:43, 1000, 100, 20, 13
TRACE [main] - <==        Row: 4630, default, new, 1, 2023-10-23 18:19:43, 1000, 100, 20, 13
TRACE [main] - <==        Row: 4631, default, new, 1, 2023-10-23 18:19:43, 1000, 100, 20, 14
TRACE [main] - <==        Row: 4631, default, new, 1, 2023-10-23 18:19:43, 1000, 100, 20, 14
TRACE [main] - <==        Row: 4632, default, new, 1, 2023-10-23 18:19:43, 1000, 100, 20, 15
TRACE [main] - <==        Row: 4632, default, new, 1, 2023-10-23 18:19:43, 1000, 100, 20, 15
DEBUG [main] - <==      Total: 15
DEBUG [main] - <==      Total: 15
DEBUG [main] - ==>  Preparing: SELECT count(0) FROM scott.emp WHERE (Ename LIKE ?)
DEBUG [main] - ==>  Preparing: SELECT count(0) FROM scott.emp WHERE (Ename LIKE ?)
DEBUG [main] - ==> Parameters: %a%(String)
DEBUG [main] - ==> Parameters: %a%(String)
TRACE [main] - <==    Columns: COUNT(0)
TRACE [main] - <==    Columns: COUNT(0)
TRACE [main] - <==        Row: 5094
TRACE [main] - <==        Row: 5094
DEBUG [main] - <==      Total: 1
DEBUG [main] - <==      Total: 1
DEBUG [main] - ==>  Preparing: SELECT * FROM ( SELECT TMP_PAGE.*, ROWNUM PAGEHELPER_ROW_ID FROM ( SELECT empno,ename,job,mgr,hiredate,sal,comm,deptno FROM scott.emp WHERE (Ename LIKE ?) ) TMP_PAGE) WHERE PAGEHELPER_ROW_ID <= ? AND PAGEHELPER_ROW_ID > ?
DEBUG [main] - ==>  Preparing: SELECT * FROM ( SELECT TMP_PAGE.*, ROWNUM PAGEHELPER_ROW_ID FROM ( SELECT empno,ename,job,mgr,hiredate,sal,comm,deptno FROM scott.emp WHERE (Ename LIKE ?) ) TMP_PAGE) WHERE PAGEHELPER_ROW_ID <= ? AND PAGEHELPER_ROW_ID > ?
DEBUG [main] - ==> Parameters: %a%(String), 15(Long), 0(Long)
DEBUG [main] - ==> Parameters: %a%(String), 15(Long), 0(Long)
TRACE [main] - <==    Columns: EMPNO, ENAME, JOB, MGR, HIREDATE, SAL, COMM, DEPTNO, PAGEHELPER_ROW_ID
TRACE [main] - <==    Columns: EMPNO, ENAME, JOB, MGR, HIREDATE, SAL, COMM, DEPTNO, PAGEHELPER_ROW_ID
TRACE [main] - <==        Row: 4618, default, new, 1, 2023-10-23 18:19:43, 1000, 100, 20, 1
TRACE [main] - <==        Row: 4618, default, new, 1, 2023-10-23 18:19:43, 1000, 100, 20, 1
TRACE [main] - <==        Row: 4619, default, new, 1, 2023-10-23 18:19:43, 1000, 100, 20, 2
TRACE [main] - <==        Row: 4619, default, new, 1, 2023-10-23 18:19:43, 1000, 100, 20, 2
TRACE [main] - <==        Row: 4620, default, new, 1, 2023-10-23 18:19:43, 1000, 100, 20, 3
TRACE [main] - <==        Row: 4620, default, new, 1, 2023-10-23 18:19:43, 1000, 100, 20, 3
TRACE [main] - <==        Row: 4621, default, new, 1, 2023-10-23 18:19:43, 1000, 100, 20, 4
TRACE [main] - <==        Row: 4621, default, new, 1, 2023-10-23 18:19:43, 1000, 100, 20, 4
TRACE [main] - <==        Row: 4622, default, new, 1, 2023-10-23 18:19:43, 1000, 100, 20, 5
TRACE [main] - <==        Row: 4622, default, new, 1, 2023-10-23 18:19:43, 1000, 100, 20, 5
TRACE [main] - <==        Row: 4623, default, new, 1, 2023-10-23 18:19:43, 1000, 100, 20, 6
TRACE [main] - <==        Row: 4623, default, new, 1, 2023-10-23 18:19:43, 1000, 100, 20, 6
TRACE [main] - <==        Row: 4624, default, new, 1, 2023-10-23 18:19:43, 1000, 100, 20, 7
TRACE [main] - <==        Row: 4624, default, new, 1, 2023-10-23 18:19:43, 1000, 100, 20, 7
TRACE [main] - <==        Row: 4625, default, new, 1, 2023-10-23 18:19:43, 1000, 100, 20, 8
TRACE [main] - <==        Row: 4625, default, new, 1, 2023-10-23 18:19:43, 1000, 100, 20, 8
TRACE [main] - <==        Row: 4626, default, new, 1, 2023-10-23 18:19:43, 1000, 100, 20, 9
TRACE [main] - <==        Row: 4626, default, new, 1, 2023-10-23 18:19:43, 1000, 100, 20, 9
TRACE [main] - <==        Row: 4627, default, new, 1, 2023-10-23 18:19:43, 1000, 100, 20, 10
TRACE [main] - <==        Row: 4627, default, new, 1, 2023-10-23 18:19:43, 1000, 100, 20, 10
TRACE [main] - <==        Row: 4628, default, new, 1, 2023-10-23 18:19:43, 1000, 100, 20, 11
TRACE [main] - <==        Row: 4628, default, new, 1, 2023-10-23 18:19:43, 1000, 100, 20, 11
TRACE [main] - <==        Row: 4629, default, new, 1, 2023-10-23 18:19:43, 1000, 100, 20, 12
TRACE [main] - <==        Row: 4629, default, new, 1, 2023-10-23 18:19:43, 1000, 100, 20, 12
TRACE [main] - <==        Row: 4630, default, new, 1, 2023-10-23 18:19:43, 1000, 100, 20, 13
TRACE [main] - <==        Row: 4630, default, new, 1, 2023-10-23 18:19:43, 1000, 100, 20, 13
TRACE [main] - <==        Row: 4631, default, new, 1, 2023-10-23 18:19:43, 1000, 100, 20, 14
TRACE [main] - <==        Row: 4631, default, new, 1, 2023-10-23 18:19:43, 1000, 100, 20, 14
TRACE [main] - <==        Row: 4632, default, new, 1, 2023-10-23 18:19:43, 1000, 100, 20, 15
TRACE [main] - <==        Row: 4632, default, new, 1, 2023-10-23 18:19:43, 1000, 100, 20, 15
DEBUG [main] - <==      Total: 15
DEBUG [main] - <==      Total: 15
