DEBUG [http-nio-8080-exec-6] - ==>  Preparing: SELECT empno,ename,job,mgr,hiredate,sal,comm,deptno FROM scott.emp WHERE empno=?
DEBUG [http-nio-8080-exec-6] - ==>  Preparing: SELECT empno,ename,job,mgr,hiredate,sal,comm,deptno FROM scott.emp WHERE empno=?
DEBUG [http-nio-8080-exec-6] - ==> Parameters: 1(Integer)
DEBUG [http-nio-8080-exec-6] - ==> Parameters: 1(Integer)
TRACE [http-nio-8080-exec-6] - <==    Columns: EMPNO, ENAME, JOB, MGR, HIREDATE, SAL, COMM, DEPTNO
TRACE [http-nio-8080-exec-6] - <==    Columns: EMPNO, ENAME, JOB, MGR, HIREDATE, SAL, COMM, DEPTNO
TRACE [http-nio-8080-exec-6] - <==        Row: 1, de, Manager, 1, 1970-01-01 00:00:00, 8099, null, 11
TRACE [http-nio-8080-exec-6] - <==        Row: 1, de, Manager, 1, 1970-01-01 00:00:00, 8099, null, 11
DEBUG [http-nio-8080-exec-6] - <==      Total: 1
DEBUG [http-nio-8080-exec-6] - <==      Total: 1
DEBUG [http-nio-8080-exec-7] - ==>  Preparing: UPDATE scott.emp SET ename=?, job=?, mgr=?, hiredate=?, sal=?, deptno=? WHERE empno=?
DEBUG [http-nio-8080-exec-7] - ==>  Preparing: UPDATE scott.emp SET ename=?, job=?, mgr=?, hiredate=?, sal=?, deptno=? WHERE empno=?
DEBUG [http-nio-8080-exec-7] - ==> Parameters: King down(String), Manager(String), 1(Integer), 1970-01-01(Date), 8099(Long), 11(Integer), 1(Integer)
DEBUG [http-nio-8080-exec-7] - ==> Parameters: King down(String), Manager(String), 1(Integer), 1970-01-01(Date), 8099(Long), 11(Integer), 1(Integer)
DEBUG [http-nio-8080-exec-7] - <==    Updates: 1
DEBUG [http-nio-8080-exec-7] - <==    Updates: 1
DEBUG [http-nio-8080-exec-8] - ==>  Preparing: UPDATE scott.emp SET ename=?, job=?, mgr=?, hiredate=?, sal=?, deptno=? WHERE empno=?
DEBUG [http-nio-8080-exec-8] - ==>  Preparing: UPDATE scott.emp SET ename=?, job=?, mgr=?, hiredate=?, sal=?, deptno=? WHERE empno=?
DEBUG [http-nio-8080-exec-8] - ==> Parameters: King Up(String), Manager(String), 1(Integer), 1970-01-01(Date), 8099(Long), 11(Integer), 1(Integer)
DEBUG [http-nio-8080-exec-8] - ==> Parameters: King Up(String), Manager(String), 1(Integer), 1970-01-01(Date), 8099(Long), 11(Integer), 1(Integer)
DEBUG [http-nio-8080-exec-8] - <==    Updates: 1
DEBUG [http-nio-8080-exec-8] - <==    Updates: 1
