DEBUG [http-nio-8080-exec-4] - ==>  Preparing: INSERT INTO scott.emp ( empno, ename, job, mgr, sal, deptno ) VALUES ( ?, ?, ?, ?, ?, ? )
DEBUG [http-nio-8080-exec-4] - ==>  Preparing: INSERT INTO scott.emp ( empno, ename, job, mgr, sal, deptno ) VALUES ( ?, ?, ?, ?, ?, ? )
DEBUG [http-nio-8080-exec-4] - ==> Parameters: 8002(Integer), de(String), Manager(String), 5(Integer), 5000(Long), 11(Integer)
DEBUG [http-nio-8080-exec-4] - ==> Parameters: 8002(Integer), de(String), Manager(String), 5(Integer), 5000(Long), 11(Integer)
DEBUG [http-nio-8080-exec-4] - <==    Updates: 1
DEBUG [http-nio-8080-exec-4] - <==    Updates: 1
DEBUG [http-nio-8080-exec-5] - ==>  Preparing: SELECT count(0) FROM scott.emp
DEBUG [http-nio-8080-exec-5] - ==>  Preparing: SELECT count(0) FROM scott.emp
DEBUG [http-nio-8080-exec-5] - ==> Parameters: 
DEBUG [http-nio-8080-exec-5] - ==> Parameters: 
TRACE [http-nio-8080-exec-5] - <==    Columns: COUNT(0)
TRACE [http-nio-8080-exec-5] - <==    Columns: COUNT(0)
TRACE [http-nio-8080-exec-5] - <==        Row: 4971
TRACE [http-nio-8080-exec-5] - <==        Row: 4971
DEBUG [http-nio-8080-exec-5] - <==      Total: 1
DEBUG [http-nio-8080-exec-5] - <==      Total: 1
DEBUG [http-nio-8080-exec-5] - ==>  Preparing: SELECT * FROM ( SELECT TMP_PAGE.*, ROWNUM PAGEHELPER_ROW_ID FROM ( SELECT empno,ename,job,mgr,hiredate,sal,comm,deptno FROM scott.emp ORDER BY empno ASC ) TMP_PAGE) WHERE PAGEHELPER_ROW_ID <= ? AND PAGEHELPER_ROW_ID > ?
DEBUG [http-nio-8080-exec-5] - ==>  Preparing: SELECT * FROM ( SELECT TMP_PAGE.*, ROWNUM PAGEHELPER_ROW_ID FROM ( SELECT empno,ename,job,mgr,hiredate,sal,comm,deptno FROM scott.emp ORDER BY empno ASC ) TMP_PAGE) WHERE PAGEHELPER_ROW_ID <= ? AND PAGEHELPER_ROW_ID > ?
DEBUG [http-nio-8080-exec-5] - ==> Parameters: 4980(Long), 4965(Long)
DEBUG [http-nio-8080-exec-5] - ==> Parameters: 4980(Long), 4965(Long)
TRACE [http-nio-8080-exec-5] - <==    Columns: EMPNO, ENAME, JOB, MGR, HIREDATE, SAL, COMM, DEPTNO, PAGEHELPER_ROW_ID
TRACE [http-nio-8080-exec-5] - <==    Columns: EMPNO, ENAME, JOB, MGR, HIREDATE, SAL, COMM, DEPTNO, PAGEHELPER_ROW_ID
TRACE [http-nio-8080-exec-5] - <==        Row: 4999, default, new, 1, 2023-10-23 18:19:43, 1000, 100, 20, 4966
TRACE [http-nio-8080-exec-5] - <==        Row: 4999, default, new, 1, 2023-10-23 18:19:43, 1000, 100, 20, 4966
TRACE [http-nio-8080-exec-5] - <==        Row: 5000, default, new, 1, 2023-10-23 18:19:43, 1000, 100, 20, 4967
TRACE [http-nio-8080-exec-5] - <==        Row: 5000, default, new, 1, 2023-10-23 18:19:43, 1000, 100, 20, 4967
TRACE [http-nio-8080-exec-5] - <==        Row: 8001, DDDD, null, null, 2024-10-01 00:00:00, 8001, null, null, 4968
TRACE [http-nio-8080-exec-5] - <==        Row: 8001, DDDD, null, null, 2024-10-01 00:00:00, 8001, null, null, 4968
TRACE [http-nio-8080-exec-5] - <==        Row: 8002, de, Manager, 5, null, 5000, null, 11, 4969
TRACE [http-nio-8080-exec-5] - <==        Row: 8002, de, Manager, 5, null, 5000, null, 11, 4969
TRACE [http-nio-8080-exec-5] - <==        Row: 8003, DDDD, null, null, 2024-10-01 00:00:00, 8001, null, null, 4970
TRACE [http-nio-8080-exec-5] - <==        Row: 8003, DDDD, null, null, 2024-10-01 00:00:00, 8001, null, null, 4970
TRACE [http-nio-8080-exec-5] - <==        Row: 8004, asdf, awef, 5, 2024-10-01 00:00:00, 5000, 100, 10, 4971
TRACE [http-nio-8080-exec-5] - <==        Row: 8004, asdf, awef, 5, 2024-10-01 00:00:00, 5000, 100, 10, 4971
DEBUG [http-nio-8080-exec-5] - <==      Total: 6
DEBUG [http-nio-8080-exec-5] - <==      Total: 6
DEBUG [http-nio-8080-exec-6] - ==>  Preparing: INSERT INTO scott.emp ( empno, ename, job, mgr, hiredate, sal, deptno ) VALUES ( ?, ?, ?, ?, ?, ?, ? )
DEBUG [http-nio-8080-exec-6] - ==>  Preparing: INSERT INTO scott.emp ( empno, ename, job, mgr, hiredate, sal, deptno ) VALUES ( ?, ?, ?, ?, ?, ?, ? )
DEBUG [http-nio-8080-exec-6] - ==> Parameters: 8002(Integer), de(String), Manager(String), 5(Integer), 1970-01-01(Date), 5000(Long), 11(Integer)
DEBUG [http-nio-8080-exec-6] - ==> Parameters: 8002(Integer), de(String), Manager(String), 5(Integer), 1970-01-01(Date), 5000(Long), 11(Integer)
DEBUG [http-nio-8080-exec-6] - <==    Updates: 1
DEBUG [http-nio-8080-exec-6] - <==    Updates: 1
DEBUG [http-nio-8080-exec-7] - ==>  Preparing: SELECT count(0) FROM scott.emp
DEBUG [http-nio-8080-exec-7] - ==>  Preparing: SELECT count(0) FROM scott.emp
DEBUG [http-nio-8080-exec-7] - ==> Parameters: 
DEBUG [http-nio-8080-exec-7] - ==> Parameters: 
TRACE [http-nio-8080-exec-7] - <==    Columns: COUNT(0)
TRACE [http-nio-8080-exec-7] - <==    Columns: COUNT(0)
TRACE [http-nio-8080-exec-7] - <==        Row: 4972
TRACE [http-nio-8080-exec-7] - <==        Row: 4972
DEBUG [http-nio-8080-exec-7] - <==      Total: 1
DEBUG [http-nio-8080-exec-7] - <==      Total: 1
DEBUG [http-nio-8080-exec-7] - ==>  Preparing: SELECT * FROM ( SELECT TMP_PAGE.*, ROWNUM PAGEHELPER_ROW_ID FROM ( SELECT empno,ename,job,mgr,hiredate,sal,comm,deptno FROM scott.emp ORDER BY empno ASC ) TMP_PAGE) WHERE PAGEHELPER_ROW_ID <= ? AND PAGEHELPER_ROW_ID > ?
DEBUG [http-nio-8080-exec-7] - ==>  Preparing: SELECT * FROM ( SELECT TMP_PAGE.*, ROWNUM PAGEHELPER_ROW_ID FROM ( SELECT empno,ename,job,mgr,hiredate,sal,comm,deptno FROM scott.emp ORDER BY empno ASC ) TMP_PAGE) WHERE PAGEHELPER_ROW_ID <= ? AND PAGEHELPER_ROW_ID > ?
DEBUG [http-nio-8080-exec-7] - ==> Parameters: 4980(Long), 4965(Long)
DEBUG [http-nio-8080-exec-7] - ==> Parameters: 4980(Long), 4965(Long)
TRACE [http-nio-8080-exec-7] - <==    Columns: EMPNO, ENAME, JOB, MGR, HIREDATE, SAL, COMM, DEPTNO, PAGEHELPER_ROW_ID
TRACE [http-nio-8080-exec-7] - <==    Columns: EMPNO, ENAME, JOB, MGR, HIREDATE, SAL, COMM, DEPTNO, PAGEHELPER_ROW_ID
TRACE [http-nio-8080-exec-7] - <==        Row: 4999, default, new, 1, 2023-10-23 18:19:43, 1000, 100, 20, 4966
TRACE [http-nio-8080-exec-7] - <==        Row: 4999, default, new, 1, 2023-10-23 18:19:43, 1000, 100, 20, 4966
TRACE [http-nio-8080-exec-7] - <==        Row: 5000, default, new, 1, 2023-10-23 18:19:43, 1000, 100, 20, 4967
TRACE [http-nio-8080-exec-7] - <==        Row: 5000, default, new, 1, 2023-10-23 18:19:43, 1000, 100, 20, 4967
TRACE [http-nio-8080-exec-7] - <==        Row: 8001, DDDD, null, null, 2024-10-01 00:00:00, 8001, null, null, 4968
TRACE [http-nio-8080-exec-7] - <==        Row: 8001, DDDD, null, null, 2024-10-01 00:00:00, 8001, null, null, 4968
TRACE [http-nio-8080-exec-7] - <==        Row: 8002, de, Manager, 5, null, 5000, null, 11, 4969
TRACE [http-nio-8080-exec-7] - <==        Row: 8002, de, Manager, 5, null, 5000, null, 11, 4969
TRACE [http-nio-8080-exec-7] - <==        Row: 8002, de, Manager, 5, 1970-01-01 08:02:03, 5000, null, 11, 4970
TRACE [http-nio-8080-exec-7] - <==        Row: 8002, de, Manager, 5, 1970-01-01 08:02:03, 5000, null, 11, 4970
TRACE [http-nio-8080-exec-7] - <==        Row: 8003, DDDD, null, null, 2024-10-01 00:00:00, 8001, null, null, 4971
TRACE [http-nio-8080-exec-7] - <==        Row: 8003, DDDD, null, null, 2024-10-01 00:00:00, 8001, null, null, 4971
TRACE [http-nio-8080-exec-7] - <==        Row: 8004, asdf, awef, 5, 2024-10-01 00:00:00, 5000, 100, 10, 4972
TRACE [http-nio-8080-exec-7] - <==        Row: 8004, asdf, awef, 5, 2024-10-01 00:00:00, 5000, 100, 10, 4972
DEBUG [http-nio-8080-exec-7] - <==      Total: 7
DEBUG [http-nio-8080-exec-7] - <==      Total: 7
