DEBUG [http-nio-8080-exec-7] - ==>  Preparing: SELECT count(0) FROM emp WHERE ename LIKE '%de%' AND job = ?
DEBUG [http-nio-8080-exec-7] - ==>  Preparing: SELECT count(0) FROM emp WHERE ename LIKE '%de%' AND job = ?
DEBUG [http-nio-8080-exec-7] - ==> Parameters: ne(String)
DEBUG [http-nio-8080-exec-7] - ==> Parameters: ne(String)
TRACE [http-nio-8080-exec-7] - <==    Columns: COUNT(0)
TRACE [http-nio-8080-exec-7] - <==    Columns: COUNT(0)
TRACE [http-nio-8080-exec-7] - <==        Row: 0
TRACE [http-nio-8080-exec-7] - <==        Row: 0
DEBUG [http-nio-8080-exec-7] - <==      Total: 1
DEBUG [http-nio-8080-exec-7] - <==      Total: 1
DEBUG [http-nio-8080-exec-8] - ==>  Preparing: SELECT count(0) FROM emp WHERE ename LIKE '%de%' AND job = ?
DEBUG [http-nio-8080-exec-8] - ==>  Preparing: SELECT count(0) FROM emp WHERE ename LIKE '%de%' AND job = ?
DEBUG [http-nio-8080-exec-8] - ==> Parameters: ne(String)
DEBUG [http-nio-8080-exec-8] - ==> Parameters: ne(String)
TRACE [http-nio-8080-exec-8] - <==    Columns: COUNT(0)
TRACE [http-nio-8080-exec-8] - <==    Columns: COUNT(0)
TRACE [http-nio-8080-exec-8] - <==        Row: 0
TRACE [http-nio-8080-exec-8] - <==        Row: 0
DEBUG [http-nio-8080-exec-8] - <==      Total: 1
DEBUG [http-nio-8080-exec-8] - <==      Total: 1
DEBUG [http-nio-8080-exec-9] - ==>  Preparing: SELECT count(0) FROM emp WHERE ename LIKE '%de%' AND job = ?
DEBUG [http-nio-8080-exec-9] - ==>  Preparing: SELECT count(0) FROM emp WHERE ename LIKE '%de%' AND job = ?
DEBUG [http-nio-8080-exec-9] - ==> Parameters: new(String)
DEBUG [http-nio-8080-exec-9] - ==> Parameters: new(String)
TRACE [http-nio-8080-exec-9] - <==    Columns: COUNT(0)
TRACE [http-nio-8080-exec-9] - <==    Columns: COUNT(0)
TRACE [http-nio-8080-exec-9] - <==        Row: 4957
TRACE [http-nio-8080-exec-9] - <==        Row: 4957
DEBUG [http-nio-8080-exec-9] - <==      Total: 1
DEBUG [http-nio-8080-exec-9] - <==      Total: 1
DEBUG [http-nio-8080-exec-9] - ==>  Preparing: SELECT * FROM ( SELECT TMP_PAGE.*, ROWNUM PAGEHELPER_ROW_ID FROM ( select * from emp WHERE ename like '%de%' and job = ? order by empno ) TMP_PAGE) WHERE PAGEHELPER_ROW_ID <= ? AND PAGEHELPER_ROW_ID > ?
DEBUG [http-nio-8080-exec-9] - ==>  Preparing: SELECT * FROM ( SELECT TMP_PAGE.*, ROWNUM PAGEHELPER_ROW_ID FROM ( select * from emp WHERE ename like '%de%' and job = ? order by empno ) TMP_PAGE) WHERE PAGEHELPER_ROW_ID <= ? AND PAGEHELPER_ROW_ID > ?
DEBUG [http-nio-8080-exec-9] - ==> Parameters: new(String), 5(Long), 0(Long)
DEBUG [http-nio-8080-exec-9] - ==> Parameters: new(String), 5(Long), 0(Long)
TRACE [http-nio-8080-exec-9] - <==    Columns: EMPNO, ENAME, JOB, MGR, HIREDATE, SAL, COMM, DEPTNO, PAGEHELPER_ROW_ID
TRACE [http-nio-8080-exec-9] - <==    Columns: EMPNO, ENAME, JOB, MGR, HIREDATE, SAL, COMM, DEPTNO, PAGEHELPER_ROW_ID
TRACE [http-nio-8080-exec-9] - <==        Row: 16, defualt, new, 1, 2023-10-19 07:24:35, 1000, 10, 20, 1
TRACE [http-nio-8080-exec-9] - <==        Row: 16, defualt, new, 1, 2023-10-19 07:24:35, 1000, 10, 20, 1
TRACE [http-nio-8080-exec-9] - <==        Row: 17, defualt, new, 1, 2023-10-19 07:24:35, 1000, 10, 20, 2
TRACE [http-nio-8080-exec-9] - <==        Row: 17, defualt, new, 1, 2023-10-19 07:24:35, 1000, 10, 20, 2
TRACE [http-nio-8080-exec-9] - <==        Row: 44, defualt, new, 1, 2023-10-19 07:24:35, 1000, 10, 20, 3
TRACE [http-nio-8080-exec-9] - <==        Row: 44, defualt, new, 1, 2023-10-19 07:24:35, 1000, 10, 20, 3
TRACE [http-nio-8080-exec-9] - <==        Row: 45, defualt, new, 1, 2023-10-19 07:24:35, 1000, 10, 20, 4
TRACE [http-nio-8080-exec-9] - <==        Row: 45, defualt, new, 1, 2023-10-19 07:24:35, 1000, 10, 20, 4
TRACE [http-nio-8080-exec-9] - <==        Row: 46, defualt, new, 1, 2023-10-19 07:24:35, 1000, 10, 20, 5
TRACE [http-nio-8080-exec-9] - <==        Row: 46, defualt, new, 1, 2023-10-19 07:24:35, 1000, 10, 20, 5
DEBUG [http-nio-8080-exec-9] - <==      Total: 5
DEBUG [http-nio-8080-exec-9] - <==      Total: 5
DEBUG [http-nio-8080-exec-10] - ==>  Preparing: SELECT count(0) FROM emp WHERE ename LIKE '%de%' AND job = ?
DEBUG [http-nio-8080-exec-10] - ==>  Preparing: SELECT count(0) FROM emp WHERE ename LIKE '%de%' AND job = ?
DEBUG [http-nio-8080-exec-10] - ==> Parameters: new(String)
DEBUG [http-nio-8080-exec-10] - ==> Parameters: new(String)
TRACE [http-nio-8080-exec-10] - <==    Columns: COUNT(0)
TRACE [http-nio-8080-exec-10] - <==    Columns: COUNT(0)
TRACE [http-nio-8080-exec-10] - <==        Row: 4957
TRACE [http-nio-8080-exec-10] - <==        Row: 4957
DEBUG [http-nio-8080-exec-10] - <==      Total: 1
DEBUG [http-nio-8080-exec-10] - <==      Total: 1
DEBUG [http-nio-8080-exec-10] - ==>  Preparing: SELECT * FROM ( SELECT TMP_PAGE.*, ROWNUM PAGEHELPER_ROW_ID FROM ( select * from emp WHERE ename like '%de%' and job = ? order by empno ) TMP_PAGE) WHERE PAGEHELPER_ROW_ID <= ? AND PAGEHELPER_ROW_ID > ?
DEBUG [http-nio-8080-exec-10] - ==>  Preparing: SELECT * FROM ( SELECT TMP_PAGE.*, ROWNUM PAGEHELPER_ROW_ID FROM ( select * from emp WHERE ename like '%de%' and job = ? order by empno ) TMP_PAGE) WHERE PAGEHELPER_ROW_ID <= ? AND PAGEHELPER_ROW_ID > ?
DEBUG [http-nio-8080-exec-10] - ==> Parameters: new(String), 10(Long), 5(Long)
DEBUG [http-nio-8080-exec-10] - ==> Parameters: new(String), 10(Long), 5(Long)
TRACE [http-nio-8080-exec-10] - <==    Columns: EMPNO, ENAME, JOB, MGR, HIREDATE, SAL, COMM, DEPTNO, PAGEHELPER_ROW_ID
TRACE [http-nio-8080-exec-10] - <==    Columns: EMPNO, ENAME, JOB, MGR, HIREDATE, SAL, COMM, DEPTNO, PAGEHELPER_ROW_ID
TRACE [http-nio-8080-exec-10] - <==        Row: 47, defualt, new, 1, 2023-10-19 07:24:35, 1000, 10, 20, 6
TRACE [http-nio-8080-exec-10] - <==        Row: 47, defualt, new, 1, 2023-10-19 07:24:35, 1000, 10, 20, 6
TRACE [http-nio-8080-exec-10] - <==        Row: 48, defualt, new, 1, 2023-10-19 07:24:35, 1000, 10, 20, 7
TRACE [http-nio-8080-exec-10] - <==        Row: 48, defualt, new, 1, 2023-10-19 07:24:35, 1000, 10, 20, 7
TRACE [http-nio-8080-exec-10] - <==        Row: 49, defualt, new, 1, 2023-10-19 07:24:35, 1000, 10, 20, 8
TRACE [http-nio-8080-exec-10] - <==        Row: 49, defualt, new, 1, 2023-10-19 07:24:35, 1000, 10, 20, 8
TRACE [http-nio-8080-exec-10] - <==        Row: 50, defualt, new, 1, 2023-10-19 07:24:35, 1000, 10, 20, 9
TRACE [http-nio-8080-exec-10] - <==        Row: 50, defualt, new, 1, 2023-10-19 07:24:35, 1000, 10, 20, 9
TRACE [http-nio-8080-exec-10] - <==        Row: 51, defualt, new, 1, 2023-10-19 07:24:35, 1000, 10, 20, 10
TRACE [http-nio-8080-exec-10] - <==        Row: 51, defualt, new, 1, 2023-10-19 07:24:35, 1000, 10, 20, 10
DEBUG [http-nio-8080-exec-10] - <==      Total: 5
DEBUG [http-nio-8080-exec-10] - <==      Total: 5
DEBUG [http-nio-8080-exec-1] - ==>  Preparing: SELECT count(0) FROM emp WHERE ename LIKE '%de%' AND job = ?
DEBUG [http-nio-8080-exec-1] - ==>  Preparing: SELECT count(0) FROM emp WHERE ename LIKE '%de%' AND job = ?
DEBUG [http-nio-8080-exec-1] - ==> Parameters: new(String)
DEBUG [http-nio-8080-exec-1] - ==> Parameters: new(String)
TRACE [http-nio-8080-exec-1] - <==    Columns: COUNT(0)
TRACE [http-nio-8080-exec-1] - <==    Columns: COUNT(0)
TRACE [http-nio-8080-exec-1] - <==        Row: 4957
TRACE [http-nio-8080-exec-1] - <==        Row: 4957
DEBUG [http-nio-8080-exec-1] - <==      Total: 1
DEBUG [http-nio-8080-exec-1] - <==      Total: 1
DEBUG [http-nio-8080-exec-1] - ==>  Preparing: SELECT * FROM ( SELECT TMP_PAGE.*, ROWNUM PAGEHELPER_ROW_ID FROM ( select * from emp WHERE ename like '%de%' and job = ? order by empno ) TMP_PAGE) WHERE PAGEHELPER_ROW_ID <= ? AND PAGEHELPER_ROW_ID > ?
DEBUG [http-nio-8080-exec-1] - ==>  Preparing: SELECT * FROM ( SELECT TMP_PAGE.*, ROWNUM PAGEHELPER_ROW_ID FROM ( select * from emp WHERE ename like '%de%' and job = ? order by empno ) TMP_PAGE) WHERE PAGEHELPER_ROW_ID <= ? AND PAGEHELPER_ROW_ID > ?
DEBUG [http-nio-8080-exec-1] - ==> Parameters: new(String), 15(Long), 10(Long)
DEBUG [http-nio-8080-exec-1] - ==> Parameters: new(String), 15(Long), 10(Long)
TRACE [http-nio-8080-exec-1] - <==    Columns: EMPNO, ENAME, JOB, MGR, HIREDATE, SAL, COMM, DEPTNO, PAGEHELPER_ROW_ID
TRACE [http-nio-8080-exec-1] - <==    Columns: EMPNO, ENAME, JOB, MGR, HIREDATE, SAL, COMM, DEPTNO, PAGEHELPER_ROW_ID
TRACE [http-nio-8080-exec-1] - <==        Row: 52, defualt, new, 1, 2023-10-19 07:24:35, 1000, 10, 20, 11
TRACE [http-nio-8080-exec-1] - <==        Row: 52, defualt, new, 1, 2023-10-19 07:24:35, 1000, 10, 20, 11
TRACE [http-nio-8080-exec-1] - <==        Row: 53, defualt, new, 1, 2023-10-19 07:24:35, 1000, 10, 20, 12
TRACE [http-nio-8080-exec-1] - <==        Row: 53, defualt, new, 1, 2023-10-19 07:24:35, 1000, 10, 20, 12
TRACE [http-nio-8080-exec-1] - <==        Row: 54, defualt, new, 1, 2023-10-19 07:24:35, 1000, 10, 20, 13
TRACE [http-nio-8080-exec-1] - <==        Row: 54, defualt, new, 1, 2023-10-19 07:24:35, 1000, 10, 20, 13
TRACE [http-nio-8080-exec-1] - <==        Row: 55, defualt, new, 1, 2023-10-19 07:24:35, 1000, 10, 20, 14
TRACE [http-nio-8080-exec-1] - <==        Row: 55, defualt, new, 1, 2023-10-19 07:24:35, 1000, 10, 20, 14
TRACE [http-nio-8080-exec-1] - <==        Row: 56, defualt, new, 1, 2023-10-19 07:24:35, 1000, 10, 20, 15
TRACE [http-nio-8080-exec-1] - <==        Row: 56, defualt, new, 1, 2023-10-19 07:24:35, 1000, 10, 20, 15
DEBUG [http-nio-8080-exec-1] - <==      Total: 5
DEBUG [http-nio-8080-exec-1] - <==      Total: 5
DEBUG [http-nio-8080-exec-2] - ==>  Preparing: SELECT count(0) FROM emp WHERE ename LIKE '%de%' AND job = ?
DEBUG [http-nio-8080-exec-2] - ==>  Preparing: SELECT count(0) FROM emp WHERE ename LIKE '%de%' AND job = ?
DEBUG [http-nio-8080-exec-2] - ==> Parameters: new(String)
DEBUG [http-nio-8080-exec-2] - ==> Parameters: new(String)
TRACE [http-nio-8080-exec-2] - <==    Columns: COUNT(0)
TRACE [http-nio-8080-exec-2] - <==    Columns: COUNT(0)
TRACE [http-nio-8080-exec-2] - <==        Row: 4957
TRACE [http-nio-8080-exec-2] - <==        Row: 4957
DEBUG [http-nio-8080-exec-2] - <==      Total: 1
DEBUG [http-nio-8080-exec-2] - <==      Total: 1
DEBUG [http-nio-8080-exec-2] - ==>  Preparing: SELECT * FROM ( SELECT TMP_PAGE.*, ROWNUM PAGEHELPER_ROW_ID FROM ( select * from emp WHERE ename like '%de%' and job = ? order by empno ) TMP_PAGE) WHERE PAGEHELPER_ROW_ID <= ? AND PAGEHELPER_ROW_ID > ?
DEBUG [http-nio-8080-exec-2] - ==>  Preparing: SELECT * FROM ( SELECT TMP_PAGE.*, ROWNUM PAGEHELPER_ROW_ID FROM ( select * from emp WHERE ename like '%de%' and job = ? order by empno ) TMP_PAGE) WHERE PAGEHELPER_ROW_ID <= ? AND PAGEHELPER_ROW_ID > ?
DEBUG [http-nio-8080-exec-2] - ==> Parameters: new(String), 20(Long), 15(Long)
DEBUG [http-nio-8080-exec-2] - ==> Parameters: new(String), 20(Long), 15(Long)
TRACE [http-nio-8080-exec-2] - <==    Columns: EMPNO, ENAME, JOB, MGR, HIREDATE, SAL, COMM, DEPTNO, PAGEHELPER_ROW_ID
TRACE [http-nio-8080-exec-2] - <==    Columns: EMPNO, ENAME, JOB, MGR, HIREDATE, SAL, COMM, DEPTNO, PAGEHELPER_ROW_ID
TRACE [http-nio-8080-exec-2] - <==        Row: 57, defualt, new, 1, 2023-10-19 07:24:35, 1000, 10, 20, 16
TRACE [http-nio-8080-exec-2] - <==        Row: 57, defualt, new, 1, 2023-10-19 07:24:35, 1000, 10, 20, 16
TRACE [http-nio-8080-exec-2] - <==        Row: 58, defualt, new, 1, 2023-10-19 07:24:35, 1000, 10, 20, 17
TRACE [http-nio-8080-exec-2] - <==        Row: 58, defualt, new, 1, 2023-10-19 07:24:35, 1000, 10, 20, 17
TRACE [http-nio-8080-exec-2] - <==        Row: 59, defualt, new, 1, 2023-10-19 07:24:35, 1000, 10, 20, 18
TRACE [http-nio-8080-exec-2] - <==        Row: 59, defualt, new, 1, 2023-10-19 07:24:35, 1000, 10, 20, 18
TRACE [http-nio-8080-exec-2] - <==        Row: 60, defualt, new, 1, 2023-10-19 07:24:35, 1000, 10, 20, 19
TRACE [http-nio-8080-exec-2] - <==        Row: 60, defualt, new, 1, 2023-10-19 07:24:35, 1000, 10, 20, 19
TRACE [http-nio-8080-exec-2] - <==        Row: 61, defualt, new, 1, 2023-10-19 07:24:35, 1000, 10, 20, 20
TRACE [http-nio-8080-exec-2] - <==        Row: 61, defualt, new, 1, 2023-10-19 07:24:35, 1000, 10, 20, 20
DEBUG [http-nio-8080-exec-2] - <==      Total: 5
DEBUG [http-nio-8080-exec-2] - <==      Total: 5
DEBUG [http-nio-8080-exec-3] - ==>  Preparing: SELECT count(0) FROM emp WHERE ename LIKE '%de%' AND job = ?
DEBUG [http-nio-8080-exec-3] - ==>  Preparing: SELECT count(0) FROM emp WHERE ename LIKE '%de%' AND job = ?
DEBUG [http-nio-8080-exec-3] - ==> Parameters: new(String)
DEBUG [http-nio-8080-exec-3] - ==> Parameters: new(String)
TRACE [http-nio-8080-exec-3] - <==    Columns: COUNT(0)
TRACE [http-nio-8080-exec-3] - <==    Columns: COUNT(0)
TRACE [http-nio-8080-exec-3] - <==        Row: 4957
TRACE [http-nio-8080-exec-3] - <==        Row: 4957
DEBUG [http-nio-8080-exec-3] - <==      Total: 1
DEBUG [http-nio-8080-exec-3] - <==      Total: 1
DEBUG [http-nio-8080-exec-3] - ==>  Preparing: SELECT * FROM ( SELECT TMP_PAGE.*, ROWNUM PAGEHELPER_ROW_ID FROM ( select * from emp WHERE ename like '%de%' and job = ? order by empno ) TMP_PAGE) WHERE PAGEHELPER_ROW_ID <= ? AND PAGEHELPER_ROW_ID > ?
DEBUG [http-nio-8080-exec-3] - ==>  Preparing: SELECT * FROM ( SELECT TMP_PAGE.*, ROWNUM PAGEHELPER_ROW_ID FROM ( select * from emp WHERE ename like '%de%' and job = ? order by empno ) TMP_PAGE) WHERE PAGEHELPER_ROW_ID <= ? AND PAGEHELPER_ROW_ID > ?
DEBUG [http-nio-8080-exec-3] - ==> Parameters: new(String), 25(Long), 20(Long)
DEBUG [http-nio-8080-exec-3] - ==> Parameters: new(String), 25(Long), 20(Long)
TRACE [http-nio-8080-exec-3] - <==    Columns: EMPNO, ENAME, JOB, MGR, HIREDATE, SAL, COMM, DEPTNO, PAGEHELPER_ROW_ID
TRACE [http-nio-8080-exec-3] - <==    Columns: EMPNO, ENAME, JOB, MGR, HIREDATE, SAL, COMM, DEPTNO, PAGEHELPER_ROW_ID
TRACE [http-nio-8080-exec-3] - <==        Row: 62, defualt, new, 1, 2023-10-19 07:24:35, 1000, 10, 20, 21
TRACE [http-nio-8080-exec-3] - <==        Row: 62, defualt, new, 1, 2023-10-19 07:24:35, 1000, 10, 20, 21
TRACE [http-nio-8080-exec-3] - <==        Row: 63, defualt, new, 1, 2023-10-19 07:24:35, 1000, 10, 20, 22
TRACE [http-nio-8080-exec-3] - <==        Row: 63, defualt, new, 1, 2023-10-19 07:24:35, 1000, 10, 20, 22
TRACE [http-nio-8080-exec-3] - <==        Row: 64, defualt, new, 1, 2023-10-19 07:24:35, 1000, 10, 20, 23
TRACE [http-nio-8080-exec-3] - <==        Row: 64, defualt, new, 1, 2023-10-19 07:24:35, 1000, 10, 20, 23
TRACE [http-nio-8080-exec-3] - <==        Row: 65, defualt, new, 1, 2023-10-19 07:24:35, 1000, 10, 20, 24
TRACE [http-nio-8080-exec-3] - <==        Row: 65, defualt, new, 1, 2023-10-19 07:24:35, 1000, 10, 20, 24
TRACE [http-nio-8080-exec-3] - <==        Row: 66, defualt, new, 1, 2023-10-19 07:24:35, 1000, 10, 20, 25
TRACE [http-nio-8080-exec-3] - <==        Row: 66, defualt, new, 1, 2023-10-19 07:24:35, 1000, 10, 20, 25
DEBUG [http-nio-8080-exec-3] - <==      Total: 5
DEBUG [http-nio-8080-exec-3] - <==      Total: 5
DEBUG [http-nio-8080-exec-4] - ==>  Preparing: SELECT count(0) FROM emp WHERE ename LIKE '%de%' AND job = ?
DEBUG [http-nio-8080-exec-4] - ==>  Preparing: SELECT count(0) FROM emp WHERE ename LIKE '%de%' AND job = ?
DEBUG [http-nio-8080-exec-4] - ==> Parameters: new(String)
DEBUG [http-nio-8080-exec-4] - ==> Parameters: new(String)
TRACE [http-nio-8080-exec-4] - <==    Columns: COUNT(0)
TRACE [http-nio-8080-exec-4] - <==    Columns: COUNT(0)
TRACE [http-nio-8080-exec-4] - <==        Row: 4957
TRACE [http-nio-8080-exec-4] - <==        Row: 4957
DEBUG [http-nio-8080-exec-4] - <==      Total: 1
DEBUG [http-nio-8080-exec-4] - <==      Total: 1
DEBUG [http-nio-8080-exec-4] - ==>  Preparing: SELECT * FROM ( SELECT TMP_PAGE.*, ROWNUM PAGEHELPER_ROW_ID FROM ( select * from emp WHERE ename like '%de%' and job = ? order by empno ) TMP_PAGE) WHERE PAGEHELPER_ROW_ID <= ? AND PAGEHELPER_ROW_ID > ?
DEBUG [http-nio-8080-exec-4] - ==>  Preparing: SELECT * FROM ( SELECT TMP_PAGE.*, ROWNUM PAGEHELPER_ROW_ID FROM ( select * from emp WHERE ename like '%de%' and job = ? order by empno ) TMP_PAGE) WHERE PAGEHELPER_ROW_ID <= ? AND PAGEHELPER_ROW_ID > ?
DEBUG [http-nio-8080-exec-4] - ==> Parameters: new(String), 30(Long), 25(Long)
DEBUG [http-nio-8080-exec-4] - ==> Parameters: new(String), 30(Long), 25(Long)
TRACE [http-nio-8080-exec-4] - <==    Columns: EMPNO, ENAME, JOB, MGR, HIREDATE, SAL, COMM, DEPTNO, PAGEHELPER_ROW_ID
TRACE [http-nio-8080-exec-4] - <==    Columns: EMPNO, ENAME, JOB, MGR, HIREDATE, SAL, COMM, DEPTNO, PAGEHELPER_ROW_ID
TRACE [http-nio-8080-exec-4] - <==        Row: 67, defualt, new, 1, 2023-10-19 07:24:35, 1000, 10, 20, 26
TRACE [http-nio-8080-exec-4] - <==        Row: 67, defualt, new, 1, 2023-10-19 07:24:35, 1000, 10, 20, 26
TRACE [http-nio-8080-exec-4] - <==        Row: 68, defualt, new, 1, 2023-10-19 07:24:35, 1000, 10, 20, 27
TRACE [http-nio-8080-exec-4] - <==        Row: 68, defualt, new, 1, 2023-10-19 07:24:35, 1000, 10, 20, 27
TRACE [http-nio-8080-exec-4] - <==        Row: 69, defualt, new, 1, 2023-10-19 07:24:35, 1000, 10, 20, 28
TRACE [http-nio-8080-exec-4] - <==        Row: 69, defualt, new, 1, 2023-10-19 07:24:35, 1000, 10, 20, 28
TRACE [http-nio-8080-exec-4] - <==        Row: 70, defualt, new, 1, 2023-10-19 07:24:35, 1000, 10, 20, 29
TRACE [http-nio-8080-exec-4] - <==        Row: 70, defualt, new, 1, 2023-10-19 07:24:35, 1000, 10, 20, 29
TRACE [http-nio-8080-exec-4] - <==        Row: 71, defualt, new, 1, 2023-10-19 07:24:35, 1000, 10, 20, 30
TRACE [http-nio-8080-exec-4] - <==        Row: 71, defualt, new, 1, 2023-10-19 07:24:35, 1000, 10, 20, 30
DEBUG [http-nio-8080-exec-4] - <==      Total: 5
DEBUG [http-nio-8080-exec-4] - <==      Total: 5
DEBUG [http-nio-8080-exec-5] - ==>  Preparing: SELECT count(0) FROM emp WHERE ename LIKE '%de%' AND job = ?
DEBUG [http-nio-8080-exec-5] - ==>  Preparing: SELECT count(0) FROM emp WHERE ename LIKE '%de%' AND job = ?
DEBUG [http-nio-8080-exec-5] - ==> Parameters: new(String)
DEBUG [http-nio-8080-exec-5] - ==> Parameters: new(String)
TRACE [http-nio-8080-exec-5] - <==    Columns: COUNT(0)
TRACE [http-nio-8080-exec-5] - <==    Columns: COUNT(0)
TRACE [http-nio-8080-exec-5] - <==        Row: 4957
TRACE [http-nio-8080-exec-5] - <==        Row: 4957
DEBUG [http-nio-8080-exec-5] - <==      Total: 1
DEBUG [http-nio-8080-exec-5] - <==      Total: 1
DEBUG [http-nio-8080-exec-5] - ==>  Preparing: SELECT * FROM ( SELECT TMP_PAGE.*, ROWNUM PAGEHELPER_ROW_ID FROM ( select * from emp WHERE ename like '%de%' and job = ? order by empno ) TMP_PAGE) WHERE PAGEHELPER_ROW_ID <= ? AND PAGEHELPER_ROW_ID > ?
DEBUG [http-nio-8080-exec-5] - ==>  Preparing: SELECT * FROM ( SELECT TMP_PAGE.*, ROWNUM PAGEHELPER_ROW_ID FROM ( select * from emp WHERE ename like '%de%' and job = ? order by empno ) TMP_PAGE) WHERE PAGEHELPER_ROW_ID <= ? AND PAGEHELPER_ROW_ID > ?
DEBUG [http-nio-8080-exec-5] - ==> Parameters: new(String), 35(Long), 30(Long)
DEBUG [http-nio-8080-exec-5] - ==> Parameters: new(String), 35(Long), 30(Long)
TRACE [http-nio-8080-exec-5] - <==    Columns: EMPNO, ENAME, JOB, MGR, HIREDATE, SAL, COMM, DEPTNO, PAGEHELPER_ROW_ID
TRACE [http-nio-8080-exec-5] - <==    Columns: EMPNO, ENAME, JOB, MGR, HIREDATE, SAL, COMM, DEPTNO, PAGEHELPER_ROW_ID
TRACE [http-nio-8080-exec-5] - <==        Row: 72, defualt, new, 1, 2023-10-19 07:24:35, 1000, 10, 20, 31
TRACE [http-nio-8080-exec-5] - <==        Row: 72, defualt, new, 1, 2023-10-19 07:24:35, 1000, 10, 20, 31
TRACE [http-nio-8080-exec-5] - <==        Row: 73, defualt, new, 1, 2023-10-19 07:24:35, 1000, 10, 20, 32
TRACE [http-nio-8080-exec-5] - <==        Row: 73, defualt, new, 1, 2023-10-19 07:24:35, 1000, 10, 20, 32
TRACE [http-nio-8080-exec-5] - <==        Row: 74, defualt, new, 1, 2023-10-19 07:24:35, 1000, 10, 20, 33
TRACE [http-nio-8080-exec-5] - <==        Row: 74, defualt, new, 1, 2023-10-19 07:24:35, 1000, 10, 20, 33
TRACE [http-nio-8080-exec-5] - <==        Row: 75, defualt, new, 1, 2023-10-19 07:24:35, 1000, 10, 20, 34
TRACE [http-nio-8080-exec-5] - <==        Row: 75, defualt, new, 1, 2023-10-19 07:24:35, 1000, 10, 20, 34
TRACE [http-nio-8080-exec-5] - <==        Row: 76, defualt, new, 1, 2023-10-19 07:24:35, 1000, 10, 20, 35
TRACE [http-nio-8080-exec-5] - <==        Row: 76, defualt, new, 1, 2023-10-19 07:24:35, 1000, 10, 20, 35
DEBUG [http-nio-8080-exec-5] - <==      Total: 5
DEBUG [http-nio-8080-exec-5] - <==      Total: 5
DEBUG [http-nio-8080-exec-6] - ==>  Preparing: SELECT count(0) FROM emp WHERE ename LIKE '%de%' AND job = ?
DEBUG [http-nio-8080-exec-6] - ==>  Preparing: SELECT count(0) FROM emp WHERE ename LIKE '%de%' AND job = ?
DEBUG [http-nio-8080-exec-6] - ==> Parameters: new(String)
DEBUG [http-nio-8080-exec-6] - ==> Parameters: new(String)
TRACE [http-nio-8080-exec-6] - <==    Columns: COUNT(0)
TRACE [http-nio-8080-exec-6] - <==    Columns: COUNT(0)
TRACE [http-nio-8080-exec-6] - <==        Row: 4957
TRACE [http-nio-8080-exec-6] - <==        Row: 4957
DEBUG [http-nio-8080-exec-6] - <==      Total: 1
DEBUG [http-nio-8080-exec-6] - <==      Total: 1
DEBUG [http-nio-8080-exec-6] - ==>  Preparing: SELECT * FROM ( SELECT TMP_PAGE.*, ROWNUM PAGEHELPER_ROW_ID FROM ( select * from emp WHERE ename like '%de%' and job = ? order by empno ) TMP_PAGE) WHERE PAGEHELPER_ROW_ID <= ? AND PAGEHELPER_ROW_ID > ?
DEBUG [http-nio-8080-exec-6] - ==>  Preparing: SELECT * FROM ( SELECT TMP_PAGE.*, ROWNUM PAGEHELPER_ROW_ID FROM ( select * from emp WHERE ename like '%de%' and job = ? order by empno ) TMP_PAGE) WHERE PAGEHELPER_ROW_ID <= ? AND PAGEHELPER_ROW_ID > ?
DEBUG [http-nio-8080-exec-6] - ==> Parameters: new(String), 40(Long), 35(Long)
DEBUG [http-nio-8080-exec-6] - ==> Parameters: new(String), 40(Long), 35(Long)
TRACE [http-nio-8080-exec-6] - <==    Columns: EMPNO, ENAME, JOB, MGR, HIREDATE, SAL, COMM, DEPTNO, PAGEHELPER_ROW_ID
TRACE [http-nio-8080-exec-6] - <==    Columns: EMPNO, ENAME, JOB, MGR, HIREDATE, SAL, COMM, DEPTNO, PAGEHELPER_ROW_ID
TRACE [http-nio-8080-exec-6] - <==        Row: 77, defualt, new, 1, 2023-10-19 07:24:35, 1000, 10, 20, 36
TRACE [http-nio-8080-exec-6] - <==        Row: 77, defualt, new, 1, 2023-10-19 07:24:35, 1000, 10, 20, 36
TRACE [http-nio-8080-exec-6] - <==        Row: 78, defualt, new, 1, 2023-10-19 07:24:35, 1000, 10, 20, 37
TRACE [http-nio-8080-exec-6] - <==        Row: 78, defualt, new, 1, 2023-10-19 07:24:35, 1000, 10, 20, 37
TRACE [http-nio-8080-exec-6] - <==        Row: 79, defualt, new, 1, 2023-10-19 07:24:35, 1000, 10, 20, 38
TRACE [http-nio-8080-exec-6] - <==        Row: 79, defualt, new, 1, 2023-10-19 07:24:35, 1000, 10, 20, 38
TRACE [http-nio-8080-exec-6] - <==        Row: 80, defualt, new, 1, 2023-10-19 07:24:35, 1000, 10, 20, 39
TRACE [http-nio-8080-exec-6] - <==        Row: 80, defualt, new, 1, 2023-10-19 07:24:35, 1000, 10, 20, 39
TRACE [http-nio-8080-exec-6] - <==        Row: 81, defualt, new, 1, 2023-10-19 07:24:35, 1000, 10, 20, 40
TRACE [http-nio-8080-exec-6] - <==        Row: 81, defualt, new, 1, 2023-10-19 07:24:35, 1000, 10, 20, 40
DEBUG [http-nio-8080-exec-6] - <==      Total: 5
DEBUG [http-nio-8080-exec-6] - <==      Total: 5
DEBUG [http-nio-8080-exec-7] - ==>  Preparing: SELECT count(0) FROM emp WHERE ename LIKE '%de%' AND job = ?
DEBUG [http-nio-8080-exec-7] - ==>  Preparing: SELECT count(0) FROM emp WHERE ename LIKE '%de%' AND job = ?
DEBUG [http-nio-8080-exec-7] - ==> Parameters: new(String)
DEBUG [http-nio-8080-exec-7] - ==> Parameters: new(String)
TRACE [http-nio-8080-exec-7] - <==    Columns: COUNT(0)
TRACE [http-nio-8080-exec-7] - <==    Columns: COUNT(0)
TRACE [http-nio-8080-exec-7] - <==        Row: 4957
TRACE [http-nio-8080-exec-7] - <==        Row: 4957
DEBUG [http-nio-8080-exec-7] - <==      Total: 1
DEBUG [http-nio-8080-exec-7] - <==      Total: 1
DEBUG [http-nio-8080-exec-7] - ==>  Preparing: SELECT * FROM ( SELECT TMP_PAGE.*, ROWNUM PAGEHELPER_ROW_ID FROM ( select * from emp WHERE ename like '%de%' and job = ? order by empno ) TMP_PAGE) WHERE PAGEHELPER_ROW_ID <= ? AND PAGEHELPER_ROW_ID > ?
DEBUG [http-nio-8080-exec-7] - ==>  Preparing: SELECT * FROM ( SELECT TMP_PAGE.*, ROWNUM PAGEHELPER_ROW_ID FROM ( select * from emp WHERE ename like '%de%' and job = ? order by empno ) TMP_PAGE) WHERE PAGEHELPER_ROW_ID <= ? AND PAGEHELPER_ROW_ID > ?
DEBUG [http-nio-8080-exec-7] - ==> Parameters: new(String), 45(Long), 40(Long)
DEBUG [http-nio-8080-exec-7] - ==> Parameters: new(String), 45(Long), 40(Long)
TRACE [http-nio-8080-exec-7] - <==    Columns: EMPNO, ENAME, JOB, MGR, HIREDATE, SAL, COMM, DEPTNO, PAGEHELPER_ROW_ID
TRACE [http-nio-8080-exec-7] - <==    Columns: EMPNO, ENAME, JOB, MGR, HIREDATE, SAL, COMM, DEPTNO, PAGEHELPER_ROW_ID
TRACE [http-nio-8080-exec-7] - <==        Row: 82, defualt, new, 1, 2023-10-19 07:24:35, 1000, 10, 20, 41
TRACE [http-nio-8080-exec-7] - <==        Row: 82, defualt, new, 1, 2023-10-19 07:24:35, 1000, 10, 20, 41
TRACE [http-nio-8080-exec-7] - <==        Row: 83, defualt, new, 1, 2023-10-19 07:24:35, 1000, 10, 20, 42
TRACE [http-nio-8080-exec-7] - <==        Row: 83, defualt, new, 1, 2023-10-19 07:24:35, 1000, 10, 20, 42
TRACE [http-nio-8080-exec-7] - <==        Row: 84, defualt, new, 1, 2023-10-19 07:24:35, 1000, 10, 20, 43
TRACE [http-nio-8080-exec-7] - <==        Row: 84, defualt, new, 1, 2023-10-19 07:24:35, 1000, 10, 20, 43
TRACE [http-nio-8080-exec-7] - <==        Row: 85, defualt, new, 1, 2023-10-19 07:24:35, 1000, 10, 20, 44
TRACE [http-nio-8080-exec-7] - <==        Row: 85, defualt, new, 1, 2023-10-19 07:24:35, 1000, 10, 20, 44
TRACE [http-nio-8080-exec-7] - <==        Row: 86, defualt, new, 1, 2023-10-19 07:24:35, 1000, 10, 20, 45
TRACE [http-nio-8080-exec-7] - <==        Row: 86, defualt, new, 1, 2023-10-19 07:24:35, 1000, 10, 20, 45
DEBUG [http-nio-8080-exec-7] - <==      Total: 5
DEBUG [http-nio-8080-exec-7] - <==      Total: 5
DEBUG [http-nio-8080-exec-8] - ==>  Preparing: SELECT count(0) FROM emp WHERE ename LIKE '%de%' AND job = ?
DEBUG [http-nio-8080-exec-8] - ==>  Preparing: SELECT count(0) FROM emp WHERE ename LIKE '%de%' AND job = ?
DEBUG [http-nio-8080-exec-8] - ==> Parameters: new(String)
DEBUG [http-nio-8080-exec-8] - ==> Parameters: new(String)
TRACE [http-nio-8080-exec-8] - <==    Columns: COUNT(0)
TRACE [http-nio-8080-exec-8] - <==    Columns: COUNT(0)
TRACE [http-nio-8080-exec-8] - <==        Row: 4957
TRACE [http-nio-8080-exec-8] - <==        Row: 4957
DEBUG [http-nio-8080-exec-8] - <==      Total: 1
DEBUG [http-nio-8080-exec-8] - <==      Total: 1
DEBUG [http-nio-8080-exec-8] - ==>  Preparing: SELECT * FROM ( SELECT TMP_PAGE.*, ROWNUM PAGEHELPER_ROW_ID FROM ( select * from emp WHERE ename like '%de%' and job = ? order by empno ) TMP_PAGE) WHERE PAGEHELPER_ROW_ID <= ? AND PAGEHELPER_ROW_ID > ?
DEBUG [http-nio-8080-exec-8] - ==>  Preparing: SELECT * FROM ( SELECT TMP_PAGE.*, ROWNUM PAGEHELPER_ROW_ID FROM ( select * from emp WHERE ename like '%de%' and job = ? order by empno ) TMP_PAGE) WHERE PAGEHELPER_ROW_ID <= ? AND PAGEHELPER_ROW_ID > ?
DEBUG [http-nio-8080-exec-8] - ==> Parameters: new(String), 50(Long), 45(Long)
DEBUG [http-nio-8080-exec-8] - ==> Parameters: new(String), 50(Long), 45(Long)
TRACE [http-nio-8080-exec-8] - <==    Columns: EMPNO, ENAME, JOB, MGR, HIREDATE, SAL, COMM, DEPTNO, PAGEHELPER_ROW_ID
TRACE [http-nio-8080-exec-8] - <==    Columns: EMPNO, ENAME, JOB, MGR, HIREDATE, SAL, COMM, DEPTNO, PAGEHELPER_ROW_ID
TRACE [http-nio-8080-exec-8] - <==        Row: 87, defualt, new, 1, 2023-10-19 07:24:35, 1000, 10, 20, 46
TRACE [http-nio-8080-exec-8] - <==        Row: 87, defualt, new, 1, 2023-10-19 07:24:35, 1000, 10, 20, 46
TRACE [http-nio-8080-exec-8] - <==        Row: 88, defualt, new, 1, 2023-10-19 07:24:35, 1000, 10, 20, 47
TRACE [http-nio-8080-exec-8] - <==        Row: 88, defualt, new, 1, 2023-10-19 07:24:35, 1000, 10, 20, 47
TRACE [http-nio-8080-exec-8] - <==        Row: 89, defualt, new, 1, 2023-10-19 07:24:35, 1000, 10, 20, 48
TRACE [http-nio-8080-exec-8] - <==        Row: 89, defualt, new, 1, 2023-10-19 07:24:35, 1000, 10, 20, 48
TRACE [http-nio-8080-exec-8] - <==        Row: 90, defualt, new, 1, 2023-10-19 07:24:35, 1000, 10, 20, 49
TRACE [http-nio-8080-exec-8] - <==        Row: 90, defualt, new, 1, 2023-10-19 07:24:35, 1000, 10, 20, 49
TRACE [http-nio-8080-exec-8] - <==        Row: 91, defualt, new, 1, 2023-10-19 07:24:35, 1000, 10, 20, 50
TRACE [http-nio-8080-exec-8] - <==        Row: 91, defualt, new, 1, 2023-10-19 07:24:35, 1000, 10, 20, 50
DEBUG [http-nio-8080-exec-8] - <==      Total: 5
DEBUG [http-nio-8080-exec-8] - <==      Total: 5
DEBUG [http-nio-8080-exec-9] - ==>  Preparing: SELECT count(0) FROM emp WHERE ename LIKE '%de%' AND job = ?
DEBUG [http-nio-8080-exec-9] - ==>  Preparing: SELECT count(0) FROM emp WHERE ename LIKE '%de%' AND job = ?
DEBUG [http-nio-8080-exec-9] - ==> Parameters: new(String)
DEBUG [http-nio-8080-exec-9] - ==> Parameters: new(String)
TRACE [http-nio-8080-exec-9] - <==    Columns: COUNT(0)
TRACE [http-nio-8080-exec-9] - <==    Columns: COUNT(0)
TRACE [http-nio-8080-exec-9] - <==        Row: 4957
TRACE [http-nio-8080-exec-9] - <==        Row: 4957
DEBUG [http-nio-8080-exec-9] - <==      Total: 1
DEBUG [http-nio-8080-exec-9] - <==      Total: 1
DEBUG [http-nio-8080-exec-9] - ==>  Preparing: SELECT * FROM ( SELECT TMP_PAGE.*, ROWNUM PAGEHELPER_ROW_ID FROM ( select * from emp WHERE ename like '%de%' and job = ? order by empno ) TMP_PAGE) WHERE PAGEHELPER_ROW_ID <= ? AND PAGEHELPER_ROW_ID > ?
DEBUG [http-nio-8080-exec-9] - ==>  Preparing: SELECT * FROM ( SELECT TMP_PAGE.*, ROWNUM PAGEHELPER_ROW_ID FROM ( select * from emp WHERE ename like '%de%' and job = ? order by empno ) TMP_PAGE) WHERE PAGEHELPER_ROW_ID <= ? AND PAGEHELPER_ROW_ID > ?
DEBUG [http-nio-8080-exec-9] - ==> Parameters: new(String), 55(Long), 50(Long)
DEBUG [http-nio-8080-exec-9] - ==> Parameters: new(String), 55(Long), 50(Long)
TRACE [http-nio-8080-exec-9] - <==    Columns: EMPNO, ENAME, JOB, MGR, HIREDATE, SAL, COMM, DEPTNO, PAGEHELPER_ROW_ID
TRACE [http-nio-8080-exec-9] - <==    Columns: EMPNO, ENAME, JOB, MGR, HIREDATE, SAL, COMM, DEPTNO, PAGEHELPER_ROW_ID
TRACE [http-nio-8080-exec-9] - <==        Row: 92, defualt, new, 1, 2023-10-19 07:24:35, 1000, 10, 20, 51
TRACE [http-nio-8080-exec-9] - <==        Row: 92, defualt, new, 1, 2023-10-19 07:24:35, 1000, 10, 20, 51
TRACE [http-nio-8080-exec-9] - <==        Row: 93, defualt, new, 1, 2023-10-19 07:24:35, 1000, 10, 20, 52
TRACE [http-nio-8080-exec-9] - <==        Row: 93, defualt, new, 1, 2023-10-19 07:24:35, 1000, 10, 20, 52
TRACE [http-nio-8080-exec-9] - <==        Row: 94, defualt, new, 1, 2023-10-19 07:24:35, 1000, 10, 20, 53
TRACE [http-nio-8080-exec-9] - <==        Row: 94, defualt, new, 1, 2023-10-19 07:24:35, 1000, 10, 20, 53
TRACE [http-nio-8080-exec-9] - <==        Row: 95, defualt, new, 1, 2023-10-19 07:24:35, 1000, 10, 20, 54
TRACE [http-nio-8080-exec-9] - <==        Row: 95, defualt, new, 1, 2023-10-19 07:24:35, 1000, 10, 20, 54
TRACE [http-nio-8080-exec-9] - <==        Row: 96, defualt, new, 1, 2023-10-19 07:24:35, 1000, 10, 20, 55
TRACE [http-nio-8080-exec-9] - <==        Row: 96, defualt, new, 1, 2023-10-19 07:24:35, 1000, 10, 20, 55
DEBUG [http-nio-8080-exec-9] - <==      Total: 5
DEBUG [http-nio-8080-exec-9] - <==      Total: 5
DEBUG [http-nio-8080-exec-10] - ==>  Preparing: SELECT count(0) FROM emp WHERE ename LIKE '%de%' AND job = ?
DEBUG [http-nio-8080-exec-10] - ==>  Preparing: SELECT count(0) FROM emp WHERE ename LIKE '%de%' AND job = ?
DEBUG [http-nio-8080-exec-10] - ==> Parameters: new(String)
DEBUG [http-nio-8080-exec-10] - ==> Parameters: new(String)
TRACE [http-nio-8080-exec-10] - <==    Columns: COUNT(0)
TRACE [http-nio-8080-exec-10] - <==    Columns: COUNT(0)
TRACE [http-nio-8080-exec-10] - <==        Row: 4957
TRACE [http-nio-8080-exec-10] - <==        Row: 4957
DEBUG [http-nio-8080-exec-10] - <==      Total: 1
DEBUG [http-nio-8080-exec-10] - <==      Total: 1
DEBUG [http-nio-8080-exec-10] - ==>  Preparing: SELECT * FROM ( SELECT TMP_PAGE.*, ROWNUM PAGEHELPER_ROW_ID FROM ( select * from emp WHERE ename like '%de%' and job = ? order by empno ) TMP_PAGE) WHERE PAGEHELPER_ROW_ID <= ? AND PAGEHELPER_ROW_ID > ?
DEBUG [http-nio-8080-exec-10] - ==>  Preparing: SELECT * FROM ( SELECT TMP_PAGE.*, ROWNUM PAGEHELPER_ROW_ID FROM ( select * from emp WHERE ename like '%de%' and job = ? order by empno ) TMP_PAGE) WHERE PAGEHELPER_ROW_ID <= ? AND PAGEHELPER_ROW_ID > ?
DEBUG [http-nio-8080-exec-10] - ==> Parameters: new(String), 60(Long), 55(Long)
DEBUG [http-nio-8080-exec-10] - ==> Parameters: new(String), 60(Long), 55(Long)
TRACE [http-nio-8080-exec-10] - <==    Columns: EMPNO, ENAME, JOB, MGR, HIREDATE, SAL, COMM, DEPTNO, PAGEHELPER_ROW_ID
TRACE [http-nio-8080-exec-10] - <==    Columns: EMPNO, ENAME, JOB, MGR, HIREDATE, SAL, COMM, DEPTNO, PAGEHELPER_ROW_ID
TRACE [http-nio-8080-exec-10] - <==        Row: 97, defualt, new, 1, 2023-10-19 07:24:35, 1000, 10, 20, 56
TRACE [http-nio-8080-exec-10] - <==        Row: 97, defualt, new, 1, 2023-10-19 07:24:35, 1000, 10, 20, 56
TRACE [http-nio-8080-exec-10] - <==        Row: 98, defualt, new, 1, 2023-10-19 07:24:35, 1000, 10, 20, 57
TRACE [http-nio-8080-exec-10] - <==        Row: 98, defualt, new, 1, 2023-10-19 07:24:35, 1000, 10, 20, 57
TRACE [http-nio-8080-exec-10] - <==        Row: 99, defualt, new, 1, 2023-10-19 07:24:35, 1000, 10, 20, 58
TRACE [http-nio-8080-exec-10] - <==        Row: 99, defualt, new, 1, 2023-10-19 07:24:35, 1000, 10, 20, 58
TRACE [http-nio-8080-exec-10] - <==        Row: 102, default, new, 1, 2023-10-23 18:19:43, 1000, 100, 20, 59
TRACE [http-nio-8080-exec-10] - <==        Row: 102, default, new, 1, 2023-10-23 18:19:43, 1000, 100, 20, 59
TRACE [http-nio-8080-exec-10] - <==        Row: 103, default, new, 1, 2023-10-23 18:19:43, 1000, 100, 20, 60
TRACE [http-nio-8080-exec-10] - <==        Row: 103, default, new, 1, 2023-10-23 18:19:43, 1000, 100, 20, 60
DEBUG [http-nio-8080-exec-10] - <==      Total: 5
DEBUG [http-nio-8080-exec-10] - <==      Total: 5
DEBUG [http-nio-8080-exec-1] - ==>  Preparing: SELECT count(0) FROM emp WHERE ename LIKE '%de%' AND job = ?
DEBUG [http-nio-8080-exec-1] - ==>  Preparing: SELECT count(0) FROM emp WHERE ename LIKE '%de%' AND job = ?
DEBUG [http-nio-8080-exec-1] - ==> Parameters: new(String)
DEBUG [http-nio-8080-exec-1] - ==> Parameters: new(String)
TRACE [http-nio-8080-exec-1] - <==    Columns: COUNT(0)
TRACE [http-nio-8080-exec-1] - <==    Columns: COUNT(0)
TRACE [http-nio-8080-exec-1] - <==        Row: 4957
TRACE [http-nio-8080-exec-1] - <==        Row: 4957
DEBUG [http-nio-8080-exec-1] - <==      Total: 1
DEBUG [http-nio-8080-exec-1] - <==      Total: 1
DEBUG [http-nio-8080-exec-1] - ==>  Preparing: SELECT * FROM ( SELECT TMP_PAGE.*, ROWNUM PAGEHELPER_ROW_ID FROM ( select * from emp WHERE ename like '%de%' and job = ? order by empno ) TMP_PAGE) WHERE PAGEHELPER_ROW_ID <= ? AND PAGEHELPER_ROW_ID > ?
DEBUG [http-nio-8080-exec-1] - ==>  Preparing: SELECT * FROM ( SELECT TMP_PAGE.*, ROWNUM PAGEHELPER_ROW_ID FROM ( select * from emp WHERE ename like '%de%' and job = ? order by empno ) TMP_PAGE) WHERE PAGEHELPER_ROW_ID <= ? AND PAGEHELPER_ROW_ID > ?
DEBUG [http-nio-8080-exec-1] - ==> Parameters: new(String), 4960(Long), 4955(Long)
DEBUG [http-nio-8080-exec-1] - ==> Parameters: new(String), 4960(Long), 4955(Long)
TRACE [http-nio-8080-exec-1] - <==    Columns: EMPNO, ENAME, JOB, MGR, HIREDATE, SAL, COMM, DEPTNO, PAGEHELPER_ROW_ID
TRACE [http-nio-8080-exec-1] - <==    Columns: EMPNO, ENAME, JOB, MGR, HIREDATE, SAL, COMM, DEPTNO, PAGEHELPER_ROW_ID
TRACE [http-nio-8080-exec-1] - <==        Row: 4999, default, new, 1, 2023-10-23 18:19:43, 1000, 100, 20, 4956
TRACE [http-nio-8080-exec-1] - <==        Row: 4999, default, new, 1, 2023-10-23 18:19:43, 1000, 100, 20, 4956
TRACE [http-nio-8080-exec-1] - <==        Row: 5000, default, new, 1, 2023-10-23 18:19:43, 1000, 100, 20, 4957
TRACE [http-nio-8080-exec-1] - <==        Row: 5000, default, new, 1, 2023-10-23 18:19:43, 1000, 100, 20, 4957
DEBUG [http-nio-8080-exec-1] - <==      Total: 2
DEBUG [http-nio-8080-exec-1] - <==      Total: 2
DEBUG [http-nio-8080-exec-2] - ==>  Preparing: SELECT count(0) FROM emp WHERE ename LIKE '%de%' AND job = ?
DEBUG [http-nio-8080-exec-2] - ==>  Preparing: SELECT count(0) FROM emp WHERE ename LIKE '%de%' AND job = ?
DEBUG [http-nio-8080-exec-2] - ==> Parameters: new(String)
DEBUG [http-nio-8080-exec-2] - ==> Parameters: new(String)
TRACE [http-nio-8080-exec-2] - <==    Columns: COUNT(0)
TRACE [http-nio-8080-exec-2] - <==    Columns: COUNT(0)
TRACE [http-nio-8080-exec-2] - <==        Row: 4957
TRACE [http-nio-8080-exec-2] - <==        Row: 4957
DEBUG [http-nio-8080-exec-2] - <==      Total: 1
DEBUG [http-nio-8080-exec-2] - <==      Total: 1
DEBUG [http-nio-8080-exec-2] - ==>  Preparing: SELECT * FROM ( SELECT TMP_PAGE.*, ROWNUM PAGEHELPER_ROW_ID FROM ( select * from emp WHERE ename like '%de%' and job = ? order by empno ) TMP_PAGE) WHERE PAGEHELPER_ROW_ID <= ? AND PAGEHELPER_ROW_ID > ?
DEBUG [http-nio-8080-exec-2] - ==>  Preparing: SELECT * FROM ( SELECT TMP_PAGE.*, ROWNUM PAGEHELPER_ROW_ID FROM ( select * from emp WHERE ename like '%de%' and job = ? order by empno ) TMP_PAGE) WHERE PAGEHELPER_ROW_ID <= ? AND PAGEHELPER_ROW_ID > ?
DEBUG [http-nio-8080-exec-2] - ==> Parameters: new(String), 5(Long), 0(Long)
DEBUG [http-nio-8080-exec-2] - ==> Parameters: new(String), 5(Long), 0(Long)
TRACE [http-nio-8080-exec-2] - <==    Columns: EMPNO, ENAME, JOB, MGR, HIREDATE, SAL, COMM, DEPTNO, PAGEHELPER_ROW_ID
TRACE [http-nio-8080-exec-2] - <==    Columns: EMPNO, ENAME, JOB, MGR, HIREDATE, SAL, COMM, DEPTNO, PAGEHELPER_ROW_ID
TRACE [http-nio-8080-exec-2] - <==        Row: 16, defualt, new, 1, 2023-10-19 07:24:35, 1000, 10, 20, 1
TRACE [http-nio-8080-exec-2] - <==        Row: 16, defualt, new, 1, 2023-10-19 07:24:35, 1000, 10, 20, 1
TRACE [http-nio-8080-exec-2] - <==        Row: 17, defualt, new, 1, 2023-10-19 07:24:35, 1000, 10, 20, 2
TRACE [http-nio-8080-exec-2] - <==        Row: 17, defualt, new, 1, 2023-10-19 07:24:35, 1000, 10, 20, 2
TRACE [http-nio-8080-exec-2] - <==        Row: 44, defualt, new, 1, 2023-10-19 07:24:35, 1000, 10, 20, 3
TRACE [http-nio-8080-exec-2] - <==        Row: 44, defualt, new, 1, 2023-10-19 07:24:35, 1000, 10, 20, 3
TRACE [http-nio-8080-exec-2] - <==        Row: 45, defualt, new, 1, 2023-10-19 07:24:35, 1000, 10, 20, 4
TRACE [http-nio-8080-exec-2] - <==        Row: 45, defualt, new, 1, 2023-10-19 07:24:35, 1000, 10, 20, 4
TRACE [http-nio-8080-exec-2] - <==        Row: 46, defualt, new, 1, 2023-10-19 07:24:35, 1000, 10, 20, 5
TRACE [http-nio-8080-exec-2] - <==        Row: 46, defualt, new, 1, 2023-10-19 07:24:35, 1000, 10, 20, 5
DEBUG [http-nio-8080-exec-2] - <==      Total: 5
DEBUG [http-nio-8080-exec-2] - <==      Total: 5
