DEBUG [http-nio-8080-exec-5] - ==>  Preparing: SELECT count(0) FROM scott.emp
DEBUG [http-nio-8080-exec-5] - ==>  Preparing: SELECT count(0) FROM scott.emp
DEBUG [http-nio-8080-exec-5] - ==> Parameters: 
DEBUG [http-nio-8080-exec-5] - ==> Parameters: 
TRACE [http-nio-8080-exec-5] - <==    Columns: COUNT(0)
TRACE [http-nio-8080-exec-5] - <==    Columns: COUNT(0)
TRACE [http-nio-8080-exec-5] - <==        Row: 5090
TRACE [http-nio-8080-exec-5] - <==        Row: 5090
DEBUG [http-nio-8080-exec-5] - <==      Total: 1
DEBUG [http-nio-8080-exec-5] - <==      Total: 1
DEBUG [http-nio-8080-exec-5] - ==>  Preparing: SELECT * FROM ( SELECT TMP_PAGE.*, ROWNUM PAGEHELPER_ROW_ID FROM ( SELECT empno,ename,job,mgr,hiredate,sal,comm,deptno FROM scott.emp ORDER BY empno ASC ) TMP_PAGE) WHERE PAGEHELPER_ROW_ID <= ? AND PAGEHELPER_ROW_ID > ?
DEBUG [http-nio-8080-exec-5] - ==>  Preparing: SELECT * FROM ( SELECT TMP_PAGE.*, ROWNUM PAGEHELPER_ROW_ID FROM ( SELECT empno,ename,job,mgr,hiredate,sal,comm,deptno FROM scott.emp ORDER BY empno ASC ) TMP_PAGE) WHERE PAGEHELPER_ROW_ID <= ? AND PAGEHELPER_ROW_ID > ?
DEBUG [http-nio-8080-exec-5] - ==> Parameters: 30(Long), 15(Long)
DEBUG [http-nio-8080-exec-5] - ==> Parameters: 30(Long), 15(Long)
TRACE [http-nio-8080-exec-5] - <==    Columns: EMPNO, ENAME, JOB, MGR, HIREDATE, SAL, COMM, DEPTNO, PAGEHELPER_ROW_ID
TRACE [http-nio-8080-exec-5] - <==    Columns: EMPNO, ENAME, JOB, MGR, HIREDATE, SAL, COMM, DEPTNO, PAGEHELPER_ROW_ID
TRACE [http-nio-8080-exec-5] - <==        Row: 16, defualt, new, 1, 2023-10-19 07:24:35, 1000, 10, 20, 16
TRACE [http-nio-8080-exec-5] - <==        Row: 16, defualt, new, 1, 2023-10-19 07:24:35, 1000, 10, 20, 16
TRACE [http-nio-8080-exec-5] - <==        Row: 17, defualt, new, 1, 2023-10-19 07:24:35, 1000, 10, 20, 17
TRACE [http-nio-8080-exec-5] - <==        Row: 17, defualt, new, 1, 2023-10-19 07:24:35, 1000, 10, 20, 17
TRACE [http-nio-8080-exec-5] - <==        Row: 28, defualt, new, 1, 2023-10-19 07:24:35, 1000, 10, 20, 18
TRACE [http-nio-8080-exec-5] - <==        Row: 28, defualt, new, 1, 2023-10-19 07:24:35, 1000, 10, 20, 18
TRACE [http-nio-8080-exec-5] - <==        Row: 29, defualt, new, 1, 2023-10-19 07:24:35, 1000, 10, 20, 19
TRACE [http-nio-8080-exec-5] - <==        Row: 29, defualt, new, 1, 2023-10-19 07:24:35, 1000, 10, 20, 19
TRACE [http-nio-8080-exec-5] - <==        Row: 30, defualt, new, 1, 2023-10-19 07:24:35, 1000, 10, 20, 20
TRACE [http-nio-8080-exec-5] - <==        Row: 30, defualt, new, 1, 2023-10-19 07:24:35, 1000, 10, 20, 20
TRACE [http-nio-8080-exec-5] - <==        Row: 31, defualt, new, 1, 2023-10-19 07:24:35, 1000, 10, 20, 21
TRACE [http-nio-8080-exec-5] - <==        Row: 31, defualt, new, 1, 2023-10-19 07:24:35, 1000, 10, 20, 21
TRACE [http-nio-8080-exec-5] - <==        Row: 32, defualt, new, 1, 2023-10-19 07:24:35, 1000, 10, 20, 22
TRACE [http-nio-8080-exec-5] - <==        Row: 32, defualt, new, 1, 2023-10-19 07:24:35, 1000, 10, 20, 22
TRACE [http-nio-8080-exec-5] - <==        Row: 33, defualt, new, 1, 2023-10-19 07:24:35, 1000, 10, 20, 23
TRACE [http-nio-8080-exec-5] - <==        Row: 33, defualt, new, 1, 2023-10-19 07:24:35, 1000, 10, 20, 23
TRACE [http-nio-8080-exec-5] - <==        Row: 34, defualt, new, 1, 2023-10-19 07:24:35, 1000, 10, 20, 24
TRACE [http-nio-8080-exec-5] - <==        Row: 34, defualt, new, 1, 2023-10-19 07:24:35, 1000, 10, 20, 24
TRACE [http-nio-8080-exec-5] - <==        Row: 35, defualt, new, 1, 2023-10-19 07:24:35, 1000, 10, 20, 25
TRACE [http-nio-8080-exec-5] - <==        Row: 35, defualt, new, 1, 2023-10-19 07:24:35, 1000, 10, 20, 25
TRACE [http-nio-8080-exec-5] - <==        Row: 36, defualt, new, 1, 2023-10-19 07:24:35, 1000, 10, 20, 26
TRACE [http-nio-8080-exec-5] - <==        Row: 36, defualt, new, 1, 2023-10-19 07:24:35, 1000, 10, 20, 26
TRACE [http-nio-8080-exec-5] - <==        Row: 37, defualt, new, 1, 2023-10-19 07:24:35, 1000, 10, 20, 27
TRACE [http-nio-8080-exec-5] - <==        Row: 37, defualt, new, 1, 2023-10-19 07:24:35, 1000, 10, 20, 27
TRACE [http-nio-8080-exec-5] - <==        Row: 38, defualt, new, 1, 2023-10-19 07:24:35, 1000, 10, 20, 28
TRACE [http-nio-8080-exec-5] - <==        Row: 38, defualt, new, 1, 2023-10-19 07:24:35, 1000, 10, 20, 28
TRACE [http-nio-8080-exec-5] - <==        Row: 39, defualt, new, 1, 2023-10-19 07:24:35, 1000, 10, 20, 29
TRACE [http-nio-8080-exec-5] - <==        Row: 39, defualt, new, 1, 2023-10-19 07:24:35, 1000, 10, 20, 29
TRACE [http-nio-8080-exec-5] - <==        Row: 40, defualt, new, 1, 2023-10-19 07:24:35, 1000, 10, 20, 30
TRACE [http-nio-8080-exec-5] - <==        Row: 40, defualt, new, 1, 2023-10-19 07:24:35, 1000, 10, 20, 30
DEBUG [http-nio-8080-exec-5] - <==      Total: 15
DEBUG [http-nio-8080-exec-5] - <==      Total: 15
DEBUG [http-nio-8080-exec-7] - ==>  Preparing: SELECT count(0) FROM scott.emp
DEBUG [http-nio-8080-exec-7] - ==>  Preparing: SELECT count(0) FROM scott.emp
DEBUG [http-nio-8080-exec-7] - ==> Parameters: 
DEBUG [http-nio-8080-exec-7] - ==> Parameters: 
TRACE [http-nio-8080-exec-7] - <==    Columns: COUNT(0)
TRACE [http-nio-8080-exec-7] - <==    Columns: COUNT(0)
TRACE [http-nio-8080-exec-7] - <==        Row: 5090
TRACE [http-nio-8080-exec-7] - <==        Row: 5090
DEBUG [http-nio-8080-exec-7] - <==      Total: 1
DEBUG [http-nio-8080-exec-7] - <==      Total: 1
DEBUG [http-nio-8080-exec-7] - ==>  Preparing: SELECT * FROM ( SELECT TMP_PAGE.*, ROWNUM PAGEHELPER_ROW_ID FROM ( SELECT empno,ename,job,mgr,hiredate,sal,comm,deptno FROM scott.emp ORDER BY empno ASC ) TMP_PAGE) WHERE PAGEHELPER_ROW_ID <= ? AND PAGEHELPER_ROW_ID > ?
DEBUG [http-nio-8080-exec-7] - ==>  Preparing: SELECT * FROM ( SELECT TMP_PAGE.*, ROWNUM PAGEHELPER_ROW_ID FROM ( SELECT empno,ename,job,mgr,hiredate,sal,comm,deptno FROM scott.emp ORDER BY empno ASC ) TMP_PAGE) WHERE PAGEHELPER_ROW_ID <= ? AND PAGEHELPER_ROW_ID > ?
DEBUG [http-nio-8080-exec-7] - ==> Parameters: 30(Long), 15(Long)
DEBUG [http-nio-8080-exec-7] - ==> Parameters: 30(Long), 15(Long)
TRACE [http-nio-8080-exec-7] - <==    Columns: EMPNO, ENAME, JOB, MGR, HIREDATE, SAL, COMM, DEPTNO, PAGEHELPER_ROW_ID
TRACE [http-nio-8080-exec-7] - <==    Columns: EMPNO, ENAME, JOB, MGR, HIREDATE, SAL, COMM, DEPTNO, PAGEHELPER_ROW_ID
TRACE [http-nio-8080-exec-7] - <==        Row: 16, defualt, new, 1, 2023-10-19 07:24:35, 1000, 10, 20, 16
TRACE [http-nio-8080-exec-7] - <==        Row: 16, defualt, new, 1, 2023-10-19 07:24:35, 1000, 10, 20, 16
TRACE [http-nio-8080-exec-7] - <==        Row: 17, defualt, new, 1, 2023-10-19 07:24:35, 1000, 10, 20, 17
TRACE [http-nio-8080-exec-7] - <==        Row: 17, defualt, new, 1, 2023-10-19 07:24:35, 1000, 10, 20, 17
TRACE [http-nio-8080-exec-7] - <==        Row: 28, defualt, new, 1, 2023-10-19 07:24:35, 1000, 10, 20, 18
TRACE [http-nio-8080-exec-7] - <==        Row: 28, defualt, new, 1, 2023-10-19 07:24:35, 1000, 10, 20, 18
TRACE [http-nio-8080-exec-7] - <==        Row: 29, defualt, new, 1, 2023-10-19 07:24:35, 1000, 10, 20, 19
TRACE [http-nio-8080-exec-7] - <==        Row: 29, defualt, new, 1, 2023-10-19 07:24:35, 1000, 10, 20, 19
TRACE [http-nio-8080-exec-7] - <==        Row: 30, defualt, new, 1, 2023-10-19 07:24:35, 1000, 10, 20, 20
TRACE [http-nio-8080-exec-7] - <==        Row: 30, defualt, new, 1, 2023-10-19 07:24:35, 1000, 10, 20, 20
TRACE [http-nio-8080-exec-7] - <==        Row: 31, defualt, new, 1, 2023-10-19 07:24:35, 1000, 10, 20, 21
TRACE [http-nio-8080-exec-7] - <==        Row: 31, defualt, new, 1, 2023-10-19 07:24:35, 1000, 10, 20, 21
TRACE [http-nio-8080-exec-7] - <==        Row: 32, defualt, new, 1, 2023-10-19 07:24:35, 1000, 10, 20, 22
TRACE [http-nio-8080-exec-7] - <==        Row: 32, defualt, new, 1, 2023-10-19 07:24:35, 1000, 10, 20, 22
TRACE [http-nio-8080-exec-7] - <==        Row: 33, defualt, new, 1, 2023-10-19 07:24:35, 1000, 10, 20, 23
TRACE [http-nio-8080-exec-7] - <==        Row: 33, defualt, new, 1, 2023-10-19 07:24:35, 1000, 10, 20, 23
TRACE [http-nio-8080-exec-7] - <==        Row: 34, defualt, new, 1, 2023-10-19 07:24:35, 1000, 10, 20, 24
TRACE [http-nio-8080-exec-7] - <==        Row: 34, defualt, new, 1, 2023-10-19 07:24:35, 1000, 10, 20, 24
TRACE [http-nio-8080-exec-7] - <==        Row: 35, defualt, new, 1, 2023-10-19 07:24:35, 1000, 10, 20, 25
TRACE [http-nio-8080-exec-7] - <==        Row: 35, defualt, new, 1, 2023-10-19 07:24:35, 1000, 10, 20, 25
TRACE [http-nio-8080-exec-7] - <==        Row: 36, defualt, new, 1, 2023-10-19 07:24:35, 1000, 10, 20, 26
TRACE [http-nio-8080-exec-7] - <==        Row: 36, defualt, new, 1, 2023-10-19 07:24:35, 1000, 10, 20, 26
TRACE [http-nio-8080-exec-7] - <==        Row: 37, defualt, new, 1, 2023-10-19 07:24:35, 1000, 10, 20, 27
TRACE [http-nio-8080-exec-7] - <==        Row: 37, defualt, new, 1, 2023-10-19 07:24:35, 1000, 10, 20, 27
TRACE [http-nio-8080-exec-7] - <==        Row: 38, defualt, new, 1, 2023-10-19 07:24:35, 1000, 10, 20, 28
TRACE [http-nio-8080-exec-7] - <==        Row: 38, defualt, new, 1, 2023-10-19 07:24:35, 1000, 10, 20, 28
TRACE [http-nio-8080-exec-7] - <==        Row: 39, defualt, new, 1, 2023-10-19 07:24:35, 1000, 10, 20, 29
TRACE [http-nio-8080-exec-7] - <==        Row: 39, defualt, new, 1, 2023-10-19 07:24:35, 1000, 10, 20, 29
TRACE [http-nio-8080-exec-7] - <==        Row: 40, defualt, new, 1, 2023-10-19 07:24:35, 1000, 10, 20, 30
TRACE [http-nio-8080-exec-7] - <==        Row: 40, defualt, new, 1, 2023-10-19 07:24:35, 1000, 10, 20, 30
DEBUG [http-nio-8080-exec-7] - <==      Total: 15
DEBUG [http-nio-8080-exec-7] - <==      Total: 15
DEBUG [http-nio-8080-exec-6] - ==>  Preparing: DELETE FROM scott.emp WHERE empno=?
DEBUG [http-nio-8080-exec-6] - ==>  Preparing: DELETE FROM scott.emp WHERE empno=?
DEBUG [http-nio-8080-exec-6] - ==> Parameters: 28(Integer)
DEBUG [http-nio-8080-exec-6] - ==> Parameters: 28(Integer)
DEBUG [http-nio-8080-exec-6] - <==    Updates: 1
DEBUG [http-nio-8080-exec-6] - <==    Updates: 1
DEBUG [http-nio-8080-exec-8] - ==>  Preparing: DELETE FROM scott.emp WHERE empno=?
DEBUG [http-nio-8080-exec-8] - ==>  Preparing: DELETE FROM scott.emp WHERE empno=?
DEBUG [http-nio-8080-exec-8] - ==> Parameters: 28(Integer)
DEBUG [http-nio-8080-exec-8] - ==> Parameters: 28(Integer)
DEBUG [http-nio-8080-exec-8] - <==    Updates: 0
DEBUG [http-nio-8080-exec-8] - <==    Updates: 0
DEBUG [http-nio-8080-exec-9] - ==>  Preparing: SELECT count(0) FROM scott.emp
DEBUG [http-nio-8080-exec-9] - ==>  Preparing: SELECT count(0) FROM scott.emp
DEBUG [http-nio-8080-exec-9] - ==> Parameters: 
DEBUG [http-nio-8080-exec-9] - ==> Parameters: 
TRACE [http-nio-8080-exec-9] - <==    Columns: COUNT(0)
TRACE [http-nio-8080-exec-9] - <==    Columns: COUNT(0)
TRACE [http-nio-8080-exec-9] - <==        Row: 5089
TRACE [http-nio-8080-exec-9] - <==        Row: 5089
DEBUG [http-nio-8080-exec-9] - <==      Total: 1
DEBUG [http-nio-8080-exec-9] - <==      Total: 1
DEBUG [http-nio-8080-exec-9] - ==>  Preparing: SELECT * FROM ( SELECT TMP_PAGE.*, ROWNUM PAGEHELPER_ROW_ID FROM ( SELECT empno,ename,job,mgr,hiredate,sal,comm,deptno FROM scott.emp ORDER BY empno ASC ) TMP_PAGE) WHERE PAGEHELPER_ROW_ID <= ? AND PAGEHELPER_ROW_ID > ?
DEBUG [http-nio-8080-exec-9] - ==>  Preparing: SELECT * FROM ( SELECT TMP_PAGE.*, ROWNUM PAGEHELPER_ROW_ID FROM ( SELECT empno,ename,job,mgr,hiredate,sal,comm,deptno FROM scott.emp ORDER BY empno ASC ) TMP_PAGE) WHERE PAGEHELPER_ROW_ID <= ? AND PAGEHELPER_ROW_ID > ?
DEBUG [http-nio-8080-exec-9] - ==> Parameters: 30(Long), 15(Long)
DEBUG [http-nio-8080-exec-9] - ==> Parameters: 30(Long), 15(Long)
TRACE [http-nio-8080-exec-9] - <==    Columns: EMPNO, ENAME, JOB, MGR, HIREDATE, SAL, COMM, DEPTNO, PAGEHELPER_ROW_ID
TRACE [http-nio-8080-exec-9] - <==    Columns: EMPNO, ENAME, JOB, MGR, HIREDATE, SAL, COMM, DEPTNO, PAGEHELPER_ROW_ID
TRACE [http-nio-8080-exec-9] - <==        Row: 16, defualt, new, 1, 2023-10-19 07:24:35, 1000, 10, 20, 16
TRACE [http-nio-8080-exec-9] - <==        Row: 16, defualt, new, 1, 2023-10-19 07:24:35, 1000, 10, 20, 16
TRACE [http-nio-8080-exec-9] - <==        Row: 17, defualt, new, 1, 2023-10-19 07:24:35, 1000, 10, 20, 17
TRACE [http-nio-8080-exec-9] - <==        Row: 17, defualt, new, 1, 2023-10-19 07:24:35, 1000, 10, 20, 17
TRACE [http-nio-8080-exec-9] - <==        Row: 29, defualt, new, 1, 2023-10-19 07:24:35, 1000, 10, 20, 18
TRACE [http-nio-8080-exec-9] - <==        Row: 29, defualt, new, 1, 2023-10-19 07:24:35, 1000, 10, 20, 18
TRACE [http-nio-8080-exec-9] - <==        Row: 30, defualt, new, 1, 2023-10-19 07:24:35, 1000, 10, 20, 19
TRACE [http-nio-8080-exec-9] - <==        Row: 30, defualt, new, 1, 2023-10-19 07:24:35, 1000, 10, 20, 19
TRACE [http-nio-8080-exec-9] - <==        Row: 31, defualt, new, 1, 2023-10-19 07:24:35, 1000, 10, 20, 20
TRACE [http-nio-8080-exec-9] - <==        Row: 31, defualt, new, 1, 2023-10-19 07:24:35, 1000, 10, 20, 20
TRACE [http-nio-8080-exec-9] - <==        Row: 32, defualt, new, 1, 2023-10-19 07:24:35, 1000, 10, 20, 21
TRACE [http-nio-8080-exec-9] - <==        Row: 32, defualt, new, 1, 2023-10-19 07:24:35, 1000, 10, 20, 21
TRACE [http-nio-8080-exec-9] - <==        Row: 33, defualt, new, 1, 2023-10-19 07:24:35, 1000, 10, 20, 22
TRACE [http-nio-8080-exec-9] - <==        Row: 33, defualt, new, 1, 2023-10-19 07:24:35, 1000, 10, 20, 22
TRACE [http-nio-8080-exec-9] - <==        Row: 34, defualt, new, 1, 2023-10-19 07:24:35, 1000, 10, 20, 23
TRACE [http-nio-8080-exec-9] - <==        Row: 34, defualt, new, 1, 2023-10-19 07:24:35, 1000, 10, 20, 23
TRACE [http-nio-8080-exec-9] - <==        Row: 35, defualt, new, 1, 2023-10-19 07:24:35, 1000, 10, 20, 24
TRACE [http-nio-8080-exec-9] - <==        Row: 35, defualt, new, 1, 2023-10-19 07:24:35, 1000, 10, 20, 24
TRACE [http-nio-8080-exec-9] - <==        Row: 36, defualt, new, 1, 2023-10-19 07:24:35, 1000, 10, 20, 25
TRACE [http-nio-8080-exec-9] - <==        Row: 36, defualt, new, 1, 2023-10-19 07:24:35, 1000, 10, 20, 25
TRACE [http-nio-8080-exec-9] - <==        Row: 37, defualt, new, 1, 2023-10-19 07:24:35, 1000, 10, 20, 26
TRACE [http-nio-8080-exec-9] - <==        Row: 37, defualt, new, 1, 2023-10-19 07:24:35, 1000, 10, 20, 26
TRACE [http-nio-8080-exec-9] - <==        Row: 38, defualt, new, 1, 2023-10-19 07:24:35, 1000, 10, 20, 27
TRACE [http-nio-8080-exec-9] - <==        Row: 38, defualt, new, 1, 2023-10-19 07:24:35, 1000, 10, 20, 27
TRACE [http-nio-8080-exec-9] - <==        Row: 39, defualt, new, 1, 2023-10-19 07:24:35, 1000, 10, 20, 28
TRACE [http-nio-8080-exec-9] - <==        Row: 39, defualt, new, 1, 2023-10-19 07:24:35, 1000, 10, 20, 28
TRACE [http-nio-8080-exec-9] - <==        Row: 40, defualt, new, 1, 2023-10-19 07:24:35, 1000, 10, 20, 29
TRACE [http-nio-8080-exec-9] - <==        Row: 40, defualt, new, 1, 2023-10-19 07:24:35, 1000, 10, 20, 29
TRACE [http-nio-8080-exec-9] - <==        Row: 41, defualt, new, 1, 2023-10-19 07:24:35, 1000, 10, 20, 30
TRACE [http-nio-8080-exec-9] - <==        Row: 41, defualt, new, 1, 2023-10-19 07:24:35, 1000, 10, 20, 30
DEBUG [http-nio-8080-exec-9] - <==      Total: 15
DEBUG [http-nio-8080-exec-9] - <==      Total: 15
DEBUG [http-nio-8080-exec-10] - ==>  Preparing: DELETE FROM scott.emp WHERE empno=?
DEBUG [http-nio-8080-exec-10] - ==>  Preparing: DELETE FROM scott.emp WHERE empno=?
DEBUG [http-nio-8080-exec-10] - ==> Parameters: 29(Integer)
DEBUG [http-nio-8080-exec-2] - ==>  Preparing: SELECT count(0) FROM scott.emp
DEBUG [http-nio-8080-exec-10] - ==> Parameters: 29(Integer)
DEBUG [http-nio-8080-exec-2] - ==>  Preparing: SELECT count(0) FROM scott.emp
DEBUG [http-nio-8080-exec-2] - ==> Parameters: 
DEBUG [http-nio-8080-exec-2] - ==> Parameters: 
TRACE [http-nio-8080-exec-2] - <==    Columns: COUNT(0)
TRACE [http-nio-8080-exec-2] - <==    Columns: COUNT(0)
TRACE [http-nio-8080-exec-2] - <==        Row: 5089
TRACE [http-nio-8080-exec-2] - <==        Row: 5089
DEBUG [http-nio-8080-exec-10] - <==    Updates: 1
DEBUG [http-nio-8080-exec-10] - <==    Updates: 1
DEBUG [http-nio-8080-exec-2] - <==      Total: 1
DEBUG [http-nio-8080-exec-2] - <==      Total: 1
DEBUG [http-nio-8080-exec-2] - ==>  Preparing: SELECT * FROM ( SELECT TMP_PAGE.*, ROWNUM PAGEHELPER_ROW_ID FROM ( SELECT empno,ename,job,mgr,hiredate,sal,comm,deptno FROM scott.emp ORDER BY empno ASC ) TMP_PAGE) WHERE PAGEHELPER_ROW_ID <= ? AND PAGEHELPER_ROW_ID > ?
DEBUG [http-nio-8080-exec-2] - ==>  Preparing: SELECT * FROM ( SELECT TMP_PAGE.*, ROWNUM PAGEHELPER_ROW_ID FROM ( SELECT empno,ename,job,mgr,hiredate,sal,comm,deptno FROM scott.emp ORDER BY empno ASC ) TMP_PAGE) WHERE PAGEHELPER_ROW_ID <= ? AND PAGEHELPER_ROW_ID > ?
DEBUG [http-nio-8080-exec-2] - ==> Parameters: 30(Long), 15(Long)
DEBUG [http-nio-8080-exec-2] - ==> Parameters: 30(Long), 15(Long)
TRACE [http-nio-8080-exec-2] - <==    Columns: EMPNO, ENAME, JOB, MGR, HIREDATE, SAL, COMM, DEPTNO, PAGEHELPER_ROW_ID
TRACE [http-nio-8080-exec-2] - <==    Columns: EMPNO, ENAME, JOB, MGR, HIREDATE, SAL, COMM, DEPTNO, PAGEHELPER_ROW_ID
TRACE [http-nio-8080-exec-2] - <==        Row: 16, defualt, new, 1, 2023-10-19 07:24:35, 1000, 10, 20, 16
TRACE [http-nio-8080-exec-2] - <==        Row: 16, defualt, new, 1, 2023-10-19 07:24:35, 1000, 10, 20, 16
TRACE [http-nio-8080-exec-2] - <==        Row: 17, defualt, new, 1, 2023-10-19 07:24:35, 1000, 10, 20, 17
TRACE [http-nio-8080-exec-2] - <==        Row: 17, defualt, new, 1, 2023-10-19 07:24:35, 1000, 10, 20, 17
TRACE [http-nio-8080-exec-2] - <==        Row: 30, defualt, new, 1, 2023-10-19 07:24:35, 1000, 10, 20, 18
TRACE [http-nio-8080-exec-2] - <==        Row: 30, defualt, new, 1, 2023-10-19 07:24:35, 1000, 10, 20, 18
TRACE [http-nio-8080-exec-2] - <==        Row: 31, defualt, new, 1, 2023-10-19 07:24:35, 1000, 10, 20, 19
TRACE [http-nio-8080-exec-2] - <==        Row: 31, defualt, new, 1, 2023-10-19 07:24:35, 1000, 10, 20, 19
TRACE [http-nio-8080-exec-2] - <==        Row: 32, defualt, new, 1, 2023-10-19 07:24:35, 1000, 10, 20, 20
TRACE [http-nio-8080-exec-2] - <==        Row: 32, defualt, new, 1, 2023-10-19 07:24:35, 1000, 10, 20, 20
TRACE [http-nio-8080-exec-2] - <==        Row: 33, defualt, new, 1, 2023-10-19 07:24:35, 1000, 10, 20, 21
TRACE [http-nio-8080-exec-2] - <==        Row: 33, defualt, new, 1, 2023-10-19 07:24:35, 1000, 10, 20, 21
TRACE [http-nio-8080-exec-2] - <==        Row: 34, defualt, new, 1, 2023-10-19 07:24:35, 1000, 10, 20, 22
TRACE [http-nio-8080-exec-2] - <==        Row: 34, defualt, new, 1, 2023-10-19 07:24:35, 1000, 10, 20, 22
TRACE [http-nio-8080-exec-2] - <==        Row: 35, defualt, new, 1, 2023-10-19 07:24:35, 1000, 10, 20, 23
TRACE [http-nio-8080-exec-2] - <==        Row: 35, defualt, new, 1, 2023-10-19 07:24:35, 1000, 10, 20, 23
TRACE [http-nio-8080-exec-2] - <==        Row: 36, defualt, new, 1, 2023-10-19 07:24:35, 1000, 10, 20, 24
TRACE [http-nio-8080-exec-2] - <==        Row: 36, defualt, new, 1, 2023-10-19 07:24:35, 1000, 10, 20, 24
TRACE [http-nio-8080-exec-2] - <==        Row: 37, defualt, new, 1, 2023-10-19 07:24:35, 1000, 10, 20, 25
TRACE [http-nio-8080-exec-2] - <==        Row: 37, defualt, new, 1, 2023-10-19 07:24:35, 1000, 10, 20, 25
TRACE [http-nio-8080-exec-2] - <==        Row: 38, defualt, new, 1, 2023-10-19 07:24:35, 1000, 10, 20, 26
TRACE [http-nio-8080-exec-2] - <==        Row: 38, defualt, new, 1, 2023-10-19 07:24:35, 1000, 10, 20, 26
TRACE [http-nio-8080-exec-2] - <==        Row: 39, defualt, new, 1, 2023-10-19 07:24:35, 1000, 10, 20, 27
TRACE [http-nio-8080-exec-2] - <==        Row: 39, defualt, new, 1, 2023-10-19 07:24:35, 1000, 10, 20, 27
TRACE [http-nio-8080-exec-2] - <==        Row: 40, defualt, new, 1, 2023-10-19 07:24:35, 1000, 10, 20, 28
TRACE [http-nio-8080-exec-2] - <==        Row: 40, defualt, new, 1, 2023-10-19 07:24:35, 1000, 10, 20, 28
TRACE [http-nio-8080-exec-2] - <==        Row: 41, defualt, new, 1, 2023-10-19 07:24:35, 1000, 10, 20, 29
TRACE [http-nio-8080-exec-2] - <==        Row: 41, defualt, new, 1, 2023-10-19 07:24:35, 1000, 10, 20, 29
TRACE [http-nio-8080-exec-2] - <==        Row: 42, defualt, new, 1, 2023-10-19 07:24:35, 1000, 10, 20, 30
TRACE [http-nio-8080-exec-2] - <==        Row: 42, defualt, new, 1, 2023-10-19 07:24:35, 1000, 10, 20, 30
DEBUG [http-nio-8080-exec-2] - <==      Total: 15
DEBUG [http-nio-8080-exec-2] - <==      Total: 15
DEBUG [http-nio-8080-exec-1] - ==>  Preparing: DELETE FROM scott.emp WHERE empno=?
DEBUG [http-nio-8080-exec-1] - ==>  Preparing: DELETE FROM scott.emp WHERE empno=?
DEBUG [http-nio-8080-exec-1] - ==> Parameters: 30(Integer)
DEBUG [http-nio-8080-exec-1] - ==> Parameters: 30(Integer)
DEBUG [http-nio-8080-exec-3] - ==>  Preparing: SELECT count(0) FROM scott.emp
DEBUG [http-nio-8080-exec-3] - ==>  Preparing: SELECT count(0) FROM scott.emp
DEBUG [http-nio-8080-exec-3] - ==> Parameters: 
DEBUG [http-nio-8080-exec-3] - ==> Parameters: 
DEBUG [http-nio-8080-exec-1] - <==    Updates: 1
DEBUG [http-nio-8080-exec-1] - <==    Updates: 1
TRACE [http-nio-8080-exec-3] - <==    Columns: COUNT(0)
TRACE [http-nio-8080-exec-3] - <==    Columns: COUNT(0)
TRACE [http-nio-8080-exec-3] - <==        Row: 5087
TRACE [http-nio-8080-exec-3] - <==        Row: 5087
DEBUG [http-nio-8080-exec-3] - <==      Total: 1
DEBUG [http-nio-8080-exec-3] - <==      Total: 1
DEBUG [http-nio-8080-exec-3] - ==>  Preparing: SELECT * FROM ( SELECT TMP_PAGE.*, ROWNUM PAGEHELPER_ROW_ID FROM ( SELECT empno,ename,job,mgr,hiredate,sal,comm,deptno FROM scott.emp ORDER BY empno ASC ) TMP_PAGE) WHERE PAGEHELPER_ROW_ID <= ? AND PAGEHELPER_ROW_ID > ?
DEBUG [http-nio-8080-exec-3] - ==>  Preparing: SELECT * FROM ( SELECT TMP_PAGE.*, ROWNUM PAGEHELPER_ROW_ID FROM ( SELECT empno,ename,job,mgr,hiredate,sal,comm,deptno FROM scott.emp ORDER BY empno ASC ) TMP_PAGE) WHERE PAGEHELPER_ROW_ID <= ? AND PAGEHELPER_ROW_ID > ?
DEBUG [http-nio-8080-exec-3] - ==> Parameters: 30(Long), 15(Long)
DEBUG [http-nio-8080-exec-3] - ==> Parameters: 30(Long), 15(Long)
TRACE [http-nio-8080-exec-3] - <==    Columns: EMPNO, ENAME, JOB, MGR, HIREDATE, SAL, COMM, DEPTNO, PAGEHELPER_ROW_ID
TRACE [http-nio-8080-exec-3] - <==    Columns: EMPNO, ENAME, JOB, MGR, HIREDATE, SAL, COMM, DEPTNO, PAGEHELPER_ROW_ID
TRACE [http-nio-8080-exec-3] - <==        Row: 16, defualt, new, 1, 2023-10-19 07:24:35, 1000, 10, 20, 16
TRACE [http-nio-8080-exec-3] - <==        Row: 16, defualt, new, 1, 2023-10-19 07:24:35, 1000, 10, 20, 16
TRACE [http-nio-8080-exec-3] - <==        Row: 17, defualt, new, 1, 2023-10-19 07:24:35, 1000, 10, 20, 17
TRACE [http-nio-8080-exec-3] - <==        Row: 17, defualt, new, 1, 2023-10-19 07:24:35, 1000, 10, 20, 17
TRACE [http-nio-8080-exec-3] - <==        Row: 31, defualt, new, 1, 2023-10-19 07:24:35, 1000, 10, 20, 18
TRACE [http-nio-8080-exec-3] - <==        Row: 31, defualt, new, 1, 2023-10-19 07:24:35, 1000, 10, 20, 18
TRACE [http-nio-8080-exec-3] - <==        Row: 32, defualt, new, 1, 2023-10-19 07:24:35, 1000, 10, 20, 19
TRACE [http-nio-8080-exec-3] - <==        Row: 32, defualt, new, 1, 2023-10-19 07:24:35, 1000, 10, 20, 19
TRACE [http-nio-8080-exec-3] - <==        Row: 33, defualt, new, 1, 2023-10-19 07:24:35, 1000, 10, 20, 20
TRACE [http-nio-8080-exec-3] - <==        Row: 33, defualt, new, 1, 2023-10-19 07:24:35, 1000, 10, 20, 20
TRACE [http-nio-8080-exec-3] - <==        Row: 34, defualt, new, 1, 2023-10-19 07:24:35, 1000, 10, 20, 21
TRACE [http-nio-8080-exec-3] - <==        Row: 34, defualt, new, 1, 2023-10-19 07:24:35, 1000, 10, 20, 21
TRACE [http-nio-8080-exec-3] - <==        Row: 35, defualt, new, 1, 2023-10-19 07:24:35, 1000, 10, 20, 22
TRACE [http-nio-8080-exec-3] - <==        Row: 35, defualt, new, 1, 2023-10-19 07:24:35, 1000, 10, 20, 22
TRACE [http-nio-8080-exec-3] - <==        Row: 36, defualt, new, 1, 2023-10-19 07:24:35, 1000, 10, 20, 23
TRACE [http-nio-8080-exec-3] - <==        Row: 36, defualt, new, 1, 2023-10-19 07:24:35, 1000, 10, 20, 23
TRACE [http-nio-8080-exec-3] - <==        Row: 37, defualt, new, 1, 2023-10-19 07:24:35, 1000, 10, 20, 24
TRACE [http-nio-8080-exec-3] - <==        Row: 37, defualt, new, 1, 2023-10-19 07:24:35, 1000, 10, 20, 24
TRACE [http-nio-8080-exec-3] - <==        Row: 38, defualt, new, 1, 2023-10-19 07:24:35, 1000, 10, 20, 25
TRACE [http-nio-8080-exec-3] - <==        Row: 38, defualt, new, 1, 2023-10-19 07:24:35, 1000, 10, 20, 25
TRACE [http-nio-8080-exec-3] - <==        Row: 39, defualt, new, 1, 2023-10-19 07:24:35, 1000, 10, 20, 26
TRACE [http-nio-8080-exec-3] - <==        Row: 39, defualt, new, 1, 2023-10-19 07:24:35, 1000, 10, 20, 26
TRACE [http-nio-8080-exec-3] - <==        Row: 40, defualt, new, 1, 2023-10-19 07:24:35, 1000, 10, 20, 27
TRACE [http-nio-8080-exec-3] - <==        Row: 40, defualt, new, 1, 2023-10-19 07:24:35, 1000, 10, 20, 27
TRACE [http-nio-8080-exec-3] - <==        Row: 41, defualt, new, 1, 2023-10-19 07:24:35, 1000, 10, 20, 28
TRACE [http-nio-8080-exec-3] - <==        Row: 41, defualt, new, 1, 2023-10-19 07:24:35, 1000, 10, 20, 28
TRACE [http-nio-8080-exec-3] - <==        Row: 42, defualt, new, 1, 2023-10-19 07:24:35, 1000, 10, 20, 29
TRACE [http-nio-8080-exec-3] - <==        Row: 42, defualt, new, 1, 2023-10-19 07:24:35, 1000, 10, 20, 29
TRACE [http-nio-8080-exec-3] - <==        Row: 43, defualt, new, 1, 2023-10-19 07:24:35, 1000, 10, 20, 30
TRACE [http-nio-8080-exec-3] - <==        Row: 43, defualt, new, 1, 2023-10-19 07:24:35, 1000, 10, 20, 30
DEBUG [http-nio-8080-exec-3] - <==      Total: 15
DEBUG [http-nio-8080-exec-3] - <==      Total: 15
DEBUG [http-nio-8080-exec-4] - ==>  Preparing: DELETE FROM scott.emp WHERE empno=?
DEBUG [http-nio-8080-exec-4] - ==>  Preparing: DELETE FROM scott.emp WHERE empno=?
DEBUG [http-nio-8080-exec-4] - ==> Parameters: 31(Integer)
DEBUG [http-nio-8080-exec-4] - ==> Parameters: 31(Integer)
DEBUG [http-nio-8080-exec-5] - ==>  Preparing: SELECT count(0) FROM scott.emp
DEBUG [http-nio-8080-exec-5] - ==>  Preparing: SELECT count(0) FROM scott.emp
DEBUG [http-nio-8080-exec-5] - ==> Parameters: 
DEBUG [http-nio-8080-exec-5] - ==> Parameters: 
DEBUG [http-nio-8080-exec-4] - <==    Updates: 1
DEBUG [http-nio-8080-exec-4] - <==    Updates: 1
TRACE [http-nio-8080-exec-5] - <==    Columns: COUNT(0)
TRACE [http-nio-8080-exec-5] - <==    Columns: COUNT(0)
TRACE [http-nio-8080-exec-5] - <==        Row: 5086
TRACE [http-nio-8080-exec-5] - <==        Row: 5086
DEBUG [http-nio-8080-exec-5] - <==      Total: 1
DEBUG [http-nio-8080-exec-5] - <==      Total: 1
DEBUG [http-nio-8080-exec-5] - ==>  Preparing: SELECT * FROM ( SELECT TMP_PAGE.*, ROWNUM PAGEHELPER_ROW_ID FROM ( SELECT empno,ename,job,mgr,hiredate,sal,comm,deptno FROM scott.emp ORDER BY empno ASC ) TMP_PAGE) WHERE PAGEHELPER_ROW_ID <= ? AND PAGEHELPER_ROW_ID > ?
DEBUG [http-nio-8080-exec-5] - ==>  Preparing: SELECT * FROM ( SELECT TMP_PAGE.*, ROWNUM PAGEHELPER_ROW_ID FROM ( SELECT empno,ename,job,mgr,hiredate,sal,comm,deptno FROM scott.emp ORDER BY empno ASC ) TMP_PAGE) WHERE PAGEHELPER_ROW_ID <= ? AND PAGEHELPER_ROW_ID > ?
DEBUG [http-nio-8080-exec-5] - ==> Parameters: 30(Long), 15(Long)
DEBUG [http-nio-8080-exec-5] - ==> Parameters: 30(Long), 15(Long)
TRACE [http-nio-8080-exec-5] - <==    Columns: EMPNO, ENAME, JOB, MGR, HIREDATE, SAL, COMM, DEPTNO, PAGEHELPER_ROW_ID
TRACE [http-nio-8080-exec-5] - <==    Columns: EMPNO, ENAME, JOB, MGR, HIREDATE, SAL, COMM, DEPTNO, PAGEHELPER_ROW_ID
TRACE [http-nio-8080-exec-5] - <==        Row: 16, defualt, new, 1, 2023-10-19 07:24:35, 1000, 10, 20, 16
TRACE [http-nio-8080-exec-5] - <==        Row: 16, defualt, new, 1, 2023-10-19 07:24:35, 1000, 10, 20, 16
TRACE [http-nio-8080-exec-5] - <==        Row: 17, defualt, new, 1, 2023-10-19 07:24:35, 1000, 10, 20, 17
TRACE [http-nio-8080-exec-5] - <==        Row: 17, defualt, new, 1, 2023-10-19 07:24:35, 1000, 10, 20, 17
TRACE [http-nio-8080-exec-5] - <==        Row: 32, defualt, new, 1, 2023-10-19 07:24:35, 1000, 10, 20, 18
TRACE [http-nio-8080-exec-5] - <==        Row: 32, defualt, new, 1, 2023-10-19 07:24:35, 1000, 10, 20, 18
TRACE [http-nio-8080-exec-5] - <==        Row: 33, defualt, new, 1, 2023-10-19 07:24:35, 1000, 10, 20, 19
TRACE [http-nio-8080-exec-5] - <==        Row: 33, defualt, new, 1, 2023-10-19 07:24:35, 1000, 10, 20, 19
TRACE [http-nio-8080-exec-5] - <==        Row: 34, defualt, new, 1, 2023-10-19 07:24:35, 1000, 10, 20, 20
TRACE [http-nio-8080-exec-5] - <==        Row: 34, defualt, new, 1, 2023-10-19 07:24:35, 1000, 10, 20, 20
TRACE [http-nio-8080-exec-5] - <==        Row: 35, defualt, new, 1, 2023-10-19 07:24:35, 1000, 10, 20, 21
TRACE [http-nio-8080-exec-5] - <==        Row: 35, defualt, new, 1, 2023-10-19 07:24:35, 1000, 10, 20, 21
TRACE [http-nio-8080-exec-5] - <==        Row: 36, defualt, new, 1, 2023-10-19 07:24:35, 1000, 10, 20, 22
TRACE [http-nio-8080-exec-5] - <==        Row: 36, defualt, new, 1, 2023-10-19 07:24:35, 1000, 10, 20, 22
TRACE [http-nio-8080-exec-5] - <==        Row: 37, defualt, new, 1, 2023-10-19 07:24:35, 1000, 10, 20, 23
TRACE [http-nio-8080-exec-5] - <==        Row: 37, defualt, new, 1, 2023-10-19 07:24:35, 1000, 10, 20, 23
TRACE [http-nio-8080-exec-5] - <==        Row: 38, defualt, new, 1, 2023-10-19 07:24:35, 1000, 10, 20, 24
TRACE [http-nio-8080-exec-5] - <==        Row: 38, defualt, new, 1, 2023-10-19 07:24:35, 1000, 10, 20, 24
TRACE [http-nio-8080-exec-5] - <==        Row: 39, defualt, new, 1, 2023-10-19 07:24:35, 1000, 10, 20, 25
TRACE [http-nio-8080-exec-5] - <==        Row: 39, defualt, new, 1, 2023-10-19 07:24:35, 1000, 10, 20, 25
TRACE [http-nio-8080-exec-5] - <==        Row: 40, defualt, new, 1, 2023-10-19 07:24:35, 1000, 10, 20, 26
TRACE [http-nio-8080-exec-5] - <==        Row: 40, defualt, new, 1, 2023-10-19 07:24:35, 1000, 10, 20, 26
TRACE [http-nio-8080-exec-5] - <==        Row: 41, defualt, new, 1, 2023-10-19 07:24:35, 1000, 10, 20, 27
TRACE [http-nio-8080-exec-5] - <==        Row: 41, defualt, new, 1, 2023-10-19 07:24:35, 1000, 10, 20, 27
TRACE [http-nio-8080-exec-5] - <==        Row: 42, defualt, new, 1, 2023-10-19 07:24:35, 1000, 10, 20, 28
TRACE [http-nio-8080-exec-5] - <==        Row: 42, defualt, new, 1, 2023-10-19 07:24:35, 1000, 10, 20, 28
TRACE [http-nio-8080-exec-5] - <==        Row: 43, defualt, new, 1, 2023-10-19 07:24:35, 1000, 10, 20, 29
TRACE [http-nio-8080-exec-5] - <==        Row: 43, defualt, new, 1, 2023-10-19 07:24:35, 1000, 10, 20, 29
TRACE [http-nio-8080-exec-5] - <==        Row: 44, defualt, new, 1, 2023-10-19 07:24:35, 1000, 10, 20, 30
TRACE [http-nio-8080-exec-5] - <==        Row: 44, defualt, new, 1, 2023-10-19 07:24:35, 1000, 10, 20, 30
DEBUG [http-nio-8080-exec-5] - <==      Total: 15
DEBUG [http-nio-8080-exec-5] - <==      Total: 15
DEBUG [http-nio-8080-exec-7] - ==>  Preparing: DELETE FROM scott.emp WHERE empno=?
DEBUG [http-nio-8080-exec-7] - ==>  Preparing: DELETE FROM scott.emp WHERE empno=?
DEBUG [http-nio-8080-exec-7] - ==> Parameters: 32(Integer)
DEBUG [http-nio-8080-exec-7] - ==> Parameters: 32(Integer)
DEBUG [http-nio-8080-exec-6] - ==>  Preparing: SELECT count(0) FROM scott.emp
DEBUG [http-nio-8080-exec-6] - ==>  Preparing: SELECT count(0) FROM scott.emp
DEBUG [http-nio-8080-exec-6] - ==> Parameters: 
DEBUG [http-nio-8080-exec-6] - ==> Parameters: 
DEBUG [http-nio-8080-exec-7] - <==    Updates: 1
DEBUG [http-nio-8080-exec-7] - <==    Updates: 1
TRACE [http-nio-8080-exec-6] - <==    Columns: COUNT(0)
TRACE [http-nio-8080-exec-6] - <==    Columns: COUNT(0)
TRACE [http-nio-8080-exec-6] - <==        Row: 5086
TRACE [http-nio-8080-exec-6] - <==        Row: 5086
DEBUG [http-nio-8080-exec-6] - <==      Total: 1
DEBUG [http-nio-8080-exec-6] - <==      Total: 1
DEBUG [http-nio-8080-exec-6] - ==>  Preparing: SELECT * FROM ( SELECT TMP_PAGE.*, ROWNUM PAGEHELPER_ROW_ID FROM ( SELECT empno,ename,job,mgr,hiredate,sal,comm,deptno FROM scott.emp ORDER BY empno ASC ) TMP_PAGE) WHERE PAGEHELPER_ROW_ID <= ? AND PAGEHELPER_ROW_ID > ?
DEBUG [http-nio-8080-exec-6] - ==>  Preparing: SELECT * FROM ( SELECT TMP_PAGE.*, ROWNUM PAGEHELPER_ROW_ID FROM ( SELECT empno,ename,job,mgr,hiredate,sal,comm,deptno FROM scott.emp ORDER BY empno ASC ) TMP_PAGE) WHERE PAGEHELPER_ROW_ID <= ? AND PAGEHELPER_ROW_ID > ?
DEBUG [http-nio-8080-exec-6] - ==> Parameters: 30(Long), 15(Long)
DEBUG [http-nio-8080-exec-6] - ==> Parameters: 30(Long), 15(Long)
TRACE [http-nio-8080-exec-6] - <==    Columns: EMPNO, ENAME, JOB, MGR, HIREDATE, SAL, COMM, DEPTNO, PAGEHELPER_ROW_ID
TRACE [http-nio-8080-exec-6] - <==    Columns: EMPNO, ENAME, JOB, MGR, HIREDATE, SAL, COMM, DEPTNO, PAGEHELPER_ROW_ID
TRACE [http-nio-8080-exec-6] - <==        Row: 16, defualt, new, 1, 2023-10-19 07:24:35, 1000, 10, 20, 16
TRACE [http-nio-8080-exec-6] - <==        Row: 16, defualt, new, 1, 2023-10-19 07:24:35, 1000, 10, 20, 16
TRACE [http-nio-8080-exec-6] - <==        Row: 17, defualt, new, 1, 2023-10-19 07:24:35, 1000, 10, 20, 17
TRACE [http-nio-8080-exec-6] - <==        Row: 17, defualt, new, 1, 2023-10-19 07:24:35, 1000, 10, 20, 17
TRACE [http-nio-8080-exec-6] - <==        Row: 33, defualt, new, 1, 2023-10-19 07:24:35, 1000, 10, 20, 18
TRACE [http-nio-8080-exec-6] - <==        Row: 33, defualt, new, 1, 2023-10-19 07:24:35, 1000, 10, 20, 18
TRACE [http-nio-8080-exec-6] - <==        Row: 34, defualt, new, 1, 2023-10-19 07:24:35, 1000, 10, 20, 19
TRACE [http-nio-8080-exec-6] - <==        Row: 34, defualt, new, 1, 2023-10-19 07:24:35, 1000, 10, 20, 19
TRACE [http-nio-8080-exec-6] - <==        Row: 35, defualt, new, 1, 2023-10-19 07:24:35, 1000, 10, 20, 20
TRACE [http-nio-8080-exec-6] - <==        Row: 35, defualt, new, 1, 2023-10-19 07:24:35, 1000, 10, 20, 20
TRACE [http-nio-8080-exec-6] - <==        Row: 36, defualt, new, 1, 2023-10-19 07:24:35, 1000, 10, 20, 21
TRACE [http-nio-8080-exec-6] - <==        Row: 36, defualt, new, 1, 2023-10-19 07:24:35, 1000, 10, 20, 21
TRACE [http-nio-8080-exec-6] - <==        Row: 37, defualt, new, 1, 2023-10-19 07:24:35, 1000, 10, 20, 22
TRACE [http-nio-8080-exec-6] - <==        Row: 37, defualt, new, 1, 2023-10-19 07:24:35, 1000, 10, 20, 22
TRACE [http-nio-8080-exec-6] - <==        Row: 38, defualt, new, 1, 2023-10-19 07:24:35, 1000, 10, 20, 23
TRACE [http-nio-8080-exec-6] - <==        Row: 38, defualt, new, 1, 2023-10-19 07:24:35, 1000, 10, 20, 23
TRACE [http-nio-8080-exec-6] - <==        Row: 39, defualt, new, 1, 2023-10-19 07:24:35, 1000, 10, 20, 24
TRACE [http-nio-8080-exec-6] - <==        Row: 39, defualt, new, 1, 2023-10-19 07:24:35, 1000, 10, 20, 24
TRACE [http-nio-8080-exec-6] - <==        Row: 40, defualt, new, 1, 2023-10-19 07:24:35, 1000, 10, 20, 25
TRACE [http-nio-8080-exec-6] - <==        Row: 40, defualt, new, 1, 2023-10-19 07:24:35, 1000, 10, 20, 25
TRACE [http-nio-8080-exec-6] - <==        Row: 41, defualt, new, 1, 2023-10-19 07:24:35, 1000, 10, 20, 26
TRACE [http-nio-8080-exec-6] - <==        Row: 41, defualt, new, 1, 2023-10-19 07:24:35, 1000, 10, 20, 26
TRACE [http-nio-8080-exec-6] - <==        Row: 42, defualt, new, 1, 2023-10-19 07:24:35, 1000, 10, 20, 27
TRACE [http-nio-8080-exec-6] - <==        Row: 42, defualt, new, 1, 2023-10-19 07:24:35, 1000, 10, 20, 27
TRACE [http-nio-8080-exec-6] - <==        Row: 43, defualt, new, 1, 2023-10-19 07:24:35, 1000, 10, 20, 28
TRACE [http-nio-8080-exec-6] - <==        Row: 43, defualt, new, 1, 2023-10-19 07:24:35, 1000, 10, 20, 28
TRACE [http-nio-8080-exec-6] - <==        Row: 44, defualt, new, 1, 2023-10-19 07:24:35, 1000, 10, 20, 29
TRACE [http-nio-8080-exec-6] - <==        Row: 44, defualt, new, 1, 2023-10-19 07:24:35, 1000, 10, 20, 29
TRACE [http-nio-8080-exec-6] - <==        Row: 45, defualt, new, 1, 2023-10-19 07:24:35, 1000, 10, 20, 30
TRACE [http-nio-8080-exec-6] - <==        Row: 45, defualt, new, 1, 2023-10-19 07:24:35, 1000, 10, 20, 30
DEBUG [http-nio-8080-exec-6] - <==      Total: 15
DEBUG [http-nio-8080-exec-6] - <==      Total: 15
