DEBUG [http-nio-8080-exec-4] - ==>  Preparing: SELECT count(0) FROM scott.emp
DEBUG [http-nio-8080-exec-4] - ==>  Preparing: SELECT count(0) FROM scott.emp
DEBUG [http-nio-8080-exec-4] - ==> Parameters: 
DEBUG [http-nio-8080-exec-4] - ==> Parameters: 
TRACE [http-nio-8080-exec-4] - <==    Columns: COUNT(0)
TRACE [http-nio-8080-exec-4] - <==    Columns: COUNT(0)
TRACE [http-nio-8080-exec-4] - <==        Row: 4966
TRACE [http-nio-8080-exec-4] - <==        Row: 4966
DEBUG [http-nio-8080-exec-4] - <==      Total: 1
DEBUG [http-nio-8080-exec-4] - <==      Total: 1
DEBUG [http-nio-8080-exec-4] - ==>  Preparing: SELECT * FROM ( SELECT TMP_PAGE.*, ROWNUM PAGEHELPER_ROW_ID FROM ( SELECT empno,ename,job,mgr,hiredate,sal,comm,deptno FROM scott.emp ORDER BY empno ASC ) TMP_PAGE) WHERE PAGEHELPER_ROW_ID <= ? AND PAGEHELPER_ROW_ID > ?
DEBUG [http-nio-8080-exec-4] - ==>  Preparing: SELECT * FROM ( SELECT TMP_PAGE.*, ROWNUM PAGEHELPER_ROW_ID FROM ( SELECT empno,ename,job,mgr,hiredate,sal,comm,deptno FROM scott.emp ORDER BY empno ASC ) TMP_PAGE) WHERE PAGEHELPER_ROW_ID <= ? AND PAGEHELPER_ROW_ID > ?
DEBUG [http-nio-8080-exec-4] - ==> Parameters: 15(Long), 0(Long)
DEBUG [http-nio-8080-exec-4] - ==> Parameters: 15(Long), 0(Long)
TRACE [http-nio-8080-exec-4] - <==    Columns: EMPNO, ENAME, JOB, MGR, HIREDATE, SAL, COMM, DEPTNO, PAGEHELPER_ROW_ID
TRACE [http-nio-8080-exec-4] - <==    Columns: EMPNO, ENAME, JOB, MGR, HIREDATE, SAL, COMM, DEPTNO, PAGEHELPER_ROW_ID
TRACE [http-nio-8080-exec-4] - <==        Row: 1, Kings Down, Manager, 1, 1970-01-01 00:00:00, 8099, null, 11, 1
TRACE [http-nio-8080-exec-4] - <==        Row: 1, Kings Down, Manager, 1, 1970-01-01 00:00:00, 8099, null, 11, 1
TRACE [http-nio-8080-exec-4] - <==        Row: 2, Prince Fl, Analyst, 1, 2023-09-15 00:00:00, 4000, 300, 20, 2
TRACE [http-nio-8080-exec-4] - <==        Row: 2, Prince Fl, Analyst, 1, 2023-09-15 00:00:00, 4000, 300, 20, 2
TRACE [http-nio-8080-exec-4] - <==        Row: 3, Bob Johnsn, Clerk, 2, 2023-08-20 00:00:00, 2500, null, 30, 3
TRACE [http-nio-8080-exec-4] - <==        Row: 3, Bob Johnsn, Clerk, 2, 2023-08-20 00:00:00, 2500, null, 30, 3
TRACE [http-nio-8080-exec-4] - <==        Row: 4, Ali Brown, Manager, null, 2023-07-10 00:00:00, 5500, null, 10, 4
TRACE [http-nio-8080-exec-4] - <==        Row: 4, Ali Brown, Manager, null, 2023-07-10 00:00:00, 5500, null, 10, 4
TRACE [http-nio-8080-exec-4] - <==        Row: 5, Ella Davis, Analyst, 4, 2023-06-05 00:00:00, 4200, 200, 20, 5
TRACE [http-nio-8080-exec-4] - <==        Row: 5, Ella Davis, Analyst, 4, 2023-06-05 00:00:00, 4200, 200, 20, 5
TRACE [http-nio-8080-exec-4] - <==        Row: 6, David Lee, Clerk, 4, 2023-05-15 00:00:00, 2700, null, 30, 6
TRACE [http-nio-8080-exec-4] - <==        Row: 6, David Lee, Clerk, 4, 2023-05-15 00:00:00, 2700, null, 30, 6
TRACE [http-nio-8080-exec-4] - <==        Row: 7, Sar Wilsn, Manager, null, 2023-04-20 00:00:00, 5200, null, 10, 7
TRACE [http-nio-8080-exec-4] - <==        Row: 7, Sar Wilsn, Manager, null, 2023-04-20 00:00:00, 5200, null, 10, 7
TRACE [http-nio-8080-exec-4] - <==        Row: 8, Michl Wite, Analyst, 7, 2023-03-10 00:00:00, 4300, 150, 20, 8
TRACE [http-nio-8080-exec-4] - <==        Row: 8, Michl Wite, Analyst, 7, 2023-03-10 00:00:00, 4300, 150, 20, 8
TRACE [http-nio-8080-exec-4] - <==        Row: 9, Oliv Josn, Clerk, 7, 2023-02-25 00:00:00, 2600, null, 30, 9
TRACE [http-nio-8080-exec-4] - <==        Row: 9, Oliv Josn, Clerk, 7, 2023-02-25 00:00:00, 2600, null, 30, 9
TRACE [http-nio-8080-exec-4] - <==        Row: 10, Rbert, Manager, null, 2023-01-15 00:00:00, 5100, null, 10, 10
TRACE [http-nio-8080-exec-4] - <==        Row: 10, Rbert, Manager, null, 2023-01-15 00:00:00, 5100, null, 10, 10
TRACE [http-nio-8080-exec-4] - <==        Row: 11, Shia, Analyst, 10, 2022-12-10 00:00:00, 4100, 100, 20, 11
TRACE [http-nio-8080-exec-4] - <==        Row: 11, Shia, Analyst, 10, 2022-12-10 00:00:00, 4100, 100, 20, 11
TRACE [http-nio-8080-exec-4] - <==        Row: 12, Wilm Davis, Clerk, 10, 2022-11-05 00:00:00, 2800, null, 30, 12
TRACE [http-nio-8080-exec-4] - <==        Row: 12, Wilm Davis, Clerk, 10, 2022-11-05 00:00:00, 2800, null, 30, 12
TRACE [http-nio-8080-exec-4] - <==        Row: 13, Emma, Manager, null, 2022-10-20 00:00:00, 5300, null, 10, 13
TRACE [http-nio-8080-exec-4] - <==        Row: 13, Emma, Manager, null, 2022-10-20 00:00:00, 5300, null, 10, 13
TRACE [http-nio-8080-exec-4] - <==        Row: 14, dfualt, new, 1, 2023-10-19 00:00:00, 1000, 10, 20, 14
TRACE [http-nio-8080-exec-4] - <==        Row: 14, dfualt, new, 1, 2023-10-19 00:00:00, 1000, 10, 20, 14
TRACE [http-nio-8080-exec-4] - <==        Row: 15, Barbara, new, 5, 2023-10-19 00:00:00, 1000, 10, 20, 15
TRACE [http-nio-8080-exec-4] - <==        Row: 15, Barbara, new, 5, 2023-10-19 00:00:00, 1000, 10, 20, 15
DEBUG [http-nio-8080-exec-4] - <==      Total: 15
DEBUG [http-nio-8080-exec-4] - <==      Total: 15
DEBUG [http-nio-8080-exec-6] - ==>  Preparing: SELECT count(0) FROM scott.emp WHERE (Ename LIKE ?)
DEBUG [http-nio-8080-exec-6] - ==>  Preparing: SELECT count(0) FROM scott.emp WHERE (Ename LIKE ?)
DEBUG [http-nio-8080-exec-6] - ==> Parameters: %de%(String)
DEBUG [http-nio-8080-exec-6] - ==> Parameters: %de%(String)
TRACE [http-nio-8080-exec-6] - <==    Columns: COUNT(0)
TRACE [http-nio-8080-exec-6] - <==    Columns: COUNT(0)
TRACE [http-nio-8080-exec-6] - <==        Row: 4947
TRACE [http-nio-8080-exec-6] - <==        Row: 4947
DEBUG [http-nio-8080-exec-6] - <==      Total: 1
DEBUG [http-nio-8080-exec-6] - <==      Total: 1
DEBUG [http-nio-8080-exec-6] - ==>  Preparing: SELECT * FROM ( SELECT TMP_PAGE.*, ROWNUM PAGEHELPER_ROW_ID FROM ( SELECT empno,ename,job,mgr,hiredate,sal,comm,deptno FROM scott.emp WHERE (Ename LIKE ?) ORDER BY empno ASC ) TMP_PAGE) WHERE PAGEHELPER_ROW_ID <= ? AND PAGEHELPER_ROW_ID > ?
DEBUG [http-nio-8080-exec-6] - ==>  Preparing: SELECT * FROM ( SELECT TMP_PAGE.*, ROWNUM PAGEHELPER_ROW_ID FROM ( SELECT empno,ename,job,mgr,hiredate,sal,comm,deptno FROM scott.emp WHERE (Ename LIKE ?) ORDER BY empno ASC ) TMP_PAGE) WHERE PAGEHELPER_ROW_ID <= ? AND PAGEHELPER_ROW_ID > ?
DEBUG [http-nio-8080-exec-6] - ==> Parameters: %de%(String), 15(Long), 0(Long)
DEBUG [http-nio-8080-exec-6] - ==> Parameters: %de%(String), 15(Long), 0(Long)
TRACE [http-nio-8080-exec-6] - <==    Columns: EMPNO, ENAME, JOB, MGR, HIREDATE, SAL, COMM, DEPTNO, PAGEHELPER_ROW_ID
TRACE [http-nio-8080-exec-6] - <==    Columns: EMPNO, ENAME, JOB, MGR, HIREDATE, SAL, COMM, DEPTNO, PAGEHELPER_ROW_ID
TRACE [http-nio-8080-exec-6] - <==        Row: 16, defualt, new, 1, 2023-10-19 07:24:35, 1000, 10, 20, 1
TRACE [http-nio-8080-exec-6] - <==        Row: 16, defualt, new, 1, 2023-10-19 07:24:35, 1000, 10, 20, 1
TRACE [http-nio-8080-exec-6] - <==        Row: 17, defualt, new, 1, 2023-10-19 07:24:35, 1000, 10, 20, 2
TRACE [http-nio-8080-exec-6] - <==        Row: 17, defualt, new, 1, 2023-10-19 07:24:35, 1000, 10, 20, 2
TRACE [http-nio-8080-exec-6] - <==        Row: 55, defualt, new, 1, 2023-10-19 07:24:35, 1000, 10, 20, 3
TRACE [http-nio-8080-exec-6] - <==        Row: 55, defualt, new, 1, 2023-10-19 07:24:35, 1000, 10, 20, 3
TRACE [http-nio-8080-exec-6] - <==        Row: 56, defualt, new, 1, 2023-10-19 07:24:35, 1000, 10, 20, 4
TRACE [http-nio-8080-exec-6] - <==        Row: 56, defualt, new, 1, 2023-10-19 07:24:35, 1000, 10, 20, 4
TRACE [http-nio-8080-exec-6] - <==        Row: 57, defualt, new, 1, 2023-10-19 07:24:35, 1000, 10, 20, 5
TRACE [http-nio-8080-exec-6] - <==        Row: 57, defualt, new, 1, 2023-10-19 07:24:35, 1000, 10, 20, 5
TRACE [http-nio-8080-exec-6] - <==        Row: 58, defualt, new, 1, 2023-10-19 07:24:35, 1000, 10, 20, 6
TRACE [http-nio-8080-exec-6] - <==        Row: 58, defualt, new, 1, 2023-10-19 07:24:35, 1000, 10, 20, 6
TRACE [http-nio-8080-exec-6] - <==        Row: 59, defualt, new, 1, 2023-10-19 07:24:35, 1000, 10, 20, 7
TRACE [http-nio-8080-exec-6] - <==        Row: 59, defualt, new, 1, 2023-10-19 07:24:35, 1000, 10, 20, 7
TRACE [http-nio-8080-exec-6] - <==        Row: 60, defualt, new, 1, 2023-10-19 07:24:35, 1000, 10, 20, 8
TRACE [http-nio-8080-exec-6] - <==        Row: 60, defualt, new, 1, 2023-10-19 07:24:35, 1000, 10, 20, 8
TRACE [http-nio-8080-exec-6] - <==        Row: 61, defualt, new, 1, 2023-10-19 07:24:35, 1000, 10, 20, 9
TRACE [http-nio-8080-exec-6] - <==        Row: 61, defualt, new, 1, 2023-10-19 07:24:35, 1000, 10, 20, 9
TRACE [http-nio-8080-exec-6] - <==        Row: 62, defualt, new, 1, 2023-10-19 07:24:35, 1000, 10, 20, 10
TRACE [http-nio-8080-exec-6] - <==        Row: 62, defualt, new, 1, 2023-10-19 07:24:35, 1000, 10, 20, 10
TRACE [http-nio-8080-exec-6] - <==        Row: 63, defualt, new, 1, 2023-10-19 07:24:35, 1000, 10, 20, 11
TRACE [http-nio-8080-exec-6] - <==        Row: 63, defualt, new, 1, 2023-10-19 07:24:35, 1000, 10, 20, 11
TRACE [http-nio-8080-exec-6] - <==        Row: 64, defualt, new, 1, 2023-10-19 07:24:35, 1000, 10, 20, 12
TRACE [http-nio-8080-exec-6] - <==        Row: 64, defualt, new, 1, 2023-10-19 07:24:35, 1000, 10, 20, 12
TRACE [http-nio-8080-exec-6] - <==        Row: 65, defualt, new, 1, 2023-10-19 07:24:35, 1000, 10, 20, 13
TRACE [http-nio-8080-exec-6] - <==        Row: 65, defualt, new, 1, 2023-10-19 07:24:35, 1000, 10, 20, 13
TRACE [http-nio-8080-exec-6] - <==        Row: 66, defualt, new, 1, 2023-10-19 07:24:35, 1000, 10, 20, 14
TRACE [http-nio-8080-exec-6] - <==        Row: 66, defualt, new, 1, 2023-10-19 07:24:35, 1000, 10, 20, 14
TRACE [http-nio-8080-exec-6] - <==        Row: 67, defualt, new, 1, 2023-10-19 07:24:35, 1000, 10, 20, 15
TRACE [http-nio-8080-exec-6] - <==        Row: 67, defualt, new, 1, 2023-10-19 07:24:35, 1000, 10, 20, 15
DEBUG [http-nio-8080-exec-6] - <==      Total: 15
DEBUG [http-nio-8080-exec-6] - <==      Total: 15
DEBUG [http-nio-8080-exec-7] - ==>  Preparing: SELECT count(0) FROM scott.emp WHERE (Ename LIKE ?)
DEBUG [http-nio-8080-exec-7] - ==>  Preparing: SELECT count(0) FROM scott.emp WHERE (Ename LIKE ?)
DEBUG [http-nio-8080-exec-7] - ==> Parameters: %de%(String)
DEBUG [http-nio-8080-exec-7] - ==> Parameters: %de%(String)
TRACE [http-nio-8080-exec-7] - <==    Columns: COUNT(0)
TRACE [http-nio-8080-exec-7] - <==    Columns: COUNT(0)
TRACE [http-nio-8080-exec-7] - <==        Row: 4947
TRACE [http-nio-8080-exec-7] - <==        Row: 4947
DEBUG [http-nio-8080-exec-7] - <==      Total: 1
DEBUG [http-nio-8080-exec-7] - <==      Total: 1
DEBUG [http-nio-8080-exec-7] - ==>  Preparing: SELECT * FROM ( SELECT TMP_PAGE.*, ROWNUM PAGEHELPER_ROW_ID FROM ( SELECT empno,ename,job,mgr,hiredate,sal,comm,deptno FROM scott.emp WHERE (Ename LIKE ?) ORDER BY empno ASC ) TMP_PAGE) WHERE PAGEHELPER_ROW_ID <= ? AND PAGEHELPER_ROW_ID > ?
DEBUG [http-nio-8080-exec-7] - ==>  Preparing: SELECT * FROM ( SELECT TMP_PAGE.*, ROWNUM PAGEHELPER_ROW_ID FROM ( SELECT empno,ename,job,mgr,hiredate,sal,comm,deptno FROM scott.emp WHERE (Ename LIKE ?) ORDER BY empno ASC ) TMP_PAGE) WHERE PAGEHELPER_ROW_ID <= ? AND PAGEHELPER_ROW_ID > ?
DEBUG [http-nio-8080-exec-7] - ==> Parameters: %de%(String), 15(Long), 0(Long)
DEBUG [http-nio-8080-exec-7] - ==> Parameters: %de%(String), 15(Long), 0(Long)
TRACE [http-nio-8080-exec-7] - <==    Columns: EMPNO, ENAME, JOB, MGR, HIREDATE, SAL, COMM, DEPTNO, PAGEHELPER_ROW_ID
TRACE [http-nio-8080-exec-7] - <==    Columns: EMPNO, ENAME, JOB, MGR, HIREDATE, SAL, COMM, DEPTNO, PAGEHELPER_ROW_ID
TRACE [http-nio-8080-exec-7] - <==        Row: 16, defualt, new, 1, 2023-10-19 07:24:35, 1000, 10, 20, 1
TRACE [http-nio-8080-exec-7] - <==        Row: 16, defualt, new, 1, 2023-10-19 07:24:35, 1000, 10, 20, 1
TRACE [http-nio-8080-exec-7] - <==        Row: 17, defualt, new, 1, 2023-10-19 07:24:35, 1000, 10, 20, 2
TRACE [http-nio-8080-exec-7] - <==        Row: 17, defualt, new, 1, 2023-10-19 07:24:35, 1000, 10, 20, 2
TRACE [http-nio-8080-exec-7] - <==        Row: 55, defualt, new, 1, 2023-10-19 07:24:35, 1000, 10, 20, 3
TRACE [http-nio-8080-exec-7] - <==        Row: 55, defualt, new, 1, 2023-10-19 07:24:35, 1000, 10, 20, 3
TRACE [http-nio-8080-exec-7] - <==        Row: 56, defualt, new, 1, 2023-10-19 07:24:35, 1000, 10, 20, 4
TRACE [http-nio-8080-exec-7] - <==        Row: 56, defualt, new, 1, 2023-10-19 07:24:35, 1000, 10, 20, 4
TRACE [http-nio-8080-exec-7] - <==        Row: 57, defualt, new, 1, 2023-10-19 07:24:35, 1000, 10, 20, 5
TRACE [http-nio-8080-exec-7] - <==        Row: 57, defualt, new, 1, 2023-10-19 07:24:35, 1000, 10, 20, 5
TRACE [http-nio-8080-exec-7] - <==        Row: 58, defualt, new, 1, 2023-10-19 07:24:35, 1000, 10, 20, 6
TRACE [http-nio-8080-exec-7] - <==        Row: 58, defualt, new, 1, 2023-10-19 07:24:35, 1000, 10, 20, 6
TRACE [http-nio-8080-exec-7] - <==        Row: 59, defualt, new, 1, 2023-10-19 07:24:35, 1000, 10, 20, 7
TRACE [http-nio-8080-exec-7] - <==        Row: 59, defualt, new, 1, 2023-10-19 07:24:35, 1000, 10, 20, 7
TRACE [http-nio-8080-exec-7] - <==        Row: 60, defualt, new, 1, 2023-10-19 07:24:35, 1000, 10, 20, 8
TRACE [http-nio-8080-exec-7] - <==        Row: 60, defualt, new, 1, 2023-10-19 07:24:35, 1000, 10, 20, 8
TRACE [http-nio-8080-exec-7] - <==        Row: 61, defualt, new, 1, 2023-10-19 07:24:35, 1000, 10, 20, 9
TRACE [http-nio-8080-exec-7] - <==        Row: 61, defualt, new, 1, 2023-10-19 07:24:35, 1000, 10, 20, 9
TRACE [http-nio-8080-exec-7] - <==        Row: 62, defualt, new, 1, 2023-10-19 07:24:35, 1000, 10, 20, 10
TRACE [http-nio-8080-exec-7] - <==        Row: 62, defualt, new, 1, 2023-10-19 07:24:35, 1000, 10, 20, 10
TRACE [http-nio-8080-exec-7] - <==        Row: 63, defualt, new, 1, 2023-10-19 07:24:35, 1000, 10, 20, 11
TRACE [http-nio-8080-exec-7] - <==        Row: 63, defualt, new, 1, 2023-10-19 07:24:35, 1000, 10, 20, 11
TRACE [http-nio-8080-exec-7] - <==        Row: 64, defualt, new, 1, 2023-10-19 07:24:35, 1000, 10, 20, 12
TRACE [http-nio-8080-exec-7] - <==        Row: 64, defualt, new, 1, 2023-10-19 07:24:35, 1000, 10, 20, 12
TRACE [http-nio-8080-exec-7] - <==        Row: 65, defualt, new, 1, 2023-10-19 07:24:35, 1000, 10, 20, 13
TRACE [http-nio-8080-exec-7] - <==        Row: 65, defualt, new, 1, 2023-10-19 07:24:35, 1000, 10, 20, 13
TRACE [http-nio-8080-exec-7] - <==        Row: 66, defualt, new, 1, 2023-10-19 07:24:35, 1000, 10, 20, 14
TRACE [http-nio-8080-exec-7] - <==        Row: 66, defualt, new, 1, 2023-10-19 07:24:35, 1000, 10, 20, 14
TRACE [http-nio-8080-exec-7] - <==        Row: 67, defualt, new, 1, 2023-10-19 07:24:35, 1000, 10, 20, 15
TRACE [http-nio-8080-exec-7] - <==        Row: 67, defualt, new, 1, 2023-10-19 07:24:35, 1000, 10, 20, 15
DEBUG [http-nio-8080-exec-7] - <==      Total: 15
DEBUG [http-nio-8080-exec-7] - <==      Total: 15
DEBUG [http-nio-8080-exec-9] - ==>  Preparing: SELECT count(0) FROM scott.emp WHERE (Ename LIKE ?)
DEBUG [http-nio-8080-exec-9] - ==>  Preparing: SELECT count(0) FROM scott.emp WHERE (Ename LIKE ?)
DEBUG [http-nio-8080-exec-9] - ==> Parameters: %de%(String)
DEBUG [http-nio-8080-exec-9] - ==> Parameters: %de%(String)
TRACE [http-nio-8080-exec-9] - <==    Columns: COUNT(0)
TRACE [http-nio-8080-exec-9] - <==    Columns: COUNT(0)
TRACE [http-nio-8080-exec-9] - <==        Row: 4947
TRACE [http-nio-8080-exec-9] - <==        Row: 4947
DEBUG [http-nio-8080-exec-9] - <==      Total: 1
DEBUG [http-nio-8080-exec-9] - <==      Total: 1
DEBUG [http-nio-8080-exec-9] - ==>  Preparing: SELECT * FROM ( SELECT TMP_PAGE.*, ROWNUM PAGEHELPER_ROW_ID FROM ( SELECT empno,ename,job,mgr,hiredate,sal,comm,deptno FROM scott.emp WHERE (Ename LIKE ?) ORDER BY empno ASC ) TMP_PAGE) WHERE PAGEHELPER_ROW_ID <= ? AND PAGEHELPER_ROW_ID > ?
DEBUG [http-nio-8080-exec-9] - ==>  Preparing: SELECT * FROM ( SELECT TMP_PAGE.*, ROWNUM PAGEHELPER_ROW_ID FROM ( SELECT empno,ename,job,mgr,hiredate,sal,comm,deptno FROM scott.emp WHERE (Ename LIKE ?) ORDER BY empno ASC ) TMP_PAGE) WHERE PAGEHELPER_ROW_ID <= ? AND PAGEHELPER_ROW_ID > ?
DEBUG [http-nio-8080-exec-9] - ==> Parameters: %de%(String), 4950(Long), 4935(Long)
DEBUG [http-nio-8080-exec-9] - ==> Parameters: %de%(String), 4950(Long), 4935(Long)
TRACE [http-nio-8080-exec-9] - <==    Columns: EMPNO, ENAME, JOB, MGR, HIREDATE, SAL, COMM, DEPTNO, PAGEHELPER_ROW_ID
TRACE [http-nio-8080-exec-9] - <==    Columns: EMPNO, ENAME, JOB, MGR, HIREDATE, SAL, COMM, DEPTNO, PAGEHELPER_ROW_ID
TRACE [http-nio-8080-exec-9] - <==        Row: 4991, default, new, 1, 2023-10-23 18:19:43, 1000, 100, 20, 4936
TRACE [http-nio-8080-exec-9] - <==        Row: 4991, default, new, 1, 2023-10-23 18:19:43, 1000, 100, 20, 4936
TRACE [http-nio-8080-exec-9] - <==        Row: 4992, default, new, 1, 2023-10-23 18:19:43, 1000, 100, 20, 4937
TRACE [http-nio-8080-exec-9] - <==        Row: 4992, default, new, 1, 2023-10-23 18:19:43, 1000, 100, 20, 4937
TRACE [http-nio-8080-exec-9] - <==        Row: 4993, default, new, 1, 2023-10-23 18:19:43, 1000, 100, 20, 4938
TRACE [http-nio-8080-exec-9] - <==        Row: 4993, default, new, 1, 2023-10-23 18:19:43, 1000, 100, 20, 4938
TRACE [http-nio-8080-exec-9] - <==        Row: 4994, default, new, 1, 2023-10-23 18:19:43, 1000, 100, 20, 4939
TRACE [http-nio-8080-exec-9] - <==        Row: 4994, default, new, 1, 2023-10-23 18:19:43, 1000, 100, 20, 4939
TRACE [http-nio-8080-exec-9] - <==        Row: 4995, default, new, 1, 2023-10-23 18:19:43, 1000, 100, 20, 4940
TRACE [http-nio-8080-exec-9] - <==        Row: 4995, default, new, 1, 2023-10-23 18:19:43, 1000, 100, 20, 4940
TRACE [http-nio-8080-exec-9] - <==        Row: 4996, default, new, 1, 2023-10-23 18:19:43, 1000, 100, 20, 4941
TRACE [http-nio-8080-exec-9] - <==        Row: 4996, default, new, 1, 2023-10-23 18:19:43, 1000, 100, 20, 4941
TRACE [http-nio-8080-exec-9] - <==        Row: 4997, default, new, 1, 2023-10-23 18:19:43, 1000, 100, 20, 4942
TRACE [http-nio-8080-exec-9] - <==        Row: 4997, default, new, 1, 2023-10-23 18:19:43, 1000, 100, 20, 4942
TRACE [http-nio-8080-exec-9] - <==        Row: 4998, default, new, 1, 2023-10-23 18:19:43, 1000, 100, 20, 4943
TRACE [http-nio-8080-exec-9] - <==        Row: 4998, default, new, 1, 2023-10-23 18:19:43, 1000, 100, 20, 4943
TRACE [http-nio-8080-exec-9] - <==        Row: 4999, default, new, 1, 2023-10-23 18:19:43, 1000, 100, 20, 4944
TRACE [http-nio-8080-exec-9] - <==        Row: 4999, default, new, 1, 2023-10-23 18:19:43, 1000, 100, 20, 4944
TRACE [http-nio-8080-exec-9] - <==        Row: 5000, default, new, 1, 2023-10-23 18:19:43, 1000, 100, 20, 4945
TRACE [http-nio-8080-exec-9] - <==        Row: 5000, default, new, 1, 2023-10-23 18:19:43, 1000, 100, 20, 4945
TRACE [http-nio-8080-exec-9] - <==        Row: 8002, de, Manager, 5, 1970-01-01 08:02:03, 5000, null, 11, 4946
TRACE [http-nio-8080-exec-9] - <==        Row: 8002, de, Manager, 5, 1970-01-01 08:02:03, 5000, null, 11, 4946
TRACE [http-nio-8080-exec-9] - <==        Row: 8002, de, Manager, 5, null, 5000, null, 11, 4947
TRACE [http-nio-8080-exec-9] - <==        Row: 8002, de, Manager, 5, null, 5000, null, 11, 4947
DEBUG [http-nio-8080-exec-9] - <==      Total: 12
DEBUG [http-nio-8080-exec-9] - <==      Total: 12
DEBUG [http-nio-8080-exec-10] - ==>  Preparing: SELECT count(0) FROM scott.emp WHERE (Ename LIKE ?)
DEBUG [http-nio-8080-exec-10] - ==>  Preparing: SELECT count(0) FROM scott.emp WHERE (Ename LIKE ?)
DEBUG [http-nio-8080-exec-10] - ==> Parameters: %de%(String)
DEBUG [http-nio-8080-exec-10] - ==> Parameters: %de%(String)
TRACE [http-nio-8080-exec-10] - <==    Columns: COUNT(0)
TRACE [http-nio-8080-exec-10] - <==    Columns: COUNT(0)
TRACE [http-nio-8080-exec-10] - <==        Row: 4947
TRACE [http-nio-8080-exec-10] - <==        Row: 4947
DEBUG [http-nio-8080-exec-10] - <==      Total: 1
DEBUG [http-nio-8080-exec-10] - <==      Total: 1
DEBUG [http-nio-8080-exec-10] - ==>  Preparing: SELECT * FROM ( SELECT TMP_PAGE.*, ROWNUM PAGEHELPER_ROW_ID FROM ( SELECT empno,ename,job,mgr,hiredate,sal,comm,deptno FROM scott.emp WHERE (Ename LIKE ?) ORDER BY empno ASC ) TMP_PAGE) WHERE PAGEHELPER_ROW_ID <= ? AND PAGEHELPER_ROW_ID > ?
DEBUG [http-nio-8080-exec-10] - ==>  Preparing: SELECT * FROM ( SELECT TMP_PAGE.*, ROWNUM PAGEHELPER_ROW_ID FROM ( SELECT empno,ename,job,mgr,hiredate,sal,comm,deptno FROM scott.emp WHERE (Ename LIKE ?) ORDER BY empno ASC ) TMP_PAGE) WHERE PAGEHELPER_ROW_ID <= ? AND PAGEHELPER_ROW_ID > ?
DEBUG [http-nio-8080-exec-10] - ==> Parameters: %de%(String), 15(Long), 0(Long)
DEBUG [http-nio-8080-exec-10] - ==> Parameters: %de%(String), 15(Long), 0(Long)
TRACE [http-nio-8080-exec-10] - <==    Columns: EMPNO, ENAME, JOB, MGR, HIREDATE, SAL, COMM, DEPTNO, PAGEHELPER_ROW_ID
TRACE [http-nio-8080-exec-10] - <==    Columns: EMPNO, ENAME, JOB, MGR, HIREDATE, SAL, COMM, DEPTNO, PAGEHELPER_ROW_ID
TRACE [http-nio-8080-exec-10] - <==        Row: 16, defualt, new, 1, 2023-10-19 07:24:35, 1000, 10, 20, 1
TRACE [http-nio-8080-exec-10] - <==        Row: 16, defualt, new, 1, 2023-10-19 07:24:35, 1000, 10, 20, 1
TRACE [http-nio-8080-exec-10] - <==        Row: 17, defualt, new, 1, 2023-10-19 07:24:35, 1000, 10, 20, 2
TRACE [http-nio-8080-exec-10] - <==        Row: 17, defualt, new, 1, 2023-10-19 07:24:35, 1000, 10, 20, 2
TRACE [http-nio-8080-exec-10] - <==        Row: 55, defualt, new, 1, 2023-10-19 07:24:35, 1000, 10, 20, 3
TRACE [http-nio-8080-exec-10] - <==        Row: 55, defualt, new, 1, 2023-10-19 07:24:35, 1000, 10, 20, 3
TRACE [http-nio-8080-exec-10] - <==        Row: 56, defualt, new, 1, 2023-10-19 07:24:35, 1000, 10, 20, 4
TRACE [http-nio-8080-exec-10] - <==        Row: 56, defualt, new, 1, 2023-10-19 07:24:35, 1000, 10, 20, 4
TRACE [http-nio-8080-exec-10] - <==        Row: 57, defualt, new, 1, 2023-10-19 07:24:35, 1000, 10, 20, 5
TRACE [http-nio-8080-exec-10] - <==        Row: 57, defualt, new, 1, 2023-10-19 07:24:35, 1000, 10, 20, 5
TRACE [http-nio-8080-exec-10] - <==        Row: 58, defualt, new, 1, 2023-10-19 07:24:35, 1000, 10, 20, 6
TRACE [http-nio-8080-exec-10] - <==        Row: 58, defualt, new, 1, 2023-10-19 07:24:35, 1000, 10, 20, 6
TRACE [http-nio-8080-exec-10] - <==        Row: 59, defualt, new, 1, 2023-10-19 07:24:35, 1000, 10, 20, 7
TRACE [http-nio-8080-exec-10] - <==        Row: 59, defualt, new, 1, 2023-10-19 07:24:35, 1000, 10, 20, 7
TRACE [http-nio-8080-exec-10] - <==        Row: 60, defualt, new, 1, 2023-10-19 07:24:35, 1000, 10, 20, 8
TRACE [http-nio-8080-exec-10] - <==        Row: 60, defualt, new, 1, 2023-10-19 07:24:35, 1000, 10, 20, 8
TRACE [http-nio-8080-exec-10] - <==        Row: 61, defualt, new, 1, 2023-10-19 07:24:35, 1000, 10, 20, 9
TRACE [http-nio-8080-exec-10] - <==        Row: 61, defualt, new, 1, 2023-10-19 07:24:35, 1000, 10, 20, 9
TRACE [http-nio-8080-exec-10] - <==        Row: 62, defualt, new, 1, 2023-10-19 07:24:35, 1000, 10, 20, 10
TRACE [http-nio-8080-exec-10] - <==        Row: 62, defualt, new, 1, 2023-10-19 07:24:35, 1000, 10, 20, 10
TRACE [http-nio-8080-exec-10] - <==        Row: 63, defualt, new, 1, 2023-10-19 07:24:35, 1000, 10, 20, 11
TRACE [http-nio-8080-exec-10] - <==        Row: 63, defualt, new, 1, 2023-10-19 07:24:35, 1000, 10, 20, 11
TRACE [http-nio-8080-exec-10] - <==        Row: 64, defualt, new, 1, 2023-10-19 07:24:35, 1000, 10, 20, 12
TRACE [http-nio-8080-exec-10] - <==        Row: 64, defualt, new, 1, 2023-10-19 07:24:35, 1000, 10, 20, 12
TRACE [http-nio-8080-exec-10] - <==        Row: 65, defualt, new, 1, 2023-10-19 07:24:35, 1000, 10, 20, 13
TRACE [http-nio-8080-exec-10] - <==        Row: 65, defualt, new, 1, 2023-10-19 07:24:35, 1000, 10, 20, 13
TRACE [http-nio-8080-exec-10] - <==        Row: 66, defualt, new, 1, 2023-10-19 07:24:35, 1000, 10, 20, 14
TRACE [http-nio-8080-exec-10] - <==        Row: 66, defualt, new, 1, 2023-10-19 07:24:35, 1000, 10, 20, 14
TRACE [http-nio-8080-exec-10] - <==        Row: 67, defualt, new, 1, 2023-10-19 07:24:35, 1000, 10, 20, 15
TRACE [http-nio-8080-exec-10] - <==        Row: 67, defualt, new, 1, 2023-10-19 07:24:35, 1000, 10, 20, 15
DEBUG [http-nio-8080-exec-10] - <==      Total: 15
DEBUG [http-nio-8080-exec-10] - <==      Total: 15
DEBUG [http-nio-8080-exec-1] - ==>  Preparing: SELECT count(0) FROM scott.emp WHERE (Ename LIKE ?)
DEBUG [http-nio-8080-exec-1] - ==>  Preparing: SELECT count(0) FROM scott.emp WHERE (Ename LIKE ?)
DEBUG [http-nio-8080-exec-1] - ==> Parameters: %de%(String)
DEBUG [http-nio-8080-exec-1] - ==> Parameters: %de%(String)
TRACE [http-nio-8080-exec-1] - <==    Columns: COUNT(0)
TRACE [http-nio-8080-exec-1] - <==    Columns: COUNT(0)
TRACE [http-nio-8080-exec-1] - <==        Row: 4947
TRACE [http-nio-8080-exec-1] - <==        Row: 4947
DEBUG [http-nio-8080-exec-1] - <==      Total: 1
DEBUG [http-nio-8080-exec-1] - <==      Total: 1
DEBUG [http-nio-8080-exec-1] - ==>  Preparing: SELECT * FROM ( SELECT TMP_PAGE.*, ROWNUM PAGEHELPER_ROW_ID FROM ( SELECT empno,ename,job,mgr,hiredate,sal,comm,deptno FROM scott.emp WHERE (Ename LIKE ?) ORDER BY empno ASC ) TMP_PAGE) WHERE PAGEHELPER_ROW_ID <= ? AND PAGEHELPER_ROW_ID > ?
DEBUG [http-nio-8080-exec-1] - ==>  Preparing: SELECT * FROM ( SELECT TMP_PAGE.*, ROWNUM PAGEHELPER_ROW_ID FROM ( SELECT empno,ename,job,mgr,hiredate,sal,comm,deptno FROM scott.emp WHERE (Ename LIKE ?) ORDER BY empno ASC ) TMP_PAGE) WHERE PAGEHELPER_ROW_ID <= ? AND PAGEHELPER_ROW_ID > ?
DEBUG [http-nio-8080-exec-1] - ==> Parameters: %de%(String), 15(Long), 0(Long)
DEBUG [http-nio-8080-exec-1] - ==> Parameters: %de%(String), 15(Long), 0(Long)
TRACE [http-nio-8080-exec-1] - <==    Columns: EMPNO, ENAME, JOB, MGR, HIREDATE, SAL, COMM, DEPTNO, PAGEHELPER_ROW_ID
TRACE [http-nio-8080-exec-1] - <==    Columns: EMPNO, ENAME, JOB, MGR, HIREDATE, SAL, COMM, DEPTNO, PAGEHELPER_ROW_ID
TRACE [http-nio-8080-exec-1] - <==        Row: 16, defualt, new, 1, 2023-10-19 07:24:35, 1000, 10, 20, 1
TRACE [http-nio-8080-exec-1] - <==        Row: 16, defualt, new, 1, 2023-10-19 07:24:35, 1000, 10, 20, 1
TRACE [http-nio-8080-exec-1] - <==        Row: 17, defualt, new, 1, 2023-10-19 07:24:35, 1000, 10, 20, 2
TRACE [http-nio-8080-exec-1] - <==        Row: 17, defualt, new, 1, 2023-10-19 07:24:35, 1000, 10, 20, 2
TRACE [http-nio-8080-exec-1] - <==        Row: 55, defualt, new, 1, 2023-10-19 07:24:35, 1000, 10, 20, 3
TRACE [http-nio-8080-exec-1] - <==        Row: 55, defualt, new, 1, 2023-10-19 07:24:35, 1000, 10, 20, 3
TRACE [http-nio-8080-exec-1] - <==        Row: 56, defualt, new, 1, 2023-10-19 07:24:35, 1000, 10, 20, 4
TRACE [http-nio-8080-exec-1] - <==        Row: 56, defualt, new, 1, 2023-10-19 07:24:35, 1000, 10, 20, 4
TRACE [http-nio-8080-exec-1] - <==        Row: 57, defualt, new, 1, 2023-10-19 07:24:35, 1000, 10, 20, 5
TRACE [http-nio-8080-exec-1] - <==        Row: 57, defualt, new, 1, 2023-10-19 07:24:35, 1000, 10, 20, 5
TRACE [http-nio-8080-exec-1] - <==        Row: 58, defualt, new, 1, 2023-10-19 07:24:35, 1000, 10, 20, 6
TRACE [http-nio-8080-exec-1] - <==        Row: 58, defualt, new, 1, 2023-10-19 07:24:35, 1000, 10, 20, 6
TRACE [http-nio-8080-exec-1] - <==        Row: 59, defualt, new, 1, 2023-10-19 07:24:35, 1000, 10, 20, 7
TRACE [http-nio-8080-exec-1] - <==        Row: 59, defualt, new, 1, 2023-10-19 07:24:35, 1000, 10, 20, 7
TRACE [http-nio-8080-exec-1] - <==        Row: 60, defualt, new, 1, 2023-10-19 07:24:35, 1000, 10, 20, 8
TRACE [http-nio-8080-exec-1] - <==        Row: 60, defualt, new, 1, 2023-10-19 07:24:35, 1000, 10, 20, 8
TRACE [http-nio-8080-exec-1] - <==        Row: 61, defualt, new, 1, 2023-10-19 07:24:35, 1000, 10, 20, 9
TRACE [http-nio-8080-exec-1] - <==        Row: 61, defualt, new, 1, 2023-10-19 07:24:35, 1000, 10, 20, 9
TRACE [http-nio-8080-exec-1] - <==        Row: 62, defualt, new, 1, 2023-10-19 07:24:35, 1000, 10, 20, 10
TRACE [http-nio-8080-exec-1] - <==        Row: 62, defualt, new, 1, 2023-10-19 07:24:35, 1000, 10, 20, 10
TRACE [http-nio-8080-exec-1] - <==        Row: 63, defualt, new, 1, 2023-10-19 07:24:35, 1000, 10, 20, 11
TRACE [http-nio-8080-exec-1] - <==        Row: 63, defualt, new, 1, 2023-10-19 07:24:35, 1000, 10, 20, 11
TRACE [http-nio-8080-exec-1] - <==        Row: 64, defualt, new, 1, 2023-10-19 07:24:35, 1000, 10, 20, 12
TRACE [http-nio-8080-exec-1] - <==        Row: 64, defualt, new, 1, 2023-10-19 07:24:35, 1000, 10, 20, 12
TRACE [http-nio-8080-exec-1] - <==        Row: 65, defualt, new, 1, 2023-10-19 07:24:35, 1000, 10, 20, 13
TRACE [http-nio-8080-exec-1] - <==        Row: 65, defualt, new, 1, 2023-10-19 07:24:35, 1000, 10, 20, 13
TRACE [http-nio-8080-exec-1] - <==        Row: 66, defualt, new, 1, 2023-10-19 07:24:35, 1000, 10, 20, 14
TRACE [http-nio-8080-exec-1] - <==        Row: 66, defualt, new, 1, 2023-10-19 07:24:35, 1000, 10, 20, 14
TRACE [http-nio-8080-exec-1] - <==        Row: 67, defualt, new, 1, 2023-10-19 07:24:35, 1000, 10, 20, 15
TRACE [http-nio-8080-exec-1] - <==        Row: 67, defualt, new, 1, 2023-10-19 07:24:35, 1000, 10, 20, 15
DEBUG [http-nio-8080-exec-1] - <==      Total: 15
DEBUG [http-nio-8080-exec-1] - <==      Total: 15
DEBUG [http-nio-8080-exec-2] - ==>  Preparing: SELECT count(0) FROM scott.emp WHERE (Ename LIKE ?)
DEBUG [http-nio-8080-exec-2] - ==>  Preparing: SELECT count(0) FROM scott.emp WHERE (Ename LIKE ?)
DEBUG [http-nio-8080-exec-2] - ==> Parameters: %de%(String)
DEBUG [http-nio-8080-exec-2] - ==> Parameters: %de%(String)
TRACE [http-nio-8080-exec-2] - <==    Columns: COUNT(0)
TRACE [http-nio-8080-exec-2] - <==    Columns: COUNT(0)
TRACE [http-nio-8080-exec-2] - <==        Row: 4947
TRACE [http-nio-8080-exec-2] - <==        Row: 4947
DEBUG [http-nio-8080-exec-2] - <==      Total: 1
DEBUG [http-nio-8080-exec-2] - <==      Total: 1
DEBUG [http-nio-8080-exec-2] - ==>  Preparing: SELECT * FROM ( SELECT TMP_PAGE.*, ROWNUM PAGEHELPER_ROW_ID FROM ( SELECT empno,ename,job,mgr,hiredate,sal,comm,deptno FROM scott.emp WHERE (Ename LIKE ?) ORDER BY empno ASC ) TMP_PAGE) WHERE PAGEHELPER_ROW_ID <= ? AND PAGEHELPER_ROW_ID > ?
DEBUG [http-nio-8080-exec-2] - ==>  Preparing: SELECT * FROM ( SELECT TMP_PAGE.*, ROWNUM PAGEHELPER_ROW_ID FROM ( SELECT empno,ename,job,mgr,hiredate,sal,comm,deptno FROM scott.emp WHERE (Ename LIKE ?) ORDER BY empno ASC ) TMP_PAGE) WHERE PAGEHELPER_ROW_ID <= ? AND PAGEHELPER_ROW_ID > ?
DEBUG [http-nio-8080-exec-2] - ==> Parameters: %de%(String), 30(Long), 15(Long)
DEBUG [http-nio-8080-exec-2] - ==> Parameters: %de%(String), 30(Long), 15(Long)
TRACE [http-nio-8080-exec-2] - <==    Columns: EMPNO, ENAME, JOB, MGR, HIREDATE, SAL, COMM, DEPTNO, PAGEHELPER_ROW_ID
TRACE [http-nio-8080-exec-2] - <==    Columns: EMPNO, ENAME, JOB, MGR, HIREDATE, SAL, COMM, DEPTNO, PAGEHELPER_ROW_ID
TRACE [http-nio-8080-exec-2] - <==        Row: 68, defualt, new, 1, 2023-10-19 07:24:35, 1000, 10, 20, 16
TRACE [http-nio-8080-exec-2] - <==        Row: 68, defualt, new, 1, 2023-10-19 07:24:35, 1000, 10, 20, 16
TRACE [http-nio-8080-exec-2] - <==        Row: 69, defualt, new, 1, 2023-10-19 07:24:35, 1000, 10, 20, 17
TRACE [http-nio-8080-exec-2] - <==        Row: 69, defualt, new, 1, 2023-10-19 07:24:35, 1000, 10, 20, 17
TRACE [http-nio-8080-exec-2] - <==        Row: 70, defualt, new, 1, 2023-10-19 07:24:35, 1000, 10, 20, 18
TRACE [http-nio-8080-exec-2] - <==        Row: 70, defualt, new, 1, 2023-10-19 07:24:35, 1000, 10, 20, 18
TRACE [http-nio-8080-exec-2] - <==        Row: 71, defualt, new, 1, 2023-10-19 07:24:35, 1000, 10, 20, 19
TRACE [http-nio-8080-exec-2] - <==        Row: 71, defualt, new, 1, 2023-10-19 07:24:35, 1000, 10, 20, 19
TRACE [http-nio-8080-exec-2] - <==        Row: 72, defualt, new, 1, 2023-10-19 07:24:35, 1000, 10, 20, 20
TRACE [http-nio-8080-exec-2] - <==        Row: 72, defualt, new, 1, 2023-10-19 07:24:35, 1000, 10, 20, 20
TRACE [http-nio-8080-exec-2] - <==        Row: 73, defualt, new, 1, 2023-10-19 07:24:35, 1000, 10, 20, 21
TRACE [http-nio-8080-exec-2] - <==        Row: 73, defualt, new, 1, 2023-10-19 07:24:35, 1000, 10, 20, 21
TRACE [http-nio-8080-exec-2] - <==        Row: 74, defualt, new, 1, 2023-10-19 07:24:35, 1000, 10, 20, 22
TRACE [http-nio-8080-exec-2] - <==        Row: 74, defualt, new, 1, 2023-10-19 07:24:35, 1000, 10, 20, 22
TRACE [http-nio-8080-exec-2] - <==        Row: 75, defualt, new, 1, 2023-10-19 07:24:35, 1000, 10, 20, 23
TRACE [http-nio-8080-exec-2] - <==        Row: 75, defualt, new, 1, 2023-10-19 07:24:35, 1000, 10, 20, 23
TRACE [http-nio-8080-exec-2] - <==        Row: 76, defualt, new, 1, 2023-10-19 07:24:35, 1000, 10, 20, 24
TRACE [http-nio-8080-exec-2] - <==        Row: 76, defualt, new, 1, 2023-10-19 07:24:35, 1000, 10, 20, 24
TRACE [http-nio-8080-exec-2] - <==        Row: 77, defualt, new, 1, 2023-10-19 07:24:35, 1000, 10, 20, 25
TRACE [http-nio-8080-exec-2] - <==        Row: 77, defualt, new, 1, 2023-10-19 07:24:35, 1000, 10, 20, 25
TRACE [http-nio-8080-exec-2] - <==        Row: 78, defualt, new, 1, 2023-10-19 07:24:35, 1000, 10, 20, 26
TRACE [http-nio-8080-exec-2] - <==        Row: 78, defualt, new, 1, 2023-10-19 07:24:35, 1000, 10, 20, 26
TRACE [http-nio-8080-exec-2] - <==        Row: 79, defualt, new, 1, 2023-10-19 07:24:35, 1000, 10, 20, 27
TRACE [http-nio-8080-exec-2] - <==        Row: 79, defualt, new, 1, 2023-10-19 07:24:35, 1000, 10, 20, 27
TRACE [http-nio-8080-exec-2] - <==        Row: 80, defualt, new, 1, 2023-10-19 07:24:35, 1000, 10, 20, 28
TRACE [http-nio-8080-exec-2] - <==        Row: 80, defualt, new, 1, 2023-10-19 07:24:35, 1000, 10, 20, 28
TRACE [http-nio-8080-exec-2] - <==        Row: 81, defualt, new, 1, 2023-10-19 07:24:35, 1000, 10, 20, 29
TRACE [http-nio-8080-exec-2] - <==        Row: 81, defualt, new, 1, 2023-10-19 07:24:35, 1000, 10, 20, 29
TRACE [http-nio-8080-exec-2] - <==        Row: 82, defualt, new, 1, 2023-10-19 07:24:35, 1000, 10, 20, 30
TRACE [http-nio-8080-exec-2] - <==        Row: 82, defualt, new, 1, 2023-10-19 07:24:35, 1000, 10, 20, 30
DEBUG [http-nio-8080-exec-2] - <==      Total: 15
DEBUG [http-nio-8080-exec-2] - <==      Total: 15
DEBUG [http-nio-8080-exec-3] - ==>  Preparing: SELECT count(0) FROM scott.emp WHERE (Ename LIKE ?)
DEBUG [http-nio-8080-exec-3] - ==>  Preparing: SELECT count(0) FROM scott.emp WHERE (Ename LIKE ?)
DEBUG [http-nio-8080-exec-3] - ==> Parameters: %de%(String)
DEBUG [http-nio-8080-exec-3] - ==> Parameters: %de%(String)
TRACE [http-nio-8080-exec-3] - <==    Columns: COUNT(0)
TRACE [http-nio-8080-exec-3] - <==    Columns: COUNT(0)
TRACE [http-nio-8080-exec-3] - <==        Row: 4947
TRACE [http-nio-8080-exec-3] - <==        Row: 4947
DEBUG [http-nio-8080-exec-3] - <==      Total: 1
DEBUG [http-nio-8080-exec-3] - <==      Total: 1
DEBUG [http-nio-8080-exec-3] - ==>  Preparing: SELECT * FROM ( SELECT TMP_PAGE.*, ROWNUM PAGEHELPER_ROW_ID FROM ( SELECT empno,ename,job,mgr,hiredate,sal,comm,deptno FROM scott.emp WHERE (Ename LIKE ?) ORDER BY empno ASC ) TMP_PAGE) WHERE PAGEHELPER_ROW_ID <= ? AND PAGEHELPER_ROW_ID > ?
DEBUG [http-nio-8080-exec-3] - ==>  Preparing: SELECT * FROM ( SELECT TMP_PAGE.*, ROWNUM PAGEHELPER_ROW_ID FROM ( SELECT empno,ename,job,mgr,hiredate,sal,comm,deptno FROM scott.emp WHERE (Ename LIKE ?) ORDER BY empno ASC ) TMP_PAGE) WHERE PAGEHELPER_ROW_ID <= ? AND PAGEHELPER_ROW_ID > ?
DEBUG [http-nio-8080-exec-3] - ==> Parameters: %de%(String), 45(Long), 30(Long)
DEBUG [http-nio-8080-exec-3] - ==> Parameters: %de%(String), 45(Long), 30(Long)
TRACE [http-nio-8080-exec-3] - <==    Columns: EMPNO, ENAME, JOB, MGR, HIREDATE, SAL, COMM, DEPTNO, PAGEHELPER_ROW_ID
TRACE [http-nio-8080-exec-3] - <==    Columns: EMPNO, ENAME, JOB, MGR, HIREDATE, SAL, COMM, DEPTNO, PAGEHELPER_ROW_ID
TRACE [http-nio-8080-exec-3] - <==        Row: 83, defualt, new, 1, 2023-10-19 07:24:35, 1000, 10, 20, 31
TRACE [http-nio-8080-exec-3] - <==        Row: 83, defualt, new, 1, 2023-10-19 07:24:35, 1000, 10, 20, 31
TRACE [http-nio-8080-exec-3] - <==        Row: 84, defualt, new, 1, 2023-10-19 07:24:35, 1000, 10, 20, 32
TRACE [http-nio-8080-exec-3] - <==        Row: 84, defualt, new, 1, 2023-10-19 07:24:35, 1000, 10, 20, 32
TRACE [http-nio-8080-exec-3] - <==        Row: 85, defualt, new, 1, 2023-10-19 07:24:35, 1000, 10, 20, 33
TRACE [http-nio-8080-exec-3] - <==        Row: 85, defualt, new, 1, 2023-10-19 07:24:35, 1000, 10, 20, 33
TRACE [http-nio-8080-exec-3] - <==        Row: 86, defualt, new, 1, 2023-10-19 07:24:35, 1000, 10, 20, 34
TRACE [http-nio-8080-exec-3] - <==        Row: 86, defualt, new, 1, 2023-10-19 07:24:35, 1000, 10, 20, 34
TRACE [http-nio-8080-exec-3] - <==        Row: 87, defualt, new, 1, 2023-10-19 07:24:35, 1000, 10, 20, 35
TRACE [http-nio-8080-exec-3] - <==        Row: 87, defualt, new, 1, 2023-10-19 07:24:35, 1000, 10, 20, 35
TRACE [http-nio-8080-exec-3] - <==        Row: 88, defualt, new, 1, 2023-10-19 07:24:35, 1000, 10, 20, 36
TRACE [http-nio-8080-exec-3] - <==        Row: 88, defualt, new, 1, 2023-10-19 07:24:35, 1000, 10, 20, 36
TRACE [http-nio-8080-exec-3] - <==        Row: 89, defualt, new, 1, 2023-10-19 07:24:35, 1000, 10, 20, 37
TRACE [http-nio-8080-exec-3] - <==        Row: 89, defualt, new, 1, 2023-10-19 07:24:35, 1000, 10, 20, 37
TRACE [http-nio-8080-exec-3] - <==        Row: 90, defualt, new, 1, 2023-10-19 07:24:35, 1000, 10, 20, 38
TRACE [http-nio-8080-exec-3] - <==        Row: 90, defualt, new, 1, 2023-10-19 07:24:35, 1000, 10, 20, 38
TRACE [http-nio-8080-exec-3] - <==        Row: 91, defualt, new, 1, 2023-10-19 07:24:35, 1000, 10, 20, 39
TRACE [http-nio-8080-exec-3] - <==        Row: 91, defualt, new, 1, 2023-10-19 07:24:35, 1000, 10, 20, 39
TRACE [http-nio-8080-exec-3] - <==        Row: 92, defualt, new, 1, 2023-10-19 07:24:35, 1000, 10, 20, 40
TRACE [http-nio-8080-exec-3] - <==        Row: 92, defualt, new, 1, 2023-10-19 07:24:35, 1000, 10, 20, 40
TRACE [http-nio-8080-exec-3] - <==        Row: 93, defualt, new, 1, 2023-10-19 07:24:35, 1000, 10, 20, 41
TRACE [http-nio-8080-exec-3] - <==        Row: 93, defualt, new, 1, 2023-10-19 07:24:35, 1000, 10, 20, 41
TRACE [http-nio-8080-exec-3] - <==        Row: 94, defualt, new, 1, 2023-10-19 07:24:35, 1000, 10, 20, 42
TRACE [http-nio-8080-exec-3] - <==        Row: 94, defualt, new, 1, 2023-10-19 07:24:35, 1000, 10, 20, 42
TRACE [http-nio-8080-exec-3] - <==        Row: 95, defualt, new, 1, 2023-10-19 07:24:35, 1000, 10, 20, 43
TRACE [http-nio-8080-exec-3] - <==        Row: 95, defualt, new, 1, 2023-10-19 07:24:35, 1000, 10, 20, 43
TRACE [http-nio-8080-exec-3] - <==        Row: 96, defualt, new, 1, 2023-10-19 07:24:35, 1000, 10, 20, 44
TRACE [http-nio-8080-exec-3] - <==        Row: 96, defualt, new, 1, 2023-10-19 07:24:35, 1000, 10, 20, 44
TRACE [http-nio-8080-exec-3] - <==        Row: 97, defualt, new, 1, 2023-10-19 07:24:35, 1000, 10, 20, 45
TRACE [http-nio-8080-exec-3] - <==        Row: 97, defualt, new, 1, 2023-10-19 07:24:35, 1000, 10, 20, 45
DEBUG [http-nio-8080-exec-3] - <==      Total: 15
DEBUG [http-nio-8080-exec-3] - <==      Total: 15
DEBUG [http-nio-8080-exec-5] - ==>  Preparing: SELECT count(0) FROM scott.emp WHERE (Ename LIKE ?)
DEBUG [http-nio-8080-exec-5] - ==>  Preparing: SELECT count(0) FROM scott.emp WHERE (Ename LIKE ?)
DEBUG [http-nio-8080-exec-5] - ==> Parameters: %de%(String)
DEBUG [http-nio-8080-exec-5] - ==> Parameters: %de%(String)
TRACE [http-nio-8080-exec-5] - <==    Columns: COUNT(0)
TRACE [http-nio-8080-exec-5] - <==    Columns: COUNT(0)
TRACE [http-nio-8080-exec-5] - <==        Row: 4947
TRACE [http-nio-8080-exec-5] - <==        Row: 4947
DEBUG [http-nio-8080-exec-5] - <==      Total: 1
DEBUG [http-nio-8080-exec-5] - <==      Total: 1
DEBUG [http-nio-8080-exec-5] - ==>  Preparing: SELECT * FROM ( SELECT TMP_PAGE.*, ROWNUM PAGEHELPER_ROW_ID FROM ( SELECT empno,ename,job,mgr,hiredate,sal,comm,deptno FROM scott.emp WHERE (Ename LIKE ?) ORDER BY empno ASC ) TMP_PAGE) WHERE PAGEHELPER_ROW_ID <= ? AND PAGEHELPER_ROW_ID > ?
DEBUG [http-nio-8080-exec-5] - ==>  Preparing: SELECT * FROM ( SELECT TMP_PAGE.*, ROWNUM PAGEHELPER_ROW_ID FROM ( SELECT empno,ename,job,mgr,hiredate,sal,comm,deptno FROM scott.emp WHERE (Ename LIKE ?) ORDER BY empno ASC ) TMP_PAGE) WHERE PAGEHELPER_ROW_ID <= ? AND PAGEHELPER_ROW_ID > ?
DEBUG [http-nio-8080-exec-5] - ==> Parameters: %de%(String), 60(Long), 45(Long)
DEBUG [http-nio-8080-exec-5] - ==> Parameters: %de%(String), 60(Long), 45(Long)
TRACE [http-nio-8080-exec-5] - <==    Columns: EMPNO, ENAME, JOB, MGR, HIREDATE, SAL, COMM, DEPTNO, PAGEHELPER_ROW_ID
TRACE [http-nio-8080-exec-5] - <==    Columns: EMPNO, ENAME, JOB, MGR, HIREDATE, SAL, COMM, DEPTNO, PAGEHELPER_ROW_ID
TRACE [http-nio-8080-exec-5] - <==        Row: 98, defualt, new, 1, 2023-10-19 07:24:35, 1000, 10, 20, 46
TRACE [http-nio-8080-exec-5] - <==        Row: 98, defualt, new, 1, 2023-10-19 07:24:35, 1000, 10, 20, 46
TRACE [http-nio-8080-exec-5] - <==        Row: 99, defualt, new, 1, 2023-10-19 07:24:35, 1000, 10, 20, 47
TRACE [http-nio-8080-exec-5] - <==        Row: 99, defualt, new, 1, 2023-10-19 07:24:35, 1000, 10, 20, 47
TRACE [http-nio-8080-exec-5] - <==        Row: 102, default, new, 1, 2023-10-23 18:19:43, 1000, 100, 20, 48
TRACE [http-nio-8080-exec-5] - <==        Row: 102, default, new, 1, 2023-10-23 18:19:43, 1000, 100, 20, 48
TRACE [http-nio-8080-exec-5] - <==        Row: 103, default, new, 1, 2023-10-23 18:19:43, 1000, 100, 20, 49
TRACE [http-nio-8080-exec-5] - <==        Row: 103, default, new, 1, 2023-10-23 18:19:43, 1000, 100, 20, 49
TRACE [http-nio-8080-exec-5] - <==        Row: 104, default, new, 1, 2023-10-23 18:19:43, 1000, 100, 20, 50
TRACE [http-nio-8080-exec-5] - <==        Row: 104, default, new, 1, 2023-10-23 18:19:43, 1000, 100, 20, 50
TRACE [http-nio-8080-exec-5] - <==        Row: 105, default, new, 1, 2023-10-23 18:19:43, 1000, 100, 20, 51
TRACE [http-nio-8080-exec-5] - <==        Row: 105, default, new, 1, 2023-10-23 18:19:43, 1000, 100, 20, 51
TRACE [http-nio-8080-exec-5] - <==        Row: 106, default, new, 1, 2023-10-23 18:19:43, 1000, 100, 20, 52
TRACE [http-nio-8080-exec-5] - <==        Row: 106, default, new, 1, 2023-10-23 18:19:43, 1000, 100, 20, 52
TRACE [http-nio-8080-exec-5] - <==        Row: 107, default, new, 1, 2023-10-23 18:19:43, 1000, 100, 20, 53
TRACE [http-nio-8080-exec-5] - <==        Row: 107, default, new, 1, 2023-10-23 18:19:43, 1000, 100, 20, 53
TRACE [http-nio-8080-exec-5] - <==        Row: 108, default, new, 1, 2023-10-23 18:19:43, 1000, 100, 20, 54
TRACE [http-nio-8080-exec-5] - <==        Row: 108, default, new, 1, 2023-10-23 18:19:43, 1000, 100, 20, 54
TRACE [http-nio-8080-exec-5] - <==        Row: 109, default, new, 1, 2023-10-23 18:19:43, 1000, 100, 20, 55
TRACE [http-nio-8080-exec-5] - <==        Row: 109, default, new, 1, 2023-10-23 18:19:43, 1000, 100, 20, 55
TRACE [http-nio-8080-exec-5] - <==        Row: 110, default, new, 1, 2023-10-23 18:19:43, 1000, 100, 20, 56
TRACE [http-nio-8080-exec-5] - <==        Row: 110, default, new, 1, 2023-10-23 18:19:43, 1000, 100, 20, 56
TRACE [http-nio-8080-exec-5] - <==        Row: 111, default, new, 1, 2023-10-23 18:19:43, 1000, 100, 20, 57
TRACE [http-nio-8080-exec-5] - <==        Row: 111, default, new, 1, 2023-10-23 18:19:43, 1000, 100, 20, 57
TRACE [http-nio-8080-exec-5] - <==        Row: 112, default, new, 1, 2023-10-23 18:19:43, 1000, 100, 20, 58
TRACE [http-nio-8080-exec-5] - <==        Row: 112, default, new, 1, 2023-10-23 18:19:43, 1000, 100, 20, 58
TRACE [http-nio-8080-exec-5] - <==        Row: 113, default, new, 1, 2023-10-23 18:19:43, 1000, 100, 20, 59
TRACE [http-nio-8080-exec-5] - <==        Row: 113, default, new, 1, 2023-10-23 18:19:43, 1000, 100, 20, 59
TRACE [http-nio-8080-exec-5] - <==        Row: 114, default, new, 1, 2023-10-23 18:19:43, 1000, 100, 20, 60
TRACE [http-nio-8080-exec-5] - <==        Row: 114, default, new, 1, 2023-10-23 18:19:43, 1000, 100, 20, 60
DEBUG [http-nio-8080-exec-5] - <==      Total: 15
DEBUG [http-nio-8080-exec-5] - <==      Total: 15
DEBUG [http-nio-8080-exec-4] - ==>  Preparing: SELECT count(0) FROM scott.emp WHERE (Ename LIKE ?)
DEBUG [http-nio-8080-exec-4] - ==>  Preparing: SELECT count(0) FROM scott.emp WHERE (Ename LIKE ?)
DEBUG [http-nio-8080-exec-4] - ==> Parameters: %de%(String)
DEBUG [http-nio-8080-exec-4] - ==> Parameters: %de%(String)
TRACE [http-nio-8080-exec-4] - <==    Columns: COUNT(0)
TRACE [http-nio-8080-exec-4] - <==    Columns: COUNT(0)
TRACE [http-nio-8080-exec-4] - <==        Row: 4947
TRACE [http-nio-8080-exec-4] - <==        Row: 4947
DEBUG [http-nio-8080-exec-4] - <==      Total: 1
DEBUG [http-nio-8080-exec-4] - <==      Total: 1
DEBUG [http-nio-8080-exec-4] - ==>  Preparing: SELECT * FROM ( SELECT TMP_PAGE.*, ROWNUM PAGEHELPER_ROW_ID FROM ( SELECT empno,ename,job,mgr,hiredate,sal,comm,deptno FROM scott.emp WHERE (Ename LIKE ?) ORDER BY empno ASC ) TMP_PAGE) WHERE PAGEHELPER_ROW_ID <= ? AND PAGEHELPER_ROW_ID > ?
DEBUG [http-nio-8080-exec-4] - ==>  Preparing: SELECT * FROM ( SELECT TMP_PAGE.*, ROWNUM PAGEHELPER_ROW_ID FROM ( SELECT empno,ename,job,mgr,hiredate,sal,comm,deptno FROM scott.emp WHERE (Ename LIKE ?) ORDER BY empno ASC ) TMP_PAGE) WHERE PAGEHELPER_ROW_ID <= ? AND PAGEHELPER_ROW_ID > ?
DEBUG [http-nio-8080-exec-4] - ==> Parameters: %de%(String), 75(Long), 60(Long)
DEBUG [http-nio-8080-exec-4] - ==> Parameters: %de%(String), 75(Long), 60(Long)
TRACE [http-nio-8080-exec-4] - <==    Columns: EMPNO, ENAME, JOB, MGR, HIREDATE, SAL, COMM, DEPTNO, PAGEHELPER_ROW_ID
TRACE [http-nio-8080-exec-4] - <==    Columns: EMPNO, ENAME, JOB, MGR, HIREDATE, SAL, COMM, DEPTNO, PAGEHELPER_ROW_ID
TRACE [http-nio-8080-exec-4] - <==        Row: 115, default, new, 1, 2023-10-23 18:19:43, 1000, 100, 20, 61
TRACE [http-nio-8080-exec-4] - <==        Row: 115, default, new, 1, 2023-10-23 18:19:43, 1000, 100, 20, 61
TRACE [http-nio-8080-exec-4] - <==        Row: 116, default, new, 1, 2023-10-23 18:19:43, 1000, 100, 20, 62
TRACE [http-nio-8080-exec-4] - <==        Row: 116, default, new, 1, 2023-10-23 18:19:43, 1000, 100, 20, 62
TRACE [http-nio-8080-exec-4] - <==        Row: 117, default, new, 1, 2023-10-23 18:19:43, 1000, 100, 20, 63
TRACE [http-nio-8080-exec-4] - <==        Row: 117, default, new, 1, 2023-10-23 18:19:43, 1000, 100, 20, 63
TRACE [http-nio-8080-exec-4] - <==        Row: 118, default, new, 1, 2023-10-23 18:19:43, 1000, 100, 20, 64
TRACE [http-nio-8080-exec-4] - <==        Row: 118, default, new, 1, 2023-10-23 18:19:43, 1000, 100, 20, 64
TRACE [http-nio-8080-exec-4] - <==        Row: 119, default, new, 1, 2023-10-23 18:19:43, 1000, 100, 20, 65
TRACE [http-nio-8080-exec-4] - <==        Row: 119, default, new, 1, 2023-10-23 18:19:43, 1000, 100, 20, 65
TRACE [http-nio-8080-exec-4] - <==        Row: 120, default, new, 1, 2023-10-23 18:19:43, 1000, 100, 20, 66
TRACE [http-nio-8080-exec-4] - <==        Row: 120, default, new, 1, 2023-10-23 18:19:43, 1000, 100, 20, 66
TRACE [http-nio-8080-exec-4] - <==        Row: 121, default, new, 1, 2023-10-23 18:19:43, 1000, 100, 20, 67
TRACE [http-nio-8080-exec-4] - <==        Row: 121, default, new, 1, 2023-10-23 18:19:43, 1000, 100, 20, 67
TRACE [http-nio-8080-exec-4] - <==        Row: 122, default, new, 1, 2023-10-23 18:19:43, 1000, 100, 20, 68
TRACE [http-nio-8080-exec-4] - <==        Row: 122, default, new, 1, 2023-10-23 18:19:43, 1000, 100, 20, 68
TRACE [http-nio-8080-exec-4] - <==        Row: 123, default, new, 1, 2023-10-23 18:19:43, 1000, 100, 20, 69
TRACE [http-nio-8080-exec-4] - <==        Row: 123, default, new, 1, 2023-10-23 18:19:43, 1000, 100, 20, 69
TRACE [http-nio-8080-exec-4] - <==        Row: 124, default, new, 1, 2023-10-23 18:19:43, 1000, 100, 20, 70
TRACE [http-nio-8080-exec-4] - <==        Row: 124, default, new, 1, 2023-10-23 18:19:43, 1000, 100, 20, 70
TRACE [http-nio-8080-exec-4] - <==        Row: 125, default, new, 1, 2023-10-23 18:19:43, 1000, 100, 20, 71
TRACE [http-nio-8080-exec-4] - <==        Row: 125, default, new, 1, 2023-10-23 18:19:43, 1000, 100, 20, 71
TRACE [http-nio-8080-exec-4] - <==        Row: 126, default, new, 1, 2023-10-23 18:19:43, 1000, 100, 20, 72
TRACE [http-nio-8080-exec-4] - <==        Row: 126, default, new, 1, 2023-10-23 18:19:43, 1000, 100, 20, 72
TRACE [http-nio-8080-exec-4] - <==        Row: 127, default, new, 1, 2023-10-23 18:19:43, 1000, 100, 20, 73
TRACE [http-nio-8080-exec-4] - <==        Row: 127, default, new, 1, 2023-10-23 18:19:43, 1000, 100, 20, 73
TRACE [http-nio-8080-exec-4] - <==        Row: 128, default, new, 1, 2023-10-23 18:19:43, 1000, 100, 20, 74
TRACE [http-nio-8080-exec-4] - <==        Row: 128, default, new, 1, 2023-10-23 18:19:43, 1000, 100, 20, 74
TRACE [http-nio-8080-exec-4] - <==        Row: 129, default, new, 1, 2023-10-23 18:19:43, 1000, 100, 20, 75
TRACE [http-nio-8080-exec-4] - <==        Row: 129, default, new, 1, 2023-10-23 18:19:43, 1000, 100, 20, 75
DEBUG [http-nio-8080-exec-4] - <==      Total: 15
DEBUG [http-nio-8080-exec-4] - <==      Total: 15
DEBUG [http-nio-8080-exec-6] - ==>  Preparing: SELECT count(0) FROM scott.emp WHERE (Ename LIKE ?)
DEBUG [http-nio-8080-exec-6] - ==>  Preparing: SELECT count(0) FROM scott.emp WHERE (Ename LIKE ?)
DEBUG [http-nio-8080-exec-6] - ==> Parameters: %de%(String)
DEBUG [http-nio-8080-exec-6] - ==> Parameters: %de%(String)
TRACE [http-nio-8080-exec-6] - <==    Columns: COUNT(0)
TRACE [http-nio-8080-exec-6] - <==    Columns: COUNT(0)
TRACE [http-nio-8080-exec-6] - <==        Row: 4947
TRACE [http-nio-8080-exec-6] - <==        Row: 4947
DEBUG [http-nio-8080-exec-6] - <==      Total: 1
DEBUG [http-nio-8080-exec-6] - <==      Total: 1
DEBUG [http-nio-8080-exec-6] - ==>  Preparing: SELECT * FROM ( SELECT TMP_PAGE.*, ROWNUM PAGEHELPER_ROW_ID FROM ( SELECT empno,ename,job,mgr,hiredate,sal,comm,deptno FROM scott.emp WHERE (Ename LIKE ?) ORDER BY empno ASC ) TMP_PAGE) WHERE PAGEHELPER_ROW_ID <= ? AND PAGEHELPER_ROW_ID > ?
DEBUG [http-nio-8080-exec-6] - ==>  Preparing: SELECT * FROM ( SELECT TMP_PAGE.*, ROWNUM PAGEHELPER_ROW_ID FROM ( SELECT empno,ename,job,mgr,hiredate,sal,comm,deptno FROM scott.emp WHERE (Ename LIKE ?) ORDER BY empno ASC ) TMP_PAGE) WHERE PAGEHELPER_ROW_ID <= ? AND PAGEHELPER_ROW_ID > ?
DEBUG [http-nio-8080-exec-6] - ==> Parameters: %de%(String), 90(Long), 75(Long)
DEBUG [http-nio-8080-exec-6] - ==> Parameters: %de%(String), 90(Long), 75(Long)
TRACE [http-nio-8080-exec-6] - <==    Columns: EMPNO, ENAME, JOB, MGR, HIREDATE, SAL, COMM, DEPTNO, PAGEHELPER_ROW_ID
TRACE [http-nio-8080-exec-6] - <==    Columns: EMPNO, ENAME, JOB, MGR, HIREDATE, SAL, COMM, DEPTNO, PAGEHELPER_ROW_ID
TRACE [http-nio-8080-exec-6] - <==        Row: 130, default, new, 1, 2023-10-23 18:19:43, 1000, 100, 20, 76
TRACE [http-nio-8080-exec-6] - <==        Row: 130, default, new, 1, 2023-10-23 18:19:43, 1000, 100, 20, 76
TRACE [http-nio-8080-exec-6] - <==        Row: 131, default, new, 1, 2023-10-23 18:19:43, 1000, 100, 20, 77
TRACE [http-nio-8080-exec-6] - <==        Row: 131, default, new, 1, 2023-10-23 18:19:43, 1000, 100, 20, 77
TRACE [http-nio-8080-exec-6] - <==        Row: 132, default, new, 1, 2023-10-23 18:19:43, 1000, 100, 20, 78
TRACE [http-nio-8080-exec-6] - <==        Row: 132, default, new, 1, 2023-10-23 18:19:43, 1000, 100, 20, 78
TRACE [http-nio-8080-exec-6] - <==        Row: 133, default, new, 1, 2023-10-23 18:19:43, 1000, 100, 20, 79
TRACE [http-nio-8080-exec-6] - <==        Row: 133, default, new, 1, 2023-10-23 18:19:43, 1000, 100, 20, 79
TRACE [http-nio-8080-exec-6] - <==        Row: 134, default, new, 1, 2023-10-23 18:19:43, 1000, 100, 20, 80
TRACE [http-nio-8080-exec-6] - <==        Row: 134, default, new, 1, 2023-10-23 18:19:43, 1000, 100, 20, 80
TRACE [http-nio-8080-exec-6] - <==        Row: 135, default, new, 1, 2023-10-23 18:19:43, 1000, 100, 20, 81
TRACE [http-nio-8080-exec-6] - <==        Row: 135, default, new, 1, 2023-10-23 18:19:43, 1000, 100, 20, 81
TRACE [http-nio-8080-exec-6] - <==        Row: 136, default, new, 1, 2023-10-23 18:19:43, 1000, 100, 20, 82
TRACE [http-nio-8080-exec-6] - <==        Row: 136, default, new, 1, 2023-10-23 18:19:43, 1000, 100, 20, 82
TRACE [http-nio-8080-exec-6] - <==        Row: 137, default, new, 1, 2023-10-23 18:19:43, 1000, 100, 20, 83
TRACE [http-nio-8080-exec-6] - <==        Row: 137, default, new, 1, 2023-10-23 18:19:43, 1000, 100, 20, 83
TRACE [http-nio-8080-exec-6] - <==        Row: 138, default, new, 1, 2023-10-23 18:19:43, 1000, 100, 20, 84
TRACE [http-nio-8080-exec-6] - <==        Row: 138, default, new, 1, 2023-10-23 18:19:43, 1000, 100, 20, 84
TRACE [http-nio-8080-exec-6] - <==        Row: 139, default, new, 1, 2023-10-23 18:19:43, 1000, 100, 20, 85
TRACE [http-nio-8080-exec-6] - <==        Row: 139, default, new, 1, 2023-10-23 18:19:43, 1000, 100, 20, 85
TRACE [http-nio-8080-exec-6] - <==        Row: 140, default, new, 1, 2023-10-23 18:19:43, 1000, 100, 20, 86
TRACE [http-nio-8080-exec-6] - <==        Row: 140, default, new, 1, 2023-10-23 18:19:43, 1000, 100, 20, 86
TRACE [http-nio-8080-exec-6] - <==        Row: 141, default, new, 1, 2023-10-23 18:19:43, 1000, 100, 20, 87
TRACE [http-nio-8080-exec-6] - <==        Row: 141, default, new, 1, 2023-10-23 18:19:43, 1000, 100, 20, 87
TRACE [http-nio-8080-exec-6] - <==        Row: 142, default, new, 1, 2023-10-23 18:19:43, 1000, 100, 20, 88
TRACE [http-nio-8080-exec-6] - <==        Row: 142, default, new, 1, 2023-10-23 18:19:43, 1000, 100, 20, 88
TRACE [http-nio-8080-exec-6] - <==        Row: 143, default, new, 1, 2023-10-23 18:19:43, 1000, 100, 20, 89
TRACE [http-nio-8080-exec-6] - <==        Row: 143, default, new, 1, 2023-10-23 18:19:43, 1000, 100, 20, 89
TRACE [http-nio-8080-exec-6] - <==        Row: 144, default, new, 1, 2023-10-23 18:19:43, 1000, 100, 20, 90
TRACE [http-nio-8080-exec-6] - <==        Row: 144, default, new, 1, 2023-10-23 18:19:43, 1000, 100, 20, 90
DEBUG [http-nio-8080-exec-6] - <==      Total: 15
DEBUG [http-nio-8080-exec-6] - <==      Total: 15
DEBUG [http-nio-8080-exec-7] - ==>  Preparing: SELECT count(0) FROM scott.emp WHERE (Ename LIKE ?)
DEBUG [http-nio-8080-exec-7] - ==>  Preparing: SELECT count(0) FROM scott.emp WHERE (Ename LIKE ?)
DEBUG [http-nio-8080-exec-7] - ==> Parameters: %de%(String)
DEBUG [http-nio-8080-exec-7] - ==> Parameters: %de%(String)
TRACE [http-nio-8080-exec-7] - <==    Columns: COUNT(0)
TRACE [http-nio-8080-exec-7] - <==    Columns: COUNT(0)
TRACE [http-nio-8080-exec-7] - <==        Row: 4947
TRACE [http-nio-8080-exec-7] - <==        Row: 4947
DEBUG [http-nio-8080-exec-7] - <==      Total: 1
DEBUG [http-nio-8080-exec-7] - <==      Total: 1
DEBUG [http-nio-8080-exec-7] - ==>  Preparing: SELECT * FROM ( SELECT TMP_PAGE.*, ROWNUM PAGEHELPER_ROW_ID FROM ( SELECT empno,ename,job,mgr,hiredate,sal,comm,deptno FROM scott.emp WHERE (Ename LIKE ?) ORDER BY empno ASC ) TMP_PAGE) WHERE PAGEHELPER_ROW_ID <= ? AND PAGEHELPER_ROW_ID > ?
DEBUG [http-nio-8080-exec-7] - ==>  Preparing: SELECT * FROM ( SELECT TMP_PAGE.*, ROWNUM PAGEHELPER_ROW_ID FROM ( SELECT empno,ename,job,mgr,hiredate,sal,comm,deptno FROM scott.emp WHERE (Ename LIKE ?) ORDER BY empno ASC ) TMP_PAGE) WHERE PAGEHELPER_ROW_ID <= ? AND PAGEHELPER_ROW_ID > ?
DEBUG [http-nio-8080-exec-7] - ==> Parameters: %de%(String), 105(Long), 90(Long)
DEBUG [http-nio-8080-exec-7] - ==> Parameters: %de%(String), 105(Long), 90(Long)
TRACE [http-nio-8080-exec-7] - <==    Columns: EMPNO, ENAME, JOB, MGR, HIREDATE, SAL, COMM, DEPTNO, PAGEHELPER_ROW_ID
TRACE [http-nio-8080-exec-7] - <==    Columns: EMPNO, ENAME, JOB, MGR, HIREDATE, SAL, COMM, DEPTNO, PAGEHELPER_ROW_ID
TRACE [http-nio-8080-exec-7] - <==        Row: 145, default, new, 1, 2023-10-23 18:19:43, 1000, 100, 20, 91
TRACE [http-nio-8080-exec-7] - <==        Row: 145, default, new, 1, 2023-10-23 18:19:43, 1000, 100, 20, 91
TRACE [http-nio-8080-exec-7] - <==        Row: 146, default, new, 1, 2023-10-23 18:19:43, 1000, 100, 20, 92
TRACE [http-nio-8080-exec-7] - <==        Row: 146, default, new, 1, 2023-10-23 18:19:43, 1000, 100, 20, 92
TRACE [http-nio-8080-exec-7] - <==        Row: 147, default, new, 1, 2023-10-23 18:19:43, 1000, 100, 20, 93
TRACE [http-nio-8080-exec-7] - <==        Row: 147, default, new, 1, 2023-10-23 18:19:43, 1000, 100, 20, 93
TRACE [http-nio-8080-exec-7] - <==        Row: 148, default, new, 1, 2023-10-23 18:19:43, 1000, 100, 20, 94
TRACE [http-nio-8080-exec-7] - <==        Row: 148, default, new, 1, 2023-10-23 18:19:43, 1000, 100, 20, 94
TRACE [http-nio-8080-exec-7] - <==        Row: 149, default, new, 1, 2023-10-23 18:19:43, 1000, 100, 20, 95
TRACE [http-nio-8080-exec-7] - <==        Row: 149, default, new, 1, 2023-10-23 18:19:43, 1000, 100, 20, 95
TRACE [http-nio-8080-exec-7] - <==        Row: 150, default, new, 1, 2023-10-23 18:19:43, 1000, 100, 20, 96
TRACE [http-nio-8080-exec-7] - <==        Row: 150, default, new, 1, 2023-10-23 18:19:43, 1000, 100, 20, 96
TRACE [http-nio-8080-exec-7] - <==        Row: 151, default, new, 1, 2023-10-23 18:19:43, 1000, 100, 20, 97
TRACE [http-nio-8080-exec-7] - <==        Row: 151, default, new, 1, 2023-10-23 18:19:43, 1000, 100, 20, 97
TRACE [http-nio-8080-exec-7] - <==        Row: 152, default, new, 1, 2023-10-23 18:19:43, 1000, 100, 20, 98
TRACE [http-nio-8080-exec-7] - <==        Row: 152, default, new, 1, 2023-10-23 18:19:43, 1000, 100, 20, 98
TRACE [http-nio-8080-exec-7] - <==        Row: 153, default, new, 1, 2023-10-23 18:19:43, 1000, 100, 20, 99
TRACE [http-nio-8080-exec-7] - <==        Row: 153, default, new, 1, 2023-10-23 18:19:43, 1000, 100, 20, 99
TRACE [http-nio-8080-exec-7] - <==        Row: 154, default, new, 1, 2023-10-23 18:19:43, 1000, 100, 20, 100
TRACE [http-nio-8080-exec-7] - <==        Row: 154, default, new, 1, 2023-10-23 18:19:43, 1000, 100, 20, 100
TRACE [http-nio-8080-exec-7] - <==        Row: 155, default, new, 1, 2023-10-23 18:19:43, 1000, 100, 20, 101
TRACE [http-nio-8080-exec-7] - <==        Row: 155, default, new, 1, 2023-10-23 18:19:43, 1000, 100, 20, 101
TRACE [http-nio-8080-exec-7] - <==        Row: 156, default, new, 1, 2023-10-23 18:19:43, 1000, 100, 20, 102
TRACE [http-nio-8080-exec-7] - <==        Row: 156, default, new, 1, 2023-10-23 18:19:43, 1000, 100, 20, 102
TRACE [http-nio-8080-exec-7] - <==        Row: 157, default, new, 1, 2023-10-23 18:19:43, 1000, 100, 20, 103
TRACE [http-nio-8080-exec-7] - <==        Row: 157, default, new, 1, 2023-10-23 18:19:43, 1000, 100, 20, 103
TRACE [http-nio-8080-exec-7] - <==        Row: 158, default, new, 1, 2023-10-23 18:19:43, 1000, 100, 20, 104
TRACE [http-nio-8080-exec-7] - <==        Row: 158, default, new, 1, 2023-10-23 18:19:43, 1000, 100, 20, 104
TRACE [http-nio-8080-exec-7] - <==        Row: 159, default, new, 1, 2023-10-23 18:19:43, 1000, 100, 20, 105
TRACE [http-nio-8080-exec-7] - <==        Row: 159, default, new, 1, 2023-10-23 18:19:43, 1000, 100, 20, 105
DEBUG [http-nio-8080-exec-7] - <==      Total: 15
DEBUG [http-nio-8080-exec-7] - <==      Total: 15
