DEBUG [http-nio-8080-exec-6] - ==>  Preparing: SELECT empno,ename,job,mgr,hiredate,sal,comm,deptno FROM scott.emp WHERE empno=?
DEBUG [http-nio-8080-exec-6] - ==>  Preparing: SELECT empno,ename,job,mgr,hiredate,sal,comm,deptno FROM scott.emp WHERE empno=?
DEBUG [http-nio-8080-exec-6] - ==> Parameters: 1(Integer)
DEBUG [http-nio-8080-exec-6] - ==> Parameters: 1(Integer)
TRACE [http-nio-8080-exec-6] - <==    Columns: EMPNO, ENAME, JOB, MGR, HIREDATE, SAL, COMM, DEPTNO
TRACE [http-nio-8080-exec-6] - <==    Columns: EMPNO, ENAME, JOB, MGR, HIREDATE, SAL, COMM, DEPTNO
TRACE [http-nio-8080-exec-6] - <==        Row: 1, King Down, Manager, null, 2023-10-01 00:00:00, 5000, null, 10
TRACE [http-nio-8080-exec-6] - <==        Row: 1, King Down, Manager, null, 2023-10-01 00:00:00, 5000, null, 10
DEBUG [http-nio-8080-exec-6] - <==      Total: 1
DEBUG [http-nio-8080-exec-6] - <==      Total: 1
DEBUG [http-nio-8080-exec-7] - ==>  Preparing: UPDATE scott.emp SET ename=?, job=?, hiredate=?, sal=?, deptno=? WHERE empno=?
DEBUG [http-nio-8080-exec-7] - ==>  Preparing: UPDATE scott.emp SET ename=?, job=?, hiredate=?, sal=?, deptno=? WHERE empno=?
DEBUG [http-nio-8080-exec-7] - ==> Parameters: King Down(String), Manager(String), 2023-10-01 00:00:00.0(Timestamp), 5000(Long), 10(Integer), 1(Integer)
DEBUG [http-nio-8080-exec-7] - ==> Parameters: King Down(String), Manager(String), 2023-10-01 00:00:00.0(Timestamp), 5000(Long), 10(Integer), 1(Integer)
DEBUG [http-nio-8080-exec-7] - <==    Updates: 1
DEBUG [http-nio-8080-exec-7] - <==    Updates: 1
DEBUG [http-nio-8080-exec-8] - ==>  Preparing: UPDATE scott.emp SET ename=?, job=?, hiredate=?, sal=?, deptno=? WHERE empno=?
DEBUG [http-nio-8080-exec-8] - ==>  Preparing: UPDATE scott.emp SET ename=?, job=?, hiredate=?, sal=?, deptno=? WHERE empno=?
DEBUG [http-nio-8080-exec-8] - ==> Parameters: King Down(String), Manager(String), 2023-10-01 00:00:00.0(Timestamp), 5000(Long), 10(Integer), 1(Integer)
DEBUG [http-nio-8080-exec-8] - ==> Parameters: King Down(String), Manager(String), 2023-10-01 00:00:00.0(Timestamp), 5000(Long), 10(Integer), 1(Integer)
DEBUG [http-nio-8080-exec-8] - <==    Updates: 1
DEBUG [http-nio-8080-exec-8] - <==    Updates: 1
