 INFO [main] - Starting Boot on DESKTOP-HKKVAV2 with PID 9280 (F:\JAVA\20231010\ssmAjax_vue\test\out\production\test started by AJH41 in F:\JAVA\20231010\ssmAjax_vue\test)
 INFO [main] - Starting Boot on DESKTOP-HKKVAV2 with PID 9280 (F:\JAVA\20231010\ssmAjax_vue\test\out\production\test started by AJH41 in F:\JAVA\20231010\ssmAjax_vue\test)
DEBUG [main] - Running with Spring Boot v2.2.5.RELEASE, Spring v5.2.5.RELEASE
DEBUG [main] - Running with Spring Boot v2.2.5.RELEASE, Spring v5.2.5.RELEASE
 INFO [main] - No active profile set, falling back to default profiles: default
 INFO [main] - No active profile set, falling back to default profiles: default
ERROR [main] - Application run failed
org.springframework.context.ApplicationContextException: Unable to start web server; nested exception is org.springframework.context.ApplicationContextException: Unable to start ServletWebServerApplicationContext due to missing ServletWebServerFactory bean.
	at org.springframework.boot.web.servlet.context.ServletWebServerApplicationContext.onRefresh(ServletWebServerApplicationContext.java:156)
	at org.springframework.context.support.AbstractApplicationContext.refresh(AbstractApplicationContext.java:544)
	at org.springframework.boot.web.servlet.context.ServletWebServerApplicationContext.refresh(ServletWebServerApplicationContext.java:141)
	at org.springframework.boot.SpringApplication.refresh(SpringApplication.java:747)
	at org.springframework.boot.SpringApplication.refreshContext(SpringApplication.java:397)
	at org.springframework.boot.SpringApplication.run(SpringApplication.java:315)
	at org.springframework.boot.SpringApplication.run(SpringApplication.java:1226)
	at org.springframework.boot.SpringApplication.run(SpringApplication.java:1215)
	at com.hyh.Boot.main(Boot.java:13)
Caused by: org.springframework.context.ApplicationContextException: Unable to start ServletWebServerApplicationContext due to missing ServletWebServerFactory bean.
	at org.springframework.boot.web.servlet.context.ServletWebServerApplicationContext.getWebServerFactory(ServletWebServerApplicationContext.java:203)
	at org.springframework.boot.web.servlet.context.ServletWebServerApplicationContext.createWebServer(ServletWebServerApplicationContext.java:179)
	at org.springframework.boot.web.servlet.context.ServletWebServerApplicationContext.onRefresh(ServletWebServerApplicationContext.java:153)
	... 8 more
