 INFO [main] - Starting Boot on DESKTOP-HKKVAV2 with PID 22540 (F:\JAVA\20231010\ssmAjax_vue\test\out\production\test started by AJH41 in F:\JAVA\20231010\ssmAjax_vue\test)
 INFO [main] - Starting Boot on DESKTOP-HKKVAV2 with PID 22540 (F:\JAVA\20231010\ssmAjax_vue\test\out\production\test started by AJH41 in F:\JAVA\20231010\ssmAjax_vue\test)
DEBUG [main] - Running with Spring Boot v2.2.5.RELEASE, Spring v5.2.5.RELEASE
DEBUG [main] - Running with Spring Boot v2.2.5.RELEASE, Spring v5.2.5.RELEASE
 INFO [main] - No active profile set, falling back to default profiles: default
 INFO [main] - No active profile set, falling back to default profiles: default
 INFO [main] - Started Boot in 4.421 seconds (JVM running for 5.594)
 INFO [main] - Started Boot in 4.421 seconds (JVM running for 5.594)
ERROR [Druid-ConnectionPool-Create-1698076913] - create connection SQLException, url: jdbc:oracle:thin:@localhost:1521:orcl, errorCode 1017, state 72000
java.sql.SQLException: ORA-01017: invalid username/password; logon denied

	at oracle.jdbc.driver.T4CTTIoer11.processError(T4CTTIoer11.java:630)
	at oracle.jdbc.driver.T4CTTIoer11.processError(T4CTTIoer11.java:559)
	at oracle.jdbc.driver.T4CTTIoer11.processError(T4CTTIoer11.java:554)
	at oracle.jdbc.driver.T4CTTIfun.processError(T4CTTIfun.java:1376)
	at oracle.jdbc.driver.T4CTTIoauthenticate.processError(T4CTTIoauthenticate.java:782)
	at oracle.jdbc.driver.T4CTTIfun.receive(T4CTTIfun.java:771)
	at oracle.jdbc.driver.T4CTTIfun.doRPC(T4CTTIfun.java:299)
	at oracle.jdbc.driver.T4CTTIoauthenticate.doOAUTH(T4CTTIoauthenticate.java:450)
	at oracle.jdbc.driver.T4CTTIoauthenticate.doOAUTHWithO5Logon(T4CTTIoauthenticate.java:1564)
	at oracle.jdbc.driver.T4CTTIoauthenticate.doOAUTH(T4CTTIoauthenticate.java:1313)
	at oracle.jdbc.driver.T4CTTIoauthenticate.doOAUTH(T4CTTIoauthenticate.java:1267)
	at oracle.jdbc.driver.T4CConnection.authenticateWithPassword(T4CConnection.java:1435)
	at oracle.jdbc.driver.T4CConnection.authenticateUserForLogon(T4CConnection.java:1384)
	at oracle.jdbc.driver.T4CConnection.logon(T4CConnection.java:667)
	at oracle.jdbc.driver.PhysicalConnection.connect(PhysicalConnection.java:1042)
	at oracle.jdbc.driver.T4CDriverExtension.getConnection(T4CDriverExtension.java:90)
	at oracle.jdbc.driver.OracleDriver.connect(OracleDriver.java:733)
	at oracle.jdbc.driver.OracleDriver.connect(OracleDriver.java:649)
	at com.alibaba.druid.pool.DruidAbstractDataSource.createPhysicalConnection(DruidAbstractDataSource.java:1691)
	at com.alibaba.druid.pool.DruidAbstractDataSource.createPhysicalConnection(DruidAbstractDataSource.java:1789)
	at com.alibaba.druid.pool.DruidDataSource$CreateConnectionThread.run(DruidDataSource.java:2942)
ERROR [Druid-ConnectionPool-Create-1698076913] - create connection SQLException, url: jdbc:oracle:thin:@localhost:1521:orcl, errorCode 1017, state 72000
java.sql.SQLException: ORA-01017: invalid username/password; logon denied

	at oracle.jdbc.driver.T4CTTIoer11.processError(T4CTTIoer11.java:630)
	at oracle.jdbc.driver.T4CTTIoer11.processError(T4CTTIoer11.java:559)
	at oracle.jdbc.driver.T4CTTIoer11.processError(T4CTTIoer11.java:554)
	at oracle.jdbc.driver.T4CTTIfun.processError(T4CTTIfun.java:1376)
	at oracle.jdbc.driver.T4CTTIoauthenticate.processError(T4CTTIoauthenticate.java:782)
	at oracle.jdbc.driver.T4CTTIfun.receive(T4CTTIfun.java:771)
	at oracle.jdbc.driver.T4CTTIfun.doRPC(T4CTTIfun.java:299)
	at oracle.jdbc.driver.T4CTTIoauthenticate.doOAUTH(T4CTTIoauthenticate.java:450)
	at oracle.jdbc.driver.T4CTTIoauthenticate.doOAUTHWithO5Logon(T4CTTIoauthenticate.java:1564)
	at oracle.jdbc.driver.T4CTTIoauthenticate.doOAUTH(T4CTTIoauthenticate.java:1313)
	at oracle.jdbc.driver.T4CTTIoauthenticate.doOAUTH(T4CTTIoauthenticate.java:1267)
	at oracle.jdbc.driver.T4CConnection.authenticateWithPassword(T4CConnection.java:1435)
	at oracle.jdbc.driver.T4CConnection.authenticateUserForLogon(T4CConnection.java:1384)
	at oracle.jdbc.driver.T4CConnection.logon(T4CConnection.java:667)
	at oracle.jdbc.driver.PhysicalConnection.connect(PhysicalConnection.java:1042)
	at oracle.jdbc.driver.T4CDriverExtension.getConnection(T4CDriverExtension.java:90)
	at oracle.jdbc.driver.OracleDriver.connect(OracleDriver.java:733)
	at oracle.jdbc.driver.OracleDriver.connect(OracleDriver.java:649)
	at com.alibaba.druid.pool.DruidAbstractDataSource.createPhysicalConnection(DruidAbstractDataSource.java:1691)
	at com.alibaba.druid.pool.DruidAbstractDataSource.createPhysicalConnection(DruidAbstractDataSource.java:1789)
	at com.alibaba.druid.pool.DruidDataSource$CreateConnectionThread.run(DruidDataSource.java:2942)
ERROR [Druid-ConnectionPool-Create-1698076913] - create connection SQLException, url: jdbc:oracle:thin:@localhost:1521:orcl, errorCode 1017, state 72000
java.sql.SQLException: ORA-01017: invalid username/password; logon denied

	at oracle.jdbc.driver.T4CTTIoer11.processError(T4CTTIoer11.java:630)
	at oracle.jdbc.driver.T4CTTIoer11.processError(T4CTTIoer11.java:559)
	at oracle.jdbc.driver.T4CTTIoer11.processError(T4CTTIoer11.java:554)
	at oracle.jdbc.driver.T4CTTIfun.processError(T4CTTIfun.java:1376)
	at oracle.jdbc.driver.T4CTTIoauthenticate.processError(T4CTTIoauthenticate.java:782)
	at oracle.jdbc.driver.T4CTTIfun.receive(T4CTTIfun.java:771)
	at oracle.jdbc.driver.T4CTTIfun.doRPC(T4CTTIfun.java:299)
	at oracle.jdbc.driver.T4CTTIoauthenticate.doOAUTH(T4CTTIoauthenticate.java:450)
	at oracle.jdbc.driver.T4CTTIoauthenticate.doOAUTHWithO5Logon(T4CTTIoauthenticate.java:1564)
	at oracle.jdbc.driver.T4CTTIoauthenticate.doOAUTH(T4CTTIoauthenticate.java:1313)
	at oracle.jdbc.driver.T4CTTIoauthenticate.doOAUTH(T4CTTIoauthenticate.java:1267)
	at oracle.jdbc.driver.T4CConnection.authenticateWithPassword(T4CConnection.java:1435)
	at oracle.jdbc.driver.T4CConnection.authenticateUserForLogon(T4CConnection.java:1384)
	at oracle.jdbc.driver.T4CConnection.logon(T4CConnection.java:667)
	at oracle.jdbc.driver.PhysicalConnection.connect(PhysicalConnection.java:1042)
	at oracle.jdbc.driver.T4CDriverExtension.getConnection(T4CDriverExtension.java:90)
	at oracle.jdbc.driver.OracleDriver.connect(OracleDriver.java:733)
	at oracle.jdbc.driver.OracleDriver.connect(OracleDriver.java:649)
	at com.alibaba.druid.pool.DruidAbstractDataSource.createPhysicalConnection(DruidAbstractDataSource.java:1691)
	at com.alibaba.druid.pool.DruidAbstractDataSource.createPhysicalConnection(DruidAbstractDataSource.java:1789)
	at com.alibaba.druid.pool.DruidDataSource$CreateConnectionThread.run(DruidDataSource.java:2942)
ERROR [Druid-ConnectionPool-Create-1698076913] - create connection SQLException, url: jdbc:oracle:thin:@localhost:1521:orcl, errorCode 1017, state 72000
java.sql.SQLException: ORA-01017: invalid username/password; logon denied

	at oracle.jdbc.driver.T4CTTIoer11.processError(T4CTTIoer11.java:630)
	at oracle.jdbc.driver.T4CTTIoer11.processError(T4CTTIoer11.java:559)
	at oracle.jdbc.driver.T4CTTIoer11.processError(T4CTTIoer11.java:554)
	at oracle.jdbc.driver.T4CTTIfun.processError(T4CTTIfun.java:1376)
	at oracle.jdbc.driver.T4CTTIoauthenticate.processError(T4CTTIoauthenticate.java:782)
	at oracle.jdbc.driver.T4CTTIfun.receive(T4CTTIfun.java:771)
	at oracle.jdbc.driver.T4CTTIfun.doRPC(T4CTTIfun.java:299)
	at oracle.jdbc.driver.T4CTTIoauthenticate.doOAUTH(T4CTTIoauthenticate.java:450)
	at oracle.jdbc.driver.T4CTTIoauthenticate.doOAUTHWithO5Logon(T4CTTIoauthenticate.java:1564)
	at oracle.jdbc.driver.T4CTTIoauthenticate.doOAUTH(T4CTTIoauthenticate.java:1313)
	at oracle.jdbc.driver.T4CTTIoauthenticate.doOAUTH(T4CTTIoauthenticate.java:1267)
	at oracle.jdbc.driver.T4CConnection.authenticateWithPassword(T4CConnection.java:1435)
	at oracle.jdbc.driver.T4CConnection.authenticateUserForLogon(T4CConnection.java:1384)
	at oracle.jdbc.driver.T4CConnection.logon(T4CConnection.java:667)
	at oracle.jdbc.driver.PhysicalConnection.connect(PhysicalConnection.java:1042)
	at oracle.jdbc.driver.T4CDriverExtension.getConnection(T4CDriverExtension.java:90)
	at oracle.jdbc.driver.OracleDriver.connect(OracleDriver.java:733)
	at oracle.jdbc.driver.OracleDriver.connect(OracleDriver.java:649)
	at com.alibaba.druid.pool.DruidAbstractDataSource.createPhysicalConnection(DruidAbstractDataSource.java:1691)
	at com.alibaba.druid.pool.DruidAbstractDataSource.createPhysicalConnection(DruidAbstractDataSource.java:1789)
	at com.alibaba.druid.pool.DruidDataSource$CreateConnectionThread.run(DruidDataSource.java:2942)
