DEBUG [main] - ==>  Preparing: SELECT count(0) FROM scott.emp WHERE (ename LIKE ?)
DEBUG [main] - ==>  Preparing: SELECT count(0) FROM scott.emp WHERE (ename LIKE ?)
DEBUG [main] - ==> Parameters: %de%(String)
DEBUG [main] - ==> Parameters: %de%(String)
TRACE [main] - <==    Columns: COUNT(0)
TRACE [main] - <==    Columns: COUNT(0)
TRACE [main] - <==        Row: 4946
TRACE [main] - <==        Row: 4946
DEBUG [main] - <==      Total: 1
DEBUG [main] - <==      Total: 1
DEBUG [main] - ==>  Preparing: SELECT * FROM ( SELECT TMP_PAGE.*, ROWNUM PAGEHELPER_ROW_ID FROM ( SELECT empno,ename,job,mgr,hiredate,sal,comm,deptno FROM scott.emp WHERE (ename LIKE ?) ORDER BY empno ASC ) TMP_PAGE) WHERE PAGEHELPER_ROW_ID <= ? AND PAGEHELPER_ROW_ID > ?
DEBUG [main] - ==>  Preparing: SELECT * FROM ( SELECT TMP_PAGE.*, ROWNUM PAGEHELPER_ROW_ID FROM ( SELECT empno,ename,job,mgr,hiredate,sal,comm,deptno FROM scott.emp WHERE (ename LIKE ?) ORDER BY empno ASC ) TMP_PAGE) WHERE PAGEHELPER_ROW_ID <= ? AND PAGEHELPER_ROW_ID > ?
DEBUG [main] - ==> Parameters: %de%(String), 15(Long), 0(Long)
DEBUG [main] - ==> Parameters: %de%(String), 15(Long), 0(Long)
TRACE [main] - <==    Columns: EMPNO, ENAME, JOB, MGR, HIREDATE, SAL, COMM, DEPTNO, PAGEHELPER_ROW_ID
TRACE [main] - <==    Columns: EMPNO, ENAME, JOB, MGR, HIREDATE, SAL, COMM, DEPTNO, PAGEHELPER_ROW_ID
TRACE [main] - <==        Row: 17, defualt, new, 1, 2023-10-19 07:24:35, 1000, 10, 20, 1
TRACE [main] - <==        Row: 17, defualt, new, 1, 2023-10-19 07:24:35, 1000, 10, 20, 1
TRACE [main] - <==        Row: 55, defualtttt, new, 1, 2023-10-19 00:00:00, 1000, 10, 20, 2
TRACE [main] - <==        Row: 55, defualtttt, new, 1, 2023-10-19 00:00:00, 1000, 10, 20, 2
TRACE [main] - <==        Row: 56, defualt, new, 1, 2023-10-19 07:24:35, 1000, 10, 20, 3
TRACE [main] - <==        Row: 56, defualt, new, 1, 2023-10-19 07:24:35, 1000, 10, 20, 3
TRACE [main] - <==        Row: 57, defualt, new, 1, 2023-10-19 07:24:35, 1000, 10, 20, 4
TRACE [main] - <==        Row: 57, defualt, new, 1, 2023-10-19 07:24:35, 1000, 10, 20, 4
TRACE [main] - <==        Row: 58, defualt, new, 1, 2023-10-19 07:24:35, 1000, 10, 20, 5
TRACE [main] - <==        Row: 58, defualt, new, 1, 2023-10-19 07:24:35, 1000, 10, 20, 5
TRACE [main] - <==        Row: 59, defualt, new, 1, 2023-10-19 07:24:35, 1000, 10, 20, 6
TRACE [main] - <==        Row: 59, defualt, new, 1, 2023-10-19 07:24:35, 1000, 10, 20, 6
TRACE [main] - <==        Row: 60, defualt, new, 1, 2023-10-19 07:24:35, 1000, 10, 20, 7
TRACE [main] - <==        Row: 60, defualt, new, 1, 2023-10-19 07:24:35, 1000, 10, 20, 7
TRACE [main] - <==        Row: 61, defualt, new, 1, 2023-10-19 07:24:35, 1000, 10, 20, 8
TRACE [main] - <==        Row: 61, defualt, new, 1, 2023-10-19 07:24:35, 1000, 10, 20, 8
TRACE [main] - <==        Row: 62, defualt, new, 1, 2023-10-19 07:24:35, 1000, 10, 20, 9
TRACE [main] - <==        Row: 62, defualt, new, 1, 2023-10-19 07:24:35, 1000, 10, 20, 9
TRACE [main] - <==        Row: 63, defualt, new, 1, 2023-10-19 07:24:35, 1000, 10, 20, 10
TRACE [main] - <==        Row: 63, defualt, new, 1, 2023-10-19 07:24:35, 1000, 10, 20, 10
TRACE [main] - <==        Row: 64, defualt, new, 1, 2023-10-19 07:24:35, 1000, 10, 20, 11
TRACE [main] - <==        Row: 64, defualt, new, 1, 2023-10-19 07:24:35, 1000, 10, 20, 11
TRACE [main] - <==        Row: 65, defualt, new, 1, 2023-10-19 07:24:35, 1000, 10, 20, 12
TRACE [main] - <==        Row: 65, defualt, new, 1, 2023-10-19 07:24:35, 1000, 10, 20, 12
TRACE [main] - <==        Row: 66, defualt, new, 1, 2023-10-19 07:24:35, 1000, 10, 20, 13
TRACE [main] - <==        Row: 66, defualt, new, 1, 2023-10-19 07:24:35, 1000, 10, 20, 13
TRACE [main] - <==        Row: 67, defualt, new, 1, 2023-10-19 07:24:35, 1000, 10, 20, 14
TRACE [main] - <==        Row: 67, defualt, new, 1, 2023-10-19 07:24:35, 1000, 10, 20, 14
TRACE [main] - <==        Row: 68, defualt, new, 1, 2023-10-19 07:24:35, 1000, 10, 20, 15
TRACE [main] - <==        Row: 68, defualt, new, 1, 2023-10-19 07:24:35, 1000, 10, 20, 15
DEBUG [main] - <==      Total: 15
DEBUG [main] - <==      Total: 15
DEBUG [main] - ==>  Preparing: SELECT count(0) FROM scott.emp WHERE (ename LIKE ?)
DEBUG [main] - ==>  Preparing: SELECT count(0) FROM scott.emp WHERE (ename LIKE ?)
DEBUG [main] - ==> Parameters: %de%(String)
DEBUG [main] - ==> Parameters: %de%(String)
TRACE [main] - <==    Columns: COUNT(0)
TRACE [main] - <==    Columns: COUNT(0)
TRACE [main] - <==        Row: 4946
TRACE [main] - <==        Row: 4946
DEBUG [main] - <==      Total: 1
DEBUG [main] - <==      Total: 1
DEBUG [main] - ==>  Preparing: SELECT * FROM ( SELECT TMP_PAGE.*, ROWNUM PAGEHELPER_ROW_ID FROM ( SELECT empno,ename,job,mgr,hiredate,sal,comm,deptno FROM scott.emp WHERE (ename LIKE ?) ORDER BY empno ASC ) TMP_PAGE) WHERE PAGEHELPER_ROW_ID <= ? AND PAGEHELPER_ROW_ID > ?
DEBUG [main] - ==>  Preparing: SELECT * FROM ( SELECT TMP_PAGE.*, ROWNUM PAGEHELPER_ROW_ID FROM ( SELECT empno,ename,job,mgr,hiredate,sal,comm,deptno FROM scott.emp WHERE (ename LIKE ?) ORDER BY empno ASC ) TMP_PAGE) WHERE PAGEHELPER_ROW_ID <= ? AND PAGEHELPER_ROW_ID > ?
DEBUG [main] - ==> Parameters: %de%(String), 30(Long), 15(Long)
DEBUG [main] - ==> Parameters: %de%(String), 30(Long), 15(Long)
TRACE [main] - <==    Columns: EMPNO, ENAME, JOB, MGR, HIREDATE, SAL, COMM, DEPTNO, PAGEHELPER_ROW_ID
TRACE [main] - <==    Columns: EMPNO, ENAME, JOB, MGR, HIREDATE, SAL, COMM, DEPTNO, PAGEHELPER_ROW_ID
TRACE [main] - <==        Row: 69, defualt, new, 1, 2023-10-19 07:24:35, 1000, 10, 20, 16
TRACE [main] - <==        Row: 69, defualt, new, 1, 2023-10-19 07:24:35, 1000, 10, 20, 16
TRACE [main] - <==        Row: 70, defualt, new, 1, 2023-10-19 07:24:35, 1000, 10, 20, 17
TRACE [main] - <==        Row: 70, defualt, new, 1, 2023-10-19 07:24:35, 1000, 10, 20, 17
TRACE [main] - <==        Row: 71, defualt, new, 1, 2023-10-19 07:24:35, 1000, 10, 20, 18
TRACE [main] - <==        Row: 71, defualt, new, 1, 2023-10-19 07:24:35, 1000, 10, 20, 18
TRACE [main] - <==        Row: 72, defualt, new, 1, 2023-10-19 07:24:35, 1000, 10, 20, 19
TRACE [main] - <==        Row: 72, defualt, new, 1, 2023-10-19 07:24:35, 1000, 10, 20, 19
TRACE [main] - <==        Row: 73, defualt, new, 1, 2023-10-19 07:24:35, 1000, 10, 20, 20
TRACE [main] - <==        Row: 73, defualt, new, 1, 2023-10-19 07:24:35, 1000, 10, 20, 20
TRACE [main] - <==        Row: 74, defualt, new, 1, 2023-10-19 07:24:35, 1000, 10, 20, 21
TRACE [main] - <==        Row: 74, defualt, new, 1, 2023-10-19 07:24:35, 1000, 10, 20, 21
TRACE [main] - <==        Row: 75, defualt, new, 1, 2023-10-19 07:24:35, 1000, 10, 20, 22
TRACE [main] - <==        Row: 75, defualt, new, 1, 2023-10-19 07:24:35, 1000, 10, 20, 22
TRACE [main] - <==        Row: 76, defualt, new, 1, 2023-10-19 07:24:35, 1000, 10, 20, 23
TRACE [main] - <==        Row: 76, defualt, new, 1, 2023-10-19 07:24:35, 1000, 10, 20, 23
TRACE [main] - <==        Row: 77, defualt, new, 1, 2023-10-19 07:24:35, 1000, 10, 20, 24
TRACE [main] - <==        Row: 77, defualt, new, 1, 2023-10-19 07:24:35, 1000, 10, 20, 24
TRACE [main] - <==        Row: 78, defualt, new, 1, 2023-10-19 07:24:35, 1000, 10, 20, 25
TRACE [main] - <==        Row: 78, defualt, new, 1, 2023-10-19 07:24:35, 1000, 10, 20, 25
TRACE [main] - <==        Row: 79, defualt, new, 1, 2023-10-19 07:24:35, 1000, 10, 20, 26
TRACE [main] - <==        Row: 79, defualt, new, 1, 2023-10-19 07:24:35, 1000, 10, 20, 26
TRACE [main] - <==        Row: 80, defualt, new, 1, 2023-10-19 07:24:35, 1000, 10, 20, 27
TRACE [main] - <==        Row: 80, defualt, new, 1, 2023-10-19 07:24:35, 1000, 10, 20, 27
TRACE [main] - <==        Row: 81, defualt, new, 1, 2023-10-19 07:24:35, 1000, 10, 20, 28
TRACE [main] - <==        Row: 81, defualt, new, 1, 2023-10-19 07:24:35, 1000, 10, 20, 28
TRACE [main] - <==        Row: 82, defualt, new, 1, 2023-10-19 07:24:35, 1000, 10, 20, 29
TRACE [main] - <==        Row: 82, defualt, new, 1, 2023-10-19 07:24:35, 1000, 10, 20, 29
TRACE [main] - <==        Row: 83, defualt, new, 1, 2023-10-19 07:24:35, 1000, 10, 20, 30
TRACE [main] - <==        Row: 83, defualt, new, 1, 2023-10-19 07:24:35, 1000, 10, 20, 30
DEBUG [main] - <==      Total: 15
DEBUG [main] - <==      Total: 15
DEBUG [main] - ==>  Preparing: SELECT count(0) FROM scott.emp WHERE (ename LIKE ?)
DEBUG [main] - ==>  Preparing: SELECT count(0) FROM scott.emp WHERE (ename LIKE ?)
DEBUG [main] - ==> Parameters: %de%(String)
DEBUG [main] - ==> Parameters: %de%(String)
TRACE [main] - <==    Columns: COUNT(0)
TRACE [main] - <==    Columns: COUNT(0)
TRACE [main] - <==        Row: 4946
TRACE [main] - <==        Row: 4946
DEBUG [main] - <==      Total: 1
DEBUG [main] - <==      Total: 1
DEBUG [main] - ==>  Preparing: SELECT * FROM ( SELECT TMP_PAGE.*, ROWNUM PAGEHELPER_ROW_ID FROM ( SELECT empno,ename,job,mgr,hiredate,sal,comm,deptno FROM scott.emp WHERE (ename LIKE ?) ORDER BY empno ASC ) TMP_PAGE) WHERE PAGEHELPER_ROW_ID <= ? AND PAGEHELPER_ROW_ID > ?
DEBUG [main] - ==>  Preparing: SELECT * FROM ( SELECT TMP_PAGE.*, ROWNUM PAGEHELPER_ROW_ID FROM ( SELECT empno,ename,job,mgr,hiredate,sal,comm,deptno FROM scott.emp WHERE (ename LIKE ?) ORDER BY empno ASC ) TMP_PAGE) WHERE PAGEHELPER_ROW_ID <= ? AND PAGEHELPER_ROW_ID > ?
DEBUG [main] - ==> Parameters: %de%(String), 15(Long), 0(Long)
DEBUG [main] - ==> Parameters: %de%(String), 15(Long), 0(Long)
TRACE [main] - <==    Columns: EMPNO, ENAME, JOB, MGR, HIREDATE, SAL, COMM, DEPTNO, PAGEHELPER_ROW_ID
TRACE [main] - <==    Columns: EMPNO, ENAME, JOB, MGR, HIREDATE, SAL, COMM, DEPTNO, PAGEHELPER_ROW_ID
TRACE [main] - <==        Row: 17, defualt, new, 1, 2023-10-19 07:24:35, 1000, 10, 20, 1
TRACE [main] - <==        Row: 17, defualt, new, 1, 2023-10-19 07:24:35, 1000, 10, 20, 1
TRACE [main] - <==        Row: 55, defualtttt, new, 1, 2023-10-19 00:00:00, 1000, 10, 20, 2
TRACE [main] - <==        Row: 55, defualtttt, new, 1, 2023-10-19 00:00:00, 1000, 10, 20, 2
TRACE [main] - <==        Row: 56, defualt, new, 1, 2023-10-19 07:24:35, 1000, 10, 20, 3
TRACE [main] - <==        Row: 56, defualt, new, 1, 2023-10-19 07:24:35, 1000, 10, 20, 3
TRACE [main] - <==        Row: 57, defualt, new, 1, 2023-10-19 07:24:35, 1000, 10, 20, 4
TRACE [main] - <==        Row: 57, defualt, new, 1, 2023-10-19 07:24:35, 1000, 10, 20, 4
TRACE [main] - <==        Row: 58, defualt, new, 1, 2023-10-19 07:24:35, 1000, 10, 20, 5
TRACE [main] - <==        Row: 58, defualt, new, 1, 2023-10-19 07:24:35, 1000, 10, 20, 5
TRACE [main] - <==        Row: 59, defualt, new, 1, 2023-10-19 07:24:35, 1000, 10, 20, 6
TRACE [main] - <==        Row: 59, defualt, new, 1, 2023-10-19 07:24:35, 1000, 10, 20, 6
TRACE [main] - <==        Row: 60, defualt, new, 1, 2023-10-19 07:24:35, 1000, 10, 20, 7
TRACE [main] - <==        Row: 60, defualt, new, 1, 2023-10-19 07:24:35, 1000, 10, 20, 7
TRACE [main] - <==        Row: 61, defualt, new, 1, 2023-10-19 07:24:35, 1000, 10, 20, 8
TRACE [main] - <==        Row: 61, defualt, new, 1, 2023-10-19 07:24:35, 1000, 10, 20, 8
TRACE [main] - <==        Row: 62, defualt, new, 1, 2023-10-19 07:24:35, 1000, 10, 20, 9
TRACE [main] - <==        Row: 62, defualt, new, 1, 2023-10-19 07:24:35, 1000, 10, 20, 9
TRACE [main] - <==        Row: 63, defualt, new, 1, 2023-10-19 07:24:35, 1000, 10, 20, 10
TRACE [main] - <==        Row: 63, defualt, new, 1, 2023-10-19 07:24:35, 1000, 10, 20, 10
TRACE [main] - <==        Row: 64, defualt, new, 1, 2023-10-19 07:24:35, 1000, 10, 20, 11
TRACE [main] - <==        Row: 64, defualt, new, 1, 2023-10-19 07:24:35, 1000, 10, 20, 11
TRACE [main] - <==        Row: 65, defualt, new, 1, 2023-10-19 07:24:35, 1000, 10, 20, 12
TRACE [main] - <==        Row: 65, defualt, new, 1, 2023-10-19 07:24:35, 1000, 10, 20, 12
TRACE [main] - <==        Row: 66, defualt, new, 1, 2023-10-19 07:24:35, 1000, 10, 20, 13
TRACE [main] - <==        Row: 66, defualt, new, 1, 2023-10-19 07:24:35, 1000, 10, 20, 13
TRACE [main] - <==        Row: 67, defualt, new, 1, 2023-10-19 07:24:35, 1000, 10, 20, 14
TRACE [main] - <==        Row: 67, defualt, new, 1, 2023-10-19 07:24:35, 1000, 10, 20, 14
TRACE [main] - <==        Row: 68, defualt, new, 1, 2023-10-19 07:24:35, 1000, 10, 20, 15
TRACE [main] - <==        Row: 68, defualt, new, 1, 2023-10-19 07:24:35, 1000, 10, 20, 15
DEBUG [main] - <==      Total: 15
DEBUG [main] - <==      Total: 15
DEBUG [main] - ==>  Preparing: SELECT count(0) FROM scott.emp WHERE (ename LIKE ?)
DEBUG [main] - ==>  Preparing: SELECT count(0) FROM scott.emp WHERE (ename LIKE ?)
DEBUG [main] - ==> Parameters: %de%(String)
DEBUG [main] - ==> Parameters: %de%(String)
TRACE [main] - <==    Columns: COUNT(0)
TRACE [main] - <==    Columns: COUNT(0)
TRACE [main] - <==        Row: 4946
TRACE [main] - <==        Row: 4946
DEBUG [main] - <==      Total: 1
DEBUG [main] - <==      Total: 1
DEBUG [main] - ==>  Preparing: SELECT * FROM ( SELECT TMP_PAGE.*, ROWNUM PAGEHELPER_ROW_ID FROM ( SELECT empno,ename,job,mgr,hiredate,sal,comm,deptno FROM scott.emp WHERE (ename LIKE ?) ORDER BY empno ASC ) TMP_PAGE) WHERE PAGEHELPER_ROW_ID <= ? AND PAGEHELPER_ROW_ID > ?
DEBUG [main] - ==>  Preparing: SELECT * FROM ( SELECT TMP_PAGE.*, ROWNUM PAGEHELPER_ROW_ID FROM ( SELECT empno,ename,job,mgr,hiredate,sal,comm,deptno FROM scott.emp WHERE (ename LIKE ?) ORDER BY empno ASC ) TMP_PAGE) WHERE PAGEHELPER_ROW_ID <= ? AND PAGEHELPER_ROW_ID > ?
DEBUG [main] - ==> Parameters: %de%(String), 30(Long), 15(Long)
DEBUG [main] - ==> Parameters: %de%(String), 30(Long), 15(Long)
TRACE [main] - <==    Columns: EMPNO, ENAME, JOB, MGR, HIREDATE, SAL, COMM, DEPTNO, PAGEHELPER_ROW_ID
TRACE [main] - <==    Columns: EMPNO, ENAME, JOB, MGR, HIREDATE, SAL, COMM, DEPTNO, PAGEHELPER_ROW_ID
TRACE [main] - <==        Row: 69, defualt, new, 1, 2023-10-19 07:24:35, 1000, 10, 20, 16
TRACE [main] - <==        Row: 69, defualt, new, 1, 2023-10-19 07:24:35, 1000, 10, 20, 16
TRACE [main] - <==        Row: 70, defualt, new, 1, 2023-10-19 07:24:35, 1000, 10, 20, 17
TRACE [main] - <==        Row: 70, defualt, new, 1, 2023-10-19 07:24:35, 1000, 10, 20, 17
TRACE [main] - <==        Row: 71, defualt, new, 1, 2023-10-19 07:24:35, 1000, 10, 20, 18
TRACE [main] - <==        Row: 71, defualt, new, 1, 2023-10-19 07:24:35, 1000, 10, 20, 18
TRACE [main] - <==        Row: 72, defualt, new, 1, 2023-10-19 07:24:35, 1000, 10, 20, 19
TRACE [main] - <==        Row: 72, defualt, new, 1, 2023-10-19 07:24:35, 1000, 10, 20, 19
TRACE [main] - <==        Row: 73, defualt, new, 1, 2023-10-19 07:24:35, 1000, 10, 20, 20
TRACE [main] - <==        Row: 73, defualt, new, 1, 2023-10-19 07:24:35, 1000, 10, 20, 20
TRACE [main] - <==        Row: 74, defualt, new, 1, 2023-10-19 07:24:35, 1000, 10, 20, 21
TRACE [main] - <==        Row: 74, defualt, new, 1, 2023-10-19 07:24:35, 1000, 10, 20, 21
TRACE [main] - <==        Row: 75, defualt, new, 1, 2023-10-19 07:24:35, 1000, 10, 20, 22
TRACE [main] - <==        Row: 75, defualt, new, 1, 2023-10-19 07:24:35, 1000, 10, 20, 22
TRACE [main] - <==        Row: 76, defualt, new, 1, 2023-10-19 07:24:35, 1000, 10, 20, 23
TRACE [main] - <==        Row: 76, defualt, new, 1, 2023-10-19 07:24:35, 1000, 10, 20, 23
TRACE [main] - <==        Row: 77, defualt, new, 1, 2023-10-19 07:24:35, 1000, 10, 20, 24
TRACE [main] - <==        Row: 77, defualt, new, 1, 2023-10-19 07:24:35, 1000, 10, 20, 24
TRACE [main] - <==        Row: 78, defualt, new, 1, 2023-10-19 07:24:35, 1000, 10, 20, 25
TRACE [main] - <==        Row: 78, defualt, new, 1, 2023-10-19 07:24:35, 1000, 10, 20, 25
TRACE [main] - <==        Row: 79, defualt, new, 1, 2023-10-19 07:24:35, 1000, 10, 20, 26
TRACE [main] - <==        Row: 79, defualt, new, 1, 2023-10-19 07:24:35, 1000, 10, 20, 26
TRACE [main] - <==        Row: 80, defualt, new, 1, 2023-10-19 07:24:35, 1000, 10, 20, 27
TRACE [main] - <==        Row: 80, defualt, new, 1, 2023-10-19 07:24:35, 1000, 10, 20, 27
TRACE [main] - <==        Row: 81, defualt, new, 1, 2023-10-19 07:24:35, 1000, 10, 20, 28
TRACE [main] - <==        Row: 81, defualt, new, 1, 2023-10-19 07:24:35, 1000, 10, 20, 28
TRACE [main] - <==        Row: 82, defualt, new, 1, 2023-10-19 07:24:35, 1000, 10, 20, 29
TRACE [main] - <==        Row: 82, defualt, new, 1, 2023-10-19 07:24:35, 1000, 10, 20, 29
TRACE [main] - <==        Row: 83, defualt, new, 1, 2023-10-19 07:24:35, 1000, 10, 20, 30
TRACE [main] - <==        Row: 83, defualt, new, 1, 2023-10-19 07:24:35, 1000, 10, 20, 30
DEBUG [main] - <==      Total: 15
DEBUG [main] - <==      Total: 15
DEBUG [main] - ==>  Preparing: SELECT count(0) FROM scott.emp WHERE (ename LIKE ?)
DEBUG [main] - ==>  Preparing: SELECT count(0) FROM scott.emp WHERE (ename LIKE ?)
DEBUG [main] - ==> Parameters: %de%(String)
DEBUG [main] - ==> Parameters: %de%(String)
TRACE [main] - <==    Columns: COUNT(0)
TRACE [main] - <==    Columns: COUNT(0)
TRACE [main] - <==        Row: 4946
TRACE [main] - <==        Row: 4946
DEBUG [main] - <==      Total: 1
DEBUG [main] - <==      Total: 1
DEBUG [main] - ==>  Preparing: SELECT * FROM ( SELECT TMP_PAGE.*, ROWNUM PAGEHELPER_ROW_ID FROM ( SELECT empno,ename,job,mgr,hiredate,sal,comm,deptno FROM scott.emp WHERE (ename LIKE ?) ORDER BY empno ASC ) TMP_PAGE) WHERE PAGEHELPER_ROW_ID <= ? AND PAGEHELPER_ROW_ID > ?
DEBUG [main] - ==>  Preparing: SELECT * FROM ( SELECT TMP_PAGE.*, ROWNUM PAGEHELPER_ROW_ID FROM ( SELECT empno,ename,job,mgr,hiredate,sal,comm,deptno FROM scott.emp WHERE (ename LIKE ?) ORDER BY empno ASC ) TMP_PAGE) WHERE PAGEHELPER_ROW_ID <= ? AND PAGEHELPER_ROW_ID > ?
DEBUG [main] - ==> Parameters: %de%(String), 15(Long), 0(Long)
DEBUG [main] - ==> Parameters: %de%(String), 15(Long), 0(Long)
TRACE [main] - <==    Columns: EMPNO, ENAME, JOB, MGR, HIREDATE, SAL, COMM, DEPTNO, PAGEHELPER_ROW_ID
TRACE [main] - <==    Columns: EMPNO, ENAME, JOB, MGR, HIREDATE, SAL, COMM, DEPTNO, PAGEHELPER_ROW_ID
TRACE [main] - <==        Row: 17, defualt, new, 1, 2023-10-19 07:24:35, 1000, 10, 20, 1
TRACE [main] - <==        Row: 17, defualt, new, 1, 2023-10-19 07:24:35, 1000, 10, 20, 1
TRACE [main] - <==        Row: 55, defualtttt, new, 1, 2023-10-19 00:00:00, 1000, 10, 20, 2
TRACE [main] - <==        Row: 55, defualtttt, new, 1, 2023-10-19 00:00:00, 1000, 10, 20, 2
TRACE [main] - <==        Row: 56, defualt, new, 1, 2023-10-19 07:24:35, 1000, 10, 20, 3
TRACE [main] - <==        Row: 56, defualt, new, 1, 2023-10-19 07:24:35, 1000, 10, 20, 3
TRACE [main] - <==        Row: 57, defualt, new, 1, 2023-10-19 07:24:35, 1000, 10, 20, 4
TRACE [main] - <==        Row: 57, defualt, new, 1, 2023-10-19 07:24:35, 1000, 10, 20, 4
TRACE [main] - <==        Row: 58, defualt, new, 1, 2023-10-19 07:24:35, 1000, 10, 20, 5
TRACE [main] - <==        Row: 58, defualt, new, 1, 2023-10-19 07:24:35, 1000, 10, 20, 5
TRACE [main] - <==        Row: 59, defualt, new, 1, 2023-10-19 07:24:35, 1000, 10, 20, 6
TRACE [main] - <==        Row: 59, defualt, new, 1, 2023-10-19 07:24:35, 1000, 10, 20, 6
TRACE [main] - <==        Row: 60, defualt, new, 1, 2023-10-19 07:24:35, 1000, 10, 20, 7
TRACE [main] - <==        Row: 60, defualt, new, 1, 2023-10-19 07:24:35, 1000, 10, 20, 7
TRACE [main] - <==        Row: 61, defualt, new, 1, 2023-10-19 07:24:35, 1000, 10, 20, 8
TRACE [main] - <==        Row: 61, defualt, new, 1, 2023-10-19 07:24:35, 1000, 10, 20, 8
TRACE [main] - <==        Row: 62, defualt, new, 1, 2023-10-19 07:24:35, 1000, 10, 20, 9
TRACE [main] - <==        Row: 62, defualt, new, 1, 2023-10-19 07:24:35, 1000, 10, 20, 9
TRACE [main] - <==        Row: 63, defualt, new, 1, 2023-10-19 07:24:35, 1000, 10, 20, 10
TRACE [main] - <==        Row: 63, defualt, new, 1, 2023-10-19 07:24:35, 1000, 10, 20, 10
TRACE [main] - <==        Row: 64, defualt, new, 1, 2023-10-19 07:24:35, 1000, 10, 20, 11
TRACE [main] - <==        Row: 64, defualt, new, 1, 2023-10-19 07:24:35, 1000, 10, 20, 11
TRACE [main] - <==        Row: 65, defualt, new, 1, 2023-10-19 07:24:35, 1000, 10, 20, 12
TRACE [main] - <==        Row: 65, defualt, new, 1, 2023-10-19 07:24:35, 1000, 10, 20, 12
TRACE [main] - <==        Row: 66, defualt, new, 1, 2023-10-19 07:24:35, 1000, 10, 20, 13
TRACE [main] - <==        Row: 66, defualt, new, 1, 2023-10-19 07:24:35, 1000, 10, 20, 13
TRACE [main] - <==        Row: 67, defualt, new, 1, 2023-10-19 07:24:35, 1000, 10, 20, 14
TRACE [main] - <==        Row: 67, defualt, new, 1, 2023-10-19 07:24:35, 1000, 10, 20, 14
TRACE [main] - <==        Row: 68, defualt, new, 1, 2023-10-19 07:24:35, 1000, 10, 20, 15
TRACE [main] - <==        Row: 68, defualt, new, 1, 2023-10-19 07:24:35, 1000, 10, 20, 15
DEBUG [main] - <==      Total: 15
DEBUG [main] - <==      Total: 15
DEBUG [main] - ==>  Preparing: SELECT count(0) FROM scott.emp WHERE (ename LIKE ?)
DEBUG [main] - ==>  Preparing: SELECT count(0) FROM scott.emp WHERE (ename LIKE ?)
DEBUG [main] - ==> Parameters: %de%(String)
DEBUG [main] - ==> Parameters: %de%(String)
TRACE [main] - <==    Columns: COUNT(0)
TRACE [main] - <==    Columns: COUNT(0)
TRACE [main] - <==        Row: 4946
TRACE [main] - <==        Row: 4946
DEBUG [main] - <==      Total: 1
DEBUG [main] - <==      Total: 1
DEBUG [main] - ==>  Preparing: SELECT * FROM ( SELECT TMP_PAGE.*, ROWNUM PAGEHELPER_ROW_ID FROM ( SELECT empno,ename,job,mgr,hiredate,sal,comm,deptno FROM scott.emp WHERE (ename LIKE ?) ORDER BY empno ASC ) TMP_PAGE) WHERE PAGEHELPER_ROW_ID <= ? AND PAGEHELPER_ROW_ID > ?
DEBUG [main] - ==>  Preparing: SELECT * FROM ( SELECT TMP_PAGE.*, ROWNUM PAGEHELPER_ROW_ID FROM ( SELECT empno,ename,job,mgr,hiredate,sal,comm,deptno FROM scott.emp WHERE (ename LIKE ?) ORDER BY empno ASC ) TMP_PAGE) WHERE PAGEHELPER_ROW_ID <= ? AND PAGEHELPER_ROW_ID > ?
DEBUG [main] - ==> Parameters: %de%(String), 30(Long), 15(Long)
DEBUG [main] - ==> Parameters: %de%(String), 30(Long), 15(Long)
TRACE [main] - <==    Columns: EMPNO, ENAME, JOB, MGR, HIREDATE, SAL, COMM, DEPTNO, PAGEHELPER_ROW_ID
TRACE [main] - <==    Columns: EMPNO, ENAME, JOB, MGR, HIREDATE, SAL, COMM, DEPTNO, PAGEHELPER_ROW_ID
TRACE [main] - <==        Row: 69, defualt, new, 1, 2023-10-19 07:24:35, 1000, 10, 20, 16
TRACE [main] - <==        Row: 69, defualt, new, 1, 2023-10-19 07:24:35, 1000, 10, 20, 16
TRACE [main] - <==        Row: 70, defualt, new, 1, 2023-10-19 07:24:35, 1000, 10, 20, 17
TRACE [main] - <==        Row: 70, defualt, new, 1, 2023-10-19 07:24:35, 1000, 10, 20, 17
TRACE [main] - <==        Row: 71, defualt, new, 1, 2023-10-19 07:24:35, 1000, 10, 20, 18
TRACE [main] - <==        Row: 71, defualt, new, 1, 2023-10-19 07:24:35, 1000, 10, 20, 18
TRACE [main] - <==        Row: 72, defualt, new, 1, 2023-10-19 07:24:35, 1000, 10, 20, 19
TRACE [main] - <==        Row: 72, defualt, new, 1, 2023-10-19 07:24:35, 1000, 10, 20, 19
TRACE [main] - <==        Row: 73, defualt, new, 1, 2023-10-19 07:24:35, 1000, 10, 20, 20
TRACE [main] - <==        Row: 73, defualt, new, 1, 2023-10-19 07:24:35, 1000, 10, 20, 20
TRACE [main] - <==        Row: 74, defualt, new, 1, 2023-10-19 07:24:35, 1000, 10, 20, 21
TRACE [main] - <==        Row: 74, defualt, new, 1, 2023-10-19 07:24:35, 1000, 10, 20, 21
TRACE [main] - <==        Row: 75, defualt, new, 1, 2023-10-19 07:24:35, 1000, 10, 20, 22
TRACE [main] - <==        Row: 75, defualt, new, 1, 2023-10-19 07:24:35, 1000, 10, 20, 22
TRACE [main] - <==        Row: 76, defualt, new, 1, 2023-10-19 07:24:35, 1000, 10, 20, 23
TRACE [main] - <==        Row: 76, defualt, new, 1, 2023-10-19 07:24:35, 1000, 10, 20, 23
TRACE [main] - <==        Row: 77, defualt, new, 1, 2023-10-19 07:24:35, 1000, 10, 20, 24
TRACE [main] - <==        Row: 77, defualt, new, 1, 2023-10-19 07:24:35, 1000, 10, 20, 24
TRACE [main] - <==        Row: 78, defualt, new, 1, 2023-10-19 07:24:35, 1000, 10, 20, 25
TRACE [main] - <==        Row: 78, defualt, new, 1, 2023-10-19 07:24:35, 1000, 10, 20, 25
TRACE [main] - <==        Row: 79, defualt, new, 1, 2023-10-19 07:24:35, 1000, 10, 20, 26
TRACE [main] - <==        Row: 79, defualt, new, 1, 2023-10-19 07:24:35, 1000, 10, 20, 26
TRACE [main] - <==        Row: 80, defualt, new, 1, 2023-10-19 07:24:35, 1000, 10, 20, 27
TRACE [main] - <==        Row: 80, defualt, new, 1, 2023-10-19 07:24:35, 1000, 10, 20, 27
TRACE [main] - <==        Row: 81, defualt, new, 1, 2023-10-19 07:24:35, 1000, 10, 20, 28
TRACE [main] - <==        Row: 81, defualt, new, 1, 2023-10-19 07:24:35, 1000, 10, 20, 28
TRACE [main] - <==        Row: 82, defualt, new, 1, 2023-10-19 07:24:35, 1000, 10, 20, 29
TRACE [main] - <==        Row: 82, defualt, new, 1, 2023-10-19 07:24:35, 1000, 10, 20, 29
TRACE [main] - <==        Row: 83, defualt, new, 1, 2023-10-19 07:24:35, 1000, 10, 20, 30
TRACE [main] - <==        Row: 83, defualt, new, 1, 2023-10-19 07:24:35, 1000, 10, 20, 30
DEBUG [main] - <==      Total: 15
DEBUG [main] - <==      Total: 15
