DEBUG [http-nio-8080-exec-4] - ==>  Preparing: SELECT count(0) FROM emp
DEBUG [http-nio-8080-exec-4] - ==>  Preparing: SELECT count(0) FROM emp
DEBUG [http-nio-8080-exec-4] - ==> Parameters: 
DEBUG [http-nio-8080-exec-4] - ==> Parameters: 
TRACE [http-nio-8080-exec-4] - <==    Columns: COUNT(0)
TRACE [http-nio-8080-exec-4] - <==    Columns: COUNT(0)
TRACE [http-nio-8080-exec-4] - <==        Row: 4974
TRACE [http-nio-8080-exec-4] - <==        Row: 4974
DEBUG [http-nio-8080-exec-4] - <==      Total: 1
DEBUG [http-nio-8080-exec-4] - <==      Total: 1
DEBUG [http-nio-8080-exec-4] - ==>  Preparing: SELECT * FROM ( SELECT TMP_PAGE.*, ROWNUM PAGEHELPER_ROW_ID FROM ( select * from emp order by empno ) TMP_PAGE) WHERE PAGEHELPER_ROW_ID <= ? AND PAGEHELPER_ROW_ID > ?
DEBUG [http-nio-8080-exec-4] - ==>  Preparing: SELECT * FROM ( SELECT TMP_PAGE.*, ROWNUM PAGEHELPER_ROW_ID FROM ( select * from emp order by empno ) TMP_PAGE) WHERE PAGEHELPER_ROW_ID <= ? AND PAGEHELPER_ROW_ID > ?
DEBUG [http-nio-8080-exec-4] - ==> Parameters: 5(Long), 0(Long)
DEBUG [http-nio-8080-exec-4] - ==> Parameters: 5(Long), 0(Long)
TRACE [http-nio-8080-exec-4] - <==    Columns: EMPNO, ENAME, JOB, MGR, HIREDATE, SAL, COMM, DEPTNO, PAGEHELPER_ROW_ID
TRACE [http-nio-8080-exec-4] - <==    Columns: EMPNO, ENAME, JOB, MGR, HIREDATE, SAL, COMM, DEPTNO, PAGEHELPER_ROW_ID
TRACE [http-nio-8080-exec-4] - <==        Row: 1, Kings Down, null, 1, 1970-01-01 00:00:00, 8099, null, 11, 1
TRACE [http-nio-8080-exec-4] - <==        Row: 1, Kings Down, null, 1, 1970-01-01 00:00:00, 8099, null, 11, 1
TRACE [http-nio-8080-exec-4] - <==        Row: 2, Prince Fly, Analyst, 1, 2023-09-15 00:00:00, 4000, 300, 20, 2
TRACE [http-nio-8080-exec-4] - <==        Row: 2, Prince Fly, Analyst, 1, 2023-09-15 00:00:00, 4000, 300, 20, 2
TRACE [http-nio-8080-exec-4] - <==        Row: 3, Bob Johnsn, Clerk, 2, 2023-08-20 00:00:00, 2500, null, 30, 3
TRACE [http-nio-8080-exec-4] - <==        Row: 3, Bob Johnsn, Clerk, 2, 2023-08-20 00:00:00, 2500, null, 30, 3
TRACE [http-nio-8080-exec-4] - <==        Row: 4, Ali Brown, Manager, null, 2023-07-10 00:00:00, 5500, null, 10, 4
TRACE [http-nio-8080-exec-4] - <==        Row: 4, Ali Brown, Manager, null, 2023-07-10 00:00:00, 5500, null, 10, 4
TRACE [http-nio-8080-exec-4] - <==        Row: 5, Ella Davis, Analyst, 4, 2023-06-05 00:00:00, 4200, 200, 20, 5
TRACE [http-nio-8080-exec-4] - <==        Row: 5, Ella Davis, Analyst, 4, 2023-06-05 00:00:00, 4200, 200, 20, 5
DEBUG [http-nio-8080-exec-4] - <==      Total: 5
DEBUG [http-nio-8080-exec-4] - <==      Total: 5
DEBUG [http-nio-8080-exec-5] - ==>  Preparing: SELECT count(0) FROM emp WHERE ename LIKE '%Kings Down%' AND job = ?
DEBUG [http-nio-8080-exec-5] - ==>  Preparing: SELECT count(0) FROM emp WHERE ename LIKE '%Kings Down%' AND job = ?
DEBUG [http-nio-8080-exec-5] - ==> Parameters: Manager(String)
DEBUG [http-nio-8080-exec-5] - ==> Parameters: Manager(String)
TRACE [http-nio-8080-exec-5] - <==    Columns: COUNT(0)
TRACE [http-nio-8080-exec-5] - <==    Columns: COUNT(0)
TRACE [http-nio-8080-exec-5] - <==        Row: 0
TRACE [http-nio-8080-exec-5] - <==        Row: 0
DEBUG [http-nio-8080-exec-5] - <==      Total: 1
DEBUG [http-nio-8080-exec-5] - <==      Total: 1
DEBUG [http-nio-8080-exec-6] - ==>  Preparing: SELECT count(0) FROM emp WHERE ename LIKE '%Kings%' AND job = ?
DEBUG [http-nio-8080-exec-6] - ==>  Preparing: SELECT count(0) FROM emp WHERE ename LIKE '%Kings%' AND job = ?
DEBUG [http-nio-8080-exec-6] - ==> Parameters: Manager(String)
DEBUG [http-nio-8080-exec-6] - ==> Parameters: Manager(String)
TRACE [http-nio-8080-exec-6] - <==    Columns: COUNT(0)
TRACE [http-nio-8080-exec-6] - <==    Columns: COUNT(0)
TRACE [http-nio-8080-exec-6] - <==        Row: 0
TRACE [http-nio-8080-exec-6] - <==        Row: 0
DEBUG [http-nio-8080-exec-6] - <==      Total: 1
DEBUG [http-nio-8080-exec-6] - <==      Total: 1
