DEBUG [http-nio-8080-exec-4] - ==>  Preparing: SELECT count(0) FROM scott.emp
DEBUG [http-nio-8080-exec-4] - ==>  Preparing: SELECT count(0) FROM scott.emp
DEBUG [http-nio-8080-exec-4] - ==> Parameters: 
DEBUG [http-nio-8080-exec-4] - ==> Parameters: 
TRACE [http-nio-8080-exec-4] - <==    Columns: COUNT(0)
TRACE [http-nio-8080-exec-4] - <==    Columns: COUNT(0)
TRACE [http-nio-8080-exec-4] - <==        Row: 4966
TRACE [http-nio-8080-exec-4] - <==        Row: 4966
DEBUG [http-nio-8080-exec-4] - <==      Total: 1
DEBUG [http-nio-8080-exec-4] - <==      Total: 1
DEBUG [http-nio-8080-exec-4] - ==>  Preparing: SELECT * FROM ( SELECT TMP_PAGE.*, ROWNUM PAGEHELPER_ROW_ID FROM ( SELECT empno,ename,job,mgr,hiredate,sal,comm,deptno FROM scott.emp ORDER BY empno ASC ) TMP_PAGE) WHERE PAGEHELPER_ROW_ID <= ? AND PAGEHELPER_ROW_ID > ?
DEBUG [http-nio-8080-exec-4] - ==>  Preparing: SELECT * FROM ( SELECT TMP_PAGE.*, ROWNUM PAGEHELPER_ROW_ID FROM ( SELECT empno,ename,job,mgr,hiredate,sal,comm,deptno FROM scott.emp ORDER BY empno ASC ) TMP_PAGE) WHERE PAGEHELPER_ROW_ID <= ? AND PAGEHELPER_ROW_ID > ?
DEBUG [http-nio-8080-exec-4] - ==> Parameters: 15(Long), 0(Long)
DEBUG [http-nio-8080-exec-4] - ==> Parameters: 15(Long), 0(Long)
TRACE [http-nio-8080-exec-4] - <==    Columns: EMPNO, ENAME, JOB, MGR, HIREDATE, SAL, COMM, DEPTNO, PAGEHELPER_ROW_ID
TRACE [http-nio-8080-exec-4] - <==    Columns: EMPNO, ENAME, JOB, MGR, HIREDATE, SAL, COMM, DEPTNO, PAGEHELPER_ROW_ID
TRACE [http-nio-8080-exec-4] - <==        Row: 1, Kings Down, Manager, 1, 1970-01-01 00:00:00, 8099, null, 11, 1
TRACE [http-nio-8080-exec-4] - <==        Row: 1, Kings Down, Manager, 1, 1970-01-01 00:00:00, 8099, null, 11, 1
TRACE [http-nio-8080-exec-4] - <==        Row: 2, Prince Fl, Analyst, 1, 2023-09-15 00:00:00, 4000, 300, 20, 2
TRACE [http-nio-8080-exec-4] - <==        Row: 2, Prince Fl, Analyst, 1, 2023-09-15 00:00:00, 4000, 300, 20, 2
TRACE [http-nio-8080-exec-4] - <==        Row: 3, Bob Johnsn, Clerk, 2, 2023-08-20 00:00:00, 2500, null, 30, 3
TRACE [http-nio-8080-exec-4] - <==        Row: 3, Bob Johnsn, Clerk, 2, 2023-08-20 00:00:00, 2500, null, 30, 3
TRACE [http-nio-8080-exec-4] - <==        Row: 4, Ali Brown, Manager, null, 2023-07-10 00:00:00, 5500, null, 10, 4
TRACE [http-nio-8080-exec-4] - <==        Row: 4, Ali Brown, Manager, null, 2023-07-10 00:00:00, 5500, null, 10, 4
TRACE [http-nio-8080-exec-4] - <==        Row: 5, Ella Davis, Analyst, 4, 2023-06-05 00:00:00, 4200, 200, 20, 5
TRACE [http-nio-8080-exec-4] - <==        Row: 5, Ella Davis, Analyst, 4, 2023-06-05 00:00:00, 4200, 200, 20, 5
TRACE [http-nio-8080-exec-4] - <==        Row: 6, David Lee, Clerk, 4, 2023-05-15 00:00:00, 2700, null, 30, 6
TRACE [http-nio-8080-exec-4] - <==        Row: 6, David Lee, Clerk, 4, 2023-05-15 00:00:00, 2700, null, 30, 6
TRACE [http-nio-8080-exec-4] - <==        Row: 7, Sar Wilsn, Manager, null, 2023-04-20 00:00:00, 5200, null, 10, 7
TRACE [http-nio-8080-exec-4] - <==        Row: 7, Sar Wilsn, Manager, null, 2023-04-20 00:00:00, 5200, null, 10, 7
TRACE [http-nio-8080-exec-4] - <==        Row: 8, Michl Wite, Analyst, 7, 2023-03-10 00:00:00, 4300, 150, 20, 8
TRACE [http-nio-8080-exec-4] - <==        Row: 8, Michl Wite, Analyst, 7, 2023-03-10 00:00:00, 4300, 150, 20, 8
TRACE [http-nio-8080-exec-4] - <==        Row: 9, Oliv Josn, Clerk, 7, 2023-02-25 00:00:00, 2600, null, 30, 9
TRACE [http-nio-8080-exec-4] - <==        Row: 9, Oliv Josn, Clerk, 7, 2023-02-25 00:00:00, 2600, null, 30, 9
TRACE [http-nio-8080-exec-4] - <==        Row: 10, Rbert, Manager, null, 2023-01-15 00:00:00, 5100, null, 10, 10
TRACE [http-nio-8080-exec-4] - <==        Row: 10, Rbert, Manager, null, 2023-01-15 00:00:00, 5100, null, 10, 10
TRACE [http-nio-8080-exec-4] - <==        Row: 11, Shia, Analyst, 10, 2022-12-10 00:00:00, 4100, 100, 20, 11
TRACE [http-nio-8080-exec-4] - <==        Row: 11, Shia, Analyst, 10, 2022-12-10 00:00:00, 4100, 100, 20, 11
TRACE [http-nio-8080-exec-4] - <==        Row: 12, Wilm Davis, Clerk, 10, 2022-11-05 00:00:00, 2800, null, 30, 12
TRACE [http-nio-8080-exec-4] - <==        Row: 12, Wilm Davis, Clerk, 10, 2022-11-05 00:00:00, 2800, null, 30, 12
TRACE [http-nio-8080-exec-4] - <==        Row: 13, Emma, Manager, null, 2022-10-20 00:00:00, 5300, null, 10, 13
TRACE [http-nio-8080-exec-4] - <==        Row: 13, Emma, Manager, null, 2022-10-20 00:00:00, 5300, null, 10, 13
TRACE [http-nio-8080-exec-4] - <==        Row: 14, dfualt, new, 1, 2023-10-19 00:00:00, 1000, 10, 20, 14
TRACE [http-nio-8080-exec-4] - <==        Row: 14, dfualt, new, 1, 2023-10-19 00:00:00, 1000, 10, 20, 14
TRACE [http-nio-8080-exec-4] - <==        Row: 15, Barbara, new, 5, 2023-10-19 00:00:00, 1000, 10, 20, 15
TRACE [http-nio-8080-exec-4] - <==        Row: 15, Barbara, new, 5, 2023-10-19 00:00:00, 1000, 10, 20, 15
DEBUG [http-nio-8080-exec-4] - <==      Total: 15
DEBUG [http-nio-8080-exec-4] - <==      Total: 15
DEBUG [http-nio-8080-exec-6] - ==>  Preparing: SELECT count(0) FROM scott.emp WHERE (ename LIKE ?)
DEBUG [http-nio-8080-exec-6] - ==>  Preparing: SELECT count(0) FROM scott.emp WHERE (ename LIKE ?)
DEBUG [http-nio-8080-exec-6] - ==> Parameters: %de%(String)
DEBUG [http-nio-8080-exec-6] - ==> Parameters: %de%(String)
TRACE [http-nio-8080-exec-6] - <==    Columns: COUNT(0)
TRACE [http-nio-8080-exec-6] - <==    Columns: COUNT(0)
TRACE [http-nio-8080-exec-6] - <==        Row: 4947
TRACE [http-nio-8080-exec-6] - <==        Row: 4947
DEBUG [http-nio-8080-exec-6] - <==      Total: 1
DEBUG [http-nio-8080-exec-6] - <==      Total: 1
DEBUG [http-nio-8080-exec-6] - ==>  Preparing: SELECT * FROM ( SELECT TMP_PAGE.*, ROWNUM PAGEHELPER_ROW_ID FROM ( SELECT empno,ename,job,mgr,hiredate,sal,comm,deptno FROM scott.emp WHERE (ename LIKE ?) ORDER BY empno ASC ) TMP_PAGE) WHERE PAGEHELPER_ROW_ID <= ? AND PAGEHELPER_ROW_ID > ?
DEBUG [http-nio-8080-exec-6] - ==>  Preparing: SELECT * FROM ( SELECT TMP_PAGE.*, ROWNUM PAGEHELPER_ROW_ID FROM ( SELECT empno,ename,job,mgr,hiredate,sal,comm,deptno FROM scott.emp WHERE (ename LIKE ?) ORDER BY empno ASC ) TMP_PAGE) WHERE PAGEHELPER_ROW_ID <= ? AND PAGEHELPER_ROW_ID > ?
DEBUG [http-nio-8080-exec-6] - ==> Parameters: %de%(String), 15(Long), 0(Long)
DEBUG [http-nio-8080-exec-6] - ==> Parameters: %de%(String), 15(Long), 0(Long)
TRACE [http-nio-8080-exec-6] - <==    Columns: EMPNO, ENAME, JOB, MGR, HIREDATE, SAL, COMM, DEPTNO, PAGEHELPER_ROW_ID
TRACE [http-nio-8080-exec-6] - <==    Columns: EMPNO, ENAME, JOB, MGR, HIREDATE, SAL, COMM, DEPTNO, PAGEHELPER_ROW_ID
TRACE [http-nio-8080-exec-6] - <==        Row: 16, defualt, new, 1, 2023-10-19 07:24:35, 1000, 10, 20, 1
TRACE [http-nio-8080-exec-6] - <==        Row: 16, defualt, new, 1, 2023-10-19 07:24:35, 1000, 10, 20, 1
TRACE [http-nio-8080-exec-6] - <==        Row: 17, defualt, new, 1, 2023-10-19 07:24:35, 1000, 10, 20, 2
TRACE [http-nio-8080-exec-6] - <==        Row: 17, defualt, new, 1, 2023-10-19 07:24:35, 1000, 10, 20, 2
TRACE [http-nio-8080-exec-6] - <==        Row: 55, defualt, new, 1, 2023-10-19 07:24:35, 1000, 10, 20, 3
TRACE [http-nio-8080-exec-6] - <==        Row: 55, defualt, new, 1, 2023-10-19 07:24:35, 1000, 10, 20, 3
TRACE [http-nio-8080-exec-6] - <==        Row: 56, defualt, new, 1, 2023-10-19 07:24:35, 1000, 10, 20, 4
TRACE [http-nio-8080-exec-6] - <==        Row: 56, defualt, new, 1, 2023-10-19 07:24:35, 1000, 10, 20, 4
TRACE [http-nio-8080-exec-6] - <==        Row: 57, defualt, new, 1, 2023-10-19 07:24:35, 1000, 10, 20, 5
TRACE [http-nio-8080-exec-6] - <==        Row: 57, defualt, new, 1, 2023-10-19 07:24:35, 1000, 10, 20, 5
TRACE [http-nio-8080-exec-6] - <==        Row: 58, defualt, new, 1, 2023-10-19 07:24:35, 1000, 10, 20, 6
TRACE [http-nio-8080-exec-6] - <==        Row: 58, defualt, new, 1, 2023-10-19 07:24:35, 1000, 10, 20, 6
TRACE [http-nio-8080-exec-6] - <==        Row: 59, defualt, new, 1, 2023-10-19 07:24:35, 1000, 10, 20, 7
TRACE [http-nio-8080-exec-6] - <==        Row: 59, defualt, new, 1, 2023-10-19 07:24:35, 1000, 10, 20, 7
TRACE [http-nio-8080-exec-6] - <==        Row: 60, defualt, new, 1, 2023-10-19 07:24:35, 1000, 10, 20, 8
TRACE [http-nio-8080-exec-6] - <==        Row: 60, defualt, new, 1, 2023-10-19 07:24:35, 1000, 10, 20, 8
TRACE [http-nio-8080-exec-6] - <==        Row: 61, defualt, new, 1, 2023-10-19 07:24:35, 1000, 10, 20, 9
TRACE [http-nio-8080-exec-6] - <==        Row: 61, defualt, new, 1, 2023-10-19 07:24:35, 1000, 10, 20, 9
TRACE [http-nio-8080-exec-6] - <==        Row: 62, defualt, new, 1, 2023-10-19 07:24:35, 1000, 10, 20, 10
TRACE [http-nio-8080-exec-6] - <==        Row: 62, defualt, new, 1, 2023-10-19 07:24:35, 1000, 10, 20, 10
TRACE [http-nio-8080-exec-6] - <==        Row: 63, defualt, new, 1, 2023-10-19 07:24:35, 1000, 10, 20, 11
TRACE [http-nio-8080-exec-6] - <==        Row: 63, defualt, new, 1, 2023-10-19 07:24:35, 1000, 10, 20, 11
TRACE [http-nio-8080-exec-6] - <==        Row: 64, defualt, new, 1, 2023-10-19 07:24:35, 1000, 10, 20, 12
TRACE [http-nio-8080-exec-6] - <==        Row: 64, defualt, new, 1, 2023-10-19 07:24:35, 1000, 10, 20, 12
TRACE [http-nio-8080-exec-6] - <==        Row: 65, defualt, new, 1, 2023-10-19 07:24:35, 1000, 10, 20, 13
TRACE [http-nio-8080-exec-6] - <==        Row: 65, defualt, new, 1, 2023-10-19 07:24:35, 1000, 10, 20, 13
TRACE [http-nio-8080-exec-6] - <==        Row: 66, defualt, new, 1, 2023-10-19 07:24:35, 1000, 10, 20, 14
TRACE [http-nio-8080-exec-6] - <==        Row: 66, defualt, new, 1, 2023-10-19 07:24:35, 1000, 10, 20, 14
TRACE [http-nio-8080-exec-6] - <==        Row: 67, defualt, new, 1, 2023-10-19 07:24:35, 1000, 10, 20, 15
TRACE [http-nio-8080-exec-6] - <==        Row: 67, defualt, new, 1, 2023-10-19 07:24:35, 1000, 10, 20, 15
DEBUG [http-nio-8080-exec-6] - <==      Total: 15
DEBUG [http-nio-8080-exec-6] - <==      Total: 15
DEBUG [http-nio-8080-exec-7] - ==>  Preparing: SELECT count(0) FROM scott.emp
DEBUG [http-nio-8080-exec-7] - ==>  Preparing: SELECT count(0) FROM scott.emp
DEBUG [http-nio-8080-exec-7] - ==> Parameters: 
DEBUG [http-nio-8080-exec-7] - ==> Parameters: 
TRACE [http-nio-8080-exec-7] - <==    Columns: COUNT(0)
TRACE [http-nio-8080-exec-7] - <==    Columns: COUNT(0)
TRACE [http-nio-8080-exec-7] - <==        Row: 4966
TRACE [http-nio-8080-exec-7] - <==        Row: 4966
DEBUG [http-nio-8080-exec-7] - <==      Total: 1
DEBUG [http-nio-8080-exec-7] - <==      Total: 1
DEBUG [http-nio-8080-exec-7] - ==>  Preparing: SELECT * FROM ( SELECT TMP_PAGE.*, ROWNUM PAGEHELPER_ROW_ID FROM ( SELECT empno,ename,job,mgr,hiredate,sal,comm,deptno FROM scott.emp ORDER BY empno ASC ) TMP_PAGE) WHERE PAGEHELPER_ROW_ID <= ? AND PAGEHELPER_ROW_ID > ?
DEBUG [http-nio-8080-exec-7] - ==>  Preparing: SELECT * FROM ( SELECT TMP_PAGE.*, ROWNUM PAGEHELPER_ROW_ID FROM ( SELECT empno,ename,job,mgr,hiredate,sal,comm,deptno FROM scott.emp ORDER BY empno ASC ) TMP_PAGE) WHERE PAGEHELPER_ROW_ID <= ? AND PAGEHELPER_ROW_ID > ?
DEBUG [http-nio-8080-exec-7] - ==> Parameters: 15(Long), 0(Long)
DEBUG [http-nio-8080-exec-7] - ==> Parameters: 15(Long), 0(Long)
TRACE [http-nio-8080-exec-7] - <==    Columns: EMPNO, ENAME, JOB, MGR, HIREDATE, SAL, COMM, DEPTNO, PAGEHELPER_ROW_ID
TRACE [http-nio-8080-exec-7] - <==    Columns: EMPNO, ENAME, JOB, MGR, HIREDATE, SAL, COMM, DEPTNO, PAGEHELPER_ROW_ID
TRACE [http-nio-8080-exec-7] - <==        Row: 1, Kings Down, Manager, 1, 1970-01-01 00:00:00, 8099, null, 11, 1
TRACE [http-nio-8080-exec-7] - <==        Row: 1, Kings Down, Manager, 1, 1970-01-01 00:00:00, 8099, null, 11, 1
TRACE [http-nio-8080-exec-7] - <==        Row: 2, Prince Fl, Analyst, 1, 2023-09-15 00:00:00, 4000, 300, 20, 2
TRACE [http-nio-8080-exec-7] - <==        Row: 2, Prince Fl, Analyst, 1, 2023-09-15 00:00:00, 4000, 300, 20, 2
TRACE [http-nio-8080-exec-7] - <==        Row: 3, Bob Johnsn, Clerk, 2, 2023-08-20 00:00:00, 2500, null, 30, 3
TRACE [http-nio-8080-exec-7] - <==        Row: 3, Bob Johnsn, Clerk, 2, 2023-08-20 00:00:00, 2500, null, 30, 3
TRACE [http-nio-8080-exec-7] - <==        Row: 4, Ali Brown, Manager, null, 2023-07-10 00:00:00, 5500, null, 10, 4
TRACE [http-nio-8080-exec-7] - <==        Row: 4, Ali Brown, Manager, null, 2023-07-10 00:00:00, 5500, null, 10, 4
TRACE [http-nio-8080-exec-7] - <==        Row: 5, Ella Davis, Analyst, 4, 2023-06-05 00:00:00, 4200, 200, 20, 5
TRACE [http-nio-8080-exec-7] - <==        Row: 5, Ella Davis, Analyst, 4, 2023-06-05 00:00:00, 4200, 200, 20, 5
TRACE [http-nio-8080-exec-7] - <==        Row: 6, David Lee, Clerk, 4, 2023-05-15 00:00:00, 2700, null, 30, 6
TRACE [http-nio-8080-exec-7] - <==        Row: 6, David Lee, Clerk, 4, 2023-05-15 00:00:00, 2700, null, 30, 6
TRACE [http-nio-8080-exec-7] - <==        Row: 7, Sar Wilsn, Manager, null, 2023-04-20 00:00:00, 5200, null, 10, 7
TRACE [http-nio-8080-exec-7] - <==        Row: 7, Sar Wilsn, Manager, null, 2023-04-20 00:00:00, 5200, null, 10, 7
TRACE [http-nio-8080-exec-7] - <==        Row: 8, Michl Wite, Analyst, 7, 2023-03-10 00:00:00, 4300, 150, 20, 8
TRACE [http-nio-8080-exec-7] - <==        Row: 8, Michl Wite, Analyst, 7, 2023-03-10 00:00:00, 4300, 150, 20, 8
TRACE [http-nio-8080-exec-7] - <==        Row: 9, Oliv Josn, Clerk, 7, 2023-02-25 00:00:00, 2600, null, 30, 9
TRACE [http-nio-8080-exec-7] - <==        Row: 9, Oliv Josn, Clerk, 7, 2023-02-25 00:00:00, 2600, null, 30, 9
TRACE [http-nio-8080-exec-7] - <==        Row: 10, Rbert, Manager, null, 2023-01-15 00:00:00, 5100, null, 10, 10
TRACE [http-nio-8080-exec-7] - <==        Row: 10, Rbert, Manager, null, 2023-01-15 00:00:00, 5100, null, 10, 10
TRACE [http-nio-8080-exec-7] - <==        Row: 11, Shia, Analyst, 10, 2022-12-10 00:00:00, 4100, 100, 20, 11
TRACE [http-nio-8080-exec-7] - <==        Row: 11, Shia, Analyst, 10, 2022-12-10 00:00:00, 4100, 100, 20, 11
TRACE [http-nio-8080-exec-7] - <==        Row: 12, Wilm Davis, Clerk, 10, 2022-11-05 00:00:00, 2800, null, 30, 12
TRACE [http-nio-8080-exec-7] - <==        Row: 12, Wilm Davis, Clerk, 10, 2022-11-05 00:00:00, 2800, null, 30, 12
TRACE [http-nio-8080-exec-7] - <==        Row: 13, Emma, Manager, null, 2022-10-20 00:00:00, 5300, null, 10, 13
TRACE [http-nio-8080-exec-7] - <==        Row: 13, Emma, Manager, null, 2022-10-20 00:00:00, 5300, null, 10, 13
TRACE [http-nio-8080-exec-7] - <==        Row: 14, dfualt, new, 1, 2023-10-19 00:00:00, 1000, 10, 20, 14
TRACE [http-nio-8080-exec-7] - <==        Row: 14, dfualt, new, 1, 2023-10-19 00:00:00, 1000, 10, 20, 14
TRACE [http-nio-8080-exec-7] - <==        Row: 15, Barbara, new, 5, 2023-10-19 00:00:00, 1000, 10, 20, 15
TRACE [http-nio-8080-exec-7] - <==        Row: 15, Barbara, new, 5, 2023-10-19 00:00:00, 1000, 10, 20, 15
DEBUG [http-nio-8080-exec-7] - <==      Total: 15
DEBUG [http-nio-8080-exec-7] - <==      Total: 15
DEBUG [http-nio-8080-exec-9] - ==>  Preparing: SELECT count(0) FROM scott.emp
DEBUG [http-nio-8080-exec-9] - ==>  Preparing: SELECT count(0) FROM scott.emp
DEBUG [http-nio-8080-exec-9] - ==> Parameters: 
DEBUG [http-nio-8080-exec-9] - ==> Parameters: 
TRACE [http-nio-8080-exec-9] - <==    Columns: COUNT(0)
TRACE [http-nio-8080-exec-9] - <==    Columns: COUNT(0)
TRACE [http-nio-8080-exec-9] - <==        Row: 4966
TRACE [http-nio-8080-exec-9] - <==        Row: 4966
DEBUG [http-nio-8080-exec-9] - <==      Total: 1
DEBUG [http-nio-8080-exec-9] - <==      Total: 1
DEBUG [http-nio-8080-exec-9] - ==>  Preparing: SELECT * FROM ( SELECT TMP_PAGE.*, ROWNUM PAGEHELPER_ROW_ID FROM ( SELECT empno,ename,job,mgr,hiredate,sal,comm,deptno FROM scott.emp ORDER BY empno ASC ) TMP_PAGE) WHERE PAGEHELPER_ROW_ID <= ? AND PAGEHELPER_ROW_ID > ?
DEBUG [http-nio-8080-exec-9] - ==>  Preparing: SELECT * FROM ( SELECT TMP_PAGE.*, ROWNUM PAGEHELPER_ROW_ID FROM ( SELECT empno,ename,job,mgr,hiredate,sal,comm,deptno FROM scott.emp ORDER BY empno ASC ) TMP_PAGE) WHERE PAGEHELPER_ROW_ID <= ? AND PAGEHELPER_ROW_ID > ?
DEBUG [http-nio-8080-exec-9] - ==> Parameters: 4980(Long), 4965(Long)
DEBUG [http-nio-8080-exec-9] - ==> Parameters: 4980(Long), 4965(Long)
TRACE [http-nio-8080-exec-9] - <==    Columns: EMPNO, ENAME, JOB, MGR, HIREDATE, SAL, COMM, DEPTNO, PAGEHELPER_ROW_ID
TRACE [http-nio-8080-exec-9] - <==    Columns: EMPNO, ENAME, JOB, MGR, HIREDATE, SAL, COMM, DEPTNO, PAGEHELPER_ROW_ID
TRACE [http-nio-8080-exec-9] - <==        Row: 8005, Kings Down, Manager, null, null, 5000, 100, 10, 4966
TRACE [http-nio-8080-exec-9] - <==        Row: 8005, Kings Down, Manager, null, null, 5000, 100, 10, 4966
DEBUG [http-nio-8080-exec-9] - <==      Total: 1
DEBUG [http-nio-8080-exec-9] - <==      Total: 1
DEBUG [http-nio-8080-exec-10] - ==>  Preparing: SELECT count(0) FROM scott.emp
DEBUG [http-nio-8080-exec-10] - ==>  Preparing: SELECT count(0) FROM scott.emp
DEBUG [http-nio-8080-exec-10] - ==> Parameters: 
DEBUG [http-nio-8080-exec-10] - ==> Parameters: 
TRACE [http-nio-8080-exec-10] - <==    Columns: COUNT(0)
TRACE [http-nio-8080-exec-10] - <==    Columns: COUNT(0)
TRACE [http-nio-8080-exec-10] - <==        Row: 4966
TRACE [http-nio-8080-exec-10] - <==        Row: 4966
DEBUG [http-nio-8080-exec-10] - <==      Total: 1
DEBUG [http-nio-8080-exec-10] - <==      Total: 1
DEBUG [http-nio-8080-exec-10] - ==>  Preparing: SELECT * FROM ( SELECT TMP_PAGE.*, ROWNUM PAGEHELPER_ROW_ID FROM ( SELECT empno,ename,job,mgr,hiredate,sal,comm,deptno FROM scott.emp ORDER BY empno ASC ) TMP_PAGE) WHERE PAGEHELPER_ROW_ID <= ? AND PAGEHELPER_ROW_ID > ?
DEBUG [http-nio-8080-exec-10] - ==>  Preparing: SELECT * FROM ( SELECT TMP_PAGE.*, ROWNUM PAGEHELPER_ROW_ID FROM ( SELECT empno,ename,job,mgr,hiredate,sal,comm,deptno FROM scott.emp ORDER BY empno ASC ) TMP_PAGE) WHERE PAGEHELPER_ROW_ID <= ? AND PAGEHELPER_ROW_ID > ?
DEBUG [http-nio-8080-exec-10] - ==> Parameters: 15(Long), 0(Long)
DEBUG [http-nio-8080-exec-10] - ==> Parameters: 15(Long), 0(Long)
TRACE [http-nio-8080-exec-10] - <==    Columns: EMPNO, ENAME, JOB, MGR, HIREDATE, SAL, COMM, DEPTNO, PAGEHELPER_ROW_ID
TRACE [http-nio-8080-exec-10] - <==    Columns: EMPNO, ENAME, JOB, MGR, HIREDATE, SAL, COMM, DEPTNO, PAGEHELPER_ROW_ID
TRACE [http-nio-8080-exec-10] - <==        Row: 1, Kings Down, Manager, 1, 1970-01-01 00:00:00, 8099, null, 11, 1
TRACE [http-nio-8080-exec-10] - <==        Row: 1, Kings Down, Manager, 1, 1970-01-01 00:00:00, 8099, null, 11, 1
TRACE [http-nio-8080-exec-10] - <==        Row: 2, Prince Fl, Analyst, 1, 2023-09-15 00:00:00, 4000, 300, 20, 2
TRACE [http-nio-8080-exec-10] - <==        Row: 2, Prince Fl, Analyst, 1, 2023-09-15 00:00:00, 4000, 300, 20, 2
TRACE [http-nio-8080-exec-10] - <==        Row: 3, Bob Johnsn, Clerk, 2, 2023-08-20 00:00:00, 2500, null, 30, 3
TRACE [http-nio-8080-exec-10] - <==        Row: 3, Bob Johnsn, Clerk, 2, 2023-08-20 00:00:00, 2500, null, 30, 3
TRACE [http-nio-8080-exec-10] - <==        Row: 4, Ali Brown, Manager, null, 2023-07-10 00:00:00, 5500, null, 10, 4
TRACE [http-nio-8080-exec-10] - <==        Row: 4, Ali Brown, Manager, null, 2023-07-10 00:00:00, 5500, null, 10, 4
TRACE [http-nio-8080-exec-10] - <==        Row: 5, Ella Davis, Analyst, 4, 2023-06-05 00:00:00, 4200, 200, 20, 5
TRACE [http-nio-8080-exec-10] - <==        Row: 5, Ella Davis, Analyst, 4, 2023-06-05 00:00:00, 4200, 200, 20, 5
TRACE [http-nio-8080-exec-10] - <==        Row: 6, David Lee, Clerk, 4, 2023-05-15 00:00:00, 2700, null, 30, 6
TRACE [http-nio-8080-exec-10] - <==        Row: 6, David Lee, Clerk, 4, 2023-05-15 00:00:00, 2700, null, 30, 6
TRACE [http-nio-8080-exec-10] - <==        Row: 7, Sar Wilsn, Manager, null, 2023-04-20 00:00:00, 5200, null, 10, 7
TRACE [http-nio-8080-exec-10] - <==        Row: 7, Sar Wilsn, Manager, null, 2023-04-20 00:00:00, 5200, null, 10, 7
TRACE [http-nio-8080-exec-10] - <==        Row: 8, Michl Wite, Analyst, 7, 2023-03-10 00:00:00, 4300, 150, 20, 8
TRACE [http-nio-8080-exec-10] - <==        Row: 8, Michl Wite, Analyst, 7, 2023-03-10 00:00:00, 4300, 150, 20, 8
TRACE [http-nio-8080-exec-10] - <==        Row: 9, Oliv Josn, Clerk, 7, 2023-02-25 00:00:00, 2600, null, 30, 9
TRACE [http-nio-8080-exec-10] - <==        Row: 9, Oliv Josn, Clerk, 7, 2023-02-25 00:00:00, 2600, null, 30, 9
TRACE [http-nio-8080-exec-10] - <==        Row: 10, Rbert, Manager, null, 2023-01-15 00:00:00, 5100, null, 10, 10
TRACE [http-nio-8080-exec-10] - <==        Row: 10, Rbert, Manager, null, 2023-01-15 00:00:00, 5100, null, 10, 10
TRACE [http-nio-8080-exec-10] - <==        Row: 11, Shia, Analyst, 10, 2022-12-10 00:00:00, 4100, 100, 20, 11
TRACE [http-nio-8080-exec-10] - <==        Row: 11, Shia, Analyst, 10, 2022-12-10 00:00:00, 4100, 100, 20, 11
TRACE [http-nio-8080-exec-10] - <==        Row: 12, Wilm Davis, Clerk, 10, 2022-11-05 00:00:00, 2800, null, 30, 12
TRACE [http-nio-8080-exec-10] - <==        Row: 12, Wilm Davis, Clerk, 10, 2022-11-05 00:00:00, 2800, null, 30, 12
TRACE [http-nio-8080-exec-10] - <==        Row: 13, Emma, Manager, null, 2022-10-20 00:00:00, 5300, null, 10, 13
TRACE [http-nio-8080-exec-10] - <==        Row: 13, Emma, Manager, null, 2022-10-20 00:00:00, 5300, null, 10, 13
TRACE [http-nio-8080-exec-10] - <==        Row: 14, dfualt, new, 1, 2023-10-19 00:00:00, 1000, 10, 20, 14
TRACE [http-nio-8080-exec-10] - <==        Row: 14, dfualt, new, 1, 2023-10-19 00:00:00, 1000, 10, 20, 14
TRACE [http-nio-8080-exec-10] - <==        Row: 15, Barbara, new, 5, 2023-10-19 00:00:00, 1000, 10, 20, 15
TRACE [http-nio-8080-exec-10] - <==        Row: 15, Barbara, new, 5, 2023-10-19 00:00:00, 1000, 10, 20, 15
DEBUG [http-nio-8080-exec-10] - <==      Total: 15
DEBUG [http-nio-8080-exec-10] - <==      Total: 15
DEBUG [http-nio-8080-exec-1] - ==>  Preparing: SELECT count(0) FROM scott.emp
DEBUG [http-nio-8080-exec-1] - ==>  Preparing: SELECT count(0) FROM scott.emp
DEBUG [http-nio-8080-exec-1] - ==> Parameters: 
DEBUG [http-nio-8080-exec-1] - ==> Parameters: 
TRACE [http-nio-8080-exec-1] - <==    Columns: COUNT(0)
TRACE [http-nio-8080-exec-1] - <==    Columns: COUNT(0)
TRACE [http-nio-8080-exec-1] - <==        Row: 4966
TRACE [http-nio-8080-exec-1] - <==        Row: 4966
DEBUG [http-nio-8080-exec-1] - <==      Total: 1
DEBUG [http-nio-8080-exec-1] - <==      Total: 1
DEBUG [http-nio-8080-exec-1] - ==>  Preparing: SELECT * FROM ( SELECT TMP_PAGE.*, ROWNUM PAGEHELPER_ROW_ID FROM ( SELECT empno,ename,job,mgr,hiredate,sal,comm,deptno FROM scott.emp ORDER BY empno ASC ) TMP_PAGE) WHERE PAGEHELPER_ROW_ID <= ? AND PAGEHELPER_ROW_ID > ?
DEBUG [http-nio-8080-exec-1] - ==>  Preparing: SELECT * FROM ( SELECT TMP_PAGE.*, ROWNUM PAGEHELPER_ROW_ID FROM ( SELECT empno,ename,job,mgr,hiredate,sal,comm,deptno FROM scott.emp ORDER BY empno ASC ) TMP_PAGE) WHERE PAGEHELPER_ROW_ID <= ? AND PAGEHELPER_ROW_ID > ?
DEBUG [http-nio-8080-exec-1] - ==> Parameters: 30(Long), 15(Long)
DEBUG [http-nio-8080-exec-1] - ==> Parameters: 30(Long), 15(Long)
TRACE [http-nio-8080-exec-1] - <==    Columns: EMPNO, ENAME, JOB, MGR, HIREDATE, SAL, COMM, DEPTNO, PAGEHELPER_ROW_ID
TRACE [http-nio-8080-exec-1] - <==    Columns: EMPNO, ENAME, JOB, MGR, HIREDATE, SAL, COMM, DEPTNO, PAGEHELPER_ROW_ID
TRACE [http-nio-8080-exec-1] - <==        Row: 16, defualt, new, 1, 2023-10-19 07:24:35, 1000, 10, 20, 16
TRACE [http-nio-8080-exec-1] - <==        Row: 16, defualt, new, 1, 2023-10-19 07:24:35, 1000, 10, 20, 16
TRACE [http-nio-8080-exec-1] - <==        Row: 17, defualt, new, 1, 2023-10-19 07:24:35, 1000, 10, 20, 17
TRACE [http-nio-8080-exec-1] - <==        Row: 17, defualt, new, 1, 2023-10-19 07:24:35, 1000, 10, 20, 17
TRACE [http-nio-8080-exec-1] - <==        Row: 55, defualt, new, 1, 2023-10-19 07:24:35, 1000, 10, 20, 18
TRACE [http-nio-8080-exec-1] - <==        Row: 55, defualt, new, 1, 2023-10-19 07:24:35, 1000, 10, 20, 18
TRACE [http-nio-8080-exec-1] - <==        Row: 56, defualt, new, 1, 2023-10-19 07:24:35, 1000, 10, 20, 19
TRACE [http-nio-8080-exec-1] - <==        Row: 56, defualt, new, 1, 2023-10-19 07:24:35, 1000, 10, 20, 19
TRACE [http-nio-8080-exec-1] - <==        Row: 57, defualt, new, 1, 2023-10-19 07:24:35, 1000, 10, 20, 20
TRACE [http-nio-8080-exec-1] - <==        Row: 57, defualt, new, 1, 2023-10-19 07:24:35, 1000, 10, 20, 20
TRACE [http-nio-8080-exec-1] - <==        Row: 58, defualt, new, 1, 2023-10-19 07:24:35, 1000, 10, 20, 21
TRACE [http-nio-8080-exec-1] - <==        Row: 58, defualt, new, 1, 2023-10-19 07:24:35, 1000, 10, 20, 21
TRACE [http-nio-8080-exec-1] - <==        Row: 59, defualt, new, 1, 2023-10-19 07:24:35, 1000, 10, 20, 22
TRACE [http-nio-8080-exec-1] - <==        Row: 59, defualt, new, 1, 2023-10-19 07:24:35, 1000, 10, 20, 22
TRACE [http-nio-8080-exec-1] - <==        Row: 60, defualt, new, 1, 2023-10-19 07:24:35, 1000, 10, 20, 23
TRACE [http-nio-8080-exec-1] - <==        Row: 60, defualt, new, 1, 2023-10-19 07:24:35, 1000, 10, 20, 23
TRACE [http-nio-8080-exec-1] - <==        Row: 61, defualt, new, 1, 2023-10-19 07:24:35, 1000, 10, 20, 24
TRACE [http-nio-8080-exec-1] - <==        Row: 61, defualt, new, 1, 2023-10-19 07:24:35, 1000, 10, 20, 24
TRACE [http-nio-8080-exec-1] - <==        Row: 62, defualt, new, 1, 2023-10-19 07:24:35, 1000, 10, 20, 25
TRACE [http-nio-8080-exec-1] - <==        Row: 62, defualt, new, 1, 2023-10-19 07:24:35, 1000, 10, 20, 25
TRACE [http-nio-8080-exec-1] - <==        Row: 63, defualt, new, 1, 2023-10-19 07:24:35, 1000, 10, 20, 26
TRACE [http-nio-8080-exec-1] - <==        Row: 63, defualt, new, 1, 2023-10-19 07:24:35, 1000, 10, 20, 26
TRACE [http-nio-8080-exec-1] - <==        Row: 64, defualt, new, 1, 2023-10-19 07:24:35, 1000, 10, 20, 27
TRACE [http-nio-8080-exec-1] - <==        Row: 64, defualt, new, 1, 2023-10-19 07:24:35, 1000, 10, 20, 27
TRACE [http-nio-8080-exec-1] - <==        Row: 65, defualt, new, 1, 2023-10-19 07:24:35, 1000, 10, 20, 28
TRACE [http-nio-8080-exec-1] - <==        Row: 65, defualt, new, 1, 2023-10-19 07:24:35, 1000, 10, 20, 28
TRACE [http-nio-8080-exec-1] - <==        Row: 66, defualt, new, 1, 2023-10-19 07:24:35, 1000, 10, 20, 29
TRACE [http-nio-8080-exec-1] - <==        Row: 66, defualt, new, 1, 2023-10-19 07:24:35, 1000, 10, 20, 29
TRACE [http-nio-8080-exec-1] - <==        Row: 67, defualt, new, 1, 2023-10-19 07:24:35, 1000, 10, 20, 30
TRACE [http-nio-8080-exec-1] - <==        Row: 67, defualt, new, 1, 2023-10-19 07:24:35, 1000, 10, 20, 30
DEBUG [http-nio-8080-exec-1] - <==      Total: 15
DEBUG [http-nio-8080-exec-1] - <==      Total: 15
DEBUG [http-nio-8080-exec-2] - ==>  Preparing: SELECT count(0) FROM scott.emp
DEBUG [http-nio-8080-exec-2] - ==>  Preparing: SELECT count(0) FROM scott.emp
DEBUG [http-nio-8080-exec-2] - ==> Parameters: 
DEBUG [http-nio-8080-exec-2] - ==> Parameters: 
TRACE [http-nio-8080-exec-2] - <==    Columns: COUNT(0)
TRACE [http-nio-8080-exec-2] - <==    Columns: COUNT(0)
TRACE [http-nio-8080-exec-2] - <==        Row: 4966
TRACE [http-nio-8080-exec-2] - <==        Row: 4966
DEBUG [http-nio-8080-exec-2] - <==      Total: 1
DEBUG [http-nio-8080-exec-2] - <==      Total: 1
DEBUG [http-nio-8080-exec-2] - ==>  Preparing: SELECT * FROM ( SELECT TMP_PAGE.*, ROWNUM PAGEHELPER_ROW_ID FROM ( SELECT empno,ename,job,mgr,hiredate,sal,comm,deptno FROM scott.emp ORDER BY empno ASC ) TMP_PAGE) WHERE PAGEHELPER_ROW_ID <= ? AND PAGEHELPER_ROW_ID > ?
DEBUG [http-nio-8080-exec-2] - ==>  Preparing: SELECT * FROM ( SELECT TMP_PAGE.*, ROWNUM PAGEHELPER_ROW_ID FROM ( SELECT empno,ename,job,mgr,hiredate,sal,comm,deptno FROM scott.emp ORDER BY empno ASC ) TMP_PAGE) WHERE PAGEHELPER_ROW_ID <= ? AND PAGEHELPER_ROW_ID > ?
DEBUG [http-nio-8080-exec-2] - ==> Parameters: 15(Long), 0(Long)
DEBUG [http-nio-8080-exec-2] - ==> Parameters: 15(Long), 0(Long)
TRACE [http-nio-8080-exec-2] - <==    Columns: EMPNO, ENAME, JOB, MGR, HIREDATE, SAL, COMM, DEPTNO, PAGEHELPER_ROW_ID
TRACE [http-nio-8080-exec-2] - <==    Columns: EMPNO, ENAME, JOB, MGR, HIREDATE, SAL, COMM, DEPTNO, PAGEHELPER_ROW_ID
TRACE [http-nio-8080-exec-2] - <==        Row: 1, Kings Down, Manager, 1, 1970-01-01 00:00:00, 8099, null, 11, 1
TRACE [http-nio-8080-exec-2] - <==        Row: 1, Kings Down, Manager, 1, 1970-01-01 00:00:00, 8099, null, 11, 1
TRACE [http-nio-8080-exec-2] - <==        Row: 2, Prince Fl, Analyst, 1, 2023-09-15 00:00:00, 4000, 300, 20, 2
TRACE [http-nio-8080-exec-2] - <==        Row: 2, Prince Fl, Analyst, 1, 2023-09-15 00:00:00, 4000, 300, 20, 2
TRACE [http-nio-8080-exec-2] - <==        Row: 3, Bob Johnsn, Clerk, 2, 2023-08-20 00:00:00, 2500, null, 30, 3
TRACE [http-nio-8080-exec-2] - <==        Row: 3, Bob Johnsn, Clerk, 2, 2023-08-20 00:00:00, 2500, null, 30, 3
TRACE [http-nio-8080-exec-2] - <==        Row: 4, Ali Brown, Manager, null, 2023-07-10 00:00:00, 5500, null, 10, 4
TRACE [http-nio-8080-exec-2] - <==        Row: 4, Ali Brown, Manager, null, 2023-07-10 00:00:00, 5500, null, 10, 4
TRACE [http-nio-8080-exec-2] - <==        Row: 5, Ella Davis, Analyst, 4, 2023-06-05 00:00:00, 4200, 200, 20, 5
TRACE [http-nio-8080-exec-2] - <==        Row: 5, Ella Davis, Analyst, 4, 2023-06-05 00:00:00, 4200, 200, 20, 5
TRACE [http-nio-8080-exec-2] - <==        Row: 6, David Lee, Clerk, 4, 2023-05-15 00:00:00, 2700, null, 30, 6
TRACE [http-nio-8080-exec-2] - <==        Row: 6, David Lee, Clerk, 4, 2023-05-15 00:00:00, 2700, null, 30, 6
TRACE [http-nio-8080-exec-2] - <==        Row: 7, Sar Wilsn, Manager, null, 2023-04-20 00:00:00, 5200, null, 10, 7
TRACE [http-nio-8080-exec-2] - <==        Row: 7, Sar Wilsn, Manager, null, 2023-04-20 00:00:00, 5200, null, 10, 7
TRACE [http-nio-8080-exec-2] - <==        Row: 8, Michl Wite, Analyst, 7, 2023-03-10 00:00:00, 4300, 150, 20, 8
TRACE [http-nio-8080-exec-2] - <==        Row: 8, Michl Wite, Analyst, 7, 2023-03-10 00:00:00, 4300, 150, 20, 8
TRACE [http-nio-8080-exec-2] - <==        Row: 9, Oliv Josn, Clerk, 7, 2023-02-25 00:00:00, 2600, null, 30, 9
TRACE [http-nio-8080-exec-2] - <==        Row: 9, Oliv Josn, Clerk, 7, 2023-02-25 00:00:00, 2600, null, 30, 9
TRACE [http-nio-8080-exec-2] - <==        Row: 10, Rbert, Manager, null, 2023-01-15 00:00:00, 5100, null, 10, 10
TRACE [http-nio-8080-exec-2] - <==        Row: 10, Rbert, Manager, null, 2023-01-15 00:00:00, 5100, null, 10, 10
TRACE [http-nio-8080-exec-2] - <==        Row: 11, Shia, Analyst, 10, 2022-12-10 00:00:00, 4100, 100, 20, 11
TRACE [http-nio-8080-exec-2] - <==        Row: 11, Shia, Analyst, 10, 2022-12-10 00:00:00, 4100, 100, 20, 11
TRACE [http-nio-8080-exec-2] - <==        Row: 12, Wilm Davis, Clerk, 10, 2022-11-05 00:00:00, 2800, null, 30, 12
TRACE [http-nio-8080-exec-2] - <==        Row: 12, Wilm Davis, Clerk, 10, 2022-11-05 00:00:00, 2800, null, 30, 12
TRACE [http-nio-8080-exec-2] - <==        Row: 13, Emma, Manager, null, 2022-10-20 00:00:00, 5300, null, 10, 13
TRACE [http-nio-8080-exec-2] - <==        Row: 13, Emma, Manager, null, 2022-10-20 00:00:00, 5300, null, 10, 13
TRACE [http-nio-8080-exec-2] - <==        Row: 14, dfualt, new, 1, 2023-10-19 00:00:00, 1000, 10, 20, 14
TRACE [http-nio-8080-exec-2] - <==        Row: 14, dfualt, new, 1, 2023-10-19 00:00:00, 1000, 10, 20, 14
TRACE [http-nio-8080-exec-2] - <==        Row: 15, Barbara, new, 5, 2023-10-19 00:00:00, 1000, 10, 20, 15
TRACE [http-nio-8080-exec-2] - <==        Row: 15, Barbara, new, 5, 2023-10-19 00:00:00, 1000, 10, 20, 15
DEBUG [http-nio-8080-exec-2] - <==      Total: 15
DEBUG [http-nio-8080-exec-2] - <==      Total: 15
DEBUG [http-nio-8080-exec-3] - ==>  Preparing: SELECT count(0) FROM scott.emp
DEBUG [http-nio-8080-exec-3] - ==>  Preparing: SELECT count(0) FROM scott.emp
DEBUG [http-nio-8080-exec-3] - ==> Parameters: 
DEBUG [http-nio-8080-exec-3] - ==> Parameters: 
TRACE [http-nio-8080-exec-3] - <==    Columns: COUNT(0)
TRACE [http-nio-8080-exec-3] - <==    Columns: COUNT(0)
TRACE [http-nio-8080-exec-3] - <==        Row: 4966
TRACE [http-nio-8080-exec-3] - <==        Row: 4966
DEBUG [http-nio-8080-exec-3] - <==      Total: 1
DEBUG [http-nio-8080-exec-3] - <==      Total: 1
DEBUG [http-nio-8080-exec-3] - ==>  Preparing: SELECT * FROM ( SELECT TMP_PAGE.*, ROWNUM PAGEHELPER_ROW_ID FROM ( SELECT empno,ename,job,mgr,hiredate,sal,comm,deptno FROM scott.emp ORDER BY empno ASC ) TMP_PAGE) WHERE PAGEHELPER_ROW_ID <= ? AND PAGEHELPER_ROW_ID > ?
DEBUG [http-nio-8080-exec-3] - ==>  Preparing: SELECT * FROM ( SELECT TMP_PAGE.*, ROWNUM PAGEHELPER_ROW_ID FROM ( SELECT empno,ename,job,mgr,hiredate,sal,comm,deptno FROM scott.emp ORDER BY empno ASC ) TMP_PAGE) WHERE PAGEHELPER_ROW_ID <= ? AND PAGEHELPER_ROW_ID > ?
DEBUG [http-nio-8080-exec-3] - ==> Parameters: 30(Long), 15(Long)
DEBUG [http-nio-8080-exec-3] - ==> Parameters: 30(Long), 15(Long)
TRACE [http-nio-8080-exec-3] - <==    Columns: EMPNO, ENAME, JOB, MGR, HIREDATE, SAL, COMM, DEPTNO, PAGEHELPER_ROW_ID
TRACE [http-nio-8080-exec-3] - <==    Columns: EMPNO, ENAME, JOB, MGR, HIREDATE, SAL, COMM, DEPTNO, PAGEHELPER_ROW_ID
TRACE [http-nio-8080-exec-3] - <==        Row: 16, defualt, new, 1, 2023-10-19 07:24:35, 1000, 10, 20, 16
TRACE [http-nio-8080-exec-3] - <==        Row: 16, defualt, new, 1, 2023-10-19 07:24:35, 1000, 10, 20, 16
TRACE [http-nio-8080-exec-3] - <==        Row: 17, defualt, new, 1, 2023-10-19 07:24:35, 1000, 10, 20, 17
TRACE [http-nio-8080-exec-3] - <==        Row: 17, defualt, new, 1, 2023-10-19 07:24:35, 1000, 10, 20, 17
TRACE [http-nio-8080-exec-3] - <==        Row: 55, defualt, new, 1, 2023-10-19 07:24:35, 1000, 10, 20, 18
TRACE [http-nio-8080-exec-3] - <==        Row: 55, defualt, new, 1, 2023-10-19 07:24:35, 1000, 10, 20, 18
TRACE [http-nio-8080-exec-3] - <==        Row: 56, defualt, new, 1, 2023-10-19 07:24:35, 1000, 10, 20, 19
TRACE [http-nio-8080-exec-3] - <==        Row: 56, defualt, new, 1, 2023-10-19 07:24:35, 1000, 10, 20, 19
TRACE [http-nio-8080-exec-3] - <==        Row: 57, defualt, new, 1, 2023-10-19 07:24:35, 1000, 10, 20, 20
TRACE [http-nio-8080-exec-3] - <==        Row: 57, defualt, new, 1, 2023-10-19 07:24:35, 1000, 10, 20, 20
TRACE [http-nio-8080-exec-3] - <==        Row: 58, defualt, new, 1, 2023-10-19 07:24:35, 1000, 10, 20, 21
TRACE [http-nio-8080-exec-3] - <==        Row: 58, defualt, new, 1, 2023-10-19 07:24:35, 1000, 10, 20, 21
TRACE [http-nio-8080-exec-3] - <==        Row: 59, defualt, new, 1, 2023-10-19 07:24:35, 1000, 10, 20, 22
TRACE [http-nio-8080-exec-3] - <==        Row: 59, defualt, new, 1, 2023-10-19 07:24:35, 1000, 10, 20, 22
TRACE [http-nio-8080-exec-3] - <==        Row: 60, defualt, new, 1, 2023-10-19 07:24:35, 1000, 10, 20, 23
TRACE [http-nio-8080-exec-3] - <==        Row: 60, defualt, new, 1, 2023-10-19 07:24:35, 1000, 10, 20, 23
TRACE [http-nio-8080-exec-3] - <==        Row: 61, defualt, new, 1, 2023-10-19 07:24:35, 1000, 10, 20, 24
TRACE [http-nio-8080-exec-3] - <==        Row: 61, defualt, new, 1, 2023-10-19 07:24:35, 1000, 10, 20, 24
TRACE [http-nio-8080-exec-3] - <==        Row: 62, defualt, new, 1, 2023-10-19 07:24:35, 1000, 10, 20, 25
TRACE [http-nio-8080-exec-3] - <==        Row: 62, defualt, new, 1, 2023-10-19 07:24:35, 1000, 10, 20, 25
TRACE [http-nio-8080-exec-3] - <==        Row: 63, defualt, new, 1, 2023-10-19 07:24:35, 1000, 10, 20, 26
TRACE [http-nio-8080-exec-3] - <==        Row: 63, defualt, new, 1, 2023-10-19 07:24:35, 1000, 10, 20, 26
TRACE [http-nio-8080-exec-3] - <==        Row: 64, defualt, new, 1, 2023-10-19 07:24:35, 1000, 10, 20, 27
TRACE [http-nio-8080-exec-3] - <==        Row: 64, defualt, new, 1, 2023-10-19 07:24:35, 1000, 10, 20, 27
TRACE [http-nio-8080-exec-3] - <==        Row: 65, defualt, new, 1, 2023-10-19 07:24:35, 1000, 10, 20, 28
TRACE [http-nio-8080-exec-3] - <==        Row: 65, defualt, new, 1, 2023-10-19 07:24:35, 1000, 10, 20, 28
TRACE [http-nio-8080-exec-3] - <==        Row: 66, defualt, new, 1, 2023-10-19 07:24:35, 1000, 10, 20, 29
TRACE [http-nio-8080-exec-3] - <==        Row: 66, defualt, new, 1, 2023-10-19 07:24:35, 1000, 10, 20, 29
TRACE [http-nio-8080-exec-3] - <==        Row: 67, defualt, new, 1, 2023-10-19 07:24:35, 1000, 10, 20, 30
TRACE [http-nio-8080-exec-3] - <==        Row: 67, defualt, new, 1, 2023-10-19 07:24:35, 1000, 10, 20, 30
DEBUG [http-nio-8080-exec-3] - <==      Total: 15
DEBUG [http-nio-8080-exec-3] - <==      Total: 15
DEBUG [http-nio-8080-exec-5] - ==>  Preparing: SELECT count(0) FROM scott.emp
DEBUG [http-nio-8080-exec-5] - ==>  Preparing: SELECT count(0) FROM scott.emp
DEBUG [http-nio-8080-exec-5] - ==> Parameters: 
DEBUG [http-nio-8080-exec-5] - ==> Parameters: 
TRACE [http-nio-8080-exec-5] - <==    Columns: COUNT(0)
TRACE [http-nio-8080-exec-5] - <==    Columns: COUNT(0)
TRACE [http-nio-8080-exec-5] - <==        Row: 4966
TRACE [http-nio-8080-exec-5] - <==        Row: 4966
DEBUG [http-nio-8080-exec-5] - <==      Total: 1
DEBUG [http-nio-8080-exec-5] - <==      Total: 1
DEBUG [http-nio-8080-exec-5] - ==>  Preparing: SELECT * FROM ( SELECT TMP_PAGE.*, ROWNUM PAGEHELPER_ROW_ID FROM ( SELECT empno,ename,job,mgr,hiredate,sal,comm,deptno FROM scott.emp ORDER BY empno ASC ) TMP_PAGE) WHERE PAGEHELPER_ROW_ID <= ? AND PAGEHELPER_ROW_ID > ?
DEBUG [http-nio-8080-exec-5] - ==>  Preparing: SELECT * FROM ( SELECT TMP_PAGE.*, ROWNUM PAGEHELPER_ROW_ID FROM ( SELECT empno,ename,job,mgr,hiredate,sal,comm,deptno FROM scott.emp ORDER BY empno ASC ) TMP_PAGE) WHERE PAGEHELPER_ROW_ID <= ? AND PAGEHELPER_ROW_ID > ?
DEBUG [http-nio-8080-exec-5] - ==> Parameters: 45(Long), 30(Long)
DEBUG [http-nio-8080-exec-5] - ==> Parameters: 45(Long), 30(Long)
TRACE [http-nio-8080-exec-5] - <==    Columns: EMPNO, ENAME, JOB, MGR, HIREDATE, SAL, COMM, DEPTNO, PAGEHELPER_ROW_ID
TRACE [http-nio-8080-exec-5] - <==    Columns: EMPNO, ENAME, JOB, MGR, HIREDATE, SAL, COMM, DEPTNO, PAGEHELPER_ROW_ID
TRACE [http-nio-8080-exec-5] - <==        Row: 68, defualt, new, 1, 2023-10-19 07:24:35, 1000, 10, 20, 31
TRACE [http-nio-8080-exec-5] - <==        Row: 68, defualt, new, 1, 2023-10-19 07:24:35, 1000, 10, 20, 31
TRACE [http-nio-8080-exec-5] - <==        Row: 69, defualt, new, 1, 2023-10-19 07:24:35, 1000, 10, 20, 32
TRACE [http-nio-8080-exec-5] - <==        Row: 69, defualt, new, 1, 2023-10-19 07:24:35, 1000, 10, 20, 32
TRACE [http-nio-8080-exec-5] - <==        Row: 70, defualt, new, 1, 2023-10-19 07:24:35, 1000, 10, 20, 33
TRACE [http-nio-8080-exec-5] - <==        Row: 70, defualt, new, 1, 2023-10-19 07:24:35, 1000, 10, 20, 33
TRACE [http-nio-8080-exec-5] - <==        Row: 71, defualt, new, 1, 2023-10-19 07:24:35, 1000, 10, 20, 34
TRACE [http-nio-8080-exec-5] - <==        Row: 71, defualt, new, 1, 2023-10-19 07:24:35, 1000, 10, 20, 34
TRACE [http-nio-8080-exec-5] - <==        Row: 72, defualt, new, 1, 2023-10-19 07:24:35, 1000, 10, 20, 35
TRACE [http-nio-8080-exec-5] - <==        Row: 72, defualt, new, 1, 2023-10-19 07:24:35, 1000, 10, 20, 35
TRACE [http-nio-8080-exec-5] - <==        Row: 73, defualt, new, 1, 2023-10-19 07:24:35, 1000, 10, 20, 36
TRACE [http-nio-8080-exec-5] - <==        Row: 73, defualt, new, 1, 2023-10-19 07:24:35, 1000, 10, 20, 36
TRACE [http-nio-8080-exec-5] - <==        Row: 74, defualt, new, 1, 2023-10-19 07:24:35, 1000, 10, 20, 37
TRACE [http-nio-8080-exec-5] - <==        Row: 74, defualt, new, 1, 2023-10-19 07:24:35, 1000, 10, 20, 37
TRACE [http-nio-8080-exec-5] - <==        Row: 75, defualt, new, 1, 2023-10-19 07:24:35, 1000, 10, 20, 38
TRACE [http-nio-8080-exec-5] - <==        Row: 75, defualt, new, 1, 2023-10-19 07:24:35, 1000, 10, 20, 38
TRACE [http-nio-8080-exec-5] - <==        Row: 76, defualt, new, 1, 2023-10-19 07:24:35, 1000, 10, 20, 39
TRACE [http-nio-8080-exec-5] - <==        Row: 76, defualt, new, 1, 2023-10-19 07:24:35, 1000, 10, 20, 39
TRACE [http-nio-8080-exec-5] - <==        Row: 77, defualt, new, 1, 2023-10-19 07:24:35, 1000, 10, 20, 40
TRACE [http-nio-8080-exec-5] - <==        Row: 77, defualt, new, 1, 2023-10-19 07:24:35, 1000, 10, 20, 40
TRACE [http-nio-8080-exec-5] - <==        Row: 78, defualt, new, 1, 2023-10-19 07:24:35, 1000, 10, 20, 41
TRACE [http-nio-8080-exec-5] - <==        Row: 78, defualt, new, 1, 2023-10-19 07:24:35, 1000, 10, 20, 41
TRACE [http-nio-8080-exec-5] - <==        Row: 79, defualt, new, 1, 2023-10-19 07:24:35, 1000, 10, 20, 42
TRACE [http-nio-8080-exec-5] - <==        Row: 79, defualt, new, 1, 2023-10-19 07:24:35, 1000, 10, 20, 42
TRACE [http-nio-8080-exec-5] - <==        Row: 80, defualt, new, 1, 2023-10-19 07:24:35, 1000, 10, 20, 43
TRACE [http-nio-8080-exec-5] - <==        Row: 80, defualt, new, 1, 2023-10-19 07:24:35, 1000, 10, 20, 43
TRACE [http-nio-8080-exec-5] - <==        Row: 81, defualt, new, 1, 2023-10-19 07:24:35, 1000, 10, 20, 44
TRACE [http-nio-8080-exec-5] - <==        Row: 81, defualt, new, 1, 2023-10-19 07:24:35, 1000, 10, 20, 44
TRACE [http-nio-8080-exec-5] - <==        Row: 82, defualt, new, 1, 2023-10-19 07:24:35, 1000, 10, 20, 45
TRACE [http-nio-8080-exec-5] - <==        Row: 82, defualt, new, 1, 2023-10-19 07:24:35, 1000, 10, 20, 45
DEBUG [http-nio-8080-exec-5] - <==      Total: 15
DEBUG [http-nio-8080-exec-5] - <==      Total: 15
DEBUG [http-nio-8080-exec-4] - ==>  Preparing: SELECT count(0) FROM scott.emp
DEBUG [http-nio-8080-exec-4] - ==>  Preparing: SELECT count(0) FROM scott.emp
DEBUG [http-nio-8080-exec-4] - ==> Parameters: 
DEBUG [http-nio-8080-exec-4] - ==> Parameters: 
TRACE [http-nio-8080-exec-4] - <==    Columns: COUNT(0)
TRACE [http-nio-8080-exec-4] - <==    Columns: COUNT(0)
TRACE [http-nio-8080-exec-4] - <==        Row: 4966
TRACE [http-nio-8080-exec-4] - <==        Row: 4966
DEBUG [http-nio-8080-exec-4] - <==      Total: 1
DEBUG [http-nio-8080-exec-4] - <==      Total: 1
DEBUG [http-nio-8080-exec-4] - ==>  Preparing: SELECT * FROM ( SELECT TMP_PAGE.*, ROWNUM PAGEHELPER_ROW_ID FROM ( SELECT empno,ename,job,mgr,hiredate,sal,comm,deptno FROM scott.emp ORDER BY empno ASC ) TMP_PAGE) WHERE PAGEHELPER_ROW_ID <= ? AND PAGEHELPER_ROW_ID > ?
DEBUG [http-nio-8080-exec-4] - ==>  Preparing: SELECT * FROM ( SELECT TMP_PAGE.*, ROWNUM PAGEHELPER_ROW_ID FROM ( SELECT empno,ename,job,mgr,hiredate,sal,comm,deptno FROM scott.emp ORDER BY empno ASC ) TMP_PAGE) WHERE PAGEHELPER_ROW_ID <= ? AND PAGEHELPER_ROW_ID > ?
DEBUG [http-nio-8080-exec-4] - ==> Parameters: 60(Long), 45(Long)
DEBUG [http-nio-8080-exec-4] - ==> Parameters: 60(Long), 45(Long)
TRACE [http-nio-8080-exec-4] - <==    Columns: EMPNO, ENAME, JOB, MGR, HIREDATE, SAL, COMM, DEPTNO, PAGEHELPER_ROW_ID
TRACE [http-nio-8080-exec-4] - <==    Columns: EMPNO, ENAME, JOB, MGR, HIREDATE, SAL, COMM, DEPTNO, PAGEHELPER_ROW_ID
TRACE [http-nio-8080-exec-4] - <==        Row: 83, defualt, new, 1, 2023-10-19 07:24:35, 1000, 10, 20, 46
TRACE [http-nio-8080-exec-4] - <==        Row: 83, defualt, new, 1, 2023-10-19 07:24:35, 1000, 10, 20, 46
TRACE [http-nio-8080-exec-4] - <==        Row: 84, defualt, new, 1, 2023-10-19 07:24:35, 1000, 10, 20, 47
TRACE [http-nio-8080-exec-4] - <==        Row: 84, defualt, new, 1, 2023-10-19 07:24:35, 1000, 10, 20, 47
TRACE [http-nio-8080-exec-4] - <==        Row: 85, defualt, new, 1, 2023-10-19 07:24:35, 1000, 10, 20, 48
TRACE [http-nio-8080-exec-4] - <==        Row: 85, defualt, new, 1, 2023-10-19 07:24:35, 1000, 10, 20, 48
TRACE [http-nio-8080-exec-4] - <==        Row: 86, defualt, new, 1, 2023-10-19 07:24:35, 1000, 10, 20, 49
TRACE [http-nio-8080-exec-4] - <==        Row: 86, defualt, new, 1, 2023-10-19 07:24:35, 1000, 10, 20, 49
TRACE [http-nio-8080-exec-4] - <==        Row: 87, defualt, new, 1, 2023-10-19 07:24:35, 1000, 10, 20, 50
TRACE [http-nio-8080-exec-4] - <==        Row: 87, defualt, new, 1, 2023-10-19 07:24:35, 1000, 10, 20, 50
TRACE [http-nio-8080-exec-4] - <==        Row: 88, defualt, new, 1, 2023-10-19 07:24:35, 1000, 10, 20, 51
TRACE [http-nio-8080-exec-4] - <==        Row: 88, defualt, new, 1, 2023-10-19 07:24:35, 1000, 10, 20, 51
TRACE [http-nio-8080-exec-4] - <==        Row: 89, defualt, new, 1, 2023-10-19 07:24:35, 1000, 10, 20, 52
TRACE [http-nio-8080-exec-4] - <==        Row: 89, defualt, new, 1, 2023-10-19 07:24:35, 1000, 10, 20, 52
TRACE [http-nio-8080-exec-4] - <==        Row: 90, defualt, new, 1, 2023-10-19 07:24:35, 1000, 10, 20, 53
TRACE [http-nio-8080-exec-4] - <==        Row: 90, defualt, new, 1, 2023-10-19 07:24:35, 1000, 10, 20, 53
TRACE [http-nio-8080-exec-4] - <==        Row: 91, defualt, new, 1, 2023-10-19 07:24:35, 1000, 10, 20, 54
TRACE [http-nio-8080-exec-4] - <==        Row: 91, defualt, new, 1, 2023-10-19 07:24:35, 1000, 10, 20, 54
TRACE [http-nio-8080-exec-4] - <==        Row: 92, defualt, new, 1, 2023-10-19 07:24:35, 1000, 10, 20, 55
TRACE [http-nio-8080-exec-4] - <==        Row: 92, defualt, new, 1, 2023-10-19 07:24:35, 1000, 10, 20, 55
TRACE [http-nio-8080-exec-4] - <==        Row: 93, defualt, new, 1, 2023-10-19 07:24:35, 1000, 10, 20, 56
TRACE [http-nio-8080-exec-4] - <==        Row: 93, defualt, new, 1, 2023-10-19 07:24:35, 1000, 10, 20, 56
TRACE [http-nio-8080-exec-4] - <==        Row: 94, defualt, new, 1, 2023-10-19 07:24:35, 1000, 10, 20, 57
TRACE [http-nio-8080-exec-4] - <==        Row: 94, defualt, new, 1, 2023-10-19 07:24:35, 1000, 10, 20, 57
TRACE [http-nio-8080-exec-4] - <==        Row: 95, defualt, new, 1, 2023-10-19 07:24:35, 1000, 10, 20, 58
TRACE [http-nio-8080-exec-4] - <==        Row: 95, defualt, new, 1, 2023-10-19 07:24:35, 1000, 10, 20, 58
TRACE [http-nio-8080-exec-4] - <==        Row: 96, defualt, new, 1, 2023-10-19 07:24:35, 1000, 10, 20, 59
TRACE [http-nio-8080-exec-4] - <==        Row: 96, defualt, new, 1, 2023-10-19 07:24:35, 1000, 10, 20, 59
TRACE [http-nio-8080-exec-4] - <==        Row: 97, defualt, new, 1, 2023-10-19 07:24:35, 1000, 10, 20, 60
TRACE [http-nio-8080-exec-4] - <==        Row: 97, defualt, new, 1, 2023-10-19 07:24:35, 1000, 10, 20, 60
DEBUG [http-nio-8080-exec-4] - <==      Total: 15
DEBUG [http-nio-8080-exec-4] - <==      Total: 15
DEBUG [http-nio-8080-exec-6] - ==>  Preparing: SELECT count(0) FROM scott.emp
DEBUG [http-nio-8080-exec-6] - ==>  Preparing: SELECT count(0) FROM scott.emp
DEBUG [http-nio-8080-exec-6] - ==> Parameters: 
DEBUG [http-nio-8080-exec-6] - ==> Parameters: 
TRACE [http-nio-8080-exec-6] - <==    Columns: COUNT(0)
TRACE [http-nio-8080-exec-6] - <==    Columns: COUNT(0)
TRACE [http-nio-8080-exec-6] - <==        Row: 4966
TRACE [http-nio-8080-exec-6] - <==        Row: 4966
DEBUG [http-nio-8080-exec-6] - <==      Total: 1
DEBUG [http-nio-8080-exec-6] - <==      Total: 1
DEBUG [http-nio-8080-exec-6] - ==>  Preparing: SELECT * FROM ( SELECT TMP_PAGE.*, ROWNUM PAGEHELPER_ROW_ID FROM ( SELECT empno,ename,job,mgr,hiredate,sal,comm,deptno FROM scott.emp ORDER BY empno ASC ) TMP_PAGE) WHERE PAGEHELPER_ROW_ID <= ? AND PAGEHELPER_ROW_ID > ?
DEBUG [http-nio-8080-exec-6] - ==>  Preparing: SELECT * FROM ( SELECT TMP_PAGE.*, ROWNUM PAGEHELPER_ROW_ID FROM ( SELECT empno,ename,job,mgr,hiredate,sal,comm,deptno FROM scott.emp ORDER BY empno ASC ) TMP_PAGE) WHERE PAGEHELPER_ROW_ID <= ? AND PAGEHELPER_ROW_ID > ?
DEBUG [http-nio-8080-exec-6] - ==> Parameters: 75(Long), 60(Long)
DEBUG [http-nio-8080-exec-6] - ==> Parameters: 75(Long), 60(Long)
TRACE [http-nio-8080-exec-6] - <==    Columns: EMPNO, ENAME, JOB, MGR, HIREDATE, SAL, COMM, DEPTNO, PAGEHELPER_ROW_ID
TRACE [http-nio-8080-exec-6] - <==    Columns: EMPNO, ENAME, JOB, MGR, HIREDATE, SAL, COMM, DEPTNO, PAGEHELPER_ROW_ID
TRACE [http-nio-8080-exec-6] - <==        Row: 98, defualt, new, 1, 2023-10-19 07:24:35, 1000, 10, 20, 61
TRACE [http-nio-8080-exec-6] - <==        Row: 98, defualt, new, 1, 2023-10-19 07:24:35, 1000, 10, 20, 61
TRACE [http-nio-8080-exec-6] - <==        Row: 99, defualt, new, 1, 2023-10-19 07:24:35, 1000, 10, 20, 62
TRACE [http-nio-8080-exec-6] - <==        Row: 99, defualt, new, 1, 2023-10-19 07:24:35, 1000, 10, 20, 62
TRACE [http-nio-8080-exec-6] - <==        Row: 102, default, new, 1, 2023-10-23 18:19:43, 1000, 100, 20, 63
TRACE [http-nio-8080-exec-6] - <==        Row: 102, default, new, 1, 2023-10-23 18:19:43, 1000, 100, 20, 63
TRACE [http-nio-8080-exec-6] - <==        Row: 103, default, new, 1, 2023-10-23 18:19:43, 1000, 100, 20, 64
TRACE [http-nio-8080-exec-6] - <==        Row: 103, default, new, 1, 2023-10-23 18:19:43, 1000, 100, 20, 64
TRACE [http-nio-8080-exec-6] - <==        Row: 104, default, new, 1, 2023-10-23 18:19:43, 1000, 100, 20, 65
TRACE [http-nio-8080-exec-6] - <==        Row: 104, default, new, 1, 2023-10-23 18:19:43, 1000, 100, 20, 65
TRACE [http-nio-8080-exec-6] - <==        Row: 105, default, new, 1, 2023-10-23 18:19:43, 1000, 100, 20, 66
TRACE [http-nio-8080-exec-6] - <==        Row: 105, default, new, 1, 2023-10-23 18:19:43, 1000, 100, 20, 66
TRACE [http-nio-8080-exec-6] - <==        Row: 106, default, new, 1, 2023-10-23 18:19:43, 1000, 100, 20, 67
TRACE [http-nio-8080-exec-6] - <==        Row: 106, default, new, 1, 2023-10-23 18:19:43, 1000, 100, 20, 67
TRACE [http-nio-8080-exec-6] - <==        Row: 107, default, new, 1, 2023-10-23 18:19:43, 1000, 100, 20, 68
TRACE [http-nio-8080-exec-6] - <==        Row: 107, default, new, 1, 2023-10-23 18:19:43, 1000, 100, 20, 68
TRACE [http-nio-8080-exec-6] - <==        Row: 108, default, new, 1, 2023-10-23 18:19:43, 1000, 100, 20, 69
TRACE [http-nio-8080-exec-6] - <==        Row: 108, default, new, 1, 2023-10-23 18:19:43, 1000, 100, 20, 69
TRACE [http-nio-8080-exec-6] - <==        Row: 109, default, new, 1, 2023-10-23 18:19:43, 1000, 100, 20, 70
TRACE [http-nio-8080-exec-6] - <==        Row: 109, default, new, 1, 2023-10-23 18:19:43, 1000, 100, 20, 70
TRACE [http-nio-8080-exec-6] - <==        Row: 110, default, new, 1, 2023-10-23 18:19:43, 1000, 100, 20, 71
TRACE [http-nio-8080-exec-6] - <==        Row: 110, default, new, 1, 2023-10-23 18:19:43, 1000, 100, 20, 71
TRACE [http-nio-8080-exec-6] - <==        Row: 111, default, new, 1, 2023-10-23 18:19:43, 1000, 100, 20, 72
TRACE [http-nio-8080-exec-6] - <==        Row: 111, default, new, 1, 2023-10-23 18:19:43, 1000, 100, 20, 72
TRACE [http-nio-8080-exec-6] - <==        Row: 112, default, new, 1, 2023-10-23 18:19:43, 1000, 100, 20, 73
TRACE [http-nio-8080-exec-6] - <==        Row: 112, default, new, 1, 2023-10-23 18:19:43, 1000, 100, 20, 73
TRACE [http-nio-8080-exec-6] - <==        Row: 113, default, new, 1, 2023-10-23 18:19:43, 1000, 100, 20, 74
TRACE [http-nio-8080-exec-6] - <==        Row: 113, default, new, 1, 2023-10-23 18:19:43, 1000, 100, 20, 74
TRACE [http-nio-8080-exec-6] - <==        Row: 114, default, new, 1, 2023-10-23 18:19:43, 1000, 100, 20, 75
TRACE [http-nio-8080-exec-6] - <==        Row: 114, default, new, 1, 2023-10-23 18:19:43, 1000, 100, 20, 75
DEBUG [http-nio-8080-exec-6] - <==      Total: 15
DEBUG [http-nio-8080-exec-6] - <==      Total: 15
DEBUG [http-nio-8080-exec-8] - ==>  Preparing: SELECT count(0) FROM scott.emp
DEBUG [http-nio-8080-exec-8] - ==>  Preparing: SELECT count(0) FROM scott.emp
DEBUG [http-nio-8080-exec-8] - ==> Parameters: 
DEBUG [http-nio-8080-exec-8] - ==> Parameters: 
TRACE [http-nio-8080-exec-8] - <==    Columns: COUNT(0)
TRACE [http-nio-8080-exec-8] - <==    Columns: COUNT(0)
TRACE [http-nio-8080-exec-8] - <==        Row: 4966
TRACE [http-nio-8080-exec-8] - <==        Row: 4966
DEBUG [http-nio-8080-exec-8] - <==      Total: 1
DEBUG [http-nio-8080-exec-8] - <==      Total: 1
DEBUG [http-nio-8080-exec-8] - ==>  Preparing: SELECT * FROM ( SELECT TMP_PAGE.*, ROWNUM PAGEHELPER_ROW_ID FROM ( SELECT empno,ename,job,mgr,hiredate,sal,comm,deptno FROM scott.emp ORDER BY empno ASC ) TMP_PAGE) WHERE PAGEHELPER_ROW_ID <= ? AND PAGEHELPER_ROW_ID > ?
DEBUG [http-nio-8080-exec-8] - ==>  Preparing: SELECT * FROM ( SELECT TMP_PAGE.*, ROWNUM PAGEHELPER_ROW_ID FROM ( SELECT empno,ename,job,mgr,hiredate,sal,comm,deptno FROM scott.emp ORDER BY empno ASC ) TMP_PAGE) WHERE PAGEHELPER_ROW_ID <= ? AND PAGEHELPER_ROW_ID > ?
DEBUG [http-nio-8080-exec-8] - ==> Parameters: 60(Long), 45(Long)
DEBUG [http-nio-8080-exec-8] - ==> Parameters: 60(Long), 45(Long)
TRACE [http-nio-8080-exec-8] - <==    Columns: EMPNO, ENAME, JOB, MGR, HIREDATE, SAL, COMM, DEPTNO, PAGEHELPER_ROW_ID
TRACE [http-nio-8080-exec-8] - <==    Columns: EMPNO, ENAME, JOB, MGR, HIREDATE, SAL, COMM, DEPTNO, PAGEHELPER_ROW_ID
TRACE [http-nio-8080-exec-8] - <==        Row: 83, defualt, new, 1, 2023-10-19 07:24:35, 1000, 10, 20, 46
TRACE [http-nio-8080-exec-8] - <==        Row: 83, defualt, new, 1, 2023-10-19 07:24:35, 1000, 10, 20, 46
TRACE [http-nio-8080-exec-8] - <==        Row: 84, defualt, new, 1, 2023-10-19 07:24:35, 1000, 10, 20, 47
TRACE [http-nio-8080-exec-8] - <==        Row: 84, defualt, new, 1, 2023-10-19 07:24:35, 1000, 10, 20, 47
TRACE [http-nio-8080-exec-8] - <==        Row: 85, defualt, new, 1, 2023-10-19 07:24:35, 1000, 10, 20, 48
TRACE [http-nio-8080-exec-8] - <==        Row: 85, defualt, new, 1, 2023-10-19 07:24:35, 1000, 10, 20, 48
TRACE [http-nio-8080-exec-8] - <==        Row: 86, defualt, new, 1, 2023-10-19 07:24:35, 1000, 10, 20, 49
TRACE [http-nio-8080-exec-8] - <==        Row: 86, defualt, new, 1, 2023-10-19 07:24:35, 1000, 10, 20, 49
TRACE [http-nio-8080-exec-8] - <==        Row: 87, defualt, new, 1, 2023-10-19 07:24:35, 1000, 10, 20, 50
TRACE [http-nio-8080-exec-8] - <==        Row: 87, defualt, new, 1, 2023-10-19 07:24:35, 1000, 10, 20, 50
TRACE [http-nio-8080-exec-8] - <==        Row: 88, defualt, new, 1, 2023-10-19 07:24:35, 1000, 10, 20, 51
TRACE [http-nio-8080-exec-8] - <==        Row: 88, defualt, new, 1, 2023-10-19 07:24:35, 1000, 10, 20, 51
TRACE [http-nio-8080-exec-8] - <==        Row: 89, defualt, new, 1, 2023-10-19 07:24:35, 1000, 10, 20, 52
TRACE [http-nio-8080-exec-8] - <==        Row: 89, defualt, new, 1, 2023-10-19 07:24:35, 1000, 10, 20, 52
TRACE [http-nio-8080-exec-8] - <==        Row: 90, defualt, new, 1, 2023-10-19 07:24:35, 1000, 10, 20, 53
TRACE [http-nio-8080-exec-8] - <==        Row: 90, defualt, new, 1, 2023-10-19 07:24:35, 1000, 10, 20, 53
TRACE [http-nio-8080-exec-8] - <==        Row: 91, defualt, new, 1, 2023-10-19 07:24:35, 1000, 10, 20, 54
TRACE [http-nio-8080-exec-8] - <==        Row: 91, defualt, new, 1, 2023-10-19 07:24:35, 1000, 10, 20, 54
TRACE [http-nio-8080-exec-8] - <==        Row: 92, defualt, new, 1, 2023-10-19 07:24:35, 1000, 10, 20, 55
TRACE [http-nio-8080-exec-8] - <==        Row: 92, defualt, new, 1, 2023-10-19 07:24:35, 1000, 10, 20, 55
TRACE [http-nio-8080-exec-8] - <==        Row: 93, defualt, new, 1, 2023-10-19 07:24:35, 1000, 10, 20, 56
TRACE [http-nio-8080-exec-8] - <==        Row: 93, defualt, new, 1, 2023-10-19 07:24:35, 1000, 10, 20, 56
TRACE [http-nio-8080-exec-8] - <==        Row: 94, defualt, new, 1, 2023-10-19 07:24:35, 1000, 10, 20, 57
TRACE [http-nio-8080-exec-8] - <==        Row: 94, defualt, new, 1, 2023-10-19 07:24:35, 1000, 10, 20, 57
TRACE [http-nio-8080-exec-8] - <==        Row: 95, defualt, new, 1, 2023-10-19 07:24:35, 1000, 10, 20, 58
TRACE [http-nio-8080-exec-8] - <==        Row: 95, defualt, new, 1, 2023-10-19 07:24:35, 1000, 10, 20, 58
TRACE [http-nio-8080-exec-8] - <==        Row: 96, defualt, new, 1, 2023-10-19 07:24:35, 1000, 10, 20, 59
TRACE [http-nio-8080-exec-8] - <==        Row: 96, defualt, new, 1, 2023-10-19 07:24:35, 1000, 10, 20, 59
TRACE [http-nio-8080-exec-8] - <==        Row: 97, defualt, new, 1, 2023-10-19 07:24:35, 1000, 10, 20, 60
TRACE [http-nio-8080-exec-8] - <==        Row: 97, defualt, new, 1, 2023-10-19 07:24:35, 1000, 10, 20, 60
DEBUG [http-nio-8080-exec-8] - <==      Total: 15
DEBUG [http-nio-8080-exec-8] - <==      Total: 15
DEBUG [http-nio-8080-exec-9] - ==>  Preparing: SELECT count(0) FROM scott.emp
DEBUG [http-nio-8080-exec-9] - ==>  Preparing: SELECT count(0) FROM scott.emp
DEBUG [http-nio-8080-exec-9] - ==> Parameters: 
DEBUG [http-nio-8080-exec-9] - ==> Parameters: 
TRACE [http-nio-8080-exec-9] - <==    Columns: COUNT(0)
TRACE [http-nio-8080-exec-9] - <==    Columns: COUNT(0)
TRACE [http-nio-8080-exec-9] - <==        Row: 4966
TRACE [http-nio-8080-exec-9] - <==        Row: 4966
DEBUG [http-nio-8080-exec-9] - <==      Total: 1
DEBUG [http-nio-8080-exec-9] - <==      Total: 1
DEBUG [http-nio-8080-exec-9] - ==>  Preparing: SELECT * FROM ( SELECT TMP_PAGE.*, ROWNUM PAGEHELPER_ROW_ID FROM ( SELECT empno,ename,job,mgr,hiredate,sal,comm,deptno FROM scott.emp ORDER BY empno ASC ) TMP_PAGE) WHERE PAGEHELPER_ROW_ID <= ? AND PAGEHELPER_ROW_ID > ?
DEBUG [http-nio-8080-exec-9] - ==>  Preparing: SELECT * FROM ( SELECT TMP_PAGE.*, ROWNUM PAGEHELPER_ROW_ID FROM ( SELECT empno,ename,job,mgr,hiredate,sal,comm,deptno FROM scott.emp ORDER BY empno ASC ) TMP_PAGE) WHERE PAGEHELPER_ROW_ID <= ? AND PAGEHELPER_ROW_ID > ?
DEBUG [http-nio-8080-exec-9] - ==> Parameters: 45(Long), 30(Long)
DEBUG [http-nio-8080-exec-9] - ==> Parameters: 45(Long), 30(Long)
TRACE [http-nio-8080-exec-9] - <==    Columns: EMPNO, ENAME, JOB, MGR, HIREDATE, SAL, COMM, DEPTNO, PAGEHELPER_ROW_ID
TRACE [http-nio-8080-exec-9] - <==    Columns: EMPNO, ENAME, JOB, MGR, HIREDATE, SAL, COMM, DEPTNO, PAGEHELPER_ROW_ID
TRACE [http-nio-8080-exec-9] - <==        Row: 68, defualt, new, 1, 2023-10-19 07:24:35, 1000, 10, 20, 31
TRACE [http-nio-8080-exec-9] - <==        Row: 68, defualt, new, 1, 2023-10-19 07:24:35, 1000, 10, 20, 31
TRACE [http-nio-8080-exec-9] - <==        Row: 69, defualt, new, 1, 2023-10-19 07:24:35, 1000, 10, 20, 32
TRACE [http-nio-8080-exec-9] - <==        Row: 69, defualt, new, 1, 2023-10-19 07:24:35, 1000, 10, 20, 32
TRACE [http-nio-8080-exec-9] - <==        Row: 70, defualt, new, 1, 2023-10-19 07:24:35, 1000, 10, 20, 33
TRACE [http-nio-8080-exec-9] - <==        Row: 70, defualt, new, 1, 2023-10-19 07:24:35, 1000, 10, 20, 33
TRACE [http-nio-8080-exec-9] - <==        Row: 71, defualt, new, 1, 2023-10-19 07:24:35, 1000, 10, 20, 34
TRACE [http-nio-8080-exec-9] - <==        Row: 71, defualt, new, 1, 2023-10-19 07:24:35, 1000, 10, 20, 34
TRACE [http-nio-8080-exec-9] - <==        Row: 72, defualt, new, 1, 2023-10-19 07:24:35, 1000, 10, 20, 35
TRACE [http-nio-8080-exec-9] - <==        Row: 72, defualt, new, 1, 2023-10-19 07:24:35, 1000, 10, 20, 35
TRACE [http-nio-8080-exec-9] - <==        Row: 73, defualt, new, 1, 2023-10-19 07:24:35, 1000, 10, 20, 36
TRACE [http-nio-8080-exec-9] - <==        Row: 73, defualt, new, 1, 2023-10-19 07:24:35, 1000, 10, 20, 36
TRACE [http-nio-8080-exec-9] - <==        Row: 74, defualt, new, 1, 2023-10-19 07:24:35, 1000, 10, 20, 37
TRACE [http-nio-8080-exec-9] - <==        Row: 74, defualt, new, 1, 2023-10-19 07:24:35, 1000, 10, 20, 37
TRACE [http-nio-8080-exec-9] - <==        Row: 75, defualt, new, 1, 2023-10-19 07:24:35, 1000, 10, 20, 38
TRACE [http-nio-8080-exec-9] - <==        Row: 75, defualt, new, 1, 2023-10-19 07:24:35, 1000, 10, 20, 38
TRACE [http-nio-8080-exec-9] - <==        Row: 76, defualt, new, 1, 2023-10-19 07:24:35, 1000, 10, 20, 39
TRACE [http-nio-8080-exec-9] - <==        Row: 76, defualt, new, 1, 2023-10-19 07:24:35, 1000, 10, 20, 39
TRACE [http-nio-8080-exec-9] - <==        Row: 77, defualt, new, 1, 2023-10-19 07:24:35, 1000, 10, 20, 40
TRACE [http-nio-8080-exec-9] - <==        Row: 77, defualt, new, 1, 2023-10-19 07:24:35, 1000, 10, 20, 40
TRACE [http-nio-8080-exec-9] - <==        Row: 78, defualt, new, 1, 2023-10-19 07:24:35, 1000, 10, 20, 41
TRACE [http-nio-8080-exec-9] - <==        Row: 78, defualt, new, 1, 2023-10-19 07:24:35, 1000, 10, 20, 41
TRACE [http-nio-8080-exec-9] - <==        Row: 79, defualt, new, 1, 2023-10-19 07:24:35, 1000, 10, 20, 42
TRACE [http-nio-8080-exec-9] - <==        Row: 79, defualt, new, 1, 2023-10-19 07:24:35, 1000, 10, 20, 42
TRACE [http-nio-8080-exec-9] - <==        Row: 80, defualt, new, 1, 2023-10-19 07:24:35, 1000, 10, 20, 43
TRACE [http-nio-8080-exec-9] - <==        Row: 80, defualt, new, 1, 2023-10-19 07:24:35, 1000, 10, 20, 43
TRACE [http-nio-8080-exec-9] - <==        Row: 81, defualt, new, 1, 2023-10-19 07:24:35, 1000, 10, 20, 44
TRACE [http-nio-8080-exec-9] - <==        Row: 81, defualt, new, 1, 2023-10-19 07:24:35, 1000, 10, 20, 44
TRACE [http-nio-8080-exec-9] - <==        Row: 82, defualt, new, 1, 2023-10-19 07:24:35, 1000, 10, 20, 45
TRACE [http-nio-8080-exec-9] - <==        Row: 82, defualt, new, 1, 2023-10-19 07:24:35, 1000, 10, 20, 45
DEBUG [http-nio-8080-exec-9] - <==      Total: 15
DEBUG [http-nio-8080-exec-9] - <==      Total: 15
DEBUG [http-nio-8080-exec-10] - ==>  Preparing: SELECT count(0) FROM scott.emp
DEBUG [http-nio-8080-exec-10] - ==>  Preparing: SELECT count(0) FROM scott.emp
DEBUG [http-nio-8080-exec-10] - ==> Parameters: 
DEBUG [http-nio-8080-exec-10] - ==> Parameters: 
TRACE [http-nio-8080-exec-10] - <==    Columns: COUNT(0)
TRACE [http-nio-8080-exec-10] - <==    Columns: COUNT(0)
TRACE [http-nio-8080-exec-10] - <==        Row: 4966
TRACE [http-nio-8080-exec-10] - <==        Row: 4966
DEBUG [http-nio-8080-exec-10] - <==      Total: 1
DEBUG [http-nio-8080-exec-10] - <==      Total: 1
DEBUG [http-nio-8080-exec-10] - ==>  Preparing: SELECT * FROM ( SELECT TMP_PAGE.*, ROWNUM PAGEHELPER_ROW_ID FROM ( SELECT empno,ename,job,mgr,hiredate,sal,comm,deptno FROM scott.emp ORDER BY empno ASC ) TMP_PAGE) WHERE PAGEHELPER_ROW_ID <= ? AND PAGEHELPER_ROW_ID > ?
DEBUG [http-nio-8080-exec-10] - ==>  Preparing: SELECT * FROM ( SELECT TMP_PAGE.*, ROWNUM PAGEHELPER_ROW_ID FROM ( SELECT empno,ename,job,mgr,hiredate,sal,comm,deptno FROM scott.emp ORDER BY empno ASC ) TMP_PAGE) WHERE PAGEHELPER_ROW_ID <= ? AND PAGEHELPER_ROW_ID > ?
DEBUG [http-nio-8080-exec-10] - ==> Parameters: 30(Long), 15(Long)
DEBUG [http-nio-8080-exec-10] - ==> Parameters: 30(Long), 15(Long)
TRACE [http-nio-8080-exec-10] - <==    Columns: EMPNO, ENAME, JOB, MGR, HIREDATE, SAL, COMM, DEPTNO, PAGEHELPER_ROW_ID
TRACE [http-nio-8080-exec-10] - <==    Columns: EMPNO, ENAME, JOB, MGR, HIREDATE, SAL, COMM, DEPTNO, PAGEHELPER_ROW_ID
TRACE [http-nio-8080-exec-10] - <==        Row: 16, defualt, new, 1, 2023-10-19 07:24:35, 1000, 10, 20, 16
TRACE [http-nio-8080-exec-10] - <==        Row: 16, defualt, new, 1, 2023-10-19 07:24:35, 1000, 10, 20, 16
TRACE [http-nio-8080-exec-10] - <==        Row: 17, defualt, new, 1, 2023-10-19 07:24:35, 1000, 10, 20, 17
TRACE [http-nio-8080-exec-10] - <==        Row: 17, defualt, new, 1, 2023-10-19 07:24:35, 1000, 10, 20, 17
TRACE [http-nio-8080-exec-10] - <==        Row: 55, defualt, new, 1, 2023-10-19 07:24:35, 1000, 10, 20, 18
TRACE [http-nio-8080-exec-10] - <==        Row: 55, defualt, new, 1, 2023-10-19 07:24:35, 1000, 10, 20, 18
TRACE [http-nio-8080-exec-10] - <==        Row: 56, defualt, new, 1, 2023-10-19 07:24:35, 1000, 10, 20, 19
TRACE [http-nio-8080-exec-10] - <==        Row: 56, defualt, new, 1, 2023-10-19 07:24:35, 1000, 10, 20, 19
TRACE [http-nio-8080-exec-10] - <==        Row: 57, defualt, new, 1, 2023-10-19 07:24:35, 1000, 10, 20, 20
TRACE [http-nio-8080-exec-10] - <==        Row: 57, defualt, new, 1, 2023-10-19 07:24:35, 1000, 10, 20, 20
TRACE [http-nio-8080-exec-10] - <==        Row: 58, defualt, new, 1, 2023-10-19 07:24:35, 1000, 10, 20, 21
TRACE [http-nio-8080-exec-10] - <==        Row: 58, defualt, new, 1, 2023-10-19 07:24:35, 1000, 10, 20, 21
TRACE [http-nio-8080-exec-10] - <==        Row: 59, defualt, new, 1, 2023-10-19 07:24:35, 1000, 10, 20, 22
TRACE [http-nio-8080-exec-10] - <==        Row: 59, defualt, new, 1, 2023-10-19 07:24:35, 1000, 10, 20, 22
TRACE [http-nio-8080-exec-10] - <==        Row: 60, defualt, new, 1, 2023-10-19 07:24:35, 1000, 10, 20, 23
TRACE [http-nio-8080-exec-10] - <==        Row: 60, defualt, new, 1, 2023-10-19 07:24:35, 1000, 10, 20, 23
TRACE [http-nio-8080-exec-10] - <==        Row: 61, defualt, new, 1, 2023-10-19 07:24:35, 1000, 10, 20, 24
TRACE [http-nio-8080-exec-10] - <==        Row: 61, defualt, new, 1, 2023-10-19 07:24:35, 1000, 10, 20, 24
TRACE [http-nio-8080-exec-10] - <==        Row: 62, defualt, new, 1, 2023-10-19 07:24:35, 1000, 10, 20, 25
TRACE [http-nio-8080-exec-10] - <==        Row: 62, defualt, new, 1, 2023-10-19 07:24:35, 1000, 10, 20, 25
TRACE [http-nio-8080-exec-10] - <==        Row: 63, defualt, new, 1, 2023-10-19 07:24:35, 1000, 10, 20, 26
TRACE [http-nio-8080-exec-10] - <==        Row: 63, defualt, new, 1, 2023-10-19 07:24:35, 1000, 10, 20, 26
TRACE [http-nio-8080-exec-10] - <==        Row: 64, defualt, new, 1, 2023-10-19 07:24:35, 1000, 10, 20, 27
TRACE [http-nio-8080-exec-10] - <==        Row: 64, defualt, new, 1, 2023-10-19 07:24:35, 1000, 10, 20, 27
TRACE [http-nio-8080-exec-10] - <==        Row: 65, defualt, new, 1, 2023-10-19 07:24:35, 1000, 10, 20, 28
TRACE [http-nio-8080-exec-10] - <==        Row: 65, defualt, new, 1, 2023-10-19 07:24:35, 1000, 10, 20, 28
TRACE [http-nio-8080-exec-10] - <==        Row: 66, defualt, new, 1, 2023-10-19 07:24:35, 1000, 10, 20, 29
TRACE [http-nio-8080-exec-10] - <==        Row: 66, defualt, new, 1, 2023-10-19 07:24:35, 1000, 10, 20, 29
TRACE [http-nio-8080-exec-10] - <==        Row: 67, defualt, new, 1, 2023-10-19 07:24:35, 1000, 10, 20, 30
TRACE [http-nio-8080-exec-10] - <==        Row: 67, defualt, new, 1, 2023-10-19 07:24:35, 1000, 10, 20, 30
DEBUG [http-nio-8080-exec-10] - <==      Total: 15
DEBUG [http-nio-8080-exec-10] - <==      Total: 15
DEBUG [http-nio-8080-exec-1] - ==>  Preparing: SELECT count(0) FROM scott.emp
DEBUG [http-nio-8080-exec-1] - ==>  Preparing: SELECT count(0) FROM scott.emp
DEBUG [http-nio-8080-exec-1] - ==> Parameters: 
DEBUG [http-nio-8080-exec-1] - ==> Parameters: 
TRACE [http-nio-8080-exec-1] - <==    Columns: COUNT(0)
TRACE [http-nio-8080-exec-1] - <==    Columns: COUNT(0)
TRACE [http-nio-8080-exec-1] - <==        Row: 4966
TRACE [http-nio-8080-exec-1] - <==        Row: 4966
DEBUG [http-nio-8080-exec-1] - <==      Total: 1
DEBUG [http-nio-8080-exec-1] - <==      Total: 1
DEBUG [http-nio-8080-exec-1] - ==>  Preparing: SELECT * FROM ( SELECT TMP_PAGE.*, ROWNUM PAGEHELPER_ROW_ID FROM ( SELECT empno,ename,job,mgr,hiredate,sal,comm,deptno FROM scott.emp ORDER BY empno ASC ) TMP_PAGE) WHERE PAGEHELPER_ROW_ID <= ? AND PAGEHELPER_ROW_ID > ?
DEBUG [http-nio-8080-exec-1] - ==>  Preparing: SELECT * FROM ( SELECT TMP_PAGE.*, ROWNUM PAGEHELPER_ROW_ID FROM ( SELECT empno,ename,job,mgr,hiredate,sal,comm,deptno FROM scott.emp ORDER BY empno ASC ) TMP_PAGE) WHERE PAGEHELPER_ROW_ID <= ? AND PAGEHELPER_ROW_ID > ?
DEBUG [http-nio-8080-exec-1] - ==> Parameters: 15(Long), 0(Long)
DEBUG [http-nio-8080-exec-1] - ==> Parameters: 15(Long), 0(Long)
TRACE [http-nio-8080-exec-1] - <==    Columns: EMPNO, ENAME, JOB, MGR, HIREDATE, SAL, COMM, DEPTNO, PAGEHELPER_ROW_ID
TRACE [http-nio-8080-exec-1] - <==    Columns: EMPNO, ENAME, JOB, MGR, HIREDATE, SAL, COMM, DEPTNO, PAGEHELPER_ROW_ID
TRACE [http-nio-8080-exec-1] - <==        Row: 1, Kings Down, Manager, 1, 1970-01-01 00:00:00, 8099, null, 11, 1
TRACE [http-nio-8080-exec-1] - <==        Row: 1, Kings Down, Manager, 1, 1970-01-01 00:00:00, 8099, null, 11, 1
TRACE [http-nio-8080-exec-1] - <==        Row: 2, Prince Fl, Analyst, 1, 2023-09-15 00:00:00, 4000, 300, 20, 2
TRACE [http-nio-8080-exec-1] - <==        Row: 2, Prince Fl, Analyst, 1, 2023-09-15 00:00:00, 4000, 300, 20, 2
TRACE [http-nio-8080-exec-1] - <==        Row: 3, Bob Johnsn, Clerk, 2, 2023-08-20 00:00:00, 2500, null, 30, 3
TRACE [http-nio-8080-exec-1] - <==        Row: 3, Bob Johnsn, Clerk, 2, 2023-08-20 00:00:00, 2500, null, 30, 3
TRACE [http-nio-8080-exec-1] - <==        Row: 4, Ali Brown, Manager, null, 2023-07-10 00:00:00, 5500, null, 10, 4
TRACE [http-nio-8080-exec-1] - <==        Row: 4, Ali Brown, Manager, null, 2023-07-10 00:00:00, 5500, null, 10, 4
TRACE [http-nio-8080-exec-1] - <==        Row: 5, Ella Davis, Analyst, 4, 2023-06-05 00:00:00, 4200, 200, 20, 5
TRACE [http-nio-8080-exec-1] - <==        Row: 5, Ella Davis, Analyst, 4, 2023-06-05 00:00:00, 4200, 200, 20, 5
TRACE [http-nio-8080-exec-1] - <==        Row: 6, David Lee, Clerk, 4, 2023-05-15 00:00:00, 2700, null, 30, 6
TRACE [http-nio-8080-exec-1] - <==        Row: 6, David Lee, Clerk, 4, 2023-05-15 00:00:00, 2700, null, 30, 6
TRACE [http-nio-8080-exec-1] - <==        Row: 7, Sar Wilsn, Manager, null, 2023-04-20 00:00:00, 5200, null, 10, 7
TRACE [http-nio-8080-exec-1] - <==        Row: 7, Sar Wilsn, Manager, null, 2023-04-20 00:00:00, 5200, null, 10, 7
TRACE [http-nio-8080-exec-1] - <==        Row: 8, Michl Wite, Analyst, 7, 2023-03-10 00:00:00, 4300, 150, 20, 8
TRACE [http-nio-8080-exec-1] - <==        Row: 8, Michl Wite, Analyst, 7, 2023-03-10 00:00:00, 4300, 150, 20, 8
TRACE [http-nio-8080-exec-1] - <==        Row: 9, Oliv Josn, Clerk, 7, 2023-02-25 00:00:00, 2600, null, 30, 9
TRACE [http-nio-8080-exec-1] - <==        Row: 9, Oliv Josn, Clerk, 7, 2023-02-25 00:00:00, 2600, null, 30, 9
TRACE [http-nio-8080-exec-1] - <==        Row: 10, Rbert, Manager, null, 2023-01-15 00:00:00, 5100, null, 10, 10
TRACE [http-nio-8080-exec-1] - <==        Row: 10, Rbert, Manager, null, 2023-01-15 00:00:00, 5100, null, 10, 10
TRACE [http-nio-8080-exec-1] - <==        Row: 11, Shia, Analyst, 10, 2022-12-10 00:00:00, 4100, 100, 20, 11
TRACE [http-nio-8080-exec-1] - <==        Row: 11, Shia, Analyst, 10, 2022-12-10 00:00:00, 4100, 100, 20, 11
TRACE [http-nio-8080-exec-1] - <==        Row: 12, Wilm Davis, Clerk, 10, 2022-11-05 00:00:00, 2800, null, 30, 12
TRACE [http-nio-8080-exec-1] - <==        Row: 12, Wilm Davis, Clerk, 10, 2022-11-05 00:00:00, 2800, null, 30, 12
TRACE [http-nio-8080-exec-1] - <==        Row: 13, Emma, Manager, null, 2022-10-20 00:00:00, 5300, null, 10, 13
TRACE [http-nio-8080-exec-1] - <==        Row: 13, Emma, Manager, null, 2022-10-20 00:00:00, 5300, null, 10, 13
TRACE [http-nio-8080-exec-1] - <==        Row: 14, dfualt, new, 1, 2023-10-19 00:00:00, 1000, 10, 20, 14
TRACE [http-nio-8080-exec-1] - <==        Row: 14, dfualt, new, 1, 2023-10-19 00:00:00, 1000, 10, 20, 14
TRACE [http-nio-8080-exec-1] - <==        Row: 15, Barbara, new, 5, 2023-10-19 00:00:00, 1000, 10, 20, 15
TRACE [http-nio-8080-exec-1] - <==        Row: 15, Barbara, new, 5, 2023-10-19 00:00:00, 1000, 10, 20, 15
DEBUG [http-nio-8080-exec-1] - <==      Total: 15
DEBUG [http-nio-8080-exec-1] - <==      Total: 15
DEBUG [http-nio-8080-exec-2] - ==>  Preparing: SELECT count(0) FROM scott.emp
DEBUG [http-nio-8080-exec-2] - ==>  Preparing: SELECT count(0) FROM scott.emp
DEBUG [http-nio-8080-exec-2] - ==> Parameters: 
DEBUG [http-nio-8080-exec-2] - ==> Parameters: 
TRACE [http-nio-8080-exec-2] - <==    Columns: COUNT(0)
TRACE [http-nio-8080-exec-2] - <==    Columns: COUNT(0)
TRACE [http-nio-8080-exec-2] - <==        Row: 4966
TRACE [http-nio-8080-exec-2] - <==        Row: 4966
DEBUG [http-nio-8080-exec-2] - <==      Total: 1
DEBUG [http-nio-8080-exec-2] - <==      Total: 1
DEBUG [http-nio-8080-exec-3] - ==>  Preparing: SELECT count(0) FROM scott.emp
DEBUG [http-nio-8080-exec-3] - ==>  Preparing: SELECT count(0) FROM scott.emp
DEBUG [http-nio-8080-exec-3] - ==> Parameters: 
DEBUG [http-nio-8080-exec-3] - ==> Parameters: 
TRACE [http-nio-8080-exec-3] - <==    Columns: COUNT(0)
TRACE [http-nio-8080-exec-3] - <==    Columns: COUNT(0)
TRACE [http-nio-8080-exec-3] - <==        Row: 4966
TRACE [http-nio-8080-exec-3] - <==        Row: 4966
DEBUG [http-nio-8080-exec-3] - <==      Total: 1
DEBUG [http-nio-8080-exec-3] - <==      Total: 1
DEBUG [http-nio-8080-exec-3] - ==>  Preparing: SELECT * FROM ( SELECT TMP_PAGE.*, ROWNUM PAGEHELPER_ROW_ID FROM ( SELECT empno,ename,job,mgr,hiredate,sal,comm,deptno FROM scott.emp ORDER BY empno ASC ) TMP_PAGE) WHERE PAGEHELPER_ROW_ID <= ? AND PAGEHELPER_ROW_ID > ?
DEBUG [http-nio-8080-exec-3] - ==>  Preparing: SELECT * FROM ( SELECT TMP_PAGE.*, ROWNUM PAGEHELPER_ROW_ID FROM ( SELECT empno,ename,job,mgr,hiredate,sal,comm,deptno FROM scott.emp ORDER BY empno ASC ) TMP_PAGE) WHERE PAGEHELPER_ROW_ID <= ? AND PAGEHELPER_ROW_ID > ?
DEBUG [http-nio-8080-exec-3] - ==> Parameters: 15(Long), 0(Long)
DEBUG [http-nio-8080-exec-3] - ==> Parameters: 15(Long), 0(Long)
TRACE [http-nio-8080-exec-3] - <==    Columns: EMPNO, ENAME, JOB, MGR, HIREDATE, SAL, COMM, DEPTNO, PAGEHELPER_ROW_ID
TRACE [http-nio-8080-exec-3] - <==    Columns: EMPNO, ENAME, JOB, MGR, HIREDATE, SAL, COMM, DEPTNO, PAGEHELPER_ROW_ID
TRACE [http-nio-8080-exec-3] - <==        Row: 1, Kings Down, Manager, 1, 1970-01-01 00:00:00, 8099, null, 11, 1
TRACE [http-nio-8080-exec-3] - <==        Row: 1, Kings Down, Manager, 1, 1970-01-01 00:00:00, 8099, null, 11, 1
TRACE [http-nio-8080-exec-3] - <==        Row: 2, Prince Fl, Analyst, 1, 2023-09-15 00:00:00, 4000, 300, 20, 2
TRACE [http-nio-8080-exec-3] - <==        Row: 2, Prince Fl, Analyst, 1, 2023-09-15 00:00:00, 4000, 300, 20, 2
TRACE [http-nio-8080-exec-3] - <==        Row: 3, Bob Johnsn, Clerk, 2, 2023-08-20 00:00:00, 2500, null, 30, 3
TRACE [http-nio-8080-exec-3] - <==        Row: 3, Bob Johnsn, Clerk, 2, 2023-08-20 00:00:00, 2500, null, 30, 3
TRACE [http-nio-8080-exec-3] - <==        Row: 4, Ali Brown, Manager, null, 2023-07-10 00:00:00, 5500, null, 10, 4
TRACE [http-nio-8080-exec-3] - <==        Row: 4, Ali Brown, Manager, null, 2023-07-10 00:00:00, 5500, null, 10, 4
TRACE [http-nio-8080-exec-3] - <==        Row: 5, Ella Davis, Analyst, 4, 2023-06-05 00:00:00, 4200, 200, 20, 5
TRACE [http-nio-8080-exec-3] - <==        Row: 5, Ella Davis, Analyst, 4, 2023-06-05 00:00:00, 4200, 200, 20, 5
TRACE [http-nio-8080-exec-3] - <==        Row: 6, David Lee, Clerk, 4, 2023-05-15 00:00:00, 2700, null, 30, 6
TRACE [http-nio-8080-exec-3] - <==        Row: 6, David Lee, Clerk, 4, 2023-05-15 00:00:00, 2700, null, 30, 6
TRACE [http-nio-8080-exec-3] - <==        Row: 7, Sar Wilsn, Manager, null, 2023-04-20 00:00:00, 5200, null, 10, 7
TRACE [http-nio-8080-exec-3] - <==        Row: 7, Sar Wilsn, Manager, null, 2023-04-20 00:00:00, 5200, null, 10, 7
TRACE [http-nio-8080-exec-3] - <==        Row: 8, Michl Wite, Analyst, 7, 2023-03-10 00:00:00, 4300, 150, 20, 8
TRACE [http-nio-8080-exec-3] - <==        Row: 8, Michl Wite, Analyst, 7, 2023-03-10 00:00:00, 4300, 150, 20, 8
TRACE [http-nio-8080-exec-3] - <==        Row: 9, Oliv Josn, Clerk, 7, 2023-02-25 00:00:00, 2600, null, 30, 9
TRACE [http-nio-8080-exec-3] - <==        Row: 9, Oliv Josn, Clerk, 7, 2023-02-25 00:00:00, 2600, null, 30, 9
TRACE [http-nio-8080-exec-3] - <==        Row: 10, Rbert, Manager, null, 2023-01-15 00:00:00, 5100, null, 10, 10
TRACE [http-nio-8080-exec-3] - <==        Row: 10, Rbert, Manager, null, 2023-01-15 00:00:00, 5100, null, 10, 10
TRACE [http-nio-8080-exec-3] - <==        Row: 11, Shia, Analyst, 10, 2022-12-10 00:00:00, 4100, 100, 20, 11
TRACE [http-nio-8080-exec-3] - <==        Row: 11, Shia, Analyst, 10, 2022-12-10 00:00:00, 4100, 100, 20, 11
TRACE [http-nio-8080-exec-3] - <==        Row: 12, Wilm Davis, Clerk, 10, 2022-11-05 00:00:00, 2800, null, 30, 12
TRACE [http-nio-8080-exec-3] - <==        Row: 12, Wilm Davis, Clerk, 10, 2022-11-05 00:00:00, 2800, null, 30, 12
TRACE [http-nio-8080-exec-3] - <==        Row: 13, Emma, Manager, null, 2022-10-20 00:00:00, 5300, null, 10, 13
TRACE [http-nio-8080-exec-3] - <==        Row: 13, Emma, Manager, null, 2022-10-20 00:00:00, 5300, null, 10, 13
TRACE [http-nio-8080-exec-3] - <==        Row: 14, dfualt, new, 1, 2023-10-19 00:00:00, 1000, 10, 20, 14
TRACE [http-nio-8080-exec-3] - <==        Row: 14, dfualt, new, 1, 2023-10-19 00:00:00, 1000, 10, 20, 14
TRACE [http-nio-8080-exec-3] - <==        Row: 15, Barbara, new, 5, 2023-10-19 00:00:00, 1000, 10, 20, 15
TRACE [http-nio-8080-exec-3] - <==        Row: 15, Barbara, new, 5, 2023-10-19 00:00:00, 1000, 10, 20, 15
DEBUG [http-nio-8080-exec-3] - <==      Total: 15
DEBUG [http-nio-8080-exec-3] - <==      Total: 15
