ERROR [Druid-ConnectionPool-Create-725130800] - create connection RuntimeException
java.lang.IllegalStateException: Timer already cancelled.
	at java.util.Timer.sched(Timer.java:397)
	at java.util.Timer.schedule(Timer.java:193)
	at oracle.net.nt.TimeoutInterruptHandler.scheduleInterrupt(TimeoutInterruptHandler.java:124)
	at oracle.net.nt.TimeoutSocketChannel.scheduleInterrupt(TimeoutSocketChannel.java:494)
	at oracle.net.nt.TimeoutSocketChannel.connect(TimeoutSocketChannel.java:181)
	at oracle.net.nt.TimeoutSocketChannel.<init>(TimeoutSocketChannel.java:158)
	at oracle.net.nt.TcpNTAdapter.establishSocket(TcpNTAdapter.java:385)
	at oracle.net.nt.TcpNTAdapter.doLocalDNSLookupConnect(TcpNTAdapter.java:308)
	at oracle.net.nt.TcpNTAdapter.connect(TcpNTAdapter.java:270)
	at oracle.net.nt.ConnOption.connect(ConnOption.java:246)
	at oracle.net.nt.ConnStrategy.executeConnOption(ConnStrategy.java:983)
	at oracle.net.nt.ConnStrategy.execute(ConnStrategy.java:658)
	at oracle.net.resolver.AddrResolution.resolveAndExecute(AddrResolution.java:586)
	at oracle.net.ns.NSProtocol.establishConnection(NSProtocol.java:940)
	at oracle.net.ns.NSProtocol.connect(NSProtocol.java:351)
	at oracle.jdbc.driver.T4CConnection.connect(T4CConnection.java:2372)
	at oracle.jdbc.driver.T4CConnection.logon(T4CConnection.java:657)
	at oracle.jdbc.driver.PhysicalConnection.connect(PhysicalConnection.java:1042)
	at oracle.jdbc.driver.T4CDriverExtension.getConnection(T4CDriverExtension.java:90)
	at oracle.jdbc.driver.OracleDriver.connect(OracleDriver.java:733)
	at oracle.jdbc.driver.OracleDriver.connect(OracleDriver.java:649)
	at com.alibaba.druid.pool.DruidAbstractDataSource.createPhysicalConnection(DruidAbstractDataSource.java:1691)
	at com.alibaba.druid.pool.DruidAbstractDataSource.createPhysicalConnection(DruidAbstractDataSource.java:1789)
	at com.alibaba.druid.pool.DruidDataSource$CreateConnectionThread.run(DruidDataSource.java:2942)
