DEBUG [http-nio-8080-exec-1] - ==>  Preparing: SELECT count(0) FROM scott.emp
DEBUG [http-nio-8080-exec-1] - ==>  Preparing: SELECT count(0) FROM scott.emp
DEBUG [http-nio-8080-exec-1] - ==> Parameters: 
DEBUG [http-nio-8080-exec-1] - ==> Parameters: 
TRACE [http-nio-8080-exec-1] - <==    Columns: COUNT(0)
TRACE [http-nio-8080-exec-1] - <==    Columns: COUNT(0)
TRACE [http-nio-8080-exec-1] - <==        Row: 4966
TRACE [http-nio-8080-exec-1] - <==        Row: 4966
DEBUG [http-nio-8080-exec-1] - <==      Total: 1
DEBUG [http-nio-8080-exec-1] - <==      Total: 1
DEBUG [http-nio-8080-exec-1] - ==>  Preparing: SELECT * FROM ( SELECT TMP_PAGE.*, ROWNUM PAGEHELPER_ROW_ID FROM ( SELECT empno,ename,job,mgr,hiredate,sal,comm,deptno FROM scott.emp ORDER BY empno ASC ) TMP_PAGE) WHERE PAGEHELPER_ROW_ID <= ? AND PAGEHELPER_ROW_ID > ?
DEBUG [http-nio-8080-exec-1] - ==>  Preparing: SELECT * FROM ( SELECT TMP_PAGE.*, ROWNUM PAGEHELPER_ROW_ID FROM ( SELECT empno,ename,job,mgr,hiredate,sal,comm,deptno FROM scott.emp ORDER BY empno ASC ) TMP_PAGE) WHERE PAGEHELPER_ROW_ID <= ? AND PAGEHELPER_ROW_ID > ?
DEBUG [http-nio-8080-exec-1] - ==> Parameters: 15(Long), 0(Long)
DEBUG [http-nio-8080-exec-1] - ==> Parameters: 15(Long), 0(Long)
TRACE [http-nio-8080-exec-1] - <==    Columns: EMPNO, ENAME, JOB, MGR, HIREDATE, SAL, COMM, DEPTNO, PAGEHELPER_ROW_ID
TRACE [http-nio-8080-exec-1] - <==    Columns: EMPNO, ENAME, JOB, MGR, HIREDATE, SAL, COMM, DEPTNO, PAGEHELPER_ROW_ID
TRACE [http-nio-8080-exec-1] - <==        Row: 1, Kings Down, Manager, 1, 1970-01-01 00:00:00, 8099, null, 11, 1
TRACE [http-nio-8080-exec-1] - <==        Row: 1, Kings Down, Manager, 1, 1970-01-01 00:00:00, 8099, null, 11, 1
TRACE [http-nio-8080-exec-1] - <==        Row: 2, Prince Fl, Analyst, 1, 2023-09-15 00:00:00, 4000, 300, 20, 2
TRACE [http-nio-8080-exec-1] - <==        Row: 2, Prince Fl, Analyst, 1, 2023-09-15 00:00:00, 4000, 300, 20, 2
TRACE [http-nio-8080-exec-1] - <==        Row: 3, Bob Johnsn, Clerk, 2, 2023-08-20 00:00:00, 2500, null, 30, 3
TRACE [http-nio-8080-exec-1] - <==        Row: 3, Bob Johnsn, Clerk, 2, 2023-08-20 00:00:00, 2500, null, 30, 3
TRACE [http-nio-8080-exec-1] - <==        Row: 4, Ali Brown, Manager, null, 2023-07-10 00:00:00, 5500, null, 10, 4
TRACE [http-nio-8080-exec-1] - <==        Row: 4, Ali Brown, Manager, null, 2023-07-10 00:00:00, 5500, null, 10, 4
TRACE [http-nio-8080-exec-1] - <==        Row: 5, Ella Davis, Analyst, 4, 2023-06-05 00:00:00, 4200, 200, 20, 5
TRACE [http-nio-8080-exec-1] - <==        Row: 5, Ella Davis, Analyst, 4, 2023-06-05 00:00:00, 4200, 200, 20, 5
TRACE [http-nio-8080-exec-1] - <==        Row: 6, David Lee, Clerk, 4, 2023-05-15 00:00:00, 2700, null, 30, 6
TRACE [http-nio-8080-exec-1] - <==        Row: 6, David Lee, Clerk, 4, 2023-05-15 00:00:00, 2700, null, 30, 6
TRACE [http-nio-8080-exec-1] - <==        Row: 7, Sar Wilsn, Manager, null, 2023-04-20 00:00:00, 5200, null, 10, 7
TRACE [http-nio-8080-exec-1] - <==        Row: 7, Sar Wilsn, Manager, null, 2023-04-20 00:00:00, 5200, null, 10, 7
TRACE [http-nio-8080-exec-1] - <==        Row: 8, Michl Wite, Analyst, 7, 2023-03-10 00:00:00, 4300, 150, 20, 8
TRACE [http-nio-8080-exec-1] - <==        Row: 8, Michl Wite, Analyst, 7, 2023-03-10 00:00:00, 4300, 150, 20, 8
TRACE [http-nio-8080-exec-1] - <==        Row: 9, Oliv Josn, Clerk, 7, 2023-02-25 00:00:00, 2600, null, 30, 9
TRACE [http-nio-8080-exec-1] - <==        Row: 9, Oliv Josn, Clerk, 7, 2023-02-25 00:00:00, 2600, null, 30, 9
TRACE [http-nio-8080-exec-1] - <==        Row: 10, Rbert, Manager, null, 2023-01-15 00:00:00, 5100, null, 10, 10
TRACE [http-nio-8080-exec-1] - <==        Row: 10, Rbert, Manager, null, 2023-01-15 00:00:00, 5100, null, 10, 10
TRACE [http-nio-8080-exec-1] - <==        Row: 11, Shia, Analyst, 10, 2022-12-10 00:00:00, 4100, 100, 20, 11
TRACE [http-nio-8080-exec-1] - <==        Row: 11, Shia, Analyst, 10, 2022-12-10 00:00:00, 4100, 100, 20, 11
TRACE [http-nio-8080-exec-1] - <==        Row: 12, Wilm Davis, Clerk, 10, 2022-11-05 00:00:00, 2800, null, 30, 12
TRACE [http-nio-8080-exec-1] - <==        Row: 12, Wilm Davis, Clerk, 10, 2022-11-05 00:00:00, 2800, null, 30, 12
TRACE [http-nio-8080-exec-1] - <==        Row: 13, Emma, Manager, null, 2022-10-20 00:00:00, 5300, null, 10, 13
TRACE [http-nio-8080-exec-1] - <==        Row: 13, Emma, Manager, null, 2022-10-20 00:00:00, 5300, null, 10, 13
TRACE [http-nio-8080-exec-1] - <==        Row: 14, dfualt, new, 1, 2023-10-19 00:00:00, 1000, 10, 20, 14
TRACE [http-nio-8080-exec-1] - <==        Row: 14, dfualt, new, 1, 2023-10-19 00:00:00, 1000, 10, 20, 14
TRACE [http-nio-8080-exec-1] - <==        Row: 15, Barbara, new, 5, 2023-10-19 00:00:00, 1000, 10, 20, 15
TRACE [http-nio-8080-exec-1] - <==        Row: 15, Barbara, new, 5, 2023-10-19 00:00:00, 1000, 10, 20, 15
DEBUG [http-nio-8080-exec-1] - <==      Total: 15
DEBUG [http-nio-8080-exec-1] - <==      Total: 15
DEBUG [http-nio-8080-exec-2] - ==>  Preparing: SELECT count(0) FROM scott.emp
DEBUG [http-nio-8080-exec-2] - ==>  Preparing: SELECT count(0) FROM scott.emp
DEBUG [http-nio-8080-exec-2] - ==> Parameters: 
DEBUG [http-nio-8080-exec-2] - ==> Parameters: 
TRACE [http-nio-8080-exec-2] - <==    Columns: COUNT(0)
TRACE [http-nio-8080-exec-2] - <==    Columns: COUNT(0)
TRACE [http-nio-8080-exec-2] - <==        Row: 4966
TRACE [http-nio-8080-exec-2] - <==        Row: 4966
DEBUG [http-nio-8080-exec-2] - <==      Total: 1
DEBUG [http-nio-8080-exec-2] - <==      Total: 1
DEBUG [http-nio-8080-exec-2] - ==>  Preparing: SELECT * FROM ( SELECT TMP_PAGE.*, ROWNUM PAGEHELPER_ROW_ID FROM ( SELECT empno,ename,job,mgr,hiredate,sal,comm,deptno FROM scott.emp ORDER BY empno ASC ) TMP_PAGE) WHERE PAGEHELPER_ROW_ID <= ? AND PAGEHELPER_ROW_ID > ?
DEBUG [http-nio-8080-exec-2] - ==>  Preparing: SELECT * FROM ( SELECT TMP_PAGE.*, ROWNUM PAGEHELPER_ROW_ID FROM ( SELECT empno,ename,job,mgr,hiredate,sal,comm,deptno FROM scott.emp ORDER BY empno ASC ) TMP_PAGE) WHERE PAGEHELPER_ROW_ID <= ? AND PAGEHELPER_ROW_ID > ?
DEBUG [http-nio-8080-exec-2] - ==> Parameters: 15(Long), 0(Long)
DEBUG [http-nio-8080-exec-2] - ==> Parameters: 15(Long), 0(Long)
TRACE [http-nio-8080-exec-2] - <==    Columns: EMPNO, ENAME, JOB, MGR, HIREDATE, SAL, COMM, DEPTNO, PAGEHELPER_ROW_ID
TRACE [http-nio-8080-exec-2] - <==    Columns: EMPNO, ENAME, JOB, MGR, HIREDATE, SAL, COMM, DEPTNO, PAGEHELPER_ROW_ID
TRACE [http-nio-8080-exec-2] - <==        Row: 1, Kings Down, Manager, 1, 1970-01-01 00:00:00, 8099, null, 11, 1
TRACE [http-nio-8080-exec-2] - <==        Row: 1, Kings Down, Manager, 1, 1970-01-01 00:00:00, 8099, null, 11, 1
TRACE [http-nio-8080-exec-2] - <==        Row: 2, Prince Fl, Analyst, 1, 2023-09-15 00:00:00, 4000, 300, 20, 2
TRACE [http-nio-8080-exec-2] - <==        Row: 2, Prince Fl, Analyst, 1, 2023-09-15 00:00:00, 4000, 300, 20, 2
TRACE [http-nio-8080-exec-2] - <==        Row: 3, Bob Johnsn, Clerk, 2, 2023-08-20 00:00:00, 2500, null, 30, 3
TRACE [http-nio-8080-exec-2] - <==        Row: 3, Bob Johnsn, Clerk, 2, 2023-08-20 00:00:00, 2500, null, 30, 3
TRACE [http-nio-8080-exec-2] - <==        Row: 4, Ali Brown, Manager, null, 2023-07-10 00:00:00, 5500, null, 10, 4
TRACE [http-nio-8080-exec-2] - <==        Row: 4, Ali Brown, Manager, null, 2023-07-10 00:00:00, 5500, null, 10, 4
TRACE [http-nio-8080-exec-2] - <==        Row: 5, Ella Davis, Analyst, 4, 2023-06-05 00:00:00, 4200, 200, 20, 5
TRACE [http-nio-8080-exec-2] - <==        Row: 5, Ella Davis, Analyst, 4, 2023-06-05 00:00:00, 4200, 200, 20, 5
TRACE [http-nio-8080-exec-2] - <==        Row: 6, David Lee, Clerk, 4, 2023-05-15 00:00:00, 2700, null, 30, 6
TRACE [http-nio-8080-exec-2] - <==        Row: 6, David Lee, Clerk, 4, 2023-05-15 00:00:00, 2700, null, 30, 6
TRACE [http-nio-8080-exec-2] - <==        Row: 7, Sar Wilsn, Manager, null, 2023-04-20 00:00:00, 5200, null, 10, 7
TRACE [http-nio-8080-exec-2] - <==        Row: 7, Sar Wilsn, Manager, null, 2023-04-20 00:00:00, 5200, null, 10, 7
TRACE [http-nio-8080-exec-2] - <==        Row: 8, Michl Wite, Analyst, 7, 2023-03-10 00:00:00, 4300, 150, 20, 8
TRACE [http-nio-8080-exec-2] - <==        Row: 8, Michl Wite, Analyst, 7, 2023-03-10 00:00:00, 4300, 150, 20, 8
TRACE [http-nio-8080-exec-2] - <==        Row: 9, Oliv Josn, Clerk, 7, 2023-02-25 00:00:00, 2600, null, 30, 9
TRACE [http-nio-8080-exec-2] - <==        Row: 9, Oliv Josn, Clerk, 7, 2023-02-25 00:00:00, 2600, null, 30, 9
TRACE [http-nio-8080-exec-2] - <==        Row: 10, Rbert, Manager, null, 2023-01-15 00:00:00, 5100, null, 10, 10
TRACE [http-nio-8080-exec-2] - <==        Row: 10, Rbert, Manager, null, 2023-01-15 00:00:00, 5100, null, 10, 10
TRACE [http-nio-8080-exec-2] - <==        Row: 11, Shia, Analyst, 10, 2022-12-10 00:00:00, 4100, 100, 20, 11
TRACE [http-nio-8080-exec-2] - <==        Row: 11, Shia, Analyst, 10, 2022-12-10 00:00:00, 4100, 100, 20, 11
TRACE [http-nio-8080-exec-2] - <==        Row: 12, Wilm Davis, Clerk, 10, 2022-11-05 00:00:00, 2800, null, 30, 12
TRACE [http-nio-8080-exec-2] - <==        Row: 12, Wilm Davis, Clerk, 10, 2022-11-05 00:00:00, 2800, null, 30, 12
TRACE [http-nio-8080-exec-2] - <==        Row: 13, Emma, Manager, null, 2022-10-20 00:00:00, 5300, null, 10, 13
TRACE [http-nio-8080-exec-2] - <==        Row: 13, Emma, Manager, null, 2022-10-20 00:00:00, 5300, null, 10, 13
TRACE [http-nio-8080-exec-2] - <==        Row: 14, dfualt, new, 1, 2023-10-19 00:00:00, 1000, 10, 20, 14
TRACE [http-nio-8080-exec-2] - <==        Row: 14, dfualt, new, 1, 2023-10-19 00:00:00, 1000, 10, 20, 14
TRACE [http-nio-8080-exec-2] - <==        Row: 15, Barbara, new, 5, 2023-10-19 00:00:00, 1000, 10, 20, 15
TRACE [http-nio-8080-exec-2] - <==        Row: 15, Barbara, new, 5, 2023-10-19 00:00:00, 1000, 10, 20, 15
DEBUG [http-nio-8080-exec-2] - <==      Total: 15
DEBUG [http-nio-8080-exec-2] - <==      Total: 15
DEBUG [main] - ==>  Preparing: SELECT count(0) FROM scott.emp WHERE (ename LIKE ?)
DEBUG [main] - ==>  Preparing: SELECT count(0) FROM scott.emp WHERE (ename LIKE ?)
DEBUG [main] - ==> Parameters: %de%(String)
DEBUG [main] - ==> Parameters: %de%(String)
TRACE [main] - <==    Columns: COUNT(0)
TRACE [main] - <==    Columns: COUNT(0)
TRACE [main] - <==        Row: 4946
TRACE [main] - <==        Row: 4946
DEBUG [main] - <==      Total: 1
DEBUG [main] - <==      Total: 1
DEBUG [main] - ==>  Preparing: SELECT * FROM ( SELECT TMP_PAGE.*, ROWNUM PAGEHELPER_ROW_ID FROM ( SELECT empno,ename,job,mgr,hiredate,sal,comm,deptno FROM scott.emp WHERE (ename LIKE ?) ORDER BY empno ASC ) TMP_PAGE) WHERE PAGEHELPER_ROW_ID <= ? AND PAGEHELPER_ROW_ID > ?
DEBUG [main] - ==>  Preparing: SELECT * FROM ( SELECT TMP_PAGE.*, ROWNUM PAGEHELPER_ROW_ID FROM ( SELECT empno,ename,job,mgr,hiredate,sal,comm,deptno FROM scott.emp WHERE (ename LIKE ?) ORDER BY empno ASC ) TMP_PAGE) WHERE PAGEHELPER_ROW_ID <= ? AND PAGEHELPER_ROW_ID > ?
DEBUG [main] - ==> Parameters: %de%(String), 15(Long), 0(Long)
DEBUG [main] - ==> Parameters: %de%(String), 15(Long), 0(Long)
TRACE [main] - <==    Columns: EMPNO, ENAME, JOB, MGR, HIREDATE, SAL, COMM, DEPTNO, PAGEHELPER_ROW_ID
TRACE [main] - <==    Columns: EMPNO, ENAME, JOB, MGR, HIREDATE, SAL, COMM, DEPTNO, PAGEHELPER_ROW_ID
TRACE [main] - <==        Row: 17, defualt, new, 1, 2023-10-19 07:24:35, 1000, 10, 20, 1
TRACE [main] - <==        Row: 17, defualt, new, 1, 2023-10-19 07:24:35, 1000, 10, 20, 1
TRACE [main] - <==        Row: 55, defualt, new, 1, 2023-10-19 07:24:35, 1000, 10, 20, 2
TRACE [main] - <==        Row: 55, defualt, new, 1, 2023-10-19 07:24:35, 1000, 10, 20, 2
TRACE [main] - <==        Row: 56, defualt, new, 1, 2023-10-19 07:24:35, 1000, 10, 20, 3
TRACE [main] - <==        Row: 56, defualt, new, 1, 2023-10-19 07:24:35, 1000, 10, 20, 3
TRACE [main] - <==        Row: 57, defualt, new, 1, 2023-10-19 07:24:35, 1000, 10, 20, 4
TRACE [main] - <==        Row: 57, defualt, new, 1, 2023-10-19 07:24:35, 1000, 10, 20, 4
TRACE [main] - <==        Row: 58, defualt, new, 1, 2023-10-19 07:24:35, 1000, 10, 20, 5
TRACE [main] - <==        Row: 58, defualt, new, 1, 2023-10-19 07:24:35, 1000, 10, 20, 5
TRACE [main] - <==        Row: 59, defualt, new, 1, 2023-10-19 07:24:35, 1000, 10, 20, 6
TRACE [main] - <==        Row: 59, defualt, new, 1, 2023-10-19 07:24:35, 1000, 10, 20, 6
TRACE [main] - <==        Row: 60, defualt, new, 1, 2023-10-19 07:24:35, 1000, 10, 20, 7
TRACE [main] - <==        Row: 60, defualt, new, 1, 2023-10-19 07:24:35, 1000, 10, 20, 7
TRACE [main] - <==        Row: 61, defualt, new, 1, 2023-10-19 07:24:35, 1000, 10, 20, 8
TRACE [main] - <==        Row: 61, defualt, new, 1, 2023-10-19 07:24:35, 1000, 10, 20, 8
TRACE [main] - <==        Row: 62, defualt, new, 1, 2023-10-19 07:24:35, 1000, 10, 20, 9
TRACE [main] - <==        Row: 62, defualt, new, 1, 2023-10-19 07:24:35, 1000, 10, 20, 9
TRACE [main] - <==        Row: 63, defualt, new, 1, 2023-10-19 07:24:35, 1000, 10, 20, 10
TRACE [main] - <==        Row: 63, defualt, new, 1, 2023-10-19 07:24:35, 1000, 10, 20, 10
TRACE [main] - <==        Row: 64, defualt, new, 1, 2023-10-19 07:24:35, 1000, 10, 20, 11
TRACE [main] - <==        Row: 64, defualt, new, 1, 2023-10-19 07:24:35, 1000, 10, 20, 11
TRACE [main] - <==        Row: 65, defualt, new, 1, 2023-10-19 07:24:35, 1000, 10, 20, 12
TRACE [main] - <==        Row: 65, defualt, new, 1, 2023-10-19 07:24:35, 1000, 10, 20, 12
TRACE [main] - <==        Row: 66, defualt, new, 1, 2023-10-19 07:24:35, 1000, 10, 20, 13
TRACE [main] - <==        Row: 66, defualt, new, 1, 2023-10-19 07:24:35, 1000, 10, 20, 13
TRACE [main] - <==        Row: 67, defualt, new, 1, 2023-10-19 07:24:35, 1000, 10, 20, 14
TRACE [main] - <==        Row: 67, defualt, new, 1, 2023-10-19 07:24:35, 1000, 10, 20, 14
TRACE [main] - <==        Row: 68, defualt, new, 1, 2023-10-19 07:24:35, 1000, 10, 20, 15
TRACE [main] - <==        Row: 68, defualt, new, 1, 2023-10-19 07:24:35, 1000, 10, 20, 15
DEBUG [main] - <==      Total: 15
DEBUG [main] - <==      Total: 15
DEBUG [main] - ==>  Preparing: SELECT count(0) FROM scott.emp WHERE (ename LIKE ?)
DEBUG [main] - ==>  Preparing: SELECT count(0) FROM scott.emp WHERE (ename LIKE ?)
DEBUG [main] - ==> Parameters: %de%(String)
DEBUG [main] - ==> Parameters: %de%(String)
TRACE [main] - <==    Columns: COUNT(0)
TRACE [main] - <==    Columns: COUNT(0)
TRACE [main] - <==        Row: 4946
TRACE [main] - <==        Row: 4946
DEBUG [main] - <==      Total: 1
DEBUG [main] - <==      Total: 1
DEBUG [main] - ==>  Preparing: SELECT * FROM ( SELECT TMP_PAGE.*, ROWNUM PAGEHELPER_ROW_ID FROM ( SELECT empno,ename,job,mgr,hiredate,sal,comm,deptno FROM scott.emp WHERE (ename LIKE ?) ORDER BY empno ASC ) TMP_PAGE) WHERE PAGEHELPER_ROW_ID <= ? AND PAGEHELPER_ROW_ID > ?
DEBUG [main] - ==>  Preparing: SELECT * FROM ( SELECT TMP_PAGE.*, ROWNUM PAGEHELPER_ROW_ID FROM ( SELECT empno,ename,job,mgr,hiredate,sal,comm,deptno FROM scott.emp WHERE (ename LIKE ?) ORDER BY empno ASC ) TMP_PAGE) WHERE PAGEHELPER_ROW_ID <= ? AND PAGEHELPER_ROW_ID > ?
DEBUG [main] - ==> Parameters: %de%(String), 30(Long), 15(Long)
DEBUG [main] - ==> Parameters: %de%(String), 30(Long), 15(Long)
TRACE [main] - <==    Columns: EMPNO, ENAME, JOB, MGR, HIREDATE, SAL, COMM, DEPTNO, PAGEHELPER_ROW_ID
TRACE [main] - <==    Columns: EMPNO, ENAME, JOB, MGR, HIREDATE, SAL, COMM, DEPTNO, PAGEHELPER_ROW_ID
TRACE [main] - <==        Row: 69, defualt, new, 1, 2023-10-19 07:24:35, 1000, 10, 20, 16
TRACE [main] - <==        Row: 69, defualt, new, 1, 2023-10-19 07:24:35, 1000, 10, 20, 16
TRACE [main] - <==        Row: 70, defualt, new, 1, 2023-10-19 07:24:35, 1000, 10, 20, 17
TRACE [main] - <==        Row: 70, defualt, new, 1, 2023-10-19 07:24:35, 1000, 10, 20, 17
TRACE [main] - <==        Row: 71, defualt, new, 1, 2023-10-19 07:24:35, 1000, 10, 20, 18
TRACE [main] - <==        Row: 71, defualt, new, 1, 2023-10-19 07:24:35, 1000, 10, 20, 18
TRACE [main] - <==        Row: 72, defualt, new, 1, 2023-10-19 07:24:35, 1000, 10, 20, 19
TRACE [main] - <==        Row: 72, defualt, new, 1, 2023-10-19 07:24:35, 1000, 10, 20, 19
TRACE [main] - <==        Row: 73, defualt, new, 1, 2023-10-19 07:24:35, 1000, 10, 20, 20
TRACE [main] - <==        Row: 73, defualt, new, 1, 2023-10-19 07:24:35, 1000, 10, 20, 20
TRACE [main] - <==        Row: 74, defualt, new, 1, 2023-10-19 07:24:35, 1000, 10, 20, 21
TRACE [main] - <==        Row: 74, defualt, new, 1, 2023-10-19 07:24:35, 1000, 10, 20, 21
TRACE [main] - <==        Row: 75, defualt, new, 1, 2023-10-19 07:24:35, 1000, 10, 20, 22
TRACE [main] - <==        Row: 75, defualt, new, 1, 2023-10-19 07:24:35, 1000, 10, 20, 22
TRACE [main] - <==        Row: 76, defualt, new, 1, 2023-10-19 07:24:35, 1000, 10, 20, 23
TRACE [main] - <==        Row: 76, defualt, new, 1, 2023-10-19 07:24:35, 1000, 10, 20, 23
TRACE [main] - <==        Row: 77, defualt, new, 1, 2023-10-19 07:24:35, 1000, 10, 20, 24
TRACE [main] - <==        Row: 77, defualt, new, 1, 2023-10-19 07:24:35, 1000, 10, 20, 24
TRACE [main] - <==        Row: 78, defualt, new, 1, 2023-10-19 07:24:35, 1000, 10, 20, 25
TRACE [main] - <==        Row: 78, defualt, new, 1, 2023-10-19 07:24:35, 1000, 10, 20, 25
TRACE [main] - <==        Row: 79, defualt, new, 1, 2023-10-19 07:24:35, 1000, 10, 20, 26
TRACE [main] - <==        Row: 79, defualt, new, 1, 2023-10-19 07:24:35, 1000, 10, 20, 26
TRACE [main] - <==        Row: 80, defualt, new, 1, 2023-10-19 07:24:35, 1000, 10, 20, 27
TRACE [main] - <==        Row: 80, defualt, new, 1, 2023-10-19 07:24:35, 1000, 10, 20, 27
TRACE [main] - <==        Row: 81, defualt, new, 1, 2023-10-19 07:24:35, 1000, 10, 20, 28
TRACE [main] - <==        Row: 81, defualt, new, 1, 2023-10-19 07:24:35, 1000, 10, 20, 28
TRACE [main] - <==        Row: 82, defualt, new, 1, 2023-10-19 07:24:35, 1000, 10, 20, 29
TRACE [main] - <==        Row: 82, defualt, new, 1, 2023-10-19 07:24:35, 1000, 10, 20, 29
TRACE [main] - <==        Row: 83, defualt, new, 1, 2023-10-19 07:24:35, 1000, 10, 20, 30
TRACE [main] - <==        Row: 83, defualt, new, 1, 2023-10-19 07:24:35, 1000, 10, 20, 30
DEBUG [main] - <==      Total: 15
DEBUG [main] - <==      Total: 15
DEBUG [main] - ==>  Preparing: SELECT count(0) FROM scott.emp WHERE (ename LIKE ?)
DEBUG [main] - ==>  Preparing: SELECT count(0) FROM scott.emp WHERE (ename LIKE ?)
DEBUG [main] - ==> Parameters: %de%(String)
DEBUG [main] - ==> Parameters: %de%(String)
TRACE [main] - <==    Columns: COUNT(0)
TRACE [main] - <==    Columns: COUNT(0)
TRACE [main] - <==        Row: 4946
TRACE [main] - <==        Row: 4946
DEBUG [main] - <==      Total: 1
DEBUG [main] - <==      Total: 1
DEBUG [main] - ==>  Preparing: SELECT * FROM ( SELECT TMP_PAGE.*, ROWNUM PAGEHELPER_ROW_ID FROM ( SELECT empno,ename,job,mgr,hiredate,sal,comm,deptno FROM scott.emp WHERE (ename LIKE ?) ORDER BY empno ASC ) TMP_PAGE) WHERE PAGEHELPER_ROW_ID <= ? AND PAGEHELPER_ROW_ID > ?
DEBUG [main] - ==>  Preparing: SELECT * FROM ( SELECT TMP_PAGE.*, ROWNUM PAGEHELPER_ROW_ID FROM ( SELECT empno,ename,job,mgr,hiredate,sal,comm,deptno FROM scott.emp WHERE (ename LIKE ?) ORDER BY empno ASC ) TMP_PAGE) WHERE PAGEHELPER_ROW_ID <= ? AND PAGEHELPER_ROW_ID > ?
DEBUG [main] - ==> Parameters: %de%(String), 15(Long), 0(Long)
DEBUG [main] - ==> Parameters: %de%(String), 15(Long), 0(Long)
TRACE [main] - <==    Columns: EMPNO, ENAME, JOB, MGR, HIREDATE, SAL, COMM, DEPTNO, PAGEHELPER_ROW_ID
TRACE [main] - <==    Columns: EMPNO, ENAME, JOB, MGR, HIREDATE, SAL, COMM, DEPTNO, PAGEHELPER_ROW_ID
TRACE [main] - <==        Row: 17, defualt, new, 1, 2023-10-19 07:24:35, 1000, 10, 20, 1
TRACE [main] - <==        Row: 17, defualt, new, 1, 2023-10-19 07:24:35, 1000, 10, 20, 1
TRACE [main] - <==        Row: 55, defualt, new, 1, 2023-10-19 07:24:35, 1000, 10, 20, 2
TRACE [main] - <==        Row: 55, defualt, new, 1, 2023-10-19 07:24:35, 1000, 10, 20, 2
TRACE [main] - <==        Row: 56, defualt, new, 1, 2023-10-19 07:24:35, 1000, 10, 20, 3
TRACE [main] - <==        Row: 56, defualt, new, 1, 2023-10-19 07:24:35, 1000, 10, 20, 3
TRACE [main] - <==        Row: 57, defualt, new, 1, 2023-10-19 07:24:35, 1000, 10, 20, 4
TRACE [main] - <==        Row: 57, defualt, new, 1, 2023-10-19 07:24:35, 1000, 10, 20, 4
TRACE [main] - <==        Row: 58, defualt, new, 1, 2023-10-19 07:24:35, 1000, 10, 20, 5
TRACE [main] - <==        Row: 58, defualt, new, 1, 2023-10-19 07:24:35, 1000, 10, 20, 5
TRACE [main] - <==        Row: 59, defualt, new, 1, 2023-10-19 07:24:35, 1000, 10, 20, 6
TRACE [main] - <==        Row: 59, defualt, new, 1, 2023-10-19 07:24:35, 1000, 10, 20, 6
TRACE [main] - <==        Row: 60, defualt, new, 1, 2023-10-19 07:24:35, 1000, 10, 20, 7
TRACE [main] - <==        Row: 60, defualt, new, 1, 2023-10-19 07:24:35, 1000, 10, 20, 7
TRACE [main] - <==        Row: 61, defualt, new, 1, 2023-10-19 07:24:35, 1000, 10, 20, 8
TRACE [main] - <==        Row: 61, defualt, new, 1, 2023-10-19 07:24:35, 1000, 10, 20, 8
TRACE [main] - <==        Row: 62, defualt, new, 1, 2023-10-19 07:24:35, 1000, 10, 20, 9
TRACE [main] - <==        Row: 62, defualt, new, 1, 2023-10-19 07:24:35, 1000, 10, 20, 9
TRACE [main] - <==        Row: 63, defualt, new, 1, 2023-10-19 07:24:35, 1000, 10, 20, 10
TRACE [main] - <==        Row: 63, defualt, new, 1, 2023-10-19 07:24:35, 1000, 10, 20, 10
TRACE [main] - <==        Row: 64, defualt, new, 1, 2023-10-19 07:24:35, 1000, 10, 20, 11
TRACE [main] - <==        Row: 64, defualt, new, 1, 2023-10-19 07:24:35, 1000, 10, 20, 11
TRACE [main] - <==        Row: 65, defualt, new, 1, 2023-10-19 07:24:35, 1000, 10, 20, 12
TRACE [main] - <==        Row: 65, defualt, new, 1, 2023-10-19 07:24:35, 1000, 10, 20, 12
TRACE [main] - <==        Row: 66, defualt, new, 1, 2023-10-19 07:24:35, 1000, 10, 20, 13
TRACE [main] - <==        Row: 66, defualt, new, 1, 2023-10-19 07:24:35, 1000, 10, 20, 13
TRACE [main] - <==        Row: 67, defualt, new, 1, 2023-10-19 07:24:35, 1000, 10, 20, 14
TRACE [main] - <==        Row: 67, defualt, new, 1, 2023-10-19 07:24:35, 1000, 10, 20, 14
TRACE [main] - <==        Row: 68, defualt, new, 1, 2023-10-19 07:24:35, 1000, 10, 20, 15
TRACE [main] - <==        Row: 68, defualt, new, 1, 2023-10-19 07:24:35, 1000, 10, 20, 15
DEBUG [main] - <==      Total: 15
DEBUG [main] - <==      Total: 15
DEBUG [main] - ==>  Preparing: SELECT count(0) FROM scott.emp
DEBUG [main] - ==>  Preparing: SELECT count(0) FROM scott.emp
DEBUG [main] - ==> Parameters: 
DEBUG [main] - ==> Parameters: 
TRACE [main] - <==    Columns: COUNT(0)
TRACE [main] - <==    Columns: COUNT(0)
TRACE [main] - <==        Row: 4966
TRACE [main] - <==        Row: 4966
DEBUG [main] - <==      Total: 1
DEBUG [main] - <==      Total: 1
DEBUG [main] - ==>  Preparing: SELECT * FROM ( SELECT TMP_PAGE.*, ROWNUM PAGEHELPER_ROW_ID FROM ( SELECT empno,ename,job,mgr,hiredate,sal,comm,deptno FROM scott.emp ORDER BY empno ASC ) TMP_PAGE) WHERE PAGEHELPER_ROW_ID <= ? AND PAGEHELPER_ROW_ID > ?
DEBUG [main] - ==>  Preparing: SELECT * FROM ( SELECT TMP_PAGE.*, ROWNUM PAGEHELPER_ROW_ID FROM ( SELECT empno,ename,job,mgr,hiredate,sal,comm,deptno FROM scott.emp ORDER BY empno ASC ) TMP_PAGE) WHERE PAGEHELPER_ROW_ID <= ? AND PAGEHELPER_ROW_ID > ?
DEBUG [main] - ==> Parameters: 30(Long), 15(Long)
DEBUG [main] - ==> Parameters: 30(Long), 15(Long)
TRACE [main] - <==    Columns: EMPNO, ENAME, JOB, MGR, HIREDATE, SAL, COMM, DEPTNO, PAGEHELPER_ROW_ID
TRACE [main] - <==    Columns: EMPNO, ENAME, JOB, MGR, HIREDATE, SAL, COMM, DEPTNO, PAGEHELPER_ROW_ID
TRACE [main] - <==        Row: 16, WEFAWEF, new, 1, 2023-10-19 00:00:00, 1000, 10, 20, 16
TRACE [main] - <==        Row: 16, WEFAWEF, new, 1, 2023-10-19 00:00:00, 1000, 10, 20, 16
TRACE [main] - <==        Row: 17, defualt, new, 1, 2023-10-19 07:24:35, 1000, 10, 20, 17
TRACE [main] - <==        Row: 17, defualt, new, 1, 2023-10-19 07:24:35, 1000, 10, 20, 17
TRACE [main] - <==        Row: 55, defualt, new, 1, 2023-10-19 07:24:35, 1000, 10, 20, 18
TRACE [main] - <==        Row: 55, defualt, new, 1, 2023-10-19 07:24:35, 1000, 10, 20, 18
TRACE [main] - <==        Row: 56, defualt, new, 1, 2023-10-19 07:24:35, 1000, 10, 20, 19
TRACE [main] - <==        Row: 56, defualt, new, 1, 2023-10-19 07:24:35, 1000, 10, 20, 19
TRACE [main] - <==        Row: 57, defualt, new, 1, 2023-10-19 07:24:35, 1000, 10, 20, 20
TRACE [main] - <==        Row: 57, defualt, new, 1, 2023-10-19 07:24:35, 1000, 10, 20, 20
TRACE [main] - <==        Row: 58, defualt, new, 1, 2023-10-19 07:24:35, 1000, 10, 20, 21
TRACE [main] - <==        Row: 58, defualt, new, 1, 2023-10-19 07:24:35, 1000, 10, 20, 21
TRACE [main] - <==        Row: 59, defualt, new, 1, 2023-10-19 07:24:35, 1000, 10, 20, 22
TRACE [main] - <==        Row: 59, defualt, new, 1, 2023-10-19 07:24:35, 1000, 10, 20, 22
TRACE [main] - <==        Row: 60, defualt, new, 1, 2023-10-19 07:24:35, 1000, 10, 20, 23
TRACE [main] - <==        Row: 60, defualt, new, 1, 2023-10-19 07:24:35, 1000, 10, 20, 23
TRACE [main] - <==        Row: 61, defualt, new, 1, 2023-10-19 07:24:35, 1000, 10, 20, 24
TRACE [main] - <==        Row: 61, defualt, new, 1, 2023-10-19 07:24:35, 1000, 10, 20, 24
TRACE [main] - <==        Row: 62, defualt, new, 1, 2023-10-19 07:24:35, 1000, 10, 20, 25
TRACE [main] - <==        Row: 62, defualt, new, 1, 2023-10-19 07:24:35, 1000, 10, 20, 25
TRACE [main] - <==        Row: 63, defualt, new, 1, 2023-10-19 07:24:35, 1000, 10, 20, 26
TRACE [main] - <==        Row: 63, defualt, new, 1, 2023-10-19 07:24:35, 1000, 10, 20, 26
TRACE [main] - <==        Row: 64, defualt, new, 1, 2023-10-19 07:24:35, 1000, 10, 20, 27
TRACE [main] - <==        Row: 64, defualt, new, 1, 2023-10-19 07:24:35, 1000, 10, 20, 27
TRACE [main] - <==        Row: 65, defualt, new, 1, 2023-10-19 07:24:35, 1000, 10, 20, 28
TRACE [main] - <==        Row: 65, defualt, new, 1, 2023-10-19 07:24:35, 1000, 10, 20, 28
TRACE [main] - <==        Row: 66, defualt, new, 1, 2023-10-19 07:24:35, 1000, 10, 20, 29
TRACE [main] - <==        Row: 66, defualt, new, 1, 2023-10-19 07:24:35, 1000, 10, 20, 29
TRACE [main] - <==        Row: 67, defualt, new, 1, 2023-10-19 07:24:35, 1000, 10, 20, 30
TRACE [main] - <==        Row: 67, defualt, new, 1, 2023-10-19 07:24:35, 1000, 10, 20, 30
DEBUG [main] - <==      Total: 15
DEBUG [main] - <==      Total: 15
DEBUG [main] - ==>  Preparing: SELECT count(0) FROM scott.emp WHERE (ename LIKE ?)
DEBUG [main] - ==>  Preparing: SELECT count(0) FROM scott.emp WHERE (ename LIKE ?)
DEBUG [main] - ==> Parameters: %de%(String)
DEBUG [main] - ==> Parameters: %de%(String)
TRACE [main] - <==    Columns: COUNT(0)
TRACE [main] - <==    Columns: COUNT(0)
TRACE [main] - <==        Row: 4946
TRACE [main] - <==        Row: 4946
DEBUG [main] - <==      Total: 1
DEBUG [main] - <==      Total: 1
DEBUG [main] - ==>  Preparing: SELECT * FROM ( SELECT TMP_PAGE.*, ROWNUM PAGEHELPER_ROW_ID FROM ( SELECT empno,ename,job,mgr,hiredate,sal,comm,deptno FROM scott.emp WHERE (ename LIKE ?) ORDER BY empno ASC ) TMP_PAGE) WHERE PAGEHELPER_ROW_ID <= ? AND PAGEHELPER_ROW_ID > ?
DEBUG [main] - ==>  Preparing: SELECT * FROM ( SELECT TMP_PAGE.*, ROWNUM PAGEHELPER_ROW_ID FROM ( SELECT empno,ename,job,mgr,hiredate,sal,comm,deptno FROM scott.emp WHERE (ename LIKE ?) ORDER BY empno ASC ) TMP_PAGE) WHERE PAGEHELPER_ROW_ID <= ? AND PAGEHELPER_ROW_ID > ?
DEBUG [main] - ==> Parameters: %de%(String), 15(Long), 0(Long)
DEBUG [main] - ==> Parameters: %de%(String), 15(Long), 0(Long)
TRACE [main] - <==    Columns: EMPNO, ENAME, JOB, MGR, HIREDATE, SAL, COMM, DEPTNO, PAGEHELPER_ROW_ID
TRACE [main] - <==    Columns: EMPNO, ENAME, JOB, MGR, HIREDATE, SAL, COMM, DEPTNO, PAGEHELPER_ROW_ID
TRACE [main] - <==        Row: 17, defualt, new, 1, 2023-10-19 07:24:35, 1000, 10, 20, 1
TRACE [main] - <==        Row: 17, defualt, new, 1, 2023-10-19 07:24:35, 1000, 10, 20, 1
TRACE [main] - <==        Row: 55, defualt, new, 1, 2023-10-19 07:24:35, 1000, 10, 20, 2
TRACE [main] - <==        Row: 55, defualt, new, 1, 2023-10-19 07:24:35, 1000, 10, 20, 2
TRACE [main] - <==        Row: 56, defualt, new, 1, 2023-10-19 07:24:35, 1000, 10, 20, 3
TRACE [main] - <==        Row: 56, defualt, new, 1, 2023-10-19 07:24:35, 1000, 10, 20, 3
TRACE [main] - <==        Row: 57, defualt, new, 1, 2023-10-19 07:24:35, 1000, 10, 20, 4
TRACE [main] - <==        Row: 57, defualt, new, 1, 2023-10-19 07:24:35, 1000, 10, 20, 4
TRACE [main] - <==        Row: 58, defualt, new, 1, 2023-10-19 07:24:35, 1000, 10, 20, 5
TRACE [main] - <==        Row: 58, defualt, new, 1, 2023-10-19 07:24:35, 1000, 10, 20, 5
TRACE [main] - <==        Row: 59, defualt, new, 1, 2023-10-19 07:24:35, 1000, 10, 20, 6
TRACE [main] - <==        Row: 59, defualt, new, 1, 2023-10-19 07:24:35, 1000, 10, 20, 6
TRACE [main] - <==        Row: 60, defualt, new, 1, 2023-10-19 07:24:35, 1000, 10, 20, 7
TRACE [main] - <==        Row: 60, defualt, new, 1, 2023-10-19 07:24:35, 1000, 10, 20, 7
TRACE [main] - <==        Row: 61, defualt, new, 1, 2023-10-19 07:24:35, 1000, 10, 20, 8
TRACE [main] - <==        Row: 61, defualt, new, 1, 2023-10-19 07:24:35, 1000, 10, 20, 8
TRACE [main] - <==        Row: 62, defualt, new, 1, 2023-10-19 07:24:35, 1000, 10, 20, 9
TRACE [main] - <==        Row: 62, defualt, new, 1, 2023-10-19 07:24:35, 1000, 10, 20, 9
TRACE [main] - <==        Row: 63, defualt, new, 1, 2023-10-19 07:24:35, 1000, 10, 20, 10
TRACE [main] - <==        Row: 63, defualt, new, 1, 2023-10-19 07:24:35, 1000, 10, 20, 10
TRACE [main] - <==        Row: 64, defualt, new, 1, 2023-10-19 07:24:35, 1000, 10, 20, 11
TRACE [main] - <==        Row: 64, defualt, new, 1, 2023-10-19 07:24:35, 1000, 10, 20, 11
TRACE [main] - <==        Row: 65, defualt, new, 1, 2023-10-19 07:24:35, 1000, 10, 20, 12
TRACE [main] - <==        Row: 65, defualt, new, 1, 2023-10-19 07:24:35, 1000, 10, 20, 12
TRACE [main] - <==        Row: 66, defualt, new, 1, 2023-10-19 07:24:35, 1000, 10, 20, 13
TRACE [main] - <==        Row: 66, defualt, new, 1, 2023-10-19 07:24:35, 1000, 10, 20, 13
TRACE [main] - <==        Row: 67, defualt, new, 1, 2023-10-19 07:24:35, 1000, 10, 20, 14
TRACE [main] - <==        Row: 67, defualt, new, 1, 2023-10-19 07:24:35, 1000, 10, 20, 14
TRACE [main] - <==        Row: 68, defualt, new, 1, 2023-10-19 07:24:35, 1000, 10, 20, 15
TRACE [main] - <==        Row: 68, defualt, new, 1, 2023-10-19 07:24:35, 1000, 10, 20, 15
DEBUG [main] - <==      Total: 15
DEBUG [main] - <==      Total: 15
DEBUG [main] - ==>  Preparing: SELECT count(0) FROM scott.emp
DEBUG [main] - ==>  Preparing: SELECT count(0) FROM scott.emp
DEBUG [main] - ==> Parameters: 
DEBUG [main] - ==> Parameters: 
TRACE [main] - <==    Columns: COUNT(0)
TRACE [main] - <==    Columns: COUNT(0)
TRACE [main] - <==        Row: 4966
TRACE [main] - <==        Row: 4966
DEBUG [main] - <==      Total: 1
DEBUG [main] - <==      Total: 1
DEBUG [main] - ==>  Preparing: SELECT * FROM ( SELECT TMP_PAGE.*, ROWNUM PAGEHELPER_ROW_ID FROM ( SELECT empno,ename,job,mgr,hiredate,sal,comm,deptno FROM scott.emp ORDER BY empno ASC ) TMP_PAGE) WHERE PAGEHELPER_ROW_ID <= ? AND PAGEHELPER_ROW_ID > ?
DEBUG [main] - ==>  Preparing: SELECT * FROM ( SELECT TMP_PAGE.*, ROWNUM PAGEHELPER_ROW_ID FROM ( SELECT empno,ename,job,mgr,hiredate,sal,comm,deptno FROM scott.emp ORDER BY empno ASC ) TMP_PAGE) WHERE PAGEHELPER_ROW_ID <= ? AND PAGEHELPER_ROW_ID > ?
DEBUG [main] - ==> Parameters: 30(Long), 15(Long)
DEBUG [main] - ==> Parameters: 30(Long), 15(Long)
TRACE [main] - <==    Columns: EMPNO, ENAME, JOB, MGR, HIREDATE, SAL, COMM, DEPTNO, PAGEHELPER_ROW_ID
TRACE [main] - <==    Columns: EMPNO, ENAME, JOB, MGR, HIREDATE, SAL, COMM, DEPTNO, PAGEHELPER_ROW_ID
TRACE [main] - <==        Row: 16, WEFAWEF, new, 1, 2023-10-19 00:00:00, 1000, 10, 20, 16
TRACE [main] - <==        Row: 16, WEFAWEF, new, 1, 2023-10-19 00:00:00, 1000, 10, 20, 16
TRACE [main] - <==        Row: 17, defualt, new, 1, 2023-10-19 07:24:35, 1000, 10, 20, 17
TRACE [main] - <==        Row: 17, defualt, new, 1, 2023-10-19 07:24:35, 1000, 10, 20, 17
TRACE [main] - <==        Row: 55, defualt, new, 1, 2023-10-19 07:24:35, 1000, 10, 20, 18
TRACE [main] - <==        Row: 55, defualt, new, 1, 2023-10-19 07:24:35, 1000, 10, 20, 18
TRACE [main] - <==        Row: 56, defualt, new, 1, 2023-10-19 07:24:35, 1000, 10, 20, 19
TRACE [main] - <==        Row: 56, defualt, new, 1, 2023-10-19 07:24:35, 1000, 10, 20, 19
TRACE [main] - <==        Row: 57, defualt, new, 1, 2023-10-19 07:24:35, 1000, 10, 20, 20
TRACE [main] - <==        Row: 57, defualt, new, 1, 2023-10-19 07:24:35, 1000, 10, 20, 20
TRACE [main] - <==        Row: 58, defualt, new, 1, 2023-10-19 07:24:35, 1000, 10, 20, 21
TRACE [main] - <==        Row: 58, defualt, new, 1, 2023-10-19 07:24:35, 1000, 10, 20, 21
TRACE [main] - <==        Row: 59, defualt, new, 1, 2023-10-19 07:24:35, 1000, 10, 20, 22
TRACE [main] - <==        Row: 59, defualt, new, 1, 2023-10-19 07:24:35, 1000, 10, 20, 22
TRACE [main] - <==        Row: 60, defualt, new, 1, 2023-10-19 07:24:35, 1000, 10, 20, 23
TRACE [main] - <==        Row: 60, defualt, new, 1, 2023-10-19 07:24:35, 1000, 10, 20, 23
TRACE [main] - <==        Row: 61, defualt, new, 1, 2023-10-19 07:24:35, 1000, 10, 20, 24
TRACE [main] - <==        Row: 61, defualt, new, 1, 2023-10-19 07:24:35, 1000, 10, 20, 24
TRACE [main] - <==        Row: 62, defualt, new, 1, 2023-10-19 07:24:35, 1000, 10, 20, 25
TRACE [main] - <==        Row: 62, defualt, new, 1, 2023-10-19 07:24:35, 1000, 10, 20, 25
TRACE [main] - <==        Row: 63, defualt, new, 1, 2023-10-19 07:24:35, 1000, 10, 20, 26
TRACE [main] - <==        Row: 63, defualt, new, 1, 2023-10-19 07:24:35, 1000, 10, 20, 26
TRACE [main] - <==        Row: 64, defualt, new, 1, 2023-10-19 07:24:35, 1000, 10, 20, 27
TRACE [main] - <==        Row: 64, defualt, new, 1, 2023-10-19 07:24:35, 1000, 10, 20, 27
TRACE [main] - <==        Row: 65, defualt, new, 1, 2023-10-19 07:24:35, 1000, 10, 20, 28
TRACE [main] - <==        Row: 65, defualt, new, 1, 2023-10-19 07:24:35, 1000, 10, 20, 28
TRACE [main] - <==        Row: 66, defualt, new, 1, 2023-10-19 07:24:35, 1000, 10, 20, 29
TRACE [main] - <==        Row: 66, defualt, new, 1, 2023-10-19 07:24:35, 1000, 10, 20, 29
TRACE [main] - <==        Row: 67, defualt, new, 1, 2023-10-19 07:24:35, 1000, 10, 20, 30
TRACE [main] - <==        Row: 67, defualt, new, 1, 2023-10-19 07:24:35, 1000, 10, 20, 30
DEBUG [main] - <==      Total: 15
DEBUG [main] - <==      Total: 15
DEBUG [main] - ==>  Preparing: SELECT count(0) FROM scott.emp WHERE (ename LIKE ?)
DEBUG [main] - ==>  Preparing: SELECT count(0) FROM scott.emp WHERE (ename LIKE ?)
DEBUG [main] - ==> Parameters: %de%(String)
DEBUG [main] - ==> Parameters: %de%(String)
TRACE [main] - <==    Columns: COUNT(0)
TRACE [main] - <==    Columns: COUNT(0)
TRACE [main] - <==        Row: 4946
TRACE [main] - <==        Row: 4946
DEBUG [main] - <==      Total: 1
DEBUG [main] - <==      Total: 1
DEBUG [main] - ==>  Preparing: SELECT * FROM ( SELECT TMP_PAGE.*, ROWNUM PAGEHELPER_ROW_ID FROM ( SELECT empno,ename,job,mgr,hiredate,sal,comm,deptno FROM scott.emp WHERE (ename LIKE ?) ORDER BY empno ASC ) TMP_PAGE) WHERE PAGEHELPER_ROW_ID <= ? AND PAGEHELPER_ROW_ID > ?
DEBUG [main] - ==>  Preparing: SELECT * FROM ( SELECT TMP_PAGE.*, ROWNUM PAGEHELPER_ROW_ID FROM ( SELECT empno,ename,job,mgr,hiredate,sal,comm,deptno FROM scott.emp WHERE (ename LIKE ?) ORDER BY empno ASC ) TMP_PAGE) WHERE PAGEHELPER_ROW_ID <= ? AND PAGEHELPER_ROW_ID > ?
DEBUG [main] - ==> Parameters: %de%(String), 15(Long), 0(Long)
DEBUG [main] - ==> Parameters: %de%(String), 15(Long), 0(Long)
TRACE [main] - <==    Columns: EMPNO, ENAME, JOB, MGR, HIREDATE, SAL, COMM, DEPTNO, PAGEHELPER_ROW_ID
TRACE [main] - <==    Columns: EMPNO, ENAME, JOB, MGR, HIREDATE, SAL, COMM, DEPTNO, PAGEHELPER_ROW_ID
TRACE [main] - <==        Row: 17, defualt, new, 1, 2023-10-19 07:24:35, 1000, 10, 20, 1
TRACE [main] - <==        Row: 17, defualt, new, 1, 2023-10-19 07:24:35, 1000, 10, 20, 1
TRACE [main] - <==        Row: 55, defualt, new, 1, 2023-10-19 07:24:35, 1000, 10, 20, 2
TRACE [main] - <==        Row: 55, defualt, new, 1, 2023-10-19 07:24:35, 1000, 10, 20, 2
TRACE [main] - <==        Row: 56, defualt, new, 1, 2023-10-19 07:24:35, 1000, 10, 20, 3
TRACE [main] - <==        Row: 56, defualt, new, 1, 2023-10-19 07:24:35, 1000, 10, 20, 3
TRACE [main] - <==        Row: 57, defualt, new, 1, 2023-10-19 07:24:35, 1000, 10, 20, 4
TRACE [main] - <==        Row: 57, defualt, new, 1, 2023-10-19 07:24:35, 1000, 10, 20, 4
TRACE [main] - <==        Row: 58, defualt, new, 1, 2023-10-19 07:24:35, 1000, 10, 20, 5
TRACE [main] - <==        Row: 58, defualt, new, 1, 2023-10-19 07:24:35, 1000, 10, 20, 5
TRACE [main] - <==        Row: 59, defualt, new, 1, 2023-10-19 07:24:35, 1000, 10, 20, 6
TRACE [main] - <==        Row: 59, defualt, new, 1, 2023-10-19 07:24:35, 1000, 10, 20, 6
TRACE [main] - <==        Row: 60, defualt, new, 1, 2023-10-19 07:24:35, 1000, 10, 20, 7
TRACE [main] - <==        Row: 60, defualt, new, 1, 2023-10-19 07:24:35, 1000, 10, 20, 7
TRACE [main] - <==        Row: 61, defualt, new, 1, 2023-10-19 07:24:35, 1000, 10, 20, 8
TRACE [main] - <==        Row: 61, defualt, new, 1, 2023-10-19 07:24:35, 1000, 10, 20, 8
TRACE [main] - <==        Row: 62, defualt, new, 1, 2023-10-19 07:24:35, 1000, 10, 20, 9
TRACE [main] - <==        Row: 62, defualt, new, 1, 2023-10-19 07:24:35, 1000, 10, 20, 9
TRACE [main] - <==        Row: 63, defualt, new, 1, 2023-10-19 07:24:35, 1000, 10, 20, 10
TRACE [main] - <==        Row: 63, defualt, new, 1, 2023-10-19 07:24:35, 1000, 10, 20, 10
TRACE [main] - <==        Row: 64, defualt, new, 1, 2023-10-19 07:24:35, 1000, 10, 20, 11
TRACE [main] - <==        Row: 64, defualt, new, 1, 2023-10-19 07:24:35, 1000, 10, 20, 11
TRACE [main] - <==        Row: 65, defualt, new, 1, 2023-10-19 07:24:35, 1000, 10, 20, 12
TRACE [main] - <==        Row: 65, defualt, new, 1, 2023-10-19 07:24:35, 1000, 10, 20, 12
TRACE [main] - <==        Row: 66, defualt, new, 1, 2023-10-19 07:24:35, 1000, 10, 20, 13
TRACE [main] - <==        Row: 66, defualt, new, 1, 2023-10-19 07:24:35, 1000, 10, 20, 13
TRACE [main] - <==        Row: 67, defualt, new, 1, 2023-10-19 07:24:35, 1000, 10, 20, 14
TRACE [main] - <==        Row: 67, defualt, new, 1, 2023-10-19 07:24:35, 1000, 10, 20, 14
TRACE [main] - <==        Row: 68, defualt, new, 1, 2023-10-19 07:24:35, 1000, 10, 20, 15
TRACE [main] - <==        Row: 68, defualt, new, 1, 2023-10-19 07:24:35, 1000, 10, 20, 15
DEBUG [main] - <==      Total: 15
DEBUG [main] - <==      Total: 15
DEBUG [main] - ==>  Preparing: SELECT count(0) FROM scott.emp
DEBUG [main] - ==>  Preparing: SELECT count(0) FROM scott.emp
DEBUG [main] - ==> Parameters: 
DEBUG [main] - ==> Parameters: 
TRACE [main] - <==    Columns: COUNT(0)
TRACE [main] - <==    Columns: COUNT(0)
TRACE [main] - <==        Row: 4966
TRACE [main] - <==        Row: 4966
DEBUG [main] - <==      Total: 1
DEBUG [main] - <==      Total: 1
DEBUG [main] - ==>  Preparing: SELECT * FROM ( SELECT TMP_PAGE.*, ROWNUM PAGEHELPER_ROW_ID FROM ( SELECT empno,ename,job,mgr,hiredate,sal,comm,deptno FROM scott.emp ORDER BY empno ASC ) TMP_PAGE) WHERE PAGEHELPER_ROW_ID <= ? AND PAGEHELPER_ROW_ID > ?
DEBUG [main] - ==>  Preparing: SELECT * FROM ( SELECT TMP_PAGE.*, ROWNUM PAGEHELPER_ROW_ID FROM ( SELECT empno,ename,job,mgr,hiredate,sal,comm,deptno FROM scott.emp ORDER BY empno ASC ) TMP_PAGE) WHERE PAGEHELPER_ROW_ID <= ? AND PAGEHELPER_ROW_ID > ?
DEBUG [main] - ==> Parameters: 30(Long), 15(Long)
DEBUG [main] - ==> Parameters: 30(Long), 15(Long)
TRACE [main] - <==    Columns: EMPNO, ENAME, JOB, MGR, HIREDATE, SAL, COMM, DEPTNO, PAGEHELPER_ROW_ID
TRACE [main] - <==    Columns: EMPNO, ENAME, JOB, MGR, HIREDATE, SAL, COMM, DEPTNO, PAGEHELPER_ROW_ID
TRACE [main] - <==        Row: 16, WEFAWEF, new, 1, 2023-10-19 00:00:00, 1000, 10, 20, 16
TRACE [main] - <==        Row: 16, WEFAWEF, new, 1, 2023-10-19 00:00:00, 1000, 10, 20, 16
TRACE [main] - <==        Row: 17, defualt, new, 1, 2023-10-19 07:24:35, 1000, 10, 20, 17
TRACE [main] - <==        Row: 17, defualt, new, 1, 2023-10-19 07:24:35, 1000, 10, 20, 17
TRACE [main] - <==        Row: 55, defualt, new, 1, 2023-10-19 07:24:35, 1000, 10, 20, 18
TRACE [main] - <==        Row: 55, defualt, new, 1, 2023-10-19 07:24:35, 1000, 10, 20, 18
TRACE [main] - <==        Row: 56, defualt, new, 1, 2023-10-19 07:24:35, 1000, 10, 20, 19
TRACE [main] - <==        Row: 56, defualt, new, 1, 2023-10-19 07:24:35, 1000, 10, 20, 19
TRACE [main] - <==        Row: 57, defualt, new, 1, 2023-10-19 07:24:35, 1000, 10, 20, 20
TRACE [main] - <==        Row: 57, defualt, new, 1, 2023-10-19 07:24:35, 1000, 10, 20, 20
TRACE [main] - <==        Row: 58, defualt, new, 1, 2023-10-19 07:24:35, 1000, 10, 20, 21
TRACE [main] - <==        Row: 58, defualt, new, 1, 2023-10-19 07:24:35, 1000, 10, 20, 21
TRACE [main] - <==        Row: 59, defualt, new, 1, 2023-10-19 07:24:35, 1000, 10, 20, 22
TRACE [main] - <==        Row: 59, defualt, new, 1, 2023-10-19 07:24:35, 1000, 10, 20, 22
TRACE [main] - <==        Row: 60, defualt, new, 1, 2023-10-19 07:24:35, 1000, 10, 20, 23
TRACE [main] - <==        Row: 60, defualt, new, 1, 2023-10-19 07:24:35, 1000, 10, 20, 23
TRACE [main] - <==        Row: 61, defualt, new, 1, 2023-10-19 07:24:35, 1000, 10, 20, 24
TRACE [main] - <==        Row: 61, defualt, new, 1, 2023-10-19 07:24:35, 1000, 10, 20, 24
TRACE [main] - <==        Row: 62, defualt, new, 1, 2023-10-19 07:24:35, 1000, 10, 20, 25
TRACE [main] - <==        Row: 62, defualt, new, 1, 2023-10-19 07:24:35, 1000, 10, 20, 25
TRACE [main] - <==        Row: 63, defualt, new, 1, 2023-10-19 07:24:35, 1000, 10, 20, 26
TRACE [main] - <==        Row: 63, defualt, new, 1, 2023-10-19 07:24:35, 1000, 10, 20, 26
TRACE [main] - <==        Row: 64, defualt, new, 1, 2023-10-19 07:24:35, 1000, 10, 20, 27
TRACE [main] - <==        Row: 64, defualt, new, 1, 2023-10-19 07:24:35, 1000, 10, 20, 27
TRACE [main] - <==        Row: 65, defualt, new, 1, 2023-10-19 07:24:35, 1000, 10, 20, 28
TRACE [main] - <==        Row: 65, defualt, new, 1, 2023-10-19 07:24:35, 1000, 10, 20, 28
TRACE [main] - <==        Row: 66, defualt, new, 1, 2023-10-19 07:24:35, 1000, 10, 20, 29
TRACE [main] - <==        Row: 66, defualt, new, 1, 2023-10-19 07:24:35, 1000, 10, 20, 29
TRACE [main] - <==        Row: 67, defualt, new, 1, 2023-10-19 07:24:35, 1000, 10, 20, 30
TRACE [main] - <==        Row: 67, defualt, new, 1, 2023-10-19 07:24:35, 1000, 10, 20, 30
DEBUG [main] - <==      Total: 15
DEBUG [main] - <==      Total: 15
DEBUG [main] - ==>  Preparing: SELECT count(0) FROM scott.emp WHERE (ename LIKE ?)
DEBUG [main] - ==>  Preparing: SELECT count(0) FROM scott.emp WHERE (ename LIKE ?)
DEBUG [main] - ==> Parameters: %de%(String)
DEBUG [main] - ==> Parameters: %de%(String)
TRACE [main] - <==    Columns: COUNT(0)
TRACE [main] - <==    Columns: COUNT(0)
TRACE [main] - <==        Row: 4946
TRACE [main] - <==        Row: 4946
DEBUG [main] - <==      Total: 1
DEBUG [main] - <==      Total: 1
DEBUG [main] - ==>  Preparing: SELECT * FROM ( SELECT TMP_PAGE.*, ROWNUM PAGEHELPER_ROW_ID FROM ( SELECT empno,ename,job,mgr,hiredate,sal,comm,deptno FROM scott.emp WHERE (ename LIKE ?) ORDER BY empno ASC ) TMP_PAGE) WHERE PAGEHELPER_ROW_ID <= ? AND PAGEHELPER_ROW_ID > ?
DEBUG [main] - ==>  Preparing: SELECT * FROM ( SELECT TMP_PAGE.*, ROWNUM PAGEHELPER_ROW_ID FROM ( SELECT empno,ename,job,mgr,hiredate,sal,comm,deptno FROM scott.emp WHERE (ename LIKE ?) ORDER BY empno ASC ) TMP_PAGE) WHERE PAGEHELPER_ROW_ID <= ? AND PAGEHELPER_ROW_ID > ?
DEBUG [main] - ==> Parameters: %de%(String), 15(Long), 0(Long)
DEBUG [main] - ==> Parameters: %de%(String), 15(Long), 0(Long)
TRACE [main] - <==    Columns: EMPNO, ENAME, JOB, MGR, HIREDATE, SAL, COMM, DEPTNO, PAGEHELPER_ROW_ID
TRACE [main] - <==    Columns: EMPNO, ENAME, JOB, MGR, HIREDATE, SAL, COMM, DEPTNO, PAGEHELPER_ROW_ID
TRACE [main] - <==        Row: 17, defualt, new, 1, 2023-10-19 07:24:35, 1000, 10, 20, 1
TRACE [main] - <==        Row: 17, defualt, new, 1, 2023-10-19 07:24:35, 1000, 10, 20, 1
TRACE [main] - <==        Row: 55, defualt, new, 1, 2023-10-19 07:24:35, 1000, 10, 20, 2
TRACE [main] - <==        Row: 55, defualt, new, 1, 2023-10-19 07:24:35, 1000, 10, 20, 2
TRACE [main] - <==        Row: 56, defualt, new, 1, 2023-10-19 07:24:35, 1000, 10, 20, 3
TRACE [main] - <==        Row: 56, defualt, new, 1, 2023-10-19 07:24:35, 1000, 10, 20, 3
TRACE [main] - <==        Row: 57, defualt, new, 1, 2023-10-19 07:24:35, 1000, 10, 20, 4
TRACE [main] - <==        Row: 57, defualt, new, 1, 2023-10-19 07:24:35, 1000, 10, 20, 4
TRACE [main] - <==        Row: 58, defualt, new, 1, 2023-10-19 07:24:35, 1000, 10, 20, 5
TRACE [main] - <==        Row: 58, defualt, new, 1, 2023-10-19 07:24:35, 1000, 10, 20, 5
TRACE [main] - <==        Row: 59, defualt, new, 1, 2023-10-19 07:24:35, 1000, 10, 20, 6
TRACE [main] - <==        Row: 59, defualt, new, 1, 2023-10-19 07:24:35, 1000, 10, 20, 6
TRACE [main] - <==        Row: 60, defualt, new, 1, 2023-10-19 07:24:35, 1000, 10, 20, 7
TRACE [main] - <==        Row: 60, defualt, new, 1, 2023-10-19 07:24:35, 1000, 10, 20, 7
TRACE [main] - <==        Row: 61, defualt, new, 1, 2023-10-19 07:24:35, 1000, 10, 20, 8
TRACE [main] - <==        Row: 61, defualt, new, 1, 2023-10-19 07:24:35, 1000, 10, 20, 8
TRACE [main] - <==        Row: 62, defualt, new, 1, 2023-10-19 07:24:35, 1000, 10, 20, 9
TRACE [main] - <==        Row: 62, defualt, new, 1, 2023-10-19 07:24:35, 1000, 10, 20, 9
TRACE [main] - <==        Row: 63, defualt, new, 1, 2023-10-19 07:24:35, 1000, 10, 20, 10
TRACE [main] - <==        Row: 63, defualt, new, 1, 2023-10-19 07:24:35, 1000, 10, 20, 10
TRACE [main] - <==        Row: 64, defualt, new, 1, 2023-10-19 07:24:35, 1000, 10, 20, 11
TRACE [main] - <==        Row: 64, defualt, new, 1, 2023-10-19 07:24:35, 1000, 10, 20, 11
TRACE [main] - <==        Row: 65, defualt, new, 1, 2023-10-19 07:24:35, 1000, 10, 20, 12
TRACE [main] - <==        Row: 65, defualt, new, 1, 2023-10-19 07:24:35, 1000, 10, 20, 12
TRACE [main] - <==        Row: 66, defualt, new, 1, 2023-10-19 07:24:35, 1000, 10, 20, 13
TRACE [main] - <==        Row: 66, defualt, new, 1, 2023-10-19 07:24:35, 1000, 10, 20, 13
TRACE [main] - <==        Row: 67, defualt, new, 1, 2023-10-19 07:24:35, 1000, 10, 20, 14
TRACE [main] - <==        Row: 67, defualt, new, 1, 2023-10-19 07:24:35, 1000, 10, 20, 14
TRACE [main] - <==        Row: 68, defualt, new, 1, 2023-10-19 07:24:35, 1000, 10, 20, 15
TRACE [main] - <==        Row: 68, defualt, new, 1, 2023-10-19 07:24:35, 1000, 10, 20, 15
DEBUG [main] - <==      Total: 15
DEBUG [main] - <==      Total: 15
DEBUG [main] - ==>  Preparing: SELECT count(0) FROM scott.emp
DEBUG [main] - ==>  Preparing: SELECT count(0) FROM scott.emp
DEBUG [main] - ==> Parameters: 
DEBUG [main] - ==> Parameters: 
TRACE [main] - <==    Columns: COUNT(0)
TRACE [main] - <==    Columns: COUNT(0)
TRACE [main] - <==        Row: 4966
TRACE [main] - <==        Row: 4966
DEBUG [main] - <==      Total: 1
DEBUG [main] - <==      Total: 1
DEBUG [main] - ==>  Preparing: SELECT * FROM ( SELECT TMP_PAGE.*, ROWNUM PAGEHELPER_ROW_ID FROM ( SELECT empno,ename,job,mgr,hiredate,sal,comm,deptno FROM scott.emp ORDER BY empno ASC ) TMP_PAGE) WHERE PAGEHELPER_ROW_ID <= ? AND PAGEHELPER_ROW_ID > ?
DEBUG [main] - ==>  Preparing: SELECT * FROM ( SELECT TMP_PAGE.*, ROWNUM PAGEHELPER_ROW_ID FROM ( SELECT empno,ename,job,mgr,hiredate,sal,comm,deptno FROM scott.emp ORDER BY empno ASC ) TMP_PAGE) WHERE PAGEHELPER_ROW_ID <= ? AND PAGEHELPER_ROW_ID > ?
DEBUG [main] - ==> Parameters: 30(Long), 15(Long)
DEBUG [main] - ==> Parameters: 30(Long), 15(Long)
TRACE [main] - <==    Columns: EMPNO, ENAME, JOB, MGR, HIREDATE, SAL, COMM, DEPTNO, PAGEHELPER_ROW_ID
TRACE [main] - <==    Columns: EMPNO, ENAME, JOB, MGR, HIREDATE, SAL, COMM, DEPTNO, PAGEHELPER_ROW_ID
TRACE [main] - <==        Row: 16, WEFAWEF, new, 1, 2023-10-19 00:00:00, 1000, 10, 20, 16
TRACE [main] - <==        Row: 16, WEFAWEF, new, 1, 2023-10-19 00:00:00, 1000, 10, 20, 16
TRACE [main] - <==        Row: 17, defualt, new, 1, 2023-10-19 07:24:35, 1000, 10, 20, 17
TRACE [main] - <==        Row: 17, defualt, new, 1, 2023-10-19 07:24:35, 1000, 10, 20, 17
TRACE [main] - <==        Row: 55, defualt, new, 1, 2023-10-19 07:24:35, 1000, 10, 20, 18
TRACE [main] - <==        Row: 55, defualt, new, 1, 2023-10-19 07:24:35, 1000, 10, 20, 18
TRACE [main] - <==        Row: 56, defualt, new, 1, 2023-10-19 07:24:35, 1000, 10, 20, 19
TRACE [main] - <==        Row: 56, defualt, new, 1, 2023-10-19 07:24:35, 1000, 10, 20, 19
TRACE [main] - <==        Row: 57, defualt, new, 1, 2023-10-19 07:24:35, 1000, 10, 20, 20
TRACE [main] - <==        Row: 57, defualt, new, 1, 2023-10-19 07:24:35, 1000, 10, 20, 20
TRACE [main] - <==        Row: 58, defualt, new, 1, 2023-10-19 07:24:35, 1000, 10, 20, 21
TRACE [main] - <==        Row: 58, defualt, new, 1, 2023-10-19 07:24:35, 1000, 10, 20, 21
TRACE [main] - <==        Row: 59, defualt, new, 1, 2023-10-19 07:24:35, 1000, 10, 20, 22
TRACE [main] - <==        Row: 59, defualt, new, 1, 2023-10-19 07:24:35, 1000, 10, 20, 22
TRACE [main] - <==        Row: 60, defualt, new, 1, 2023-10-19 07:24:35, 1000, 10, 20, 23
TRACE [main] - <==        Row: 60, defualt, new, 1, 2023-10-19 07:24:35, 1000, 10, 20, 23
TRACE [main] - <==        Row: 61, defualt, new, 1, 2023-10-19 07:24:35, 1000, 10, 20, 24
TRACE [main] - <==        Row: 61, defualt, new, 1, 2023-10-19 07:24:35, 1000, 10, 20, 24
TRACE [main] - <==        Row: 62, defualt, new, 1, 2023-10-19 07:24:35, 1000, 10, 20, 25
TRACE [main] - <==        Row: 62, defualt, new, 1, 2023-10-19 07:24:35, 1000, 10, 20, 25
TRACE [main] - <==        Row: 63, defualt, new, 1, 2023-10-19 07:24:35, 1000, 10, 20, 26
TRACE [main] - <==        Row: 63, defualt, new, 1, 2023-10-19 07:24:35, 1000, 10, 20, 26
TRACE [main] - <==        Row: 64, defualt, new, 1, 2023-10-19 07:24:35, 1000, 10, 20, 27
TRACE [main] - <==        Row: 64, defualt, new, 1, 2023-10-19 07:24:35, 1000, 10, 20, 27
TRACE [main] - <==        Row: 65, defualt, new, 1, 2023-10-19 07:24:35, 1000, 10, 20, 28
TRACE [main] - <==        Row: 65, defualt, new, 1, 2023-10-19 07:24:35, 1000, 10, 20, 28
TRACE [main] - <==        Row: 66, defualt, new, 1, 2023-10-19 07:24:35, 1000, 10, 20, 29
TRACE [main] - <==        Row: 66, defualt, new, 1, 2023-10-19 07:24:35, 1000, 10, 20, 29
TRACE [main] - <==        Row: 67, defualt, new, 1, 2023-10-19 07:24:35, 1000, 10, 20, 30
TRACE [main] - <==        Row: 67, defualt, new, 1, 2023-10-19 07:24:35, 1000, 10, 20, 30
DEBUG [main] - <==      Total: 15
DEBUG [main] - <==      Total: 15
DEBUG [main] - ==>  Preparing: SELECT count(0) FROM scott.emp WHERE (ename LIKE ?)
DEBUG [main] - ==>  Preparing: SELECT count(0) FROM scott.emp WHERE (ename LIKE ?)
DEBUG [main] - ==> Parameters: %de%(String)
DEBUG [main] - ==> Parameters: %de%(String)
TRACE [main] - <==    Columns: COUNT(0)
TRACE [main] - <==    Columns: COUNT(0)
TRACE [main] - <==        Row: 4946
TRACE [main] - <==        Row: 4946
DEBUG [main] - <==      Total: 1
DEBUG [main] - <==      Total: 1
DEBUG [main] - ==>  Preparing: SELECT * FROM ( SELECT TMP_PAGE.*, ROWNUM PAGEHELPER_ROW_ID FROM ( SELECT empno,ename,job,mgr,hiredate,sal,comm,deptno FROM scott.emp WHERE (ename LIKE ?) ORDER BY empno ASC ) TMP_PAGE) WHERE PAGEHELPER_ROW_ID <= ? AND PAGEHELPER_ROW_ID > ?
DEBUG [main] - ==>  Preparing: SELECT * FROM ( SELECT TMP_PAGE.*, ROWNUM PAGEHELPER_ROW_ID FROM ( SELECT empno,ename,job,mgr,hiredate,sal,comm,deptno FROM scott.emp WHERE (ename LIKE ?) ORDER BY empno ASC ) TMP_PAGE) WHERE PAGEHELPER_ROW_ID <= ? AND PAGEHELPER_ROW_ID > ?
DEBUG [main] - ==> Parameters: %de%(String), 15(Long), 0(Long)
DEBUG [main] - ==> Parameters: %de%(String), 15(Long), 0(Long)
TRACE [main] - <==    Columns: EMPNO, ENAME, JOB, MGR, HIREDATE, SAL, COMM, DEPTNO, PAGEHELPER_ROW_ID
TRACE [main] - <==    Columns: EMPNO, ENAME, JOB, MGR, HIREDATE, SAL, COMM, DEPTNO, PAGEHELPER_ROW_ID
TRACE [main] - <==        Row: 17, defualt, new, 1, 2023-10-19 07:24:35, 1000, 10, 20, 1
TRACE [main] - <==        Row: 17, defualt, new, 1, 2023-10-19 07:24:35, 1000, 10, 20, 1
TRACE [main] - <==        Row: 55, defualt, new, 1, 2023-10-19 07:24:35, 1000, 10, 20, 2
TRACE [main] - <==        Row: 55, defualt, new, 1, 2023-10-19 07:24:35, 1000, 10, 20, 2
TRACE [main] - <==        Row: 56, defualt, new, 1, 2023-10-19 07:24:35, 1000, 10, 20, 3
TRACE [main] - <==        Row: 56, defualt, new, 1, 2023-10-19 07:24:35, 1000, 10, 20, 3
TRACE [main] - <==        Row: 57, defualt, new, 1, 2023-10-19 07:24:35, 1000, 10, 20, 4
TRACE [main] - <==        Row: 57, defualt, new, 1, 2023-10-19 07:24:35, 1000, 10, 20, 4
TRACE [main] - <==        Row: 58, defualt, new, 1, 2023-10-19 07:24:35, 1000, 10, 20, 5
TRACE [main] - <==        Row: 58, defualt, new, 1, 2023-10-19 07:24:35, 1000, 10, 20, 5
TRACE [main] - <==        Row: 59, defualt, new, 1, 2023-10-19 07:24:35, 1000, 10, 20, 6
TRACE [main] - <==        Row: 59, defualt, new, 1, 2023-10-19 07:24:35, 1000, 10, 20, 6
TRACE [main] - <==        Row: 60, defualt, new, 1, 2023-10-19 07:24:35, 1000, 10, 20, 7
TRACE [main] - <==        Row: 60, defualt, new, 1, 2023-10-19 07:24:35, 1000, 10, 20, 7
TRACE [main] - <==        Row: 61, defualt, new, 1, 2023-10-19 07:24:35, 1000, 10, 20, 8
TRACE [main] - <==        Row: 61, defualt, new, 1, 2023-10-19 07:24:35, 1000, 10, 20, 8
TRACE [main] - <==        Row: 62, defualt, new, 1, 2023-10-19 07:24:35, 1000, 10, 20, 9
TRACE [main] - <==        Row: 62, defualt, new, 1, 2023-10-19 07:24:35, 1000, 10, 20, 9
TRACE [main] - <==        Row: 63, defualt, new, 1, 2023-10-19 07:24:35, 1000, 10, 20, 10
TRACE [main] - <==        Row: 63, defualt, new, 1, 2023-10-19 07:24:35, 1000, 10, 20, 10
TRACE [main] - <==        Row: 64, defualt, new, 1, 2023-10-19 07:24:35, 1000, 10, 20, 11
TRACE [main] - <==        Row: 64, defualt, new, 1, 2023-10-19 07:24:35, 1000, 10, 20, 11
TRACE [main] - <==        Row: 65, defualt, new, 1, 2023-10-19 07:24:35, 1000, 10, 20, 12
TRACE [main] - <==        Row: 65, defualt, new, 1, 2023-10-19 07:24:35, 1000, 10, 20, 12
TRACE [main] - <==        Row: 66, defualt, new, 1, 2023-10-19 07:24:35, 1000, 10, 20, 13
TRACE [main] - <==        Row: 66, defualt, new, 1, 2023-10-19 07:24:35, 1000, 10, 20, 13
TRACE [main] - <==        Row: 67, defualt, new, 1, 2023-10-19 07:24:35, 1000, 10, 20, 14
TRACE [main] - <==        Row: 67, defualt, new, 1, 2023-10-19 07:24:35, 1000, 10, 20, 14
TRACE [main] - <==        Row: 68, defualt, new, 1, 2023-10-19 07:24:35, 1000, 10, 20, 15
TRACE [main] - <==        Row: 68, defualt, new, 1, 2023-10-19 07:24:35, 1000, 10, 20, 15
DEBUG [main] - <==      Total: 15
DEBUG [main] - <==      Total: 15
DEBUG [main] - ==>  Preparing: SELECT count(0) FROM scott.emp
DEBUG [main] - ==>  Preparing: SELECT count(0) FROM scott.emp
DEBUG [main] - ==> Parameters: 
DEBUG [main] - ==> Parameters: 
TRACE [main] - <==    Columns: COUNT(0)
TRACE [main] - <==    Columns: COUNT(0)
TRACE [main] - <==        Row: 4966
TRACE [main] - <==        Row: 4966
DEBUG [main] - <==      Total: 1
DEBUG [main] - <==      Total: 1
DEBUG [main] - ==>  Preparing: SELECT * FROM ( SELECT TMP_PAGE.*, ROWNUM PAGEHELPER_ROW_ID FROM ( SELECT empno,ename,job,mgr,hiredate,sal,comm,deptno FROM scott.emp ORDER BY empno ASC ) TMP_PAGE) WHERE PAGEHELPER_ROW_ID <= ? AND PAGEHELPER_ROW_ID > ?
DEBUG [main] - ==>  Preparing: SELECT * FROM ( SELECT TMP_PAGE.*, ROWNUM PAGEHELPER_ROW_ID FROM ( SELECT empno,ename,job,mgr,hiredate,sal,comm,deptno FROM scott.emp ORDER BY empno ASC ) TMP_PAGE) WHERE PAGEHELPER_ROW_ID <= ? AND PAGEHELPER_ROW_ID > ?
DEBUG [main] - ==> Parameters: 30(Long), 15(Long)
DEBUG [main] - ==> Parameters: 30(Long), 15(Long)
TRACE [main] - <==    Columns: EMPNO, ENAME, JOB, MGR, HIREDATE, SAL, COMM, DEPTNO, PAGEHELPER_ROW_ID
TRACE [main] - <==    Columns: EMPNO, ENAME, JOB, MGR, HIREDATE, SAL, COMM, DEPTNO, PAGEHELPER_ROW_ID
TRACE [main] - <==        Row: 16, WEFAWEF, new, 1, 2023-10-19 00:00:00, 1000, 10, 20, 16
TRACE [main] - <==        Row: 16, WEFAWEF, new, 1, 2023-10-19 00:00:00, 1000, 10, 20, 16
TRACE [main] - <==        Row: 17, defualt, new, 1, 2023-10-19 07:24:35, 1000, 10, 20, 17
TRACE [main] - <==        Row: 17, defualt, new, 1, 2023-10-19 07:24:35, 1000, 10, 20, 17
TRACE [main] - <==        Row: 55, defualt, new, 1, 2023-10-19 07:24:35, 1000, 10, 20, 18
TRACE [main] - <==        Row: 55, defualt, new, 1, 2023-10-19 07:24:35, 1000, 10, 20, 18
TRACE [main] - <==        Row: 56, defualt, new, 1, 2023-10-19 07:24:35, 1000, 10, 20, 19
TRACE [main] - <==        Row: 56, defualt, new, 1, 2023-10-19 07:24:35, 1000, 10, 20, 19
TRACE [main] - <==        Row: 57, defualt, new, 1, 2023-10-19 07:24:35, 1000, 10, 20, 20
TRACE [main] - <==        Row: 57, defualt, new, 1, 2023-10-19 07:24:35, 1000, 10, 20, 20
TRACE [main] - <==        Row: 58, defualt, new, 1, 2023-10-19 07:24:35, 1000, 10, 20, 21
TRACE [main] - <==        Row: 58, defualt, new, 1, 2023-10-19 07:24:35, 1000, 10, 20, 21
TRACE [main] - <==        Row: 59, defualt, new, 1, 2023-10-19 07:24:35, 1000, 10, 20, 22
TRACE [main] - <==        Row: 59, defualt, new, 1, 2023-10-19 07:24:35, 1000, 10, 20, 22
TRACE [main] - <==        Row: 60, defualt, new, 1, 2023-10-19 07:24:35, 1000, 10, 20, 23
TRACE [main] - <==        Row: 60, defualt, new, 1, 2023-10-19 07:24:35, 1000, 10, 20, 23
TRACE [main] - <==        Row: 61, defualt, new, 1, 2023-10-19 07:24:35, 1000, 10, 20, 24
TRACE [main] - <==        Row: 61, defualt, new, 1, 2023-10-19 07:24:35, 1000, 10, 20, 24
TRACE [main] - <==        Row: 62, defualt, new, 1, 2023-10-19 07:24:35, 1000, 10, 20, 25
TRACE [main] - <==        Row: 62, defualt, new, 1, 2023-10-19 07:24:35, 1000, 10, 20, 25
TRACE [main] - <==        Row: 63, defualt, new, 1, 2023-10-19 07:24:35, 1000, 10, 20, 26
TRACE [main] - <==        Row: 63, defualt, new, 1, 2023-10-19 07:24:35, 1000, 10, 20, 26
TRACE [main] - <==        Row: 64, defualt, new, 1, 2023-10-19 07:24:35, 1000, 10, 20, 27
TRACE [main] - <==        Row: 64, defualt, new, 1, 2023-10-19 07:24:35, 1000, 10, 20, 27
TRACE [main] - <==        Row: 65, defualt, new, 1, 2023-10-19 07:24:35, 1000, 10, 20, 28
TRACE [main] - <==        Row: 65, defualt, new, 1, 2023-10-19 07:24:35, 1000, 10, 20, 28
TRACE [main] - <==        Row: 66, defualt, new, 1, 2023-10-19 07:24:35, 1000, 10, 20, 29
TRACE [main] - <==        Row: 66, defualt, new, 1, 2023-10-19 07:24:35, 1000, 10, 20, 29
TRACE [main] - <==        Row: 67, defualt, new, 1, 2023-10-19 07:24:35, 1000, 10, 20, 30
TRACE [main] - <==        Row: 67, defualt, new, 1, 2023-10-19 07:24:35, 1000, 10, 20, 30
DEBUG [main] - <==      Total: 15
DEBUG [main] - <==      Total: 15
DEBUG [main] - ==>  Preparing: SELECT count(0) FROM scott.emp WHERE (ename LIKE ?)
DEBUG [main] - ==>  Preparing: SELECT count(0) FROM scott.emp WHERE (ename LIKE ?)
DEBUG [main] - ==> Parameters: %de%(String)
DEBUG [main] - ==> Parameters: %de%(String)
TRACE [main] - <==    Columns: COUNT(0)
TRACE [main] - <==    Columns: COUNT(0)
TRACE [main] - <==        Row: 4946
TRACE [main] - <==        Row: 4946
DEBUG [main] - <==      Total: 1
DEBUG [main] - <==      Total: 1
DEBUG [main] - ==>  Preparing: SELECT * FROM ( SELECT TMP_PAGE.*, ROWNUM PAGEHELPER_ROW_ID FROM ( SELECT empno,ename,job,mgr,hiredate,sal,comm,deptno FROM scott.emp WHERE (ename LIKE ?) ORDER BY empno ASC ) TMP_PAGE) WHERE PAGEHELPER_ROW_ID <= ? AND PAGEHELPER_ROW_ID > ?
DEBUG [main] - ==>  Preparing: SELECT * FROM ( SELECT TMP_PAGE.*, ROWNUM PAGEHELPER_ROW_ID FROM ( SELECT empno,ename,job,mgr,hiredate,sal,comm,deptno FROM scott.emp WHERE (ename LIKE ?) ORDER BY empno ASC ) TMP_PAGE) WHERE PAGEHELPER_ROW_ID <= ? AND PAGEHELPER_ROW_ID > ?
DEBUG [main] - ==> Parameters: %de%(String), 15(Long), 0(Long)
DEBUG [main] - ==> Parameters: %de%(String), 15(Long), 0(Long)
TRACE [main] - <==    Columns: EMPNO, ENAME, JOB, MGR, HIREDATE, SAL, COMM, DEPTNO, PAGEHELPER_ROW_ID
TRACE [main] - <==    Columns: EMPNO, ENAME, JOB, MGR, HIREDATE, SAL, COMM, DEPTNO, PAGEHELPER_ROW_ID
TRACE [main] - <==        Row: 17, defualt, new, 1, 2023-10-19 07:24:35, 1000, 10, 20, 1
TRACE [main] - <==        Row: 17, defualt, new, 1, 2023-10-19 07:24:35, 1000, 10, 20, 1
TRACE [main] - <==        Row: 55, defualt, new, 1, 2023-10-19 07:24:35, 1000, 10, 20, 2
TRACE [main] - <==        Row: 55, defualt, new, 1, 2023-10-19 07:24:35, 1000, 10, 20, 2
TRACE [main] - <==        Row: 56, defualt, new, 1, 2023-10-19 07:24:35, 1000, 10, 20, 3
TRACE [main] - <==        Row: 56, defualt, new, 1, 2023-10-19 07:24:35, 1000, 10, 20, 3
TRACE [main] - <==        Row: 57, defualt, new, 1, 2023-10-19 07:24:35, 1000, 10, 20, 4
TRACE [main] - <==        Row: 57, defualt, new, 1, 2023-10-19 07:24:35, 1000, 10, 20, 4
TRACE [main] - <==        Row: 58, defualt, new, 1, 2023-10-19 07:24:35, 1000, 10, 20, 5
TRACE [main] - <==        Row: 58, defualt, new, 1, 2023-10-19 07:24:35, 1000, 10, 20, 5
TRACE [main] - <==        Row: 59, defualt, new, 1, 2023-10-19 07:24:35, 1000, 10, 20, 6
TRACE [main] - <==        Row: 59, defualt, new, 1, 2023-10-19 07:24:35, 1000, 10, 20, 6
TRACE [main] - <==        Row: 60, defualt, new, 1, 2023-10-19 07:24:35, 1000, 10, 20, 7
TRACE [main] - <==        Row: 60, defualt, new, 1, 2023-10-19 07:24:35, 1000, 10, 20, 7
TRACE [main] - <==        Row: 61, defualt, new, 1, 2023-10-19 07:24:35, 1000, 10, 20, 8
TRACE [main] - <==        Row: 61, defualt, new, 1, 2023-10-19 07:24:35, 1000, 10, 20, 8
TRACE [main] - <==        Row: 62, defualt, new, 1, 2023-10-19 07:24:35, 1000, 10, 20, 9
TRACE [main] - <==        Row: 62, defualt, new, 1, 2023-10-19 07:24:35, 1000, 10, 20, 9
TRACE [main] - <==        Row: 63, defualt, new, 1, 2023-10-19 07:24:35, 1000, 10, 20, 10
TRACE [main] - <==        Row: 63, defualt, new, 1, 2023-10-19 07:24:35, 1000, 10, 20, 10
TRACE [main] - <==        Row: 64, defualt, new, 1, 2023-10-19 07:24:35, 1000, 10, 20, 11
TRACE [main] - <==        Row: 64, defualt, new, 1, 2023-10-19 07:24:35, 1000, 10, 20, 11
TRACE [main] - <==        Row: 65, defualt, new, 1, 2023-10-19 07:24:35, 1000, 10, 20, 12
TRACE [main] - <==        Row: 65, defualt, new, 1, 2023-10-19 07:24:35, 1000, 10, 20, 12
TRACE [main] - <==        Row: 66, defualt, new, 1, 2023-10-19 07:24:35, 1000, 10, 20, 13
TRACE [main] - <==        Row: 66, defualt, new, 1, 2023-10-19 07:24:35, 1000, 10, 20, 13
TRACE [main] - <==        Row: 67, defualt, new, 1, 2023-10-19 07:24:35, 1000, 10, 20, 14
TRACE [main] - <==        Row: 67, defualt, new, 1, 2023-10-19 07:24:35, 1000, 10, 20, 14
TRACE [main] - <==        Row: 68, defualt, new, 1, 2023-10-19 07:24:35, 1000, 10, 20, 15
TRACE [main] - <==        Row: 68, defualt, new, 1, 2023-10-19 07:24:35, 1000, 10, 20, 15
DEBUG [main] - <==      Total: 15
DEBUG [main] - <==      Total: 15
DEBUG [main] - ==>  Preparing: SELECT count(0) FROM scott.emp
DEBUG [main] - ==>  Preparing: SELECT count(0) FROM scott.emp
DEBUG [main] - ==> Parameters: 
DEBUG [main] - ==> Parameters: 
TRACE [main] - <==    Columns: COUNT(0)
TRACE [main] - <==    Columns: COUNT(0)
TRACE [main] - <==        Row: 4966
TRACE [main] - <==        Row: 4966
DEBUG [main] - <==      Total: 1
DEBUG [main] - <==      Total: 1
DEBUG [main] - ==>  Preparing: SELECT * FROM ( SELECT TMP_PAGE.*, ROWNUM PAGEHELPER_ROW_ID FROM ( SELECT empno,ename,job,mgr,hiredate,sal,comm,deptno FROM scott.emp ORDER BY empno ASC ) TMP_PAGE) WHERE PAGEHELPER_ROW_ID <= ? AND PAGEHELPER_ROW_ID > ?
DEBUG [main] - ==>  Preparing: SELECT * FROM ( SELECT TMP_PAGE.*, ROWNUM PAGEHELPER_ROW_ID FROM ( SELECT empno,ename,job,mgr,hiredate,sal,comm,deptno FROM scott.emp ORDER BY empno ASC ) TMP_PAGE) WHERE PAGEHELPER_ROW_ID <= ? AND PAGEHELPER_ROW_ID > ?
DEBUG [main] - ==> Parameters: 30(Long), 15(Long)
DEBUG [main] - ==> Parameters: 30(Long), 15(Long)
TRACE [main] - <==    Columns: EMPNO, ENAME, JOB, MGR, HIREDATE, SAL, COMM, DEPTNO, PAGEHELPER_ROW_ID
TRACE [main] - <==    Columns: EMPNO, ENAME, JOB, MGR, HIREDATE, SAL, COMM, DEPTNO, PAGEHELPER_ROW_ID
TRACE [main] - <==        Row: 16, WEFAWEF, new, 1, 2023-10-19 00:00:00, 1000, 10, 20, 16
TRACE [main] - <==        Row: 16, WEFAWEF, new, 1, 2023-10-19 00:00:00, 1000, 10, 20, 16
TRACE [main] - <==        Row: 17, defualt, new, 1, 2023-10-19 07:24:35, 1000, 10, 20, 17
TRACE [main] - <==        Row: 17, defualt, new, 1, 2023-10-19 07:24:35, 1000, 10, 20, 17
TRACE [main] - <==        Row: 55, defualt, new, 1, 2023-10-19 07:24:35, 1000, 10, 20, 18
TRACE [main] - <==        Row: 55, defualt, new, 1, 2023-10-19 07:24:35, 1000, 10, 20, 18
TRACE [main] - <==        Row: 56, defualt, new, 1, 2023-10-19 07:24:35, 1000, 10, 20, 19
TRACE [main] - <==        Row: 56, defualt, new, 1, 2023-10-19 07:24:35, 1000, 10, 20, 19
TRACE [main] - <==        Row: 57, defualt, new, 1, 2023-10-19 07:24:35, 1000, 10, 20, 20
TRACE [main] - <==        Row: 57, defualt, new, 1, 2023-10-19 07:24:35, 1000, 10, 20, 20
TRACE [main] - <==        Row: 58, defualt, new, 1, 2023-10-19 07:24:35, 1000, 10, 20, 21
TRACE [main] - <==        Row: 58, defualt, new, 1, 2023-10-19 07:24:35, 1000, 10, 20, 21
TRACE [main] - <==        Row: 59, defualt, new, 1, 2023-10-19 07:24:35, 1000, 10, 20, 22
TRACE [main] - <==        Row: 59, defualt, new, 1, 2023-10-19 07:24:35, 1000, 10, 20, 22
TRACE [main] - <==        Row: 60, defualt, new, 1, 2023-10-19 07:24:35, 1000, 10, 20, 23
TRACE [main] - <==        Row: 60, defualt, new, 1, 2023-10-19 07:24:35, 1000, 10, 20, 23
TRACE [main] - <==        Row: 61, defualt, new, 1, 2023-10-19 07:24:35, 1000, 10, 20, 24
TRACE [main] - <==        Row: 61, defualt, new, 1, 2023-10-19 07:24:35, 1000, 10, 20, 24
TRACE [main] - <==        Row: 62, defualt, new, 1, 2023-10-19 07:24:35, 1000, 10, 20, 25
TRACE [main] - <==        Row: 62, defualt, new, 1, 2023-10-19 07:24:35, 1000, 10, 20, 25
TRACE [main] - <==        Row: 63, defualt, new, 1, 2023-10-19 07:24:35, 1000, 10, 20, 26
TRACE [main] - <==        Row: 63, defualt, new, 1, 2023-10-19 07:24:35, 1000, 10, 20, 26
TRACE [main] - <==        Row: 64, defualt, new, 1, 2023-10-19 07:24:35, 1000, 10, 20, 27
TRACE [main] - <==        Row: 64, defualt, new, 1, 2023-10-19 07:24:35, 1000, 10, 20, 27
TRACE [main] - <==        Row: 65, defualt, new, 1, 2023-10-19 07:24:35, 1000, 10, 20, 28
TRACE [main] - <==        Row: 65, defualt, new, 1, 2023-10-19 07:24:35, 1000, 10, 20, 28
TRACE [main] - <==        Row: 66, defualt, new, 1, 2023-10-19 07:24:35, 1000, 10, 20, 29
TRACE [main] - <==        Row: 66, defualt, new, 1, 2023-10-19 07:24:35, 1000, 10, 20, 29
TRACE [main] - <==        Row: 67, defualt, new, 1, 2023-10-19 07:24:35, 1000, 10, 20, 30
TRACE [main] - <==        Row: 67, defualt, new, 1, 2023-10-19 07:24:35, 1000, 10, 20, 30
DEBUG [main] - <==      Total: 15
DEBUG [main] - <==      Total: 15
DEBUG [main] - ==>  Preparing: SELECT count(0) FROM scott.emp WHERE (ename LIKE ?)
DEBUG [main] - ==>  Preparing: SELECT count(0) FROM scott.emp WHERE (ename LIKE ?)
DEBUG [main] - ==> Parameters: %de%(String)
DEBUG [main] - ==> Parameters: %de%(String)
TRACE [main] - <==    Columns: COUNT(0)
TRACE [main] - <==    Columns: COUNT(0)
TRACE [main] - <==        Row: 4946
TRACE [main] - <==        Row: 4946
DEBUG [main] - <==      Total: 1
DEBUG [main] - <==      Total: 1
DEBUG [main] - ==>  Preparing: SELECT * FROM ( SELECT TMP_PAGE.*, ROWNUM PAGEHELPER_ROW_ID FROM ( SELECT empno,ename,job,mgr,hiredate,sal,comm,deptno FROM scott.emp WHERE (ename LIKE ?) ORDER BY empno ASC ) TMP_PAGE) WHERE PAGEHELPER_ROW_ID <= ? AND PAGEHELPER_ROW_ID > ?
DEBUG [main] - ==>  Preparing: SELECT * FROM ( SELECT TMP_PAGE.*, ROWNUM PAGEHELPER_ROW_ID FROM ( SELECT empno,ename,job,mgr,hiredate,sal,comm,deptno FROM scott.emp WHERE (ename LIKE ?) ORDER BY empno ASC ) TMP_PAGE) WHERE PAGEHELPER_ROW_ID <= ? AND PAGEHELPER_ROW_ID > ?
DEBUG [main] - ==> Parameters: %de%(String), 15(Long), 0(Long)
DEBUG [main] - ==> Parameters: %de%(String), 15(Long), 0(Long)
TRACE [main] - <==    Columns: EMPNO, ENAME, JOB, MGR, HIREDATE, SAL, COMM, DEPTNO, PAGEHELPER_ROW_ID
TRACE [main] - <==    Columns: EMPNO, ENAME, JOB, MGR, HIREDATE, SAL, COMM, DEPTNO, PAGEHELPER_ROW_ID
TRACE [main] - <==        Row: 17, defualt, new, 1, 2023-10-19 07:24:35, 1000, 10, 20, 1
TRACE [main] - <==        Row: 17, defualt, new, 1, 2023-10-19 07:24:35, 1000, 10, 20, 1
TRACE [main] - <==        Row: 55, defualt, new, 1, 2023-10-19 07:24:35, 1000, 10, 20, 2
TRACE [main] - <==        Row: 55, defualt, new, 1, 2023-10-19 07:24:35, 1000, 10, 20, 2
TRACE [main] - <==        Row: 56, defualt, new, 1, 2023-10-19 07:24:35, 1000, 10, 20, 3
TRACE [main] - <==        Row: 56, defualt, new, 1, 2023-10-19 07:24:35, 1000, 10, 20, 3
TRACE [main] - <==        Row: 57, defualt, new, 1, 2023-10-19 07:24:35, 1000, 10, 20, 4
TRACE [main] - <==        Row: 57, defualt, new, 1, 2023-10-19 07:24:35, 1000, 10, 20, 4
TRACE [main] - <==        Row: 58, defualt, new, 1, 2023-10-19 07:24:35, 1000, 10, 20, 5
TRACE [main] - <==        Row: 58, defualt, new, 1, 2023-10-19 07:24:35, 1000, 10, 20, 5
TRACE [main] - <==        Row: 59, defualt, new, 1, 2023-10-19 07:24:35, 1000, 10, 20, 6
TRACE [main] - <==        Row: 59, defualt, new, 1, 2023-10-19 07:24:35, 1000, 10, 20, 6
TRACE [main] - <==        Row: 60, defualt, new, 1, 2023-10-19 07:24:35, 1000, 10, 20, 7
TRACE [main] - <==        Row: 60, defualt, new, 1, 2023-10-19 07:24:35, 1000, 10, 20, 7
TRACE [main] - <==        Row: 61, defualt, new, 1, 2023-10-19 07:24:35, 1000, 10, 20, 8
TRACE [main] - <==        Row: 61, defualt, new, 1, 2023-10-19 07:24:35, 1000, 10, 20, 8
TRACE [main] - <==        Row: 62, defualt, new, 1, 2023-10-19 07:24:35, 1000, 10, 20, 9
TRACE [main] - <==        Row: 62, defualt, new, 1, 2023-10-19 07:24:35, 1000, 10, 20, 9
TRACE [main] - <==        Row: 63, defualt, new, 1, 2023-10-19 07:24:35, 1000, 10, 20, 10
TRACE [main] - <==        Row: 63, defualt, new, 1, 2023-10-19 07:24:35, 1000, 10, 20, 10
TRACE [main] - <==        Row: 64, defualt, new, 1, 2023-10-19 07:24:35, 1000, 10, 20, 11
TRACE [main] - <==        Row: 64, defualt, new, 1, 2023-10-19 07:24:35, 1000, 10, 20, 11
TRACE [main] - <==        Row: 65, defualt, new, 1, 2023-10-19 07:24:35, 1000, 10, 20, 12
TRACE [main] - <==        Row: 65, defualt, new, 1, 2023-10-19 07:24:35, 1000, 10, 20, 12
TRACE [main] - <==        Row: 66, defualt, new, 1, 2023-10-19 07:24:35, 1000, 10, 20, 13
TRACE [main] - <==        Row: 66, defualt, new, 1, 2023-10-19 07:24:35, 1000, 10, 20, 13
TRACE [main] - <==        Row: 67, defualt, new, 1, 2023-10-19 07:24:35, 1000, 10, 20, 14
TRACE [main] - <==        Row: 67, defualt, new, 1, 2023-10-19 07:24:35, 1000, 10, 20, 14
TRACE [main] - <==        Row: 68, defualt, new, 1, 2023-10-19 07:24:35, 1000, 10, 20, 15
TRACE [main] - <==        Row: 68, defualt, new, 1, 2023-10-19 07:24:35, 1000, 10, 20, 15
DEBUG [main] - <==      Total: 15
DEBUG [main] - <==      Total: 15
DEBUG [main] - ==>  Preparing: SELECT count(0) FROM scott.emp WHERE (ename LIKE ?)
DEBUG [main] - ==>  Preparing: SELECT count(0) FROM scott.emp WHERE (ename LIKE ?)
DEBUG [main] - ==> Parameters: %de%(String)
DEBUG [main] - ==> Parameters: %de%(String)
TRACE [main] - <==    Columns: COUNT(0)
TRACE [main] - <==    Columns: COUNT(0)
TRACE [main] - <==        Row: 4946
TRACE [main] - <==        Row: 4946
DEBUG [main] - <==      Total: 1
DEBUG [main] - <==      Total: 1
DEBUG [main] - ==>  Preparing: SELECT * FROM ( SELECT TMP_PAGE.*, ROWNUM PAGEHELPER_ROW_ID FROM ( SELECT empno,ename,job,mgr,hiredate,sal,comm,deptno FROM scott.emp WHERE (ename LIKE ?) ORDER BY empno ASC ) TMP_PAGE) WHERE PAGEHELPER_ROW_ID <= ? AND PAGEHELPER_ROW_ID > ?
DEBUG [main] - ==>  Preparing: SELECT * FROM ( SELECT TMP_PAGE.*, ROWNUM PAGEHELPER_ROW_ID FROM ( SELECT empno,ename,job,mgr,hiredate,sal,comm,deptno FROM scott.emp WHERE (ename LIKE ?) ORDER BY empno ASC ) TMP_PAGE) WHERE PAGEHELPER_ROW_ID <= ? AND PAGEHELPER_ROW_ID > ?
DEBUG [main] - ==> Parameters: %de%(String), 30(Long), 15(Long)
DEBUG [main] - ==> Parameters: %de%(String), 30(Long), 15(Long)
TRACE [main] - <==    Columns: EMPNO, ENAME, JOB, MGR, HIREDATE, SAL, COMM, DEPTNO, PAGEHELPER_ROW_ID
TRACE [main] - <==    Columns: EMPNO, ENAME, JOB, MGR, HIREDATE, SAL, COMM, DEPTNO, PAGEHELPER_ROW_ID
TRACE [main] - <==        Row: 69, defualt, new, 1, 2023-10-19 07:24:35, 1000, 10, 20, 16
TRACE [main] - <==        Row: 69, defualt, new, 1, 2023-10-19 07:24:35, 1000, 10, 20, 16
TRACE [main] - <==        Row: 70, defualt, new, 1, 2023-10-19 07:24:35, 1000, 10, 20, 17
TRACE [main] - <==        Row: 70, defualt, new, 1, 2023-10-19 07:24:35, 1000, 10, 20, 17
TRACE [main] - <==        Row: 71, defualt, new, 1, 2023-10-19 07:24:35, 1000, 10, 20, 18
TRACE [main] - <==        Row: 71, defualt, new, 1, 2023-10-19 07:24:35, 1000, 10, 20, 18
TRACE [main] - <==        Row: 72, defualt, new, 1, 2023-10-19 07:24:35, 1000, 10, 20, 19
TRACE [main] - <==        Row: 72, defualt, new, 1, 2023-10-19 07:24:35, 1000, 10, 20, 19
TRACE [main] - <==        Row: 73, defualt, new, 1, 2023-10-19 07:24:35, 1000, 10, 20, 20
TRACE [main] - <==        Row: 73, defualt, new, 1, 2023-10-19 07:24:35, 1000, 10, 20, 20
TRACE [main] - <==        Row: 74, defualt, new, 1, 2023-10-19 07:24:35, 1000, 10, 20, 21
TRACE [main] - <==        Row: 74, defualt, new, 1, 2023-10-19 07:24:35, 1000, 10, 20, 21
TRACE [main] - <==        Row: 75, defualt, new, 1, 2023-10-19 07:24:35, 1000, 10, 20, 22
TRACE [main] - <==        Row: 75, defualt, new, 1, 2023-10-19 07:24:35, 1000, 10, 20, 22
TRACE [main] - <==        Row: 76, defualt, new, 1, 2023-10-19 07:24:35, 1000, 10, 20, 23
TRACE [main] - <==        Row: 76, defualt, new, 1, 2023-10-19 07:24:35, 1000, 10, 20, 23
TRACE [main] - <==        Row: 77, defualt, new, 1, 2023-10-19 07:24:35, 1000, 10, 20, 24
TRACE [main] - <==        Row: 77, defualt, new, 1, 2023-10-19 07:24:35, 1000, 10, 20, 24
TRACE [main] - <==        Row: 78, defualt, new, 1, 2023-10-19 07:24:35, 1000, 10, 20, 25
TRACE [main] - <==        Row: 78, defualt, new, 1, 2023-10-19 07:24:35, 1000, 10, 20, 25
TRACE [main] - <==        Row: 79, defualt, new, 1, 2023-10-19 07:24:35, 1000, 10, 20, 26
TRACE [main] - <==        Row: 79, defualt, new, 1, 2023-10-19 07:24:35, 1000, 10, 20, 26
TRACE [main] - <==        Row: 80, defualt, new, 1, 2023-10-19 07:24:35, 1000, 10, 20, 27
TRACE [main] - <==        Row: 80, defualt, new, 1, 2023-10-19 07:24:35, 1000, 10, 20, 27
TRACE [main] - <==        Row: 81, defualt, new, 1, 2023-10-19 07:24:35, 1000, 10, 20, 28
TRACE [main] - <==        Row: 81, defualt, new, 1, 2023-10-19 07:24:35, 1000, 10, 20, 28
TRACE [main] - <==        Row: 82, defualt, new, 1, 2023-10-19 07:24:35, 1000, 10, 20, 29
TRACE [main] - <==        Row: 82, defualt, new, 1, 2023-10-19 07:24:35, 1000, 10, 20, 29
TRACE [main] - <==        Row: 83, defualt, new, 1, 2023-10-19 07:24:35, 1000, 10, 20, 30
TRACE [main] - <==        Row: 83, defualt, new, 1, 2023-10-19 07:24:35, 1000, 10, 20, 30
DEBUG [main] - <==      Total: 15
DEBUG [main] - <==      Total: 15
